<?xml version="1.0" encoding="UTF-8"?>
<TestRun id="7c4f2c6f-c4be-497c-915f-165d22a74c59" name="rallen@LVDVMRALLEN7 2010-01-14 20:22:54" runUser="CORP\rallen" xmlns="http://microsoft.com/schemas/VisualStudio/TeamTest/2006">
  <TestRunConfiguration name="Local Test Run" id="215124b6-1c93-4e55-bd73-958b00a34403">
    <Description>This is a default test run configuration for a local test run.</Description>
    <Deployment runDeploymentRoot="C:\Users\rallen\Documents\Visual Studio 2008\Projects\GrabIt\TestResults\rallen_LVDVMRALLEN7 2010-01-14 20_22_54" />
    <TestTypeSpecific />
  </TestRunConfiguration>
  <ResultSummary outcome="Failed">
    <Counters total="1" executed="1" error="0" failed="1" timeout="0" aborted="0" inconclusive="0" passedButRunAborted="0" notRunnable="0" notExecuted="0" disconnected="0" warning="0" passed="0" completed="0" inProgress="0" pending="0" />
  </ResultSummary>
  <Times creation="2010-01-14T20:22:54.0244169-07:00" queuing="2010-01-14T20:22:57.0153241-07:00" start="2010-01-14T20:22:57.4674835-07:00" finish="2010-01-14T20:23:12.8272013-07:00" />
  <TestDefinitions>
    <WebTest name="WebTest1" storage="c:\users\rallen\documents\visual studio 2008\projects\grabit\grabit_tests\webtest1.webtest" id="cf63c8d7-fbbe-4ef2-87a9-4c414c1aeb9d" persistedWebTest="77u/PD94bWwgdmVyc2lvbj0iMS4wIiBlbmNvZGluZz0iVVRGLTgiIHN0YW5kYWxvbmU9InllcyI/Pg0KPFdlYlRlc3QgTmFtZT0iV2ViVGVzdDEiIElkPSJjZjYzYzhkNy1mYmJlLTRlZjItODdhOS00YzQxNGMxYWViOWQiIE93bmVyPSIiIFByaW9yaXR5PSIwIiBFbmFibGVkPSJUcnVlIiBDc3NQcm9qZWN0U3RydWN0dXJlPSIiIENzc0l0ZXJhdGlvbj0iIiBUaW1lb3V0PSIwIiBXb3JrSXRlbUlkcz0iIiB4bWxucz0iaHR0cDovL21pY3Jvc29mdC5jb20vc2NoZW1hcy9WaXN1YWxTdHVkaW8vVGVhbVRlc3QvMjAwNiIgRGVzY3JpcHRpb249IiIgQ3JlZGVudGlhbFVzZXJOYW1lPSIiIENyZWRlbnRpYWxQYXNzd29yZD0iIiBQcmVBdXRoZW50aWNhdGU9IlRydWUiIFByb3h5PSIiIFN0b3BPbkVycm9yPSJGYWxzZSI+DQogIDxJdGVtcz4NCiAgICA8UmVxdWVzdCBNZXRob2Q9IkdFVCIgVmVyc2lvbj0iMS4xIiBVcmw9Imh0dHA6Ly9yYWQubXNuLmNvbS9BRFNBZENsaWVudDMxLmRsbCIgVGhpbmtUaW1lPSIwIiBUaW1lb3V0PSIzMDAiIFBhcnNlRGVwZW5kZW50UmVxdWVzdHM9IlRydWUiIEZvbGxvd1JlZGlyZWN0cz0iVHJ1ZSIgUmVjb3JkUmVzdWx0PSJUcnVlIiBDYWNoZT0iRmFsc2UiIFJlc3BvbnNlVGltZUdvYWw9IjAiIEVuY29kaW5nPSJpc28tODg1OS0xIiBFeHBlY3RlZEh0dHBTdGF0dXNDb2RlPSIwIiBFeHBlY3RlZFJlc3BvbnNlVXJsPSIiPg0KICAgICAgPFF1ZXJ5U3RyaW5nUGFyYW1ldGVycz4NCiAgICAgICAgPFF1ZXJ5U3RyaW5nUGFyYW1ldGVyIE5hbWU9IkdldFNBZCIgVmFsdWU9IiIgUmVjb3JkZWRWYWx1ZT0iIiBDb3JyZWxhdGlvbkJpbmRpbmc9IiIgVXJsRW5jb2RlPSJGYWxzZSIgVXNlVG9Hcm91cFJlc3VsdHM9IkZhbHNlIiAvPg0KICAgICAgICA8UXVlcnlTdHJpbmdQYXJhbWV0ZXIgTmFtZT0iRFBKUyIgVmFsdWU9IjQiIFJlY29yZGVkVmFsdWU9IjQiIENvcnJlbGF0aW9uQmluZGluZz0iIiBVcmxFbmNvZGU9IkZhbHNlIiBVc2VUb0dyb3VwUmVzdWx0cz0iRmFsc2UiIC8+DQogICAgICAgIDxRdWVyeVN0cmluZ1BhcmFtZXRlciBOYW1lPSJQTiIgVmFsdWU9Ik1TRlQiIFJlY29yZGVkVmFsdWU9Ik1TRlQiIENvcnJlbGF0aW9uQmluZGluZz0iIiBVcmxFbmNvZGU9IkZhbHNlIiBVc2VUb0dyb3VwUmVzdWx0cz0iRmFsc2UiIC8+DQogICAgICAgIDxRdWVyeVN0cmluZ1BhcmFtZXRlciBOYW1lPSJQRyIgVmFsdWU9Ik1TTjlVVCIgUmVjb3JkZWRWYWx1ZT0iTVNOOVVUIiBDb3JyZWxhdGlvbkJpbmRpbmc9IiIgVXJsRW5jb2RlPSJGYWxzZSIgVXNlVG9Hcm91cFJlc3VsdHM9IkZhbHNlIiAvPg0KICAgICAgICA8UXVlcnlTdHJpbmdQYXJhbWV0ZXIgTmFtZT0iQVAiIFZhbHVlPSIxNDAyIiBSZWNvcmRlZFZhbHVlPSIxNDAyIiBDb3JyZWxhdGlvbkJpbmRpbmc9IiIgVXJsRW5jb2RlPSJGYWxzZSIgVXNlVG9Hcm91cFJlc3VsdHM9IkZhbHNlIiAvPg0KICAgICAgPC9RdWVyeVN0cmluZ1BhcmFtZXRlcnM+DQogICAgPC9SZXF1ZXN0Pg0KICAgIDxSZXF1ZXN0IE1ldGhvZD0iR0VUIiBWZXJzaW9uPSIxLjEiIFVybD0iaHR0cDovL2EucmFkLm1zbi5jb20vQURTQWRDbGllbnQzMS5kbGwiIFRoaW5rVGltZT0iMCIgVGltZW91dD0iMzAwIiBQYXJzZURlcGVuZGVudFJlcXVlc3RzPSJUcnVlIiBGb2xsb3dSZWRpcmVjdHM9IlRydWUiIFJlY29yZFJlc3VsdD0iVHJ1ZSIgQ2FjaGU9IkZhbHNlIiBSZXNwb25zZVRpbWVHb2FsPSIwIiBFbmNvZGluZz0iaXNvLTg4NTktMSIgRXhwZWN0ZWRIdHRwU3RhdHVzQ29kZT0iMCIgRXhwZWN0ZWRSZXNwb25zZVVybD0iIj4NCiAgICAgIDxRdWVyeVN0cmluZ1BhcmFtZXRlcnM+DQogICAgICAgIDxRdWVyeVN0cmluZ1BhcmFtZXRlciBOYW1lPSJHZXRTQWQiIFZhbHVlPSIiIFJlY29yZGVkVmFsdWU9IiIgQ29ycmVsYXRpb25CaW5kaW5nPSIiIFVybEVuY29kZT0iRmFsc2UiIFVzZVRvR3JvdXBSZXN1bHRzPSJGYWxzZSIgLz4NCiAgICAgICAgPFF1ZXJ5U3RyaW5nUGFyYW1ldGVyIE5hbWU9IkRQSlMiIFZhbHVlPSI0IiBSZWNvcmRlZFZhbHVlPSI0IiBDb3JyZWxhdGlvbkJpbmRpbmc9IiIgVXJsRW5jb2RlPSJGYWxzZSIgVXNlVG9Hcm91cFJlc3VsdHM9IkZhbHNlIiAvPg0KICAgICAgICA8UXVlcnlTdHJpbmdQYXJhbWV0ZXIgTmFtZT0iUE4iIFZhbHVlPSJNU0ZUIiBSZWNvcmRlZFZhbHVlPSJNU0ZUIiBDb3JyZWxhdGlvbkJpbmRpbmc9IiIgVXJsRW5jb2RlPSJGYWxzZSIgVXNlVG9Hcm91cFJlc3VsdHM9IkZhbHNlIiAvPg0KICAgICAgICA8UXVlcnlTdHJpbmdQYXJhbWV0ZXIgTmFtZT0iUEciIFZhbHVlPSJNU05WREMiIFJlY29yZGVkVmFsdWU9Ik1TTlZEQyIgQ29ycmVsYXRpb25CaW5kaW5nPSIiIFVybEVuY29kZT0iRmFsc2UiIFVzZVRvR3JvdXBSZXN1bHRzPSJGYWxzZSIgLz4NCiAgICAgICAgPFF1ZXJ5U3RyaW5nUGFyYW1ldGVyIE5hbWU9IkFQIiBWYWx1ZT0iMTA3MSIgUmVjb3JkZWRWYWx1ZT0iMTA3MSIgQ29ycmVsYXRpb25CaW5kaW5nPSIiIFVybEVuY29kZT0iRmFsc2UiIFVzZVRvR3JvdXBSZXN1bHRzPSJGYWxzZSIgLz4NCiAgICAgIDwvUXVlcnlTdHJpbmdQYXJhbWV0ZXJzPg0KICAgIDwvUmVxdWVzdD4NCiAgICA8UmVxdWVzdCBNZXRob2Q9IkdFVCIgVmVyc2lvbj0iMS4xIiBVcmw9Imh0dHA6Ly9iLnJhZC5tc24uY29tL0FEU0FkQ2xpZW50MzEuZGxsIiBUaGlua1RpbWU9IjAiIFRpbWVvdXQ9IjMwMCIgUGFyc2VEZXBlbmRlbnRSZXF1ZXN0cz0iVHJ1ZSIgRm9sbG93UmVkaXJlY3RzPSJUcnVlIiBSZWNvcmRSZXN1bHQ9IlRydWUiIENhY2hlPSJGYWxzZSIgUmVzcG9uc2VUaW1lR29hbD0iMCIgRW5jb2Rpbmc9Imlzby04ODU5LTEiIEV4cGVjdGVkSHR0cFN0YXR1c0NvZGU9IjAiIEV4cGVjdGVkUmVzcG9uc2VVcmw9IiI+DQogICAgICA8UXVlcnlTdHJpbmdQYXJhbWV0ZXJzPg0KICAgICAgICA8UXVlcnlTdHJpbmdQYXJhbWV0ZXIgTmFtZT0iR2V0U0FkIiBWYWx1ZT0iIiBSZWNvcmRlZFZhbHVlPSIiIENvcnJlbGF0aW9uQmluZGluZz0iIiBVcmxFbmNvZGU9IkZhbHNlIiBVc2VUb0dyb3VwUmVzdWx0cz0iRmFsc2UiIC8+DQogICAgICAgIDxRdWVyeVN0cmluZ1BhcmFtZXRlciBOYW1lPSJEUEpTIiBWYWx1ZT0iNCIgUmVjb3JkZWRWYWx1ZT0iNCIgQ29ycmVsYXRpb25CaW5kaW5nPSIiIFVybEVuY29kZT0iRmFsc2UiIFVzZVRvR3JvdXBSZXN1bHRzPSJGYWxzZSIgLz4NCiAgICAgICAgPFF1ZXJ5U3RyaW5nUGFyYW1ldGVyIE5hbWU9IlBOIiBWYWx1ZT0iTVNGVCIgUmVjb3JkZWRWYWx1ZT0iTVNGVCIgQ29ycmVsYXRpb25CaW5kaW5nPSIiIFVybEVuY29kZT0iRmFsc2UiIFVzZVRvR3JvdXBSZXN1bHRzPSJGYWxzZSIgLz4NCiAgICAgICAgPFF1ZXJ5U3RyaW5nUGFyYW1ldGVyIE5hbWU9IlBHIiBWYWx1ZT0iTVNOQ05UIiBSZWNvcmRlZFZhbHVlPSJNU05DTlQiIENvcnJlbGF0aW9uQmluZGluZz0iIiBVcmxFbmNvZGU9IkZhbHNlIiBVc2VUb0dyb3VwUmVzdWx0cz0iRmFsc2UiIC8+DQogICAgICAgIDxRdWVyeVN0cmluZ1BhcmFtZXRlciBOYW1lPSJBUCIgVmFsdWU9IjE0NjMiIFJlY29yZGVkVmFsdWU9IjE0NjMiIENvcnJlbGF0aW9uQmluZGluZz0iIiBVcmxFbmNvZGU9IkZhbHNlIiBVc2VUb0dyb3VwUmVzdWx0cz0iRmFsc2UiIC8+DQogICAgICA8L1F1ZXJ5U3RyaW5nUGFyYW1ldGVycz4NCiAgICA8L1JlcXVlc3Q+DQogICAgPFJlcXVlc3QgTWV0aG9kPSJHRVQiIFZlcnNpb249IjEuMSIgVXJsPSJodHRwOi8vcmFkLm1zbi5jb20vQURTQWRDbGllbnQzMS5kbGwiIFRoaW5rVGltZT0iMCIgVGltZW91dD0iMzAwIiBQYXJzZURlcGVuZGVudFJlcXVlc3RzPSJUcnVlIiBGb2xsb3dSZWRpcmVjdHM9IlRydWUiIFJlY29yZFJlc3VsdD0iVHJ1ZSIgQ2FjaGU9IkZhbHNlIiBSZXNwb25zZVRpbWVHb2FsPSIwIiBFbmNvZGluZz0iaXNvLTg4NTktMSIgRXhwZWN0ZWRIdHRwU3RhdHVzQ29kZT0iMCIgRXhwZWN0ZWRSZXNwb25zZVVybD0iIj4NCiAgICAgIDxRdWVyeVN0cmluZ1BhcmFtZXRlcnM+DQogICAgICAgIDxRdWVyeVN0cmluZ1BhcmFtZXRlciBOYW1lPSJHZXRTQWQiIFZhbHVlPSIiIFJlY29yZGVkVmFsdWU9IiIgQ29ycmVsYXRpb25CaW5kaW5nPSIiIFVybEVuY29kZT0iRmFsc2UiIFVzZVRvR3JvdXBSZXN1bHRzPSJGYWxzZSIgLz4NCiAgICAgICAgPFF1ZXJ5U3RyaW5nUGFyYW1ldGVyIE5hbWU9IkRQSlMiIFZhbHVlPSI0IiBSZWNvcmRlZFZhbHVlPSI0IiBDb3JyZWxhdGlvbkJpbmRpbmc9IiIgVXJsRW5jb2RlPSJGYWxzZSIgVXNlVG9Hcm91cFJlc3VsdHM9IkZhbHNlIiAvPg0KICAgICAgICA8UXVlcnlTdHJpbmdQYXJhbWV0ZXIgTmFtZT0iUE4iIFZhbHVlPSJNU0ZUIiBSZWNvcmRlZFZhbHVlPSJNU0ZUIiBDb3JyZWxhdGlvbkJpbmRpbmc9IiIgVXJsRW5jb2RlPSJGYWxzZSIgVXNlVG9Hcm91cFJlc3VsdHM9IkZhbHNlIiAvPg0KICAgICAgICA8UXVlcnlTdHJpbmdQYXJhbWV0ZXIgTmFtZT0iUEciIFZhbHVlPSJNU05SRUMiIFJlY29yZGVkVmFsdWU9Ik1TTlJFQyIgQ29ycmVsYXRpb25CaW5kaW5nPSIiIFVybEVuY29kZT0iRmFsc2UiIFVzZVRvR3JvdXBSZXN1bHRzPSJGYWxzZSIgLz4NCiAgICAgICAgPFF1ZXJ5U3RyaW5nUGFyYW1ldGVyIE5hbWU9IkFQIiBWYWx1ZT0iMTA4OSIgUmVjb3JkZWRWYWx1ZT0iMTA4OSIgQ29ycmVsYXRpb25CaW5kaW5nPSIiIFVybEVuY29kZT0iRmFsc2UiIFVzZVRvR3JvdXBSZXN1bHRzPSJGYWxzZSIgLz4NCiAgICAgIDwvUXVlcnlTdHJpbmdQYXJhbWV0ZXJzPg0KICAgIDwvUmVxdWVzdD4NCiAgICA8UmVxdWVzdCBNZXRob2Q9IkdFVCIgVmVyc2lvbj0iMS4xIiBVcmw9Imh0dHA6Ly9hLnJhZC5tc24uY29tL0FEU0FkQ2xpZW50MzEuZGxsIiBUaGlua1RpbWU9IjAiIFRpbWVvdXQ9IjMwMCIgUGFyc2VEZXBlbmRlbnRSZXF1ZXN0cz0iVHJ1ZSIgRm9sbG93UmVkaXJlY3RzPSJUcnVlIiBSZWNvcmRSZXN1bHQ9IlRydWUiIENhY2hlPSJGYWxzZSIgUmVzcG9uc2VUaW1lR29hbD0iMCIgRW5jb2Rpbmc9Imlzby04ODU5LTEiIEV4cGVjdGVkSHR0cFN0YXR1c0NvZGU9IjAiIEV4cGVjdGVkUmVzcG9uc2VVcmw9IiI+DQogICAgICA8UXVlcnlTdHJpbmdQYXJhbWV0ZXJzPg0KICAgICAgICA8UXVlcnlTdHJpbmdQYXJhbWV0ZXIgTmFtZT0iR2V0U0FkIiBWYWx1ZT0iIiBSZWNvcmRlZFZhbHVlPSIiIENvcnJlbGF0aW9uQmluZGluZz0iIiBVcmxFbmNvZGU9IkZhbHNlIiBVc2VUb0dyb3VwUmVzdWx0cz0iRmFsc2UiIC8+DQogICAgICAgIDxRdWVyeVN0cmluZ1BhcmFtZXRlciBOYW1lPSJEUEpTIiBWYWx1ZT0iNCIgUmVjb3JkZWRWYWx1ZT0iNCIgQ29ycmVsYXRpb25CaW5kaW5nPSIiIFVybEVuY29kZT0iRmFsc2UiIFVzZVRvR3JvdXBSZXN1bHRzPSJGYWxzZSIgLz4NCiAgICAgICAgPFF1ZXJ5U3RyaW5nUGFyYW1ldGVyIE5hbWU9IlBOIiBWYWx1ZT0iTVNGVCIgUmVjb3JkZWRWYWx1ZT0iTVNGVCIgQ29ycmVsYXRpb25CaW5kaW5nPSIiIFVybEVuY29kZT0iRmFsc2UiIFVzZVRvR3JvdXBSZXN1bHRzPSJGYWxzZSIgLz4NCiAgICAgICAgPFF1ZXJ5U3RyaW5nUGFyYW1ldGVyIE5hbWU9IlBHIiBWYWx1ZT0iTVNOTU1MIiBSZWNvcmRlZFZhbHVlPSJNU05NTUwiIENvcnJlbGF0aW9uQmluZGluZz0iIiBVcmxFbmNvZGU9IkZhbHNlIiBVc2VUb0dyb3VwUmVzdWx0cz0iRmFsc2UiIC8+DQogICAgICAgIDxRdWVyeVN0cmluZ1BhcmFtZXRlciBOYW1lPSJBUCIgVmFsdWU9IjE0MDIiIFJlY29yZGVkVmFsdWU9IjE0MDIiIENvcnJlbGF0aW9uQmluZGluZz0iIiBVcmxFbmNvZGU9IkZhbHNlIiBVc2VUb0dyb3VwUmVzdWx0cz0iRmFsc2UiIC8+DQogICAgICA8L1F1ZXJ5U3RyaW5nUGFyYW1ldGVycz4NCiAgICA8L1JlcXVlc3Q+DQogICAgPFJlcXVlc3QgTWV0aG9kPSJHRVQiIFZlcnNpb249IjEuMSIgVXJsPSJodHRwOi8vYi5yYWQubXNuLmNvbS9BRFNBZENsaWVudDMxLmRsbCIgVGhpbmtUaW1lPSIwIiBUaW1lb3V0PSIzMDAiIFBhcnNlRGVwZW5kZW50UmVxdWVzdHM9IlRydWUiIEZvbGxvd1JlZGlyZWN0cz0iVHJ1ZSIgUmVjb3JkUmVzdWx0PSJUcnVlIiBDYWNoZT0iRmFsc2UiIFJlc3BvbnNlVGltZUdvYWw9IjAiIEVuY29kaW5nPSJpc28tODg1OS0xIiBFeHBlY3RlZEh0dHBTdGF0dXNDb2RlPSIwIiBFeHBlY3RlZFJlc3BvbnNlVXJsPSIiPg0KICAgICAgPFF1ZXJ5U3RyaW5nUGFyYW1ldGVycz4NCiAgICAgICAgPFF1ZXJ5U3RyaW5nUGFyYW1ldGVyIE5hbWU9IkdldFNBZCIgVmFsdWU9IiIgUmVjb3JkZWRWYWx1ZT0iIiBDb3JyZWxhdGlvbkJpbmRpbmc9IiIgVXJsRW5jb2RlPSJGYWxzZSIgVXNlVG9Hcm91cFJlc3VsdHM9IkZhbHNlIiAvPg0KICAgICAgICA8UXVlcnlTdHJpbmdQYXJhbWV0ZXIgTmFtZT0iRFBKUyIgVmFsdWU9IjQiIFJlY29yZGVkVmFsdWU9IjQiIENvcnJlbGF0aW9uQmluZGluZz0iIiBVcmxFbmNvZGU9IkZhbHNlIiBVc2VUb0dyb3VwUmVzdWx0cz0iRmFsc2UiIC8+DQogICAgICAgIDxRdWVyeVN0cmluZ1BhcmFtZXRlciBOYW1lPSJQTiIgVmFsdWU9Ik1TRlQiIFJlY29yZGVkVmFsdWU9Ik1TRlQiIENvcnJlbGF0aW9uQmluZGluZz0iIiBVcmxFbmNvZGU9IkZhbHNlIiBVc2VUb0dyb3VwUmVzdWx0cz0iRmFsc2UiIC8+DQogICAgICAgIDxRdWVyeVN0cmluZ1BhcmFtZXRlciBOYW1lPSJQRyIgVmFsdWU9Ik1TTk1NVCIgUmVjb3JkZWRWYWx1ZT0iTVNOTU1UIiBDb3JyZWxhdGlvbkJpbmRpbmc9IiIgVXJsRW5jb2RlPSJGYWxzZSIgVXNlVG9Hcm91cFJlc3VsdHM9IkZhbHNlIiAvPg0KICAgICAgICA8UXVlcnlTdHJpbmdQYXJhbWV0ZXIgTmFtZT0iQVAiIFZhbHVlPSIxNDAyIiBSZWNvcmRlZFZhbHVlPSIxNDAyIiBDb3JyZWxhdGlvbkJpbmRpbmc9IiIgVXJsRW5jb2RlPSJGYWxzZSIgVXNlVG9Hcm91cFJlc3VsdHM9IkZhbHNlIiAvPg0KICAgICAgPC9RdWVyeVN0cmluZ1BhcmFtZXRlcnM+DQogICAgPC9SZXF1ZXN0Pg0KICAgIDxSZXF1ZXN0IE1ldGhvZD0iR0VUIiBWZXJzaW9uPSIxLjEiIFVybD0iaHR0cDovL3JhZC5tc24uY29tL0FEU0FkQ2xpZW50MzEuZGxsIiBUaGlua1RpbWU9IjAiIFRpbWVvdXQ9IjMwMCIgUGFyc2VEZXBlbmRlbnRSZXF1ZXN0cz0iVHJ1ZSIgRm9sbG93UmVkaXJlY3RzPSJUcnVlIiBSZWNvcmRSZXN1bHQ9IlRydWUiIENhY2hlPSJGYWxzZSIgUmVzcG9uc2VUaW1lR29hbD0iMCIgRW5jb2Rpbmc9Imlzby04ODU5LTEiIEV4cGVjdGVkSHR0cFN0YXR1c0NvZGU9IjAiIEV4cGVjdGVkUmVzcG9uc2VVcmw9IiI+DQogICAgICA8UXVlcnlTdHJpbmdQYXJhbWV0ZXJzPg0KICAgICAgICA8UXVlcnlTdHJpbmdQYXJhbWV0ZXIgTmFtZT0iR2V0U0FkIiBWYWx1ZT0iIiBSZWNvcmRlZFZhbHVlPSIiIENvcnJlbGF0aW9uQmluZGluZz0iIiBVcmxFbmNvZGU9IkZhbHNlIiBVc2VUb0dyb3VwUmVzdWx0cz0iRmFsc2UiIC8+DQogICAgICAgIDxRdWVyeVN0cmluZ1BhcmFtZXRlciBOYW1lPSJEUEpTIiBWYWx1ZT0iNCIgUmVjb3JkZWRWYWx1ZT0iNCIgQ29ycmVsYXRpb25CaW5kaW5nPSIiIFVybEVuY29kZT0iRmFsc2UiIFVzZVRvR3JvdXBSZXN1bHRzPSJGYWxzZSIgLz4NCiAgICAgICAgPFF1ZXJ5U3RyaW5nUGFyYW1ldGVyIE5hbWU9IlBOIiBWYWx1ZT0iTVNGVCIgUmVjb3JkZWRWYWx1ZT0iTVNGVCIgQ29ycmVsYXRpb25CaW5kaW5nPSIiIFVybEVuY29kZT0iRmFsc2UiIFVzZVRvR3JvdXBSZXN1bHRzPSJGYWxzZSIgLz4NCiAgICAgICAgPFF1ZXJ5U3RyaW5nUGFyYW1ldGVyIE5hbWU9IlBHIiBWYWx1ZT0iTVNOU0YxIiBSZWNvcmRlZFZhbHVlPSJNU05TRjEiIENvcnJlbGF0aW9uQmluZGluZz0iIiBVcmxFbmNvZGU9IkZhbHNlIiBVc2VUb0dyb3VwUmVzdWx0cz0iRmFsc2UiIC8+DQogICAgICAgIDxRdWVyeVN0cmluZ1BhcmFtZXRlciBOYW1lPSJBUCIgVmFsdWU9IjE0MDIiIFJlY29yZGVkVmFsdWU9IjE0MDIiIENvcnJlbGF0aW9uQmluZGluZz0iIiBVcmxFbmNvZGU9IkZhbHNlIiBVc2VUb0dyb3VwUmVzdWx0cz0iRmFsc2UiIC8+DQogICAgICA8L1F1ZXJ5U3RyaW5nUGFyYW1ldGVycz4NCiAgICA8L1JlcXVlc3Q+DQogICAgPFJlcXVlc3QgTWV0aG9kPSJHRVQiIFZlcnNpb249IjEuMSIgVXJsPSJodHRwOi8vYS5yYWQubXNuLmNvbS9BRFNBZENsaWVudDMxLmRsbCIgVGhpbmtUaW1lPSIwIiBUaW1lb3V0PSIzMDAiIFBhcnNlRGVwZW5kZW50UmVxdWVzdHM9IlRydWUiIEZvbGxvd1JlZGlyZWN0cz0iVHJ1ZSIgUmVjb3JkUmVzdWx0PSJUcnVlIiBDYWNoZT0iRmFsc2UiIFJlc3BvbnNlVGltZUdvYWw9IjAiIEVuY29kaW5nPSJpc28tODg1OS0xIiBFeHBlY3RlZEh0dHBTdGF0dXNDb2RlPSIwIiBFeHBlY3RlZFJlc3BvbnNlVXJsPSIiPg0KICAgICAgPFF1ZXJ5U3RyaW5nUGFyYW1ldGVycz4NCiAgICAgICAgPFF1ZXJ5U3RyaW5nUGFyYW1ldGVyIE5hbWU9IkdldFNBZCIgVmFsdWU9IiIgUmVjb3JkZWRWYWx1ZT0iIiBDb3JyZWxhdGlvbkJpbmRpbmc9IiIgVXJsRW5jb2RlPSJGYWxzZSIgVXNlVG9Hcm91cFJlc3VsdHM9IkZhbHNlIiAvPg0KICAgICAgICA8UXVlcnlTdHJpbmdQYXJhbWV0ZXIgTmFtZT0iRFBKUyIgVmFsdWU9IjQiIFJlY29yZGVkVmFsdWU9IjQiIENvcnJlbGF0aW9uQmluZGluZz0iIiBVcmxFbmNvZGU9IkZhbHNlIiBVc2VUb0dyb3VwUmVzdWx0cz0iRmFsc2UiIC8+DQogICAgICAgIDxRdWVyeVN0cmluZ1BhcmFtZXRlciBOYW1lPSJQTiIgVmFsdWU9Ik1TRlQiIFJlY29yZGVkVmFsdWU9Ik1TRlQiIENvcnJlbGF0aW9uQmluZGluZz0iIiBVcmxFbmNvZGU9IkZhbHNlIiBVc2VUb0dyb3VwUmVzdWx0cz0iRmFsc2UiIC8+DQogICAgICAgIDxRdWVyeVN0cmluZ1BhcmFtZXRlciBOYW1lPSJQRyIgVmFsdWU9Ik1TTlNIMSIgUmVjb3JkZWRWYWx1ZT0iTVNOU0gxIiBDb3JyZWxhdGlvbkJpbmRpbmc9IiIgVXJsRW5jb2RlPSJGYWxzZSIgVXNlVG9Hcm91cFJlc3VsdHM9IkZhbHNlIiAvPg0KICAgICAgICA8UXVlcnlTdHJpbmdQYXJhbWV0ZXIgTmFtZT0iQVAiIFZhbHVlPSIxNDAyIiBSZWNvcmRlZFZhbHVlPSIxNDAyIiBDb3JyZWxhdGlvbkJpbmRpbmc9IiIgVXJsRW5jb2RlPSJGYWxzZSIgVXNlVG9Hcm91cFJlc3VsdHM9IkZhbHNlIiAvPg0KICAgICAgPC9RdWVyeVN0cmluZ1BhcmFtZXRlcnM+DQogICAgPC9SZXF1ZXN0Pg0KICAgIDxSZXF1ZXN0IE1ldGhvZD0iR0VUIiBWZXJzaW9uPSIxLjEiIFVybD0iaHR0cDovL2IucmFkLm1zbi5jb20vQURTQWRDbGllbnQzMS5kbGwiIFRoaW5rVGltZT0iMCIgVGltZW91dD0iMzAwIiBQYXJzZURlcGVuZGVudFJlcXVlc3RzPSJUcnVlIiBGb2xsb3dSZWRpcmVjdHM9IlRydWUiIFJlY29yZFJlc3VsdD0iVHJ1ZSIgQ2FjaGU9IkZhbHNlIiBSZXNwb25zZVRpbWVHb2FsPSIwIiBFbmNvZGluZz0iaXNvLTg4NTktMSIgRXhwZWN0ZWRIdHRwU3RhdHVzQ29kZT0iMCIgRXhwZWN0ZWRSZXNwb25zZVVybD0iIj4NCiAgICAgIDxRdWVyeVN0cmluZ1BhcmFtZXRlcnM+DQogICAgICAgIDxRdWVyeVN0cmluZ1BhcmFtZXRlciBOYW1lPSJHZXRTQWQiIFZhbHVlPSIiIFJlY29yZGVkVmFsdWU9IiIgQ29ycmVsYXRpb25CaW5kaW5nPSIiIFVybEVuY29kZT0iRmFsc2UiIFVzZVRvR3JvdXBSZXN1bHRzPSJGYWxzZSIgLz4NCiAgICAgICAgPFF1ZXJ5U3RyaW5nUGFyYW1ldGVyIE5hbWU9IkRQSlMiIFZhbHVlPSI0IiBSZWNvcmRlZFZhbHVlPSI0IiBDb3JyZWxhdGlvbkJpbmRpbmc9IiIgVXJsRW5jb2RlPSJGYWxzZSIgVXNlVG9Hcm91cFJlc3VsdHM9IkZhbHNlIiAvPg0KICAgICAgICA8UXVlcnlTdHJpbmdQYXJhbWV0ZXIgTmFtZT0iUE4iIFZhbHVlPSJNU0ZUIiBSZWNvcmRlZFZhbHVlPSJNU0ZUIiBDb3JyZWxhdGlvbkJpbmRpbmc9IiIgVXJsRW5jb2RlPSJGYWxzZSIgVXNlVG9Hcm91cFJlc3VsdHM9IkZhbHNlIiAvPg0KICAgICAgICA8UXVlcnlTdHJpbmdQYXJhbWV0ZXIgTmFtZT0iUEciIFZhbHVlPSJNU05TSDIiIFJlY29yZGVkVmFsdWU9Ik1TTlNIMiIgQ29ycmVsYXRpb25CaW5kaW5nPSIiIFVybEVuY29kZT0iRmFsc2UiIFVzZVRvR3JvdXBSZXN1bHRzPSJGYWxzZSIgLz4NCiAgICAgICAgPFF1ZXJ5U3RyaW5nUGFyYW1ldGVyIE5hbWU9IkFQIiBWYWx1ZT0iMTQwMiIgUmVjb3JkZWRWYWx1ZT0iMTQwMiIgQ29ycmVsYXRpb25CaW5kaW5nPSIiIFVybEVuY29kZT0iRmFsc2UiIFVzZVRvR3JvdXBSZXN1bHRzPSJGYWxzZSIgLz4NCiAgICAgIDwvUXVlcnlTdHJpbmdQYXJhbWV0ZXJzPg0KICAgIDwvUmVxdWVzdD4NCiAgICA8UmVxdWVzdCBNZXRob2Q9IkdFVCIgVmVyc2lvbj0iMS4xIiBVcmw9Imh0dHA6Ly9yYWQubXNuLmNvbS9BRFNBZENsaWVudDMxLmRsbCIgVGhpbmtUaW1lPSIwIiBUaW1lb3V0PSIzMDAiIFBhcnNlRGVwZW5kZW50UmVxdWVzdHM9IlRydWUiIEZvbGxvd1JlZGlyZWN0cz0iVHJ1ZSIgUmVjb3JkUmVzdWx0PSJUcnVlIiBDYWNoZT0iRmFsc2UiIFJlc3BvbnNlVGltZUdvYWw9IjAiIEVuY29kaW5nPSJpc28tODg1OS0xIiBFeHBlY3RlZEh0dHBTdGF0dXNDb2RlPSIwIiBFeHBlY3RlZFJlc3BvbnNlVXJsPSIiPg0KICAgICAgPFF1ZXJ5U3RyaW5nUGFyYW1ldGVycz4NCiAgICAgICAgPFF1ZXJ5U3RyaW5nUGFyYW1ldGVyIE5hbWU9IkdldFNBZCIgVmFsdWU9IiIgUmVjb3JkZWRWYWx1ZT0iIiBDb3JyZWxhdGlvbkJpbmRpbmc9IiIgVXJsRW5jb2RlPSJGYWxzZSIgVXNlVG9Hcm91cFJlc3VsdHM9IkZhbHNlIiAvPg0KICAgICAgICA8UXVlcnlTdHJpbmdQYXJhbWV0ZXIgTmFtZT0iRFBKUyIgVmFsdWU9IjQiIFJlY29yZGVkVmFsdWU9IjQiIENvcnJlbGF0aW9uQmluZGluZz0iIiBVcmxFbmNvZGU9IkZhbHNlIiBVc2VUb0dyb3VwUmVzdWx0cz0iRmFsc2UiIC8+DQogICAgICAgIDxRdWVyeVN0cmluZ1BhcmFtZXRlciBOYW1lPSJQTiIgVmFsdWU9Ik1TRlQiIFJlY29yZGVkVmFsdWU9Ik1TRlQiIENvcnJlbGF0aW9uQmluZGluZz0iIiBVcmxFbmNvZGU9IkZhbHNlIiBVc2VUb0dyb3VwUmVzdWx0cz0iRmFsc2UiIC8+DQogICAgICAgIDxRdWVyeVN0cmluZ1BhcmFtZXRlciBOYW1lPSJQRyIgVmFsdWU9Ik1TTlNIMyIgUmVjb3JkZWRWYWx1ZT0iTVNOU0gzIiBDb3JyZWxhdGlvbkJpbmRpbmc9IiIgVXJsRW5jb2RlPSJGYWxzZSIgVXNlVG9Hcm91cFJlc3VsdHM9IkZhbHNlIiAvPg0KICAgICAgICA8UXVlcnlTdHJpbmdQYXJhbWV0ZXIgTmFtZT0iQVAiIFZhbHVlPSIxNDAyIiBSZWNvcmRlZFZhbHVlPSIxNDAyIiBDb3JyZWxhdGlvbkJpbmRpbmc9IiIgVXJsRW5jb2RlPSJGYWxzZSIgVXNlVG9Hcm91cFJlc3VsdHM9IkZhbHNlIiAvPg0KICAgICAgPC9RdWVyeVN0cmluZ1BhcmFtZXRlcnM+DQogICAgPC9SZXF1ZXN0Pg0KICAgIDxSZXF1ZXN0IE1ldGhvZD0iR0VUIiBWZXJzaW9uPSIxLjEiIFVybD0iaHR0cDovL2EucmFkLm1zbi5jb20vQURTQWRDbGllbnQzMS5kbGwiIFRoaW5rVGltZT0iMCIgVGltZW91dD0iMzAwIiBQYXJzZURlcGVuZGVudFJlcXVlc3RzPSJUcnVlIiBGb2xsb3dSZWRpcmVjdHM9IlRydWUiIFJlY29yZFJlc3VsdD0iVHJ1ZSIgQ2FjaGU9IkZhbHNlIiBSZXNwb25zZVRpbWVHb2FsPSIwIiBFbmNvZGluZz0iaXNvLTg4NTktMSIgRXhwZWN0ZWRIdHRwU3RhdHVzQ29kZT0iMCIgRXhwZWN0ZWRSZXNwb25zZVVybD0iIj4NCiAgICAgIDxRdWVyeVN0cmluZ1BhcmFtZXRlcnM+DQogICAgICAgIDxRdWVyeVN0cmluZ1BhcmFtZXRlciBOYW1lPSJHZXRTQWQiIFZhbHVlPSIiIFJlY29yZGVkVmFsdWU9IiIgQ29ycmVsYXRpb25CaW5kaW5nPSIiIFVybEVuY29kZT0iRmFsc2UiIFVzZVRvR3JvdXBSZXN1bHRzPSJGYWxzZSIgLz4NCiAgICAgICAgPFF1ZXJ5U3RyaW5nUGFyYW1ldGVyIE5hbWU9IkRQSlMiIFZhbHVlPSI0IiBSZWNvcmRlZFZhbHVlPSI0IiBDb3JyZWxhdGlvbkJpbmRpbmc9IiIgVXJsRW5jb2RlPSJGYWxzZSIgVXNlVG9Hcm91cFJlc3VsdHM9IkZhbHNlIiAvPg0KICAgICAgICA8UXVlcnlTdHJpbmdQYXJhbWV0ZXIgTmFtZT0iUE4iIFZhbHVlPSJNU0ZUIiBSZWNvcmRlZFZhbHVlPSJNU0ZUIiBDb3JyZWxhdGlvbkJpbmRpbmc9IiIgVXJsRW5jb2RlPSJGYWxzZSIgVXNlVG9Hcm91cFJlc3VsdHM9IkZhbHNlIiAvPg0KICAgICAgICA8UXVlcnlTdHJpbmdQYXJhbWV0ZXIgTmFtZT0iUEciIFZhbHVlPSJNU05TSDQiIFJlY29yZGVkVmFsdWU9Ik1TTlNINCIgQ29ycmVsYXRpb25CaW5kaW5nPSIiIFVybEVuY29kZT0iRmFsc2UiIFVzZVRvR3JvdXBSZXN1bHRzPSJGYWxzZSIgLz4NCiAgICAgICAgPFF1ZXJ5U3RyaW5nUGFyYW1ldGVyIE5hbWU9IkFQIiBWYWx1ZT0iMTQwMiIgUmVjb3JkZWRWYWx1ZT0iMTQwMiIgQ29ycmVsYXRpb25CaW5kaW5nPSIiIFVybEVuY29kZT0iRmFsc2UiIFVzZVRvR3JvdXBSZXN1bHRzPSJGYWxzZSIgLz4NCiAgICAgIDwvUXVlcnlTdHJpbmdQYXJhbWV0ZXJzPg0KICAgIDwvUmVxdWVzdD4NCiAgICA8UmVxdWVzdCBNZXRob2Q9IkdFVCIgVmVyc2lvbj0iMS4xIiBVcmw9Imh0dHA6Ly9iLnJhZC5tc24uY29tL0FEU0FkQ2xpZW50MzEuZGxsIiBUaGlua1RpbWU9IjAiIFRpbWVvdXQ9IjMwMCIgUGFyc2VEZXBlbmRlbnRSZXF1ZXN0cz0iVHJ1ZSIgRm9sbG93UmVkaXJlY3RzPSJUcnVlIiBSZWNvcmRSZXN1bHQ9IlRydWUiIENhY2hlPSJGYWxzZSIgUmVzcG9uc2VUaW1lR29hbD0iMCIgRW5jb2Rpbmc9Imlzby04ODU5LTEiIEV4cGVjdGVkSHR0cFN0YXR1c0NvZGU9IjAiIEV4cGVjdGVkUmVzcG9uc2VVcmw9IiI+DQogICAgICA8UXVlcnlTdHJpbmdQYXJhbWV0ZXJzPg0KICAgICAgICA8UXVlcnlTdHJpbmdQYXJhbWV0ZXIgTmFtZT0iR2V0U0FkIiBWYWx1ZT0iIiBSZWNvcmRlZFZhbHVlPSIiIENvcnJlbGF0aW9uQmluZGluZz0iIiBVcmxFbmNvZGU9IkZhbHNlIiBVc2VUb0dyb3VwUmVzdWx0cz0iRmFsc2UiIC8+DQogICAgICAgIDxRdWVyeVN0cmluZ1BhcmFtZXRlciBOYW1lPSJEUEpTIiBWYWx1ZT0iNCIgUmVjb3JkZWRWYWx1ZT0iNCIgQ29ycmVsYXRpb25CaW5kaW5nPSIiIFVybEVuY29kZT0iRmFsc2UiIFVzZVRvR3JvdXBSZXN1bHRzPSJGYWxzZSIgLz4NCiAgICAgICAgPFF1ZXJ5U3RyaW5nUGFyYW1ldGVyIE5hbWU9IlBOIiBWYWx1ZT0iTVNGVCIgUmVjb3JkZWRWYWx1ZT0iTVNGVCIgQ29ycmVsYXRpb25CaW5kaW5nPSIiIFVybEVuY29kZT0iRmFsc2UiIFVzZVRvR3JvdXBSZXN1bHRzPSJGYWxzZSIgLz4NCiAgICAgICAgPFF1ZXJ5U3RyaW5nUGFyYW1ldGVyIE5hbWU9IlBHIiBWYWx1ZT0iTVNOU1VSIiBSZWNvcmRlZFZhbHVlPSJNU05TVVIiIENvcnJlbGF0aW9uQmluZGluZz0iIiBVcmxFbmNvZGU9IkZhbHNlIiBVc2VUb0dyb3VwUmVzdWx0cz0iRmFsc2UiIC8+DQogICAgICAgIDxRdWVyeVN0cmluZ1BhcmFtZXRlciBOYW1lPSJBUCIgVmFsdWU9IjE0MDIiIFJlY29yZGVkVmFsdWU9IjE0MDIiIENvcnJlbGF0aW9uQmluZGluZz0iIiBVcmxFbmNvZGU9IkZhbHNlIiBVc2VUb0dyb3VwUmVzdWx0cz0iRmFsc2UiIC8+DQogICAgICA8L1F1ZXJ5U3RyaW5nUGFyYW1ldGVycz4NCiAgICA8L1JlcXVlc3Q+DQogICAgPFJlcXVlc3QgTWV0aG9kPSJHRVQiIFZlcnNpb249IjEuMSIgVXJsPSJodHRwOi8vYW5hbHl0aWNzLmxpdmUuY29tL1N5bmMuaHRtbCIgVGhpbmtUaW1lPSIwIiBUaW1lb3V0PSIzMDAiIFBhcnNlRGVwZW5kZW50UmVxdWVzdHM9IlRydWUiIEZvbGxvd1JlZGlyZWN0cz0iVHJ1ZSIgUmVjb3JkUmVzdWx0PSJUcnVlIiBDYWNoZT0iRmFsc2UiIFJlc3BvbnNlVGltZUdvYWw9IjAiIEVuY29kaW5nPSJ1dGYtOCIgRXhwZWN0ZWRIdHRwU3RhdHVzQ29kZT0iMCIgRXhwZWN0ZWRSZXNwb25zZVVybD0iIj4NCiAgICAgIDxRdWVyeVN0cmluZ1BhcmFtZXRlcnM+DQogICAgICAgIDxRdWVyeVN0cmluZ1BhcmFtZXRlciBOYW1lPSJWIiBWYWx1ZT0iMzUyNSIgUmVjb3JkZWRWYWx1ZT0iMzUyNSIgQ29ycmVsYXRpb25CaW5kaW5nPSIiIFVybEVuY29kZT0iRmFsc2UiIFVzZVRvR3JvdXBSZXN1bHRzPSJGYWxzZSIgLz4NCiAgICAgICAgPFF1ZXJ5U3RyaW5nUGFyYW1ldGVyIE5hbWU9IkFRTlQiIFZhbHVlPSIxIiBSZWNvcmRlZFZhbHVlPSIxIiBDb3JyZWxhdGlvbkJpbmRpbmc9IiIgVXJsRW5jb2RlPSJGYWxzZSIgVXNlVG9Hcm91cFJlc3VsdHM9IkZhbHNlIiAvPg0KICAgICAgPC9RdWVyeVN0cmluZ1BhcmFtZXRlcnM+DQogICAgPC9SZXF1ZXN0Pg0KICAgIDxSZXF1ZXN0IE1ldGhvZD0iR0VUIiBWZXJzaW9uPSIxLjEiIFVybD0iaHR0cDovL2FuYWx5dGljcy5tc24uY29tL0luY2x1ZGUuaHRtbCIgVGhpbmtUaW1lPSI3IiBUaW1lb3V0PSIzMDAiIFBhcnNlRGVwZW5kZW50UmVxdWVzdHM9IlRydWUiIEZvbGxvd1JlZGlyZWN0cz0iVHJ1ZSIgUmVjb3JkUmVzdWx0PSJUcnVlIiBDYWNoZT0iRmFsc2UiIFJlc3BvbnNlVGltZUdvYWw9IjAiIEVuY29kaW5nPSJ1dGYtOCIgRXhwZWN0ZWRIdHRwU3RhdHVzQ29kZT0iMCIgRXhwZWN0ZWRSZXNwb25zZVVybD0iIiAvPg0KICAgIDxSZXF1ZXN0IE1ldGhvZD0iR0VUIiBWZXJzaW9uPSIxLjEiIFVybD0iaHR0cDovLzc0LjguMjQzLjEzMy8iIFRoaW5rVGltZT0iMCIgVGltZW91dD0iMzAwIiBQYXJzZURlcGVuZGVudFJlcXVlc3RzPSJUcnVlIiBGb2xsb3dSZWRpcmVjdHM9IlRydWUiIFJlY29yZFJlc3VsdD0iVHJ1ZSIgQ2FjaGU9IkZhbHNlIiBSZXNwb25zZVRpbWVHb2FsPSIwIiBFbmNvZGluZz0idXRmLTgiIEV4cGVjdGVkSHR0cFN0YXR1c0NvZGU9IjAiIEV4cGVjdGVkUmVzcG9uc2VVcmw9IiI+DQogICAgICA8Q29ycmVsYXRpb25FeHRyYWN0aW9uUnVsZXM+DQogICAgICAgIDxFeHRyYWN0aW9uUnVsZSBDbGFzc25hbWU9Ik1pY3Jvc29mdC5WaXN1YWxTdHVkaW8uVGVzdFRvb2xzLldlYlRlc3RpbmcuUnVsZXMuRXh0cmFjdFRleHQsIE1pY3Jvc29mdC5WaXN1YWxTdHVkaW8uUXVhbGl0eVRvb2xzLldlYlRlc3RGcmFtZXdvcmssIFZlcnNpb249OS4wLjAuMCwgQ3VsdHVyZT1uZXV0cmFsLCBQdWJsaWNLZXlUb2tlbj1iMDNmNWY3ZjExZDUwYTNhIiBWYXJpYWJsZU5hbWU9IlF1ZXJ5U3RyaW5nUGFyYW00LldTSVFUUCIgRGlzcGxheU5hbWU9IiIgRGVzY3JpcHRpb249IiI+DQogICAgICAgICAgPFJ1bGVQYXJhbWV0ZXJzPg0KICAgICAgICAgICAgPFJ1bGVQYXJhbWV0ZXIgTmFtZT0iU3RhcnRzV2l0aCIgVmFsdWU9Ij9XU0lRVFA9IiAvPg0KICAgICAgICAgICAgPFJ1bGVQYXJhbWV0ZXIgTmFtZT0iRW5kc1dpdGgiIFZhbHVlPSImcXVvdDsiIC8+DQogICAgICAgICAgICA8UnVsZVBhcmFtZXRlciBOYW1lPSJJbmRleCIgVmFsdWU9IjAiIC8+DQogICAgICAgICAgICA8UnVsZVBhcmFtZXRlciBOYW1lPSJJZ25vcmVDYXNlIiBWYWx1ZT0iRmFsc2UiIC8+DQogICAgICAgICAgICA8UnVsZVBhcmFtZXRlciBOYW1lPSJVc2VSZWd1bGFyRXhwcmVzc2lvbiIgVmFsdWU9IkZhbHNlIiAvPg0KICAgICAgICAgICAgPFJ1bGVQYXJhbWV0ZXIgTmFtZT0iSHRtbERlY29kZSIgVmFsdWU9IlRydWUiIC8+DQogICAgICAgICAgICA8UnVsZVBhcmFtZXRlciBOYW1lPSJSZXF1aXJlZCIgVmFsdWU9IkZhbHNlIiAvPg0KICAgICAgICAgIDwvUnVsZVBhcmFtZXRlcnM+DQogICAgICAgIDwvRXh0cmFjdGlvblJ1bGU+DQogICAgICAgIDxFeHRyYWN0aW9uUnVsZSBDbGFzc25hbWU9Ik1pY3Jvc29mdC5WaXN1YWxTdHVkaW8uVGVzdFRvb2xzLldlYlRlc3RpbmcuUnVsZXMuRXh0cmFjdFRleHQsIE1pY3Jvc29mdC5WaXN1YWxTdHVkaW8uUXVhbGl0eVRvb2xzLldlYlRlc3RGcmFtZXdvcmssIFZlcnNpb249OS4wLjAuMCwgQ3VsdHVyZT1uZXV0cmFsLCBQdWJsaWNLZXlUb2tlbj1iMDNmNWY3ZjExZDUwYTNhIiBWYXJpYWJsZU5hbWU9IlF1ZXJ5U3RyaW5nUGFyYW01LldTSVFUUCIgRGlzcGxheU5hbWU9IiIgRGVzY3JpcHRpb249IiI+DQogICAgICAgICAgPFJ1bGVQYXJhbWV0ZXJzPg0KICAgICAgICAgICAgPFJ1bGVQYXJhbWV0ZXIgTmFtZT0iU3RhcnRzV2l0aCIgVmFsdWU9Ij9XU0lRVFA9IiAvPg0KICAgICAgICAgICAgPFJ1bGVQYXJhbWV0ZXIgTmFtZT0iRW5kc1dpdGgiIFZhbHVlPSImcXVvdDsiIC8+DQogICAgICAgICAgICA8UnVsZVBhcmFtZXRlciBOYW1lPSJJbmRleCIgVmFsdWU9IjEiIC8+DQogICAgICAgICAgICA8UnVsZVBhcmFtZXRlciBOYW1lPSJJZ25vcmVDYXNlIiBWYWx1ZT0iRmFsc2UiIC8+DQogICAgICAgICAgICA8UnVsZVBhcmFtZXRlciBOYW1lPSJVc2VSZWd1bGFyRXhwcmVzc2lvbiIgVmFsdWU9IkZhbHNlIiAvPg0KICAgICAgICAgICAgPFJ1bGVQYXJhbWV0ZXIgTmFtZT0iSHRtbERlY29kZSIgVmFsdWU9IlRydWUiIC8+DQogICAgICAgICAgICA8UnVsZVBhcmFtZXRlciBOYW1lPSJSZXF1aXJlZCIgVmFsdWU9IkZhbHNlIiAvPg0KICAgICAgICAgIDwvUnVsZVBhcmFtZXRlcnM+DQogICAgICAgIDwvRXh0cmFjdGlvblJ1bGU+DQogICAgICA8L0NvcnJlbGF0aW9uRXh0cmFjdGlvblJ1bGVzPg0KICAgIDwvUmVxdWVzdD4NCiAgICA8UmVxdWVzdCBNZXRob2Q9IkdFVCIgVmVyc2lvbj0iMS4xIiBVcmw9Imh0dHA6Ly83NC44LjI0My4xMzMvQUxJUy9XVzQwMFIuSFRNIiBUaGlua1RpbWU9IjAiIFRpbWVvdXQ9IjMwMCIgUGFyc2VEZXBlbmRlbnRSZXF1ZXN0cz0iVHJ1ZSIgRm9sbG93UmVkaXJlY3RzPSJUcnVlIiBSZWNvcmRSZXN1bHQ9IlRydWUiIENhY2hlPSJGYWxzZSIgUmVzcG9uc2VUaW1lR29hbD0iMCIgRW5jb2Rpbmc9InV0Zi04IiBFeHBlY3RlZEh0dHBTdGF0dXNDb2RlPSIwIiBFeHBlY3RlZFJlc3BvbnNlVXJsPSIiPg0KICAgICAgPENvcnJlbGF0aW9uRXh0cmFjdGlvblJ1bGVzPg0KICAgICAgICA8RXh0cmFjdGlvblJ1bGUgQ2xhc3NuYW1lPSJNaWNyb3NvZnQuVmlzdWFsU3R1ZGlvLlRlc3RUb29scy5XZWJUZXN0aW5nLlJ1bGVzLkV4dHJhY3RUZXh0LCBNaWNyb3NvZnQuVmlzdWFsU3R1ZGlvLlF1YWxpdHlUb29scy5XZWJUZXN0RnJhbWV3b3JrLCBWZXJzaW9uPTkuMC4wLjAsIEN1bHR1cmU9bmV1dHJhbCwgUHVibGljS2V5VG9rZW49YjAzZjVmN2YxMWQ1MGEzYSIgVmFyaWFibGVOYW1lPSJRdWVyeVN0cmluZ1BhcmFtMy5XU0lRVFAiIERpc3BsYXlOYW1lPSIiIERlc2NyaXB0aW9uPSIiPg0KICAgICAgICAgIDxSdWxlUGFyYW1ldGVycz4NCiAgICAgICAgICAgIDxSdWxlUGFyYW1ldGVyIE5hbWU9IlN0YXJ0c1dpdGgiIFZhbHVlPSI/V1NJUVRQPSIgLz4NCiAgICAgICAgICAgIDxSdWxlUGFyYW1ldGVyIE5hbWU9IkVuZHNXaXRoIiBWYWx1ZT0iJnF1b3Q7IiAvPg0KICAgICAgICAgICAgPFJ1bGVQYXJhbWV0ZXIgTmFtZT0iSW5kZXgiIFZhbHVlPSIwIiAvPg0KICAgICAgICAgICAgPFJ1bGVQYXJhbWV0ZXIgTmFtZT0iSWdub3JlQ2FzZSIgVmFsdWU9IkZhbHNlIiAvPg0KICAgICAgICAgICAgPFJ1bGVQYXJhbWV0ZXIgTmFtZT0iVXNlUmVndWxhckV4cHJlc3Npb24iIFZhbHVlPSJGYWxzZSIgLz4NCiAgICAgICAgICAgIDxSdWxlUGFyYW1ldGVyIE5hbWU9Ikh0bWxEZWNvZGUiIFZhbHVlPSJUcnVlIiAvPg0KICAgICAgICAgICAgPFJ1bGVQYXJhbWV0ZXIgTmFtZT0iUmVxdWlyZWQiIFZhbHVlPSJGYWxzZSIgLz4NCiAgICAgICAgICA8L1J1bGVQYXJhbWV0ZXJzPg0KICAgICAgICA8L0V4dHJhY3Rpb25SdWxlPg0KICAgICAgPC9Db3JyZWxhdGlvbkV4dHJhY3Rpb25SdWxlcz4NCiAgICAgIDxRdWVyeVN0cmluZ1BhcmFtZXRlcnM+DQogICAgICAgIDxRdWVyeVN0cmluZ1BhcmFtZXRlciBOYW1lPSJXU0lRVFAiIFZhbHVlPSJTWTQwRiIgUmVjb3JkZWRWYWx1ZT0iU1k0MEYiIENvcnJlbGF0aW9uQmluZGluZz0ie3tRdWVyeVN0cmluZ1BhcmFtNC5XU0lRVFB9fSIgVXJsRW5jb2RlPSJGYWxzZSIgVXNlVG9Hcm91cFJlc3VsdHM9IkZhbHNlIiAvPg0KICAgICAgPC9RdWVyeVN0cmluZ1BhcmFtZXRlcnM+DQogICAgPC9SZXF1ZXN0Pg0KICAgIDxSZXF1ZXN0IE1ldGhvZD0iR0VUIiBWZXJzaW9uPSIxLjEiIFVybD0iaHR0cDovLzc0LjguMjQzLjEzMy9BTElTL1dXNDAwUi5IVE0iIFRoaW5rVGltZT0iMCIgVGltZW91dD0iMzAwIiBQYXJzZURlcGVuZGVudFJlcXVlc3RzPSJUcnVlIiBGb2xsb3dSZWRpcmVjdHM9IlRydWUiIFJlY29yZFJlc3VsdD0iVHJ1ZSIgQ2FjaGU9IkZhbHNlIiBSZXNwb25zZVRpbWVHb2FsPSIwIiBFbmNvZGluZz0idXRmLTgiIEV4cGVjdGVkSHR0cFN0YXR1c0NvZGU9IjAiIEV4cGVjdGVkUmVzcG9uc2VVcmw9IiI+DQogICAgICA8UXVlcnlTdHJpbmdQYXJhbWV0ZXJzPg0KICAgICAgICA8UXVlcnlTdHJpbmdQYXJhbWV0ZXIgTmFtZT0iV1NJUVRQIiBWYWx1ZT0iU1k0MFIiIFJlY29yZGVkVmFsdWU9IlNZNDBSIiBDb3JyZWxhdGlvbkJpbmRpbmc9Int7UXVlcnlTdHJpbmdQYXJhbTUuV1NJUVRQfX0iIFVybEVuY29kZT0iRmFsc2UiIFVzZVRvR3JvdXBSZXN1bHRzPSJGYWxzZSIgLz4NCiAgICAgIDwvUXVlcnlTdHJpbmdQYXJhbWV0ZXJzPg0KICAgIDwvUmVxdWVzdD4NCiAgICA8UmVxdWVzdCBNZXRob2Q9IkdFVCIgVmVyc2lvbj0iMS4xIiBVcmw9Imh0dHA6Ly83NC44LjI0My4xMzMvaHRtbC9GSVRDSEJSRy9Ob3RpY2VBLmh0bSIgVGhpbmtUaW1lPSIwIiBUaW1lb3V0PSIzMDAiIFBhcnNlRGVwZW5kZW50UmVxdWVzdHM9IlRydWUiIEZvbGxvd1JlZGlyZWN0cz0iVHJ1ZSIgUmVjb3JkUmVzdWx0PSJUcnVlIiBDYWNoZT0iRmFsc2UiIFJlc3BvbnNlVGltZUdvYWw9IjAiIEVuY29kaW5nPSJ1dGYtOCIgRXhwZWN0ZWRIdHRwU3RhdHVzQ29kZT0iMCIgRXhwZWN0ZWRSZXNwb25zZVVybD0iIiAvPg0KICAgIDxSZXF1ZXN0IE1ldGhvZD0iR0VUIiBWZXJzaW9uPSIxLjEiIFVybD0iaHR0cDovLzc0LjguMjQzLjEzMy9mYXZpY29uLmljbyIgVGhpbmtUaW1lPSIxIiBUaW1lb3V0PSIzMDAiIFBhcnNlRGVwZW5kZW50UmVxdWVzdHM9IlRydWUiIEZvbGxvd1JlZGlyZWN0cz0iVHJ1ZSIgUmVjb3JkUmVzdWx0PSJUcnVlIiBDYWNoZT0iRmFsc2UiIFJlc3BvbnNlVGltZUdvYWw9IjAiIEVuY29kaW5nPSJpc28tODg1OS0xIiBFeHBlY3RlZEh0dHBTdGF0dXNDb2RlPSIwIiBFeHBlY3RlZFJlc3BvbnNlVXJsPSIiIC8+DQogICAgPFJlcXVlc3QgTWV0aG9kPSJHRVQiIFZlcnNpb249IjEuMSIgVXJsPSJodHRwOi8vNzQuOC4yNDMuMTMzL0FMSVMvV1c0MDBSLkhUTSIgVGhpbmtUaW1lPSIyIiBUaW1lb3V0PSIzMDAiIFBhcnNlRGVwZW5kZW50UmVxdWVzdHM9IlRydWUiIEZvbGxvd1JlZGlyZWN0cz0iVHJ1ZSIgUmVjb3JkUmVzdWx0PSJUcnVlIiBDYWNoZT0iRmFsc2UiIFJlc3BvbnNlVGltZUdvYWw9IjAiIEVuY29kaW5nPSJpc28tODg1OS0xIiBFeHBlY3RlZEh0dHBTdGF0dXNDb2RlPSIwIiBFeHBlY3RlZFJlc3BvbnNlVXJsPSIiPg0KICAgICAgPENvcnJlbGF0aW9uRXh0cmFjdGlvblJ1bGVzPg0KICAgICAgICA8RXh0cmFjdGlvblJ1bGUgQ2xhc3NuYW1lPSJNaWNyb3NvZnQuVmlzdWFsU3R1ZGlvLlRlc3RUb29scy5XZWJUZXN0aW5nLlJ1bGVzLkV4dHJhY3RUZXh0LCBNaWNyb3NvZnQuVmlzdWFsU3R1ZGlvLlF1YWxpdHlUb29scy5XZWJUZXN0RnJhbWV3b3JrLCBWZXJzaW9uPTkuMC4wLjAsIEN1bHR1cmU9bmV1dHJhbCwgUHVibGljS2V5VG9rZW49YjAzZjVmN2YxMWQ1MGEzYSIgVmFyaWFibGVOYW1lPSJRdWVyeVN0cmluZ1BhcmFtMS5XU0lRVFAiIERpc3BsYXlOYW1lPSIiIERlc2NyaXB0aW9uPSIiPg0KICAgICAgICAgIDxSdWxlUGFyYW1ldGVycz4NCiAgICAgICAgICAgIDxSdWxlUGFyYW1ldGVyIE5hbWU9IlN0YXJ0c1dpdGgiIFZhbHVlPSI/V1NJUVRQPSIgLz4NCiAgICAgICAgICAgIDxSdWxlUGFyYW1ldGVyIE5hbWU9IkVuZHNXaXRoIiBWYWx1ZT0iJmFtcDsiIC8+DQogICAgICAgICAgICA8UnVsZVBhcmFtZXRlciBOYW1lPSJJbmRleCIgVmFsdWU9IjQiIC8+DQogICAgICAgICAgICA8UnVsZVBhcmFtZXRlciBOYW1lPSJJZ25vcmVDYXNlIiBWYWx1ZT0iRmFsc2UiIC8+DQogICAgICAgICAgICA8UnVsZVBhcmFtZXRlciBOYW1lPSJVc2VSZWd1bGFyRXhwcmVzc2lvbiIgVmFsdWU9IkZhbHNlIiAvPg0KICAgICAgICAgICAgPFJ1bGVQYXJhbWV0ZXIgTmFtZT0iSHRtbERlY29kZSIgVmFsdWU9IlRydWUiIC8+DQogICAgICAgICAgICA8UnVsZVBhcmFtZXRlciBOYW1lPSJSZXF1aXJlZCIgVmFsdWU9IkZhbHNlIiAvPg0KICAgICAgICAgIDwvUnVsZVBhcmFtZXRlcnM+DQogICAgICAgIDwvRXh0cmFjdGlvblJ1bGU+DQogICAgICAgIDxFeHRyYWN0aW9uUnVsZSBDbGFzc25hbWU9Ik1pY3Jvc29mdC5WaXN1YWxTdHVkaW8uVGVzdFRvb2xzLldlYlRlc3RpbmcuUnVsZXMuRXh0cmFjdFRleHQsIE1pY3Jvc29mdC5WaXN1YWxTdHVkaW8uUXVhbGl0eVRvb2xzLldlYlRlc3RGcmFtZXdvcmssIFZlcnNpb249OS4wLjAuMCwgQ3VsdHVyZT1uZXV0cmFsLCBQdWJsaWNLZXlUb2tlbj1iMDNmNWY3ZjExZDUwYTNhIiBWYXJpYWJsZU5hbWU9IlF1ZXJ5U3RyaW5nUGFyYW0yLldTS1lDRCIgRGlzcGxheU5hbWU9IiIgRGVzY3JpcHRpb249IiI+DQogICAgICAgICAgPFJ1bGVQYXJhbWV0ZXJzPg0KICAgICAgICAgICAgPFJ1bGVQYXJhbWV0ZXIgTmFtZT0iU3RhcnRzV2l0aCIgVmFsdWU9IiZhbXA7V1NLWUNEPSIgLz4NCiAgICAgICAgICAgIDxSdWxlUGFyYW1ldGVyIE5hbWU9IkVuZHNXaXRoIiBWYWx1ZT0iJnF1b3Q7IiAvPg0KICAgICAgICAgICAgPFJ1bGVQYXJhbWV0ZXIgTmFtZT0iSW5kZXgiIFZhbHVlPSI0IiAvPg0KICAgICAgICAgICAgPFJ1bGVQYXJhbWV0ZXIgTmFtZT0iSWdub3JlQ2FzZSIgVmFsdWU9IkZhbHNlIiAvPg0KICAgICAgICAgICAgPFJ1bGVQYXJhbWV0ZXIgTmFtZT0iVXNlUmVndWxhckV4cHJlc3Npb24iIFZhbHVlPSJGYWxzZSIgLz4NCiAgICAgICAgICAgIDxSdWxlUGFyYW1ldGVyIE5hbWU9Ikh0bWxEZWNvZGUiIFZhbHVlPSJUcnVlIiAvPg0KICAgICAgICAgICAgPFJ1bGVQYXJhbWV0ZXIgTmFtZT0iUmVxdWlyZWQiIFZhbHVlPSJGYWxzZSIgLz4NCiAgICAgICAgICA8L1J1bGVQYXJhbWV0ZXJzPg0KICAgICAgICA8L0V4dHJhY3Rpb25SdWxlPg0KICAgICAgPC9Db3JyZWxhdGlvbkV4dHJhY3Rpb25SdWxlcz4NCiAgICAgIDxRdWVyeVN0cmluZ1BhcmFtZXRlcnM+DQogICAgICAgIDxRdWVyeVN0cmluZ1BhcmFtZXRlciBOYW1lPSJXU0lRVFAiIFZhbHVlPSJTWTQwTCIgUmVjb3JkZWRWYWx1ZT0iU1k0MEwiIENvcnJlbGF0aW9uQmluZGluZz0ie3tRdWVyeVN0cmluZ1BhcmFtMy5XU0lRVFB9fSIgVXJsRW5jb2RlPSJGYWxzZSIgVXNlVG9Hcm91cFJlc3VsdHM9IkZhbHNlIiAvPg0KICAgICAgPC9RdWVyeVN0cmluZ1BhcmFtZXRlcnM+DQogICAgPC9SZXF1ZXN0Pg0KICAgIDxSZXF1ZXN0IE1ldGhvZD0iR0VUIiBWZXJzaW9uPSIxLjEiIFVybD0iaHR0cDovLzc0LjguMjQzLjEzMy9BTElTL1dXNDAwUi5IVE0iIFRoaW5rVGltZT0iNCIgVGltZW91dD0iMzAwIiBQYXJzZURlcGVuZGVudFJlcXVlc3RzPSJUcnVlIiBGb2xsb3dSZWRpcmVjdHM9IlRydWUiIFJlY29yZFJlc3VsdD0iVHJ1ZSIgQ2FjaGU9IkZhbHNlIiBSZXNwb25zZVRpbWVHb2FsPSIwIiBFbmNvZGluZz0iaXNvLTg4NTktMSIgRXhwZWN0ZWRIdHRwU3RhdHVzQ29kZT0iMCIgRXhwZWN0ZWRSZXNwb25zZVVybD0iIj4NCiAgICAgIDxFeHRyYWN0aW9uUnVsZXM+DQogICAgICAgIDxFeHRyYWN0aW9uUnVsZSBDbGFzc25hbWU9Ik1pY3Jvc29mdC5WaXN1YWxTdHVkaW8uVGVzdFRvb2xzLldlYlRlc3RpbmcuUnVsZXMuRXh0cmFjdEhpZGRlbkZpZWxkcywgTWljcm9zb2Z0LlZpc3VhbFN0dWRpby5RdWFsaXR5VG9vbHMuV2ViVGVzdEZyYW1ld29yaywgVmVyc2lvbj05LjAuMC4wLCBDdWx0dXJlPW5ldXRyYWwsIFB1YmxpY0tleVRva2VuPWIwM2Y1ZjdmMTFkNTBhM2EiIFZhcmlhYmxlTmFtZT0iMSIgRGlzcGxheU5hbWU9IkV4dHJhY3QgSGlkZGVuIEZpZWxkcyIgRGVzY3JpcHRpb249IkV4dHJhY3QgYWxsIGhpZGRlbiBmaWVsZHMgZnJvbSB0aGUgcmVzcG9uc2UgYW5kIHBsYWNlIHRoZW0gaW50byB0aGUgdGVzdCBjb250ZXh0LiI+DQogICAgICAgICAgPFJ1bGVQYXJhbWV0ZXJzPg0KICAgICAgICAgICAgPFJ1bGVQYXJhbWV0ZXIgTmFtZT0iUmVxdWlyZWQiIFZhbHVlPSJUcnVlIiAvPg0KICAgICAgICAgICAgPFJ1bGVQYXJhbWV0ZXIgTmFtZT0iSHRtbERlY29kZSIgVmFsdWU9IlRydWUiIC8+DQogICAgICAgICAgPC9SdWxlUGFyYW1ldGVycz4NCiAgICAgICAgPC9FeHRyYWN0aW9uUnVsZT4NCiAgICAgIDwvRXh0cmFjdGlvblJ1bGVzPg0KICAgICAgPENvcnJlbGF0aW9uRXh0cmFjdGlvblJ1bGVzPg0KICAgICAgICA8RXh0cmFjdGlvblJ1bGUgQ2xhc3NuYW1lPSJNaWNyb3NvZnQuVmlzdWFsU3R1ZGlvLlRlc3RUb29scy5XZWJUZXN0aW5nLlJ1bGVzLkV4dHJhY3RGb3JtRmllbGQsIE1pY3Jvc29mdC5WaXN1YWxTdHVkaW8uUXVhbGl0eVRvb2xzLldlYlRlc3RGcmFtZXdvcmssIFZlcnNpb249OS4wLjAuMCwgQ3VsdHVyZT1uZXV0cmFsLCBQdWJsaWNLZXlUb2tlbj1iMDNmNWY3ZjExZDUwYTNhIiBWYXJpYWJsZU5hbWU9IkZvcm1Qb3N0UGFyYW0xLlc5RkRUQSIgRGlzcGxheU5hbWU9IiIgRGVzY3JpcHRpb249IiI+DQogICAgICAgICAgPFJ1bGVQYXJhbWV0ZXJzPg0KICAgICAgICAgICAgPFJ1bGVQYXJhbWV0ZXIgTmFtZT0iTmFtZSIgVmFsdWU9Ilc5RkRUQSIgLz4NCiAgICAgICAgICAgIDxSdWxlUGFyYW1ldGVyIE5hbWU9Ikh0bWxEZWNvZGUiIFZhbHVlPSJUcnVlIiAvPg0KICAgICAgICAgICAgPFJ1bGVQYXJhbWV0ZXIgTmFtZT0iUmVxdWlyZWQiIFZhbHVlPSJGYWxzZSIgLz4NCiAgICAgICAgICA8L1J1bGVQYXJhbWV0ZXJzPg0KICAgICAgICA8L0V4dHJhY3Rpb25SdWxlPg0KICAgICAgICA8RXh0cmFjdGlvblJ1bGUgQ2xhc3NuYW1lPSJNaWNyb3NvZnQuVmlzdWFsU3R1ZGlvLlRlc3RUb29scy5XZWJUZXN0aW5nLlJ1bGVzLkV4dHJhY3RGb3JtRmllbGQsIE1pY3Jvc29mdC5WaXN1YWxTdHVkaW8uUXVhbGl0eVRvb2xzLldlYlRlc3RGcmFtZXdvcmssIFZlcnNpb249OS4wLjAuMCwgQ3VsdHVyZT1uZXV0cmFsLCBQdWJsaWNLZXlUb2tlbj1iMDNmNWY3ZjExZDUwYTNhIiBWYXJpYWJsZU5hbWU9IkZvcm1Qb3N0UGFyYW0yLlc5VERUQSIgRGlzcGxheU5hbWU9IiIgRGVzY3JpcHRpb249IiI+DQogICAgICAgICAgPFJ1bGVQYXJhbWV0ZXJzPg0KICAgICAgICAgICAgPFJ1bGVQYXJhbWV0ZXIgTmFtZT0iTmFtZSIgVmFsdWU9Ilc5VERUQSIgLz4NCiAgICAgICAgICAgIDxSdWxlUGFyYW1ldGVyIE5hbWU9Ikh0bWxEZWNvZGUiIFZhbHVlPSJUcnVlIiAvPg0KICAgICAgICAgICAgPFJ1bGVQYXJhbWV0ZXIgTmFtZT0iUmVxdWlyZWQiIFZhbHVlPSJGYWxzZSIgLz4NCiAgICAgICAgICA8L1J1bGVQYXJhbWV0ZXJzPg0KICAgICAgICA8L0V4dHJhY3Rpb25SdWxlPg0KICAgICAgICA8RXh0cmFjdGlvblJ1bGUgQ2xhc3NuYW1lPSJNaWNyb3NvZnQuVmlzdWFsU3R1ZGlvLlRlc3RUb29scy5XZWJUZXN0aW5nLlJ1bGVzLkV4dHJhY3RUZXh0LCBNaWNyb3NvZnQuVmlzdWFsU3R1ZGlvLlF1YWxpdHlUb29scy5XZWJUZXN0RnJhbWV3b3JrLCBWZXJzaW9uPTkuMC4wLjAsIEN1bHR1cmU9bmV1dHJhbCwgUHVibGljS2V5VG9rZW49YjAzZjVmN2YxMWQ1MGEzYSIgVmFyaWFibGVOYW1lPSJGb3JtUG9zdFBhcmFtMy5XOUFCUiIgRGlzcGxheU5hbWU9IiIgRGVzY3JpcHRpb249IiI+DQogICAgICAgICAgPFJ1bGVQYXJhbWV0ZXJzPg0KICAgICAgICAgICAgPFJ1bGVQYXJhbWV0ZXIgTmFtZT0iU3RhcnRzV2l0aCIgVmFsdWU9Imx1ZT0mcXVvdDsiIC8+DQogICAgICAgICAgICA8UnVsZVBhcmFtZXRlciBOYW1lPSJFbmRzV2l0aCIgVmFsdWU9IiZxdW90OyZndDsqQWwiIC8+DQogICAgICAgICAgICA8UnVsZVBhcmFtZXRlciBOYW1lPSJJbmRleCIgVmFsdWU9IjAiIC8+DQogICAgICAgICAgICA8UnVsZVBhcmFtZXRlciBOYW1lPSJJZ25vcmVDYXNlIiBWYWx1ZT0iRmFsc2UiIC8+DQogICAgICAgICAgICA8UnVsZVBhcmFtZXRlciBOYW1lPSJVc2VSZWd1bGFyRXhwcmVzc2lvbiIgVmFsdWU9IkZhbHNlIiAvPg0KICAgICAgICAgICAgPFJ1bGVQYXJhbWV0ZXIgTmFtZT0iSHRtbERlY29kZSIgVmFsdWU9IlRydWUiIC8+DQogICAgICAgICAgICA8UnVsZVBhcmFtZXRlciBOYW1lPSJSZXF1aXJlZCIgVmFsdWU9IkZhbHNlIiAvPg0KICAgICAgICAgIDwvUnVsZVBhcmFtZXRlcnM+DQogICAgICAgIDwvRXh0cmFjdGlvblJ1bGU+DQogICAgICAgIDxFeHRyYWN0aW9uUnVsZSBDbGFzc25hbWU9Ik1pY3Jvc29mdC5WaXN1YWxTdHVkaW8uVGVzdFRvb2xzLldlYlRlc3RpbmcuUnVsZXMuRXh0cmFjdFRleHQsIE1pY3Jvc29mdC5WaXN1YWxTdHVkaW8uUXVhbGl0eVRvb2xzLldlYlRlc3RGcmFtZXdvcmssIFZlcnNpb249OS4wLjAuMCwgQ3VsdHVyZT1uZXV0cmFsLCBQdWJsaWNLZXlUb2tlbj1iMDNmNWY3ZjExZDUwYTNhIiBWYXJpYWJsZU5hbWU9IkZvcm1Qb3N0UGFyYW00Llc5VE9XTiIgRGlzcGxheU5hbWU9IiIgRGVzY3JpcHRpb249IiI+DQogICAgICAgICAgPFJ1bGVQYXJhbWV0ZXJzPg0KICAgICAgICAgICAgPFJ1bGVQYXJhbWV0ZXIgTmFtZT0iU3RhcnRzV2l0aCIgVmFsdWU9Imx1ZT0mcXVvdDsiIC8+DQogICAgICAgICAgICA8UnVsZVBhcmFtZXRlciBOYW1lPSJFbmRzV2l0aCIgVmFsdWU9IiZxdW90OyZndDsqQWwiIC8+DQogICAgICAgICAgICA8UnVsZVBhcmFtZXRlciBOYW1lPSJJbmRleCIgVmFsdWU9IjAiIC8+DQogICAgICAgICAgICA8UnVsZVBhcmFtZXRlciBOYW1lPSJJZ25vcmVDYXNlIiBWYWx1ZT0iRmFsc2UiIC8+DQogICAgICAgICAgICA8UnVsZVBhcmFtZXRlciBOYW1lPSJVc2VSZWd1bGFyRXhwcmVzc2lvbiIgVmFsdWU9IkZhbHNlIiAvPg0KICAgICAgICAgICAgPFJ1bGVQYXJhbWV0ZXIgTmFtZT0iSHRtbERlY29kZSIgVmFsdWU9IlRydWUiIC8+DQogICAgICAgICAgICA8UnVsZVBhcmFtZXRlciBOYW1lPSJSZXF1aXJlZCIgVmFsdWU9IkZhbHNlIiAvPg0KICAgICAgICAgIDwvUnVsZVBhcmFtZXRlcnM+DQogICAgICAgIDwvRXh0cmFjdGlvblJ1bGU+DQogICAgICA8L0NvcnJlbGF0aW9uRXh0cmFjdGlvblJ1bGVzPg0KICAgICAgPFF1ZXJ5U3RyaW5nUGFyYW1ldGVycz4NCiAgICAgICAgPFF1ZXJ5U3RyaW5nUGFyYW1ldGVyIE5hbWU9IldTSVFUUCIgVmFsdWU9IkxSMDlEIiBSZWNvcmRlZFZhbHVlPSJMUjA5RCIgQ29ycmVsYXRpb25CaW5kaW5nPSJ7e1F1ZXJ5U3RyaW5nUGFyYW0xLldTSVFUUH19IiBVcmxFbmNvZGU9IkZhbHNlIiBVc2VUb0dyb3VwUmVzdWx0cz0iRmFsc2UiIC8+DQogICAgICAgIDxRdWVyeVN0cmluZ1BhcmFtZXRlciBOYW1lPSJXU0tZQ0QiIFZhbHVlPSJFIiBSZWNvcmRlZFZhbHVlPSJFIiBDb3JyZWxhdGlvbkJpbmRpbmc9Int7UXVlcnlTdHJpbmdQYXJhbTIuV1NLWUNEfX0iIFVybEVuY29kZT0iRmFsc2UiIFVzZVRvR3JvdXBSZXN1bHRzPSJGYWxzZSIgLz4NCiAgICAgIDwvUXVlcnlTdHJpbmdQYXJhbWV0ZXJzPg0KICAgIDwvUmVxdWVzdD4NCiAgICA8UmVxdWVzdCBNZXRob2Q9IlBPU1QiIFZlcnNpb249IjEuMSIgVXJsPSJodHRwOi8vNzQuOC4yNDMuMTMzL0FMSVMvV1c0MDBSLkhUTSIgVGhpbmtUaW1lPSIwIiBUaW1lb3V0PSIzMDAiIFBhcnNlRGVwZW5kZW50UmVxdWVzdHM9IlRydWUiIEZvbGxvd1JlZGlyZWN0cz0iVHJ1ZSIgUmVjb3JkUmVzdWx0PSJUcnVlIiBDYWNoZT0iRmFsc2UiIFJlc3BvbnNlVGltZUdvYWw9IjAiIEVuY29kaW5nPSJpc28tODg1OS0xIiBFeHBlY3RlZEh0dHBTdGF0dXNDb2RlPSIwIiBFeHBlY3RlZFJlc3BvbnNlVXJsPSIiPg0KICAgICAgPEZvcm1Qb3N0SHR0cEJvZHk+DQogICAgICAgIDxGb3JtUG9zdFBhcmFtZXRlciBOYW1lPSJXOUZEVEEiIFZhbHVlPSIwMTE0MjAxMCIgUmVjb3JkZWRWYWx1ZT0iMDExNDIwMTAiIENvcnJlbGF0aW9uQmluZGluZz0ie3tGb3JtUG9zdFBhcmFtMS5XOUZEVEF9fSIgVXJsRW5jb2RlPSJUcnVlIiAvPg0KICAgICAgICA8Rm9ybVBvc3RQYXJhbWV0ZXIgTmFtZT0iVzlURFRBIiBWYWx1ZT0iMDExNDIwMTAiIFJlY29yZGVkVmFsdWU9IjAxMTQyMDEwIiBDb3JyZWxhdGlvbkJpbmRpbmc9Int7Rm9ybVBvc3RQYXJhbTIuVzlURFRBfX0iIFVybEVuY29kZT0iVHJ1ZSIgLz4NCiAgICAgICAgPEZvcm1Qb3N0UGFyYW1ldGVyIE5hbWU9Ilc5QUJSIiBWYWx1ZT0iKkFMTCIgUmVjb3JkZWRWYWx1ZT0iKkFMTCIgQ29ycmVsYXRpb25CaW5kaW5nPSJ7e0Zvcm1Qb3N0UGFyYW0zLlc5QUJSfX0iIFVybEVuY29kZT0iVHJ1ZSIgLz4NCiAgICAgICAgPEZvcm1Qb3N0UGFyYW1ldGVyIE5hbWU9Ilc5VE9XTiIgVmFsdWU9IipBTEwiIFJlY29yZGVkVmFsdWU9IipBTEwiIENvcnJlbGF0aW9uQmluZGluZz0ie3tGb3JtUG9zdFBhcmFtNC5XOVRPV059fSIgVXJsRW5jb2RlPSJUcnVlIiAvPg0KICAgICAgICA8Rm9ybVBvc3RQYXJhbWV0ZXIgTmFtZT0iVzlGQyQiIFZhbHVlPSIiIFJlY29yZGVkVmFsdWU9IiIgQ29ycmVsYXRpb25CaW5kaW5nPSIiIFVybEVuY29kZT0iVHJ1ZSIgLz4NCiAgICAgICAgPEZvcm1Qb3N0UGFyYW1ldGVyIE5hbWU9Ilc5VEMkIiBWYWx1ZT0iIiBSZWNvcmRlZFZhbHVlPSIiIENvcnJlbGF0aW9uQmluZGluZz0iIiBVcmxFbmNvZGU9IlRydWUiIC8+DQogICAgICAgIDxGb3JtUG9zdFBhcmFtZXRlciBOYW1lPSJXU0hUTk0iIFZhbHVlPSJ7eyRISURERU4xLldTSFROTX19IiBSZWNvcmRlZFZhbHVlPSJXVzQxM1IwMCIgQ29ycmVsYXRpb25CaW5kaW5nPSIiIFVybEVuY29kZT0iVHJ1ZSIgLz4NCiAgICAgICAgPEZvcm1Qb3N0UGFyYW1ldGVyIE5hbWU9IldTSVFUUCIgVmFsdWU9Int7JEhJRERFTjEuV1NJUVRQfX0iIFJlY29yZGVkVmFsdWU9IkxSMTNBIiBDb3JyZWxhdGlvbkJpbmRpbmc9IiIgVXJsRW5jb2RlPSJUcnVlIiAvPg0KICAgICAgICA8Rm9ybVBvc3RQYXJhbWV0ZXIgTmFtZT0iV1NLWUNEIiBWYWx1ZT0ie3skSElEREVOMS5XU0tZQ0R9fSIgUmVjb3JkZWRWYWx1ZT0iRSIgQ29ycmVsYXRpb25CaW5kaW5nPSIiIFVybEVuY29kZT0iVHJ1ZSIgLz4NCiAgICAgIDwvRm9ybVBvc3RIdHRwQm9keT4NCiAgICA8L1JlcXVlc3Q+DQogIDwvSXRlbXM+DQogIDxWYWxpZGF0aW9uUnVsZXM+DQogICAgPFZhbGlkYXRpb25SdWxlIENsYXNzbmFtZT0iTWljcm9zb2Z0LlZpc3VhbFN0dWRpby5UZXN0VG9vbHMuV2ViVGVzdGluZy5SdWxlcy5WYWxpZGF0ZVJlc3BvbnNlVXJsLCBNaWNyb3NvZnQuVmlzdWFsU3R1ZGlvLlF1YWxpdHlUb29scy5XZWJUZXN0RnJhbWV3b3JrLCBWZXJzaW9uPTkuMC4wLjAsIEN1bHR1cmU9bmV1dHJhbCwgUHVibGljS2V5VG9rZW49YjAzZjVmN2YxMWQ1MGEzYSIgRGlzcGxheU5hbWU9IlJlc3BvbnNlIFVSTCIgRGVzY3JpcHRpb249IlZhbGlkYXRlcyB0aGF0IHRoZSByZXNwb25zZSBVUkwgYWZ0ZXIgcmVkaXJlY3RzIGFyZSBmb2xsb3dlZCBpcyB0aGUgc2FtZSBhcyB0aGUgcmVjb3JkZWQgcmVzcG9uc2UgVVJMLiAgUXVlcnlTdHJpbmcgcGFyYW1ldGVycyBhcmUgaWdub3JlZC4iIExldmVsPSJMb3ciIC8+DQogIDwvVmFsaWRhdGlvblJ1bGVzPg0KPC9XZWJUZXN0Pg==">
      <Css projectStructure="" iteration="" />
      <Owners>
        <Owner name="" />
      </Owners>
      <Execution id="69a2884e-57d6-4d3d-8ede-c0063997e0d5" />
    </WebTest>
  </TestDefinitions>
  <TestLists>
    <TestList name="Results Not in a List" id="8c84fa94-04c1-424b-9868-57a2d4851a1d" />
    <TestList name="All Loaded Results" id="19431567-8539-422a-85d7-44ee4e166bda" />
  </TestLists>
  <TestEntries>
    <TestEntry isTransparent="false" testId="cf63c8d7-fbbe-4ef2-87a9-4c414c1aeb9d" executionId="69a2884e-57d6-4d3d-8ede-c0063997e0d5" testListId="8c84fa94-04c1-424b-9868-57a2d4851a1d" />
  </TestEntries>
  <Results>
    <WebTestResult executionId="69a2884e-57d6-4d3d-8ede-c0063997e0d5" testId="cf63c8d7-fbbe-4ef2-87a9-4c414c1aeb9d" testName="WebTest1" computerName="LVDVMRALLEN7" duration="00:00:15.0024923" startTime="2010-01-14T20:22:57.5448008-07:00" endTime="2010-01-14T20:23:12.7870746-07:00" testType="4e7599fa-5ecb-43e9-a887-cd63cf72d207" outcome="Failed" testListId="8c84fa94-04c1-424b-9868-57a2d4851a1d">
      <Output>
        <ErrorInfo>
          <Message>1 primary requests and 0 dependant requests failed</Message>
        </ErrorInfo>
      </Output>
      <ByteArrayCache nextHandle="23">
        <Entry handle="22" bytes="H4sIAAAAAAAEAO29B2AcSZYlJi9tynt/SvVK1+B0oQiAYBMk2JBAEOzBiM3mkuwdaUcjKasqgcplVmVdZhZAzO2dvPfee++999577733ujudTif33/8/XGZkAWz2zkrayZ4hgKrIHz9+fB8/Ih7P20V59HieZ7Ojx23RlvnRk1dffvdFm0/n6dNqul7kyzb9IltmFzn/+vq6afNF8/iuNH7cTOti1aZltrxYU5vPPvrp7DKTDz9Km3r62Ud30cXdy6wsZlmbj3+6+ejo8V1pcfT4d01P5vn0bep9nZ7X2SL/aoU/0/P1ctoW1TI9r+r0ulrX6Xeb3+v6ZJZu7vnIvtdcFe10/jw/b7fu/OLiPN2a6aDGF3l7WvKgnlyfzbY++u7r3+v3OXn60Z0x4bLOP/vso1cf3fnF6Sqr0fi8Xkza378kMOOymmYA/Vn68d3j52ev7373u/s7O6/G337zxe/x3ddnP/Hm5Wevf5/d3ae/UAB+9urjw1+Sl02+EdYgqOevdu9ZUKcE6pc44j0/e/F7pfM6PzdEfnb25uTbT159fvd1e13mzXjaNB+l7fWKiNPm79q7/Hedl5991HCDeZ4TrR5Pqtl1Wi2fV9nss4/ob6L1Il3SJHz2EeH6+8/q1Wz5UVrM/D+JW7JJmaeTqp7l9Wcf7XyUTvOyXGWzWbG8+OyjXfm7WWVT/pu+vypm7Zy+2dn53fF6ndKcXyw/+2hKRMlrfDQ/+u6Xr05OX785fZW++PLVm2+fvnqRvjr9/Oz1m1e/T/rls/Tp6enT17/wx3c/3Tns//t7Hb/59vPTU7zx+7z48vnT1+nT47PPX5wef/X8zUjBEGBi3TlxYFsP4fA8W87SV/mURtakk+v0dNnW1+lTYkf/1Q8dPf2fRG5y9DrPasgagX/0+O4E4Gf83c7u9u7+9t7O7k7azutqfTFP3UfSSgdhQL2prpYhjG8dl2W0qRVtcEfTfen58+hLJ9WyKWi8zLLhOy+qNm1W+bQ4L/JZvMeMSJY1edrwgPNZCICJbrE6W87yd6QIqkX6nWyZ7u6PDB3W5oOUP/nxT+8/TH/PdOfeo72HXrd3eXqoW/o9UxH58YvqI+Lyk7KYvv3so3nRtFV9Pb6otrZ379CMFIsL1Vef19lqXkybu6s6vxxfFOcfefNMsLMhmE3evikWebVutz4eUjO/78d13vz+JEe/78d3xs16sihIMR1+PNq9cxhHYkmCuxmJeduuHt29+2B/fDDe27833r13b1gx3d95E++nmVdXL+ti2Z5k9Q0dDuuqlyfHv/C7D89e/MRnx7+PVVr0ybOnb44/29nd3cek0d9vun+TyfkMfEe/Hz95ZX59dvK7fbZjH7QLPkjtEx8SD+c5TXR8OCSdZB+gCEmxVct2uyl+kD/aW737SBgH/7+LRt+AtMf0DGmn579PevoCuo0I+iZQTCwUT95uv7x49GB358H23v2Hvq67xVzsPMRcvDo5+X0+Uyq/OvniC6I6//b06We7+/TbyZvnL5ik+2a+noRzcPbFGX1GA9ndPz4eHx8fx2l9PGnaOpv2SE0Dbz/76CeL/Co1TW7NTbv3zr72CPpop21WkzCyEVP7Gx8KkO0Og0fxss5hwp2aglOC1jTrI7LuF3laErfR5JdlOsnTWdGsyuw6n5GKIN1F30qfX1t4X548+QYJMiwz8Unkr+zgbzmLQPrr8+EtkYbKOp7N4mjTF2lbpWgjOPtyJGaejJFnW+Wb31N+PHy0++DR/Z1s4b91tqRZ/vFH6ac79/2PT+YXj9IX/ic/eX79KP19/E9e51Nq4/RL11K+JC5q0mKZGgPyKL3Xb/V5vXqU7pq/3pANfyTgn+b5zO+OZut3o5bjnajHUIvLkD4//fKLsxfwjvx3iXD1o3Qv/fz4zenr9OTV6/SrF2dv0j3/fdWMqkWF9I+6+lH/9vSjwcHoyXv7Hx19Tvb4kfUHiLGsXf16fvOOc8FffHz40Y3qcve5bU6c9/rFF589PfucvMYvX519SR98Th989+z587PjL9LvgDV/b3otZtripkxs4kdHDuYoteDSLQz+DgtU34npT9w3SfQ8/3lL9F/45R1QPs9/RPko5Z+eHb84/WaozqC+FsXnMS3pO0af7v3sOkYPbukYncRt0/8LHKNgBH20f/45RjcQ5P+djtHXQfpn0THa3Xm0e//Rzv0hz+jTH4JntOvH/De5Rl9UdXsBVqQ0xnlRLzLE/31fae/e3oiofYPHJJm2r1593neY7t3fSZ/AyLz4/HX66mn6/Ms3r9Pj9BemT37eOE7HX5y+On0B7oYZeX56/O30i69vRxTaKBVAP3KWHKFfHL85+/LF8fP05OzN75N+QSnTz48/P1W6f32Kx8F+LfP984f6T45f/F7fMOUB8mtR/Uan6WD3Z9dpOril03Qat1v/L3CaghH00f755zTdQJD/dzpNXwfpn12nae/TR/cHnaYHPwyn6T18pqdFM52D0fvvvMrP87oBLZ5U1dtH6Y1zpzrETceT34um6NPdA5qjhy8/p98fPvjoCH9vP3zQ0XQ9/2tTxmr3/v306fHvk1JG/eeLw/Xq7OTbx6+evv4SH8ACvX55+uKEiHOTIRo0RA7iKFVg1hL9XHlf/6+n+vHz3+f16+NvhugC60c074YWr7/9xfE3RW8B5mh9/HtRnHZ7eptPfrTC7FvoH60w2+HcJZduYeTxG149/vaX303ffJl+9fo0ffPts9fpS4rQHvdWkN9UaZOTLlgvFlldkCtQnbPviDmnb37RmiAWWUkeAnnTzE7NKJ2C2eBlvqBWv/DHP907HMeAAg4YuKjWDfmry7x0PqoHhADsHL7Udj1Al/DlaR2+WJCn4r0F4IbD02JKn1wV7Tz96OmXJx+FQF6WedbQiKoWKGXUWobIL3H7tGjwdQoGXEqbRZ4tm04nwMA0zS6zosS0DSKcafwBimZpDW8oX07JOzcAzWCK9uMmnZNPVZfF8m0Izzlt+sEXVaOYNOl1tRbnX7uc3aUAYcVuM38MPOfZZZ7S1F4US5pFiwW+Y2XcGFoyzHGanp0zXAQeBZgpb1rCmRzECJBiCf5lOBycZDTLdVtM12VWexxz1xvxPKcRE6pptcJrWVleK8pAwtIM0IqW0Hkzz4EJiJ6eE0+dmyGSKNjmDRpWETijtC4u5m3INbaTppjl6RaoZKIl/ugO8BtxT2egwDJv09N3q7Kq83pEjF3m9K6EJ8xprO1F0YMc6TJbkFlVHUu8NfP+oG5hAXv66yNiuHZeUdOXNMEkwL/r9nb6JCeCp2/z6yvSDE26bnIOLYj+BG8uCJ/X1Fu6vU3aZ7la00iIj2BaZrN8+ZGi8t3X337z4gvBxPx+mZVrfPXd/d17ZEY/2vw+dKt9B5Hyi1u88Dx44+kNb0BRGxTld335dPOLUNa2LZT2Dc0R+Wk/+ru+y9HgDS+TNQjay3PTS2Rp3FtqcW54B/GrwVJ+1/dv9e4XZrL1d9v3jW8+NXOgv+ubu/s3vPnm6xDmzdcgDMx0d7ohK6ekUtJby4ra3buTanZNP+btojz6fwB9WOYT6iwAAA==" />
        <Entry handle="21" bytes="H4sIAAAAAAAEAO29B2AcSZYlJi9tynt/SvVK1+B0oQiAYBMk2JBAEOzBiM3mkuwdaUcjKasqgcplVmVdZhZAzO2dvPfee++999577733ujudTif33/8/XGZkAWz2zkrayZ4hgKrIHz9+fB8/Ir778NnTN8ef7ezu7u/t7O78wu8+fNP5+/jJq8++dfz8Ob768rsvzO/PTn73vf3P8KH+8vrbb1588dl3v7u/e+/VDr34+uwn3rz87Pmr3XvH9Mfv9fucPP3s9P8BaBApJG4AAAA=" />
        <Entry handle="20" bytes="H4sIAAAAAAAEAO29B2AcSZYlJi9tynt/SvVK1+B0oQiAYBMk2JBAEOzBiM3mkuwdaUcjKasqgcplVmVdZhZAzO2dvPfee++999577733ujudTif33/8/XGZkAWz2zkrayZ4hgKrIHz9+fB8/Ih7P20V59HieZ7Ojx2WxfJvO6/z8s4/u4vO7z87enHz7yavP775ur8u8GU+b5qP2epV/9lGbv2vv4s+0zsvPPmr4+3metx8dPW6mdbFq0zJbXqyzC2r809llJh9+lDb11EC/zMpilrX5+KcbeuuutNj8+tH5ejlti2qZNpPFs6pebN1Jf3F9sb9776e37hz+EgfkroxoUs2u02mZNc1nH5X5eXteZ4v8o7RaPq+y2WcfzarpepEv23GTZ/V0Pv7uw2dP3xyPz+njhuARVsXiQlH+vM5W82La3G2LtszHF8X5Rwbyslpk9UWxpPZtNilz83lbZ8tmldXUA76q6f+EU6Yk/vGLCpiclMX07Wcf2UHEO1UEuddJVc/yOv0s/WgHdMuGQHZHV+dN3g72MC2pld/BZz3w87ZdPbp798H++GC8t39vvHvv3t3j52ev7373u/s7O6/G337zxe/x3ddnP/Hm5Wevf5/9necfpS3RJW8/++i8Xkza3x8zEO98kRVLQnU9NMBbkFWaXBWzdv7ZR7sPd8xX86Pn2XKWvsqnBLVJjycNvT9t08l1erps6+v0KbHg47vUjv6pHbxz4q50SexC3M30+ygtZu73jNmQxtAhwEfhkOviYk5cv8jbeUVvr6qmxQy9Xk8WBTWyXHxY5+26XqbnWdnkNEOEGlGgnecpJGSruZNW5/KnTmqTXldrGm4zT9sq1RlO05dZ3RZZmWY6zIaalGU6oReLZlVm1/ls/HhCQ6T/n50zDJr3y9x21aT5YtVej9KP2mqWXdOgm5SoTn26F5XWLPSffSSz9WjnEDphm2T6YvlomgP/Q5KQvCxX2WxWLC9oVj7CnzR1U/3TUDu95NdoaqvVR+myuiK+OHr85Og1EbNltB6lj+8+kc7PXrz86k26yN49z5cXmOwD0irFD3L+RSZM5PgjgF3nn+3s7u7v7ezuyOvU/dKgfl4t2228++jh6h1RfWuxmM2u6blDmoTagSVmzA6/8Md3P905NH/G8Z0QvtVK0H0/bN98k9gyF9/lKRIYk6On1TSF3n6UpkTHiXz8+vT56ckbRWbXIXP85BVNTLViNSs4ffSt4+fPPzr61jGxkmFABtg8visN+y+8RvumyZumqhv31kVdrVeDbz19Sm89zfPZLV84fvL0izcfHR1PSMQraJB2uOVrbihiMdjq5OQlmk2n+arNltN8uOHv9QLt3tLkl/nsYmPXT1989QU1nuXL2Xox2OrZM2pzfk4m8bIYhvXs6dlrr136C9OnRTOdQ+kMvvP5KybSRZ3nG/F8/uaUpv64JNHN8MVgwy9OX9BEHROw2UaAL18+/32o3WpFBmkzxJdvGMXVqiqW7WaYr37yObesK/posNnr0xcASAy4Adbr09evpVHTbOz09esvBBpJ/eaGX7w58RumJ9XyvKgXWVvV15vAv+S31gv+YrDhm+OTb1PDts2m8414fPUG7dZkderiBxtJ/+SUSf8kb2naGeWb6fHkS8z/k2o5G2zx+zw//i41ud4us6uhRifHL05oLk8gaIMzeXL6itA7ycmunYOLBtmcGt59FrRMn64t56XPi3yQBidfPA9f/PI8/WJ9wzt337zqvfSmXjdtPozit198fkovzcm33dDomCGTTNOMDLZ6fnxGSuWkzIpBlfL0LlpUi0W1vMqzsp3zuMiap1Cxw8R4+fwNv0f+QjHMBGh3pu2KTbry5MWzV4yISsIGZjx56rWr4JxtQvTZ0+NnnfbkTeXTsmrWdX7Tu1/3zRevXzB5lptUC7V69ZPaqr5ED4Mtv1RwbbFcbyYOtXwlTTfZsJMvf1IgXubLbBjDp6SnnuYZMcUtZOvp6Qmm5mk+BQsRBrOKfPYGPipba1Byw7swWfRu0WwYHTXjRmW22fi8efUVLLnX0greBtDPX8grxXIjcGr56pRb1sNSzIQYZpCn0EJMlWc5OcbDNurp3a9easuvlqv1pCRnfgNYctc+R/Myv7hhDK/PuCFskCXQi2pRLDeM6ZRt/9McRuAmIp2hZUHisrkVJv0m3+Tp65PnX0g7aLJhfUfgYCu4IQvphoZfSMNF0TQbqH/2+ktp11TletNITo/Z+p9mzUb36fTuU9doowphx5valpspSAC/JNqcYuIAsUKUnL7J3lL0NPjO731CnH76Lp9uHtLvjf7ftflyk0ievjx99YXXLn0J5hgkwPOz0xfE+sr1G40nEf9up+nNfuyzM3gdz4rlbAMBoNdvq8phP571m6c3euGfvzqGiqX0Bc0LCddNrPH5V8ckMp+vM7ww6AaevTj5kpqdLSlTsao2a0EiBTA4W1JQ0W6QhrMX30Grn9a02VCz73x5RmzzHXK+Z8Mi+J2nn0MOvrPeHO48J3khHfo8J6IMt3mDFu0GB+f5GdmD5wVlEjaAIY5Do2FGe372E2jwi9bING4gACARq8M5Gt/IudqQfPA1ZdQox3I7/v3iKWzoFx2zeStX54unp6fhu3dnni0efO30iy/prXxB3LQp9vzi9BX80i9ywn5wQr74zlevyN/7goZJWZxsmVfrJv3Oui6aWbGRub748ukZidkX1Uy8jE1N0axuL7IN7rHX5lbR1RdsZu0rtzC1X3z5Bi9sRPTBwz1qQ/9SZrFkHdC0CALeZO828s+Lz18+J+v8go045d1eInswONgXMABsujeS7QUQfkEIDzvh1OT5S9MI+D6nxN7LHPpjMIlD72Di8M5NE/flE9IzX05+erNF+/LJc7gmXxL9N/swXyIL8+VqY5NXT+GxfFlv0FhfwiRzi43SRaDunmjDu9ObveGX4hCYXOvNaYGXd19BfM0Lr8jsbQ70X6avTp/7L5SbtOlLCnz7rY37uZEdxcJvtusvoaxf5rTusQljIEBaYfD7L274/sUN37+84fvXN3z/e9/w/fOnUIGbxfHll8gXvaw4QbKJGMdv3vw+aHhFnEeyRgmbql7mgyqKBA191xVcVtgCErlBJF4ds1S+ym6WylfsZ9LSR06LYhsacZti45Co1Zefc7vqYrmRE5hzb+BYagPRNJy6STip6ZeMYFndNNgvfpJ7XmxKDL46ffHVC7RakktU3ADw9efc1AZSG1p+yV3fFEpQQ4Tw1LCtNxvNV6c/KcO+vHHYPwlX2jUEw91G9F+dsQJ9VWxQoK/OPv82OAirWINtvnp+SlLxal0OLwe8oQav2T7Sv4sVrORQ09dvvoBny6036dTXb85eolmxWpcbCfT6qydwq2nJjRaqbjCk1PbVl9y2rjZbqNdfQSO9XlNuezOaX73izusatnaQ0G9+rxckXZtjuzesq9/cHKC/ofCECP4G66TnG/p89fQjakQSSAFEvTkp+NXJyd3jj46+mk7T45vS/l+JeeS2N5pGAD6RxrfJgVFzaUxhIOUciVrpjZzy8q5965YGFUi9ljduxTZoryO+xfT85PEJkfIns81y/ZPH8LZ/Mqs35lZ/ki3HT24wF989/kmI+Xcz8jYHWeG7ryBz383qekPG8LtnWAT8Lq0nD7ZgP+S7RTuf1dlVxn7xbVTRd+9+0XuP89QbXzp78+2n7q1BpD6lRp/O/CynjZsIOV9n3W1ypGR01RT/P3pTXS0f3bhk+ubL75Kh6PTrrZm2BGVQNx6//vYTLP7MJ+t6Oc8Gg7STF/ApTqr1hhTCszMsPz0r2imgDWqS56eIK57nCCwQUQ62g6l8vqb00yZo3z1FQva7ZNN64CxFn7wSCvKytFnQhmTl9aOdwzZ/127zkvqjMj9vDz9KEWKushkyPaA0/qQl7qn+SXBq/f/AWvyTo2fkTaVTyr/DvqmkPTmS1XF5M7I4v7tjVufxm5neZye/G622X80rQn1WUexbN3d8QEMovKm+IQTeDCJg1vkLimplSf6zj+bFjKI6+/brb7+h1EZazNzvZuK+u79779XOzkeb3z/7iTcv7TvPX+3eO77hhd/r96FEh3Yov+vLpKoI45kSweDe/8QHXiwoaiei1NPPPrpLGbfVvJg2xFdZPZ2PL4rzj1Jho88+wjiydF7n55999OMX1UdptTyh5b+3n300q6ZrWIixvlbnlLfZunOIcSwuurCnZBvqPui7mQM/b9vVo7t3H+yPD8Z7+/fGu/fu3T1+TqkhIunOzqvxt9988XsI4T57/fvs7zz/KG2RGWo/++i8Xkza3x9cHu8cOV5Cde33n36WWgzunlf1gn5Mqtk1/Zi3i/Lo/wGN/jq3xScAAA==" />
        <Entry handle="19" bytes="H4sIAAAAAAAEAO29B2AcSZYlJi9tynt/SvVK1+B0oQiAYBMk2JBAEOzBiM3mkuwdaUcjKasqgcplVmVdZhZAzO2dvPfee++999577733ujudTif33/8/XGZkAWz2zkrayZ4hgKrIHz9+fB8/Ih7P20V59HieZ7Ojx8/PXvxe6bzOzz/76C4+v/vs7M3Jt5+8+vzu6/a6zJvxtGk+StvrVf7ZR23+rr3Lf9d5+dlHDTeY53n70dHjZloXqzYts+XFOrugxj+dXWby4UdpU08N+MusLGZZm49/uqG37koL+kWwmVSz63RaZk3z2Udlft6e19kip/fR02cfLbL6olg+2lm9O6R3i8WFAv68zlbzYtrcbYu2zMcXxflHBsiykpeo/XlVL9IlwQOgYvlFvlx/lBYz7y9CA42OHrfZpMzTq2LWzj/7aHdn53cneHlZrrLZrFhefPbRnoXf1tmyWWV1vgQR2pr+P+u+/3Cn97o2nR99QX2n6PzxXfqL/qkNFDPo82rZbjfFD/JHD0BK0O9iSR1Xq4+OXpZ51uSESzF9m1bLtJ3nPFVpdZ4Wy1+0Lurr9Lpap1fZsk3bKl3lNQY4fjyhLvD/zEz98fOz13e/+939nZ1X42+/+eL3+O7rs5948/Kz5692dp/+wu++/r1+n5Onn7346OhVPq3qWT5Ln2fLWTq5Tl8QPR/fzW4N7d4wtNfTbLmkP86Ws/zd14H90MJ+EsH0SVW9TX9h+pKY8+sBPYsA/X3yrCagZ8umTX/864E9jYA9XbY0c09JTCzM+S3gvv59dvct3DcfHR2XpYB8Wk0bwD2ezeq8ad4L6PHrDtCmIRBV/UFAn594fPX8oyPG8qRa1+37T/yJR8ynXVCE5HpBwvk+s3Oyu2cBPusCPMnrtjgvpjQ37wUznPEQ5tec7lcvfeH8hd99ePzk1WffevWyy1AvSSk3701Xgu5QfnkL6BCw7UC8bjOI5343PxFQxkLGLx6xbwP29e/z8oSY9WVd0NxnaZuTgM4ML2yd13l+p0eJH7+oPiItegJt+tlH1SpfvqxW69XWx69/n/u7Tz++Q0bni2y5zsryOiVVnhZtvmigVqWXk6xuezDnbbt6dPfug/3xwXhv/9549969YZTv77whU0v2Km9J79eLSfv718XFnCzL63l1FetmXhszMc/R8tEu2cZpVVb1o0mZTd/CTlpSsf19Sb/nZK6mZNrpg6H+8jb9ySK/InN1l7ulX1LvVUbAnwcd59XV1fhJXV0t23w6H0+rxd2X6wnR8+538wng5fXd1+vVqqrbZ8c/gf5/j2fHJy92P/vul69OTl+/OX2Vvvjy1Ztvn756kb46/fzs9ZtXv0/65bP06enp09e/8PXLN6dffNbI+7/nxO/mIzOK35+GvXxrPYYJ0eCirtbL2bZQ5cen/CiN6nz20dG3T5+/vPv6q5cvqee7z16d/sRXpy/ePP990uPXv9fp05T+ev3m7MsXr+2Qp8RCeXzoi2JaV0113vLQiXqz6qq5W+R3Z/l5ti7bcdasDMXTz1KDrfVl8JnzZs5Of/9Pf//LnU/FoZlA5urPPtqh5mb6i+Vq3apzNi9ms3z5kXo433397TcvvhD/xvxOrsMaXzHnPSfN9mZeNGlDbEz+HJyFvEm/MCMgm0ajXBKep+9WRKu8Tu+P76ek9y/qnDRVzU5EBMJ3ZdTpw4N0j0T5dFa0BbkmnRcf3zVkvAuHif2eu+w2ycj6n96FbwhHEc7r/wM/XEBXwwoAAA==" />
        <Entry handle="18" bytes="H4sIAAAAAAAEAO29B2AcSZYlJi9tynt/SvVK1+B0oQiAYBMk2JBAEOzBiM3mkuwdaUcjKasqgcplVmVdZhZAzO2dvPfee++999577733ujudTif33/8/XGZkAWz2zkrayZ4hgKrIHz9+fB8/Ih7/rk+/PHnz+7w8Tb/95ovn6cuvnjw/O0k/2r579+z0zbO7d5++eSrf7I137t49ffHRUfIYfx89/vbp8VP6483Zm+enR/s7++mLqk2fVevl7PFd+TB5fJcbPX7y5dPfB+/tHnlt6K/k8cujN/M8rfNftM6bNp+lX716nt49zy6LabUc0z/pVdakS3rpHC+l1TJt50WTNnl9mdfjx3dfopNJNbs+enx33i7Ko+T/ATup3KvRAAAA" />
        <Entry handle="17" bytes="H4sIAAAAAAAEAO29B2AcSZYlJi9tynt/SvVK1+B0oQiAYBMk2JBAEOzBiM3mkuwdaUcjKasqgcplVmVdZhZAzO2dvPfee++999577733ujudTif33/8/XGZkAWz2zkrayZ4hgKrIHz9+fB8/Ih7P20WZvluUy+ZR9dlH63r5qJnO80XWbC+KaV011Xm7Pa0Wj6rz82Ka64+PfuNEXrm6xStXVT2zLzTt7i1eaRZZ3bbZRWPe++yjeduuHt29e3V1Nb66N67qi7tvXt19dXqyjQHs73x09Bsnv3HyeJ5nM/rt8SJvsxSvbOe/aF1cfnZSLdt82W6/uV7l6VT++OyjNn/X3sX7h+l0ntVN3n62brazZloUH1koy2yRf/ayri7OZvbN79KQxk+r6XpBf4UtP8+XeZ21Ve26+cIMMcV76e5uB/iXdXFRLG/zTlks36Z1Xn72rCjz7edF06bzOj//7KMXX745Ozk9/v3P6fPmLv4t6csx0Y7fa4u2zI8Aapo3bV6nL6q6naev8gtqVV+n1Xn6NM9nTfr4rjSld6pHrzELb7ILJhowbVbZNF/XxXvOoIzyo5Oivf7o7s8K6FVJbwvs33V7+3vFeXrR5umiqdKH3z96TFSgb1Lq1kwZTecqr9sib/AFvjlet/OqPjqeLYolaILZeHzXfq6t3uQL6qrNj4h+i6xEA/uRNnmeNe0QMO87bf0qvyyaoloe7eF7+5fprmqz8k2xyI/uc1f2T/3+pM6p59nR3s7uzvbO7vbu3pvde4/u7T7a2fkpvGC+91B7nV1ueMG10FdeZhdEo118J7/q52DKhsDgC/ndoERylE2Jxegt+dr7xLSpFqtseX30Op/WJATCf+08T+mLRbW8yrOynfOr2tDgXywNMvKrRbLOLupsNbeY2r97WH23aOevwWvU9t7DED/vO33vJ+lTzMfu7vj+pzuforn5CAx1d4CjHt8Fyz3+Xb+XL2fF+fe3t482seUVU9DTJik++6mqWhw9IWl9VrSP7+rf+t3rVV6SKrh43YLxTso8W6JJ+LG2/bzOFiQwnabBp9ryJ7OymNHfxxdZsSQ+EBm8azslvjg7/72/eH62vETLo/OsbHLut/uNvnF2sazq/IviXT5T/eveiXynbx2XV9l183peXb2EVM+rcpbXb0hTu5eHmyiMJ3V11eT18/wyL4+sKj2jfupl3p6+W5XUeb0PWEFTntTefLzvdD7PMJ7X7TXpYtKr58+r6dt8xrT+7CMexEep1+akWkPj797/9CODgA9hIwK/K/VOfVeTn86nLb08LbOmKWaffTQt6cejewf7B7sHOw+2T453Trf3957ubT95du/h9pN7946f7d67f3Ky//SjlNoXeVWtiyPiaIaEPhv0Tr+Qxf59H33rF0/yeXZZVPWjdV1u/bi0v5P+EiBnWvoIegCAK6F291spDwgUIbXYkhA16bfu0jer8RdNJRp1lJaF/9esuHR//sbJj/1iGu82A95eZTXR6NFHHx3S58TLZEIf7RRL99f2pGpbMhvjnZ2d3VXLX9Dbq4yNLXX/6KqYVVfbVb2aZ/zeOXHidlP8IH+0uzfekVf4s/NsUZTXjz6C8m3SF/lV+qpaZMuPDMxzwoVU5/bmxkSslRmDothWq23Sdo+ydVt5mJNDMG/taFxzGVHsjTI/D174OR3l70m95ympd/S/iyFzdwfj+8WSXJlxME2P+O90d7zH33p/mH7h1OW10uDR2PvmvKra+DerjNTxdlOtyeN5tAOkwEo+SsDxkfkADYRrPW4OZXx35/s+V2/g5zablLlj2zf4M+RdeC1EOnyRSiNL5FZakFaaZMuZzNNO58tpVUa+VNBVQ3rx0XXehJ+H4sIUms3IWDAzgeb3x/urNrW/uWZ1Zggc8Jf9+IPkbOe9ODBbNsV2mS0v1pi8H9/Z37GjN8wZ/3ZSzHovbtJddzWQoF8n1ew6xaufnb7Y/up1ym989jFN8nYBg0ImjznvY2lObCZa+DPDW/L5Sj+1bJGSqbxYfjbNAcRCJSO2zV88ki8+Pnq8PnpM3vESmpjb2PF4ZNxnMhJfkIKu89nHR9/67mn64svvpt8+/snT9Ltnz87SL1+8Pntz+i3yalbQ8/wv4NIP6uHu6kPRvB2OHx+9IUePpGj3EeKB9Ioiws8+qpYfHfFn7Mh7H9qIBTOlXx/J73idcB6IZGLD/KEN8btFWaYTCjTLqsln6Xey5Rpe7u7BKIXnnZKM/Zzi9+WkAd8uidREry8onCKMnlNgQuB/L9IJ6dPs+ucUQe78Fy4nzerwm0bha0lT/xWOV+v1Eor2Y4uqILlZwu6ShtDfoFr0V2Qhjn7j5P8BHRgZjY8RAAA=" />
        <Entry handle="16" bytes="H4sIAAAAAAAEAO29B2AcSZYlJi9tynt/SvVK1+B0oQiAYBMk2JBAEOzBiM3mkuwdaUcjKasqgcplVmVdZhZAzO2dvPfee++999577733ujudTif33/8/XGZkAWz2zkrayZ4hgKrIHz9+fB8/Ih7P20V59HieZ7Ojx820LlZtWmbLi3V2kX/20U9nl5l8+FHa1NPPPrqL5ncvs7KYZW0+/unmo6PHd6XF0ePnZy9+r3Re5+em3bOzNyfffvLq87uv2+syb8bTpvkoba9XBLnN37V3+e86Lz/7qOEG8zxvAVCwmVSza/q3Pno8zZdtTj/vTo4et9mkzOkH/dnOj76bl9NqkadtlbbzHI2/++Wrk9PXb05fpS++fPXm26evXqSvTj8/e/3m1e+TfvksfXp6+vQ12r3Kp1U9a9Lj6TRvmvR10eaP7xJE+qdW8DPXc7G4SOd5cTFvP/to7/4OUyPtDfPL8/NiWmTly2I6/unVBYZiUQc0Bn1XR4CB8a/pNC/LVTabFcuL9LP0o32CDnJ89tEkm769qKv1crY9rcqqfvTjU34O5a9JSd9/1Ed2cmsiPC6Ofq/jN99+fnqKBr/Piy+fP32dPj0++/zF6fFXz9+M9K3TV0x6eeHx3WLjuIrlat3qLM+L2SxffpQuswX99d3X337z4ouP0mLmfidWWuOr7+7v7Lx69eyjCE0++/oUyZQd5227enT37tXV1bjJp+OmBfMusvG6uVtXM/x/eXV3eVXM3o1pRj9qs/oip5k+rxeT9vevMe0fHf1k0RQtuCz9blUTz9Dw0xdV3c7T7+YT5Z9MiBSf7LNnr46/OMXoXzyriSDHZlDCWI/2dnZW7w4JiXb+6FP8/lF6jnYT4tO8/mzXl0DLci+qtpjmx4w2dSd9SH9RBvv6xAxF7Rf++O6nO4e34bP0DJyyzFsjakTGfCzvy7/Pqjol0Ksyb/M0W87SbDpd1zRFaVu0hH6TZ/V0njej9CondUFNFzm1Iiyu00mezqplnhbL7Xm1buh9maNX+UXRtPV10BHNVDrPLvN0kc2o5WVWlEwfGtJ1teb3zquyrK6IUI86NDQ048l4tHP4fsQTbZPP0ucYX7Gc5e/yJs1qH4vzuloInrsP73+qdE5Xdd6QrKVbhkJ3xunLMs9oqDT2bHZZNDloQePOytKCXtUFUZVg7D482JNBL6uWXsmX6WVeF+dFPhs7PWgwez3Nlkv64wxg0sk1Sy5jlu4efHqwvfvw0/u2fwKYS8/tvGhS+l+WXlX1W0KC+q8uCPOG+0g7w1+QcYmNnvvoDHycbvW6K86JTQQMzT6BwtCYOderUUrjpgaYUBJiQskQriRuwaykZK+IDKN0ZeEW59fpugHvnBftdD6u84vfs6Mo7owDyxCO6GUJfMysuiF6kxa8zS+dVOu6FQLzq4YEDx+OI+1m1XS9ACMoaK/xAORpXtPAiikNwWsO8hrS9nRUfGIhsJhd4vUckrokwVpP26Ja8lgXVW1kNK1W+LhJrwriReZP0Ij4ATO6pDbp+bpd1/nYSNe30jf0jYd1sTyv6kXG0ImJLgsAqADAYLLIrnnCSbOX+VTEPZu266xMMV80jxXxhw+T4KyIGNeiT8Yp8eN5XufLKeFNWqOcAVXWCYb35tcNEa70abjV3KEuoVXoVR4Twaau6Ft+j6XqmoWQsCkuC+qPhkKYrDICMl2XNHqDAA26CYZdElzSOiIVws6X3A/J4BefP0+nY5q9+2kzTvc/HQ8YmG9Q2b95Lw2v/NQw7fwJNPN2RRaS5y6Djmjy+lKJxsReT0pymFKrndu6gEqr0nzZEK8YTgxBExu2WbE03EWd5OCGuloWU8ONzTVN1oIVk1oUIf17DG2RvWX9kl5ldZ0taU5pSsk7xu95DiyIRZbw3IQN0c2UG5FfW2STogQfEEPia+AMEeY/DTuDRegj+r7mDxqM/GpeEP5k7spi+ZaQPm4aUqa9bsA/kX58OhUyKzRDKxLMImxIBrMeswTiNyaUMSiVFekl8/Sqov7BX5dZXWQi5QRFRIu1GNlnCAXsI15fZO+KRfEDqxoIg3XZNjLP0g0DRs885jq/LPIrlqqLNYl9k1r/reP0kHV69zk1Ea8n/XZ1lb4AAiw8bLqc0jkhDbwmkYVzBnoNwSQgb6qvmtyD+bRKz9In5Oml9HkALH3NnDW2Hh+M3PsxVjPH4MUmp5hB2EDihbyuK6KHY2/ii5zpKtpkeZ3OMjEBBUvBMhdVfFWQK6qTGmOELkSrgtMzsZbTeVWJ8sdsEI/lKxE7enNWyIyzQSQHbULaydjP/B37xeBnmelstSqhMumNH4KqonDnjRUmGnuTvqxW6xUY7YS0Nw2ZbM6SaUQc2qyBoMjEy7ogYTwh7TwSg4WhiwMjFGFtJNDSWdEA55n1fjx25WmPBRtP6uqKRJ48CnIE7r5kRXeXwoWfpDfz+u7r9WpFEcSz458A1/0ez45PXux+dhvu+YWvX745/eKzRt7/PSd+NzZ6+f2JUMu3t6Uq2ZqPjr59+vzl3ddfvXxJPd999ur0J746ffHm+e+THr/+vU6fpvTX6zdnX754DbbnMTuvBLzJjoDHcj+cyf99aKKWOTFls8oRfKtfOCdZL6Ewm+q8vYJigI3mGavhHS+dS9UE/sXYxrr0fxUNvF6vl6znv0vOWnXVpA8PAGlOoVsOsZy5OOf03YpQpU/JgjcQvfvj+67tSISNHEYIal6w4qd/YvwTTGyff16W6wsSZD9k1Uk/SokylvvSMyaJNOfhQRkSRmBeavgdcsPT4xU8VXw7UvNT579oXdTs0ZJjvd1W20j6xPBEnohRzJd3iTjLsspmdwvyE0nHkcj8dLPqI/h6vUy/KKZ1JVa6SRmLn/wCuI2NTjLe0LrxSU+YvxexF+sGIESH98c7Tk+Irm/BBTodsLo8pxIOqi61bm8jmlramvECQQnueNjGVl/yVBn1vW7J/v7AfOfh4bTxj9TLrdVLPNdyVxKHbN+P/h+hCL1h4BQAAA==" />
        <Entry handle="15" bytes="H4sIAAAAAAAEAO29B2AcSZYlJi9tynt/SvVK1+B0oQiAYBMk2JBAEOzBiM3mkuwdaUcjKasqgcplVmVdZhZAzO2dvPfee++999577733ujudTif33/8/XGZkAWz2zkrayZ4hgKrIHz9+fB8/Ih7P20V59HieZ7Ojx23RlvnRk1dffvdFm0/n6dNqul7kyzb9IltmFzn/+vq6afNF8/iuNH78/OzF75XO6/z8s4/uAtbdZ2dvTr795NXnd1+312XejKdN81HaXq/yzz5q83ftXf67zsvPPmq4wTzP24+OHt8VFCbV7DqdllnTfPZRmZ+353W2yD9Kq+XzKpt99tFVsZxVV+NzQqzZukOvFcvVulXw82I2y5cfpUt65bOPvvv6229efPFRWszc75dZucZX393Z2Xm1c4/eb7NJmZsO2zpbNquspnF+lE7zslxls1mxvPjsoz00ren/hOKUvs5r+6prln6WfrQvo/rso0k2fXtRV+vlbHtalVX96Men/BzKX5OSvv8ovSpm7fyzj3Yf7ngdTI6evTo9TV9+9eT52Ul6fHJy+vr147sT+qI+ejPP0+9W9TSnWajTF1XdztNX+UXRtPV1Wp2nT/N81tAn06qmn8dTatikr4s2T4smPa/zPG2r9LLIr1KiZP4ub9JsOUtnOtHNOE3Rwzm1O6/qdFqtCmpCr15lxWU+S9fLtijT8zV1S90vq7aY5mPgxf/PDCMcPz97ffe7390nKo+//eaL3+O7r89+4s3Lz17/Pvs7z4kZsvoibz/76LxeTNrfH7P80dFJWUzfpgSUEcwE76wsHWqP72ZHtqfJ0bdPn7989tXz9NtnL95Y6uyO09MlT8vLapV+tWqIcdIzTNcyb9PTdysiPeGNIU/nOXWIHq6rdU2dVuUkq4kAZ226yK4JlXIFVC4q/GthfLlqi2rZjLiD9SqdlNX0rYJkvkgB7SqfNKA58UWNgRCESY7Oqqt8xvTaG6e/T7WWnrJL+i49L+r8CvgUy6aln0Ttdp616TRbpqs6v4TwEao0idWCZxAcVyxILhuGeG+cHn/5fJS+yNtmmq3y9BemXxTTumqqc0J73ZZV9TZdrJs2XTdEZJplO6jcEMaRHqPAEBj0/jg9YXLhrV/447uf7tipnrft6tHdu1dXV+MndXW1hN4YT6vF3ZfrCU3p3e/mk58kXPP67uv1akXs+uz4J8akJ36PZ8cnL3Y/++6Xr4i735y+Sl98+erNt09fvUhfnX5+9vrNq98n/fJZ+vT09OnrX/j65ZvTLz5r5P3fc+J385Hhpd+fBGpJAnU76avz2UfMQXdff/XyJfV8lyTuJ746ffHm+e+THr/+vU6fpvTX6zdnX754Db7jMaepZUYWjgWRjCaLfl1kYArmAbCNE4jJ0dkXx5+fvk63jCpt7hhePeOp4+kl3sCE0owDxKouaHyz8ZP8HD1MIRmYa+oB9NcJKovl21G6KvOMZpMEMRduMdJNgO4SjgzLyRAz0FVBTLYkPZHmBYsx/RObz4DQ/fl8Wa4viiXmsjsJR6llhZRHmUpbUDIlmlQ1aMAsRn99J7vM0uMVjaTFx6P0al7Qi3X+i9YkEdBPJGfbbbU9y9oonj9NABjFfHmXjMOyJEtx1wrR+KebVR/B1+ulSoeYs5Sx+MkvgCIxOysjorcSCLTmqTmvIMI8DeigXk9ZGzA7aFuDAWYMrygi+BOv8TyTkqj5nTVp0+IH5juPEj4LPf3y5KsviDXvnpy+enP27IyY8+TLl2enVuudncu8VutyRri+hTYhzc32IFteO/sgZoFwyEjxFOWIXwMDNjlhmjHNybCAiYDPs6Kdzifr+qJvYUbp7qefpk/QI43maT0iikLh7e3sjdx7o/SL43Rnd39vh+zK2XJarmeieSbQRczr4I4KVFPBWq4XE4JIc0ymYDnN0SPeqAV1IEz22WBKlBsRtjS3IP0VzQCNosnL823VvPlsRCohW6zA7cvLvKxIMWY8WDEAq+ya7YUO+aRaLKrlVZ6VBIq6/oL8gmw6J43ZwjhGbCNhRZjO0sk10xS2cne8s5OuCCGM7odpHe/Ce7gLN+IuOyeuzx+/qOBEMRw4Sk1b1dfji2pre/fOIdyoxUXa1FNC7vM6W5EANneJL8i3GV8U5x/RfGGU8G/gp0hX0sFd4w31+74LXw6OHTzM/wdXE3DiaAoAAA==" />
        <Entry handle="14" bytes="H4sIAAAAAAAEAO29B2AcSZYlJi9tynt/SvVK1+B0oQiAYBMk2JBAEOzBiM3mkuwdaUcjKasqgcplVmVdZhZAzO2dvPfee++999577733ujudTif33/8/XGZkAWz2zkrayZ4hgKrIHz9+fB8/Ih7P20V59HieZ7Ojx23RlvnRk1dffvdFm0/n6dNqul7kyzb9IltmFzn/+vq6afNF8/iuNH58V1599ur4i9PXp2/Sky+fv/7so73de6NvfZSe19kin1T1LK8/+2jno9T7lb9qVtm0WF7gg6PH/Em6pH8+++i8Xkza37/Mz9uP0mIW/t3U088+unv8/Oz13e9+d39n59X422+++D2++/rsJ968/Oz177O/8ywKrC4u5gE0/eBGcK8I3F0zPgwYFPt/AHZ4cQE4AQAA" />
        <Entry handle="13" bytes="H4sIAAAAAAAEAO29B2AcSZYlJi9tynt/SvVK1+B0oQiAYBMk2JBAEOzBiM3mkuwdaUcjKasqgcplVmVdZhZAzO2dvPfee++999577733ujudTif33/8/XGZkAWz2zkrayZ4hgKrIHz9+fB8/Ih7/rk+/PHnz+7w8TeftokxffvXk+dlJ+tH23bvfvXdy9+7TN0/T3/vbb754nu6Od9I3dbZsiraolll59+7pi4/Sj+Ztu3p09+7V1dX46t64qi/uvnl19x1g7eJl/XW79d4cz9rZR0e/cfKYe3y3KJfNZxE4uw8fPpTXP0q5dZ7N6GdKz+O2aMv86PX1cvr4rvxODe5qi8eTanbNLR83q2zJzdKz5bRcz/Lm8V3+TL6d1sWqTdvrVf7ZR23+rr3709llJp9+lDb19LOP7t7NCOPrtpg246ydLdrxtFrcfc1NmrtX5bfzcpXX459ufo/isy++Onv60RF1wN9+rS7K4jLf0MPxi04Pj+/qWGnwRKij3zj5fwCnYnsY0AEAAA==" />
        <Entry handle="12" bytes="H4sIAAAAAAAEAO29B2AcSZYlJi9tynt/SvVK1+B0oQiAYBMk2JBAEOzBiM3mkuwdaUcjKasqgcplVmVdZhZAzO2dvPfee++999577733ujudTif33/8/XGZkAWz2zkrayZ4hgKrIHz9+fB8/Ih7/rk+/PHnz+7w8TeftokxffvXk+dlJ+tH23bvfvXdy9+7TN0/T3/vbb754nu6Od9I3dbZsiraolll59+7pi4/Sj+Ztu3p09+7V1dX46t64qi/uvnl19x1g7eJl/XW79d4cz9rZR0e/cfKYe3y3KJfNZxE4uw8fPpTXP0q5dZ7N6GdKz+O2aMv86PX1cvr4rvxODe5qi8eTanbNLR83q2zJzdKXWZ0v28d3+RP5bloXqzZtr1f5Zx+1+bv27k9nl5l8+lHa1NPPPrp7NyN8r9ti2oyzdrZox9Nqcfc1N2nuXpXfzstVXo9/uvk9is+++Ors6UdH1AF/+7W6KIvLfEMPxy/6PRTndbbI02L22Ue//6JZPsNfEcj0FQM+W07L9SwfC1Wb9rokxH6wXSxn+btH27uH87y4mLePdlfvDq+KWTvn32ZFsyqz60fLapkfXhZNMSnKor1+NC9ms3x5CJQEDZ4EJT7NBvVx9P8AZyG/yF8CAAA=" />
        <Entry handle="11" bytes="H4sIAAAAAAAEAO29B2AcSZYlJi9tynt/SvVK1+B0oQiAYBMk2JBAEOzBiM3mkuwdaUcjKasqgcplVmVdZhZAzO2dvPfee++999577733ujudTif33/8/XGZkAWz2zkrayZ4hgKrIHz9+fB8/In7j5O7dx7/r906eHr85/t5vnBTnW+31Kq/Ot4rl02x19uxO+rt+ln60Xs7y82KZzz6684tXWZ0v2/EsW/3+r/Km+EG+Naum6wU+m1Sz63ExG6W79L87h7/kN07sV1d10eZbHz/O0nmdn3/20bxtV4/u3r0YL5rleFot7u4cP92hZ//u/b3dvU/vjXd/j9/j5dnTz+49ONh7uL//C7PF6vCrszeffcG/vcnqi7ylrw/u3Tv4dH+PPzx+8dnewYP9+w/3P/2UP3j5+WdfvH7x+qtXH6VHj4vFRdrUU9vzZJzNml3qnn6Ml3l7l37e3b27Y57d39/+aj55sLf/6fiiOP8ovSpm7fyzj3Y/Sud5cTFv+despJ8nZTF9+wt//N7e4bfzOqdf7h1+lE6qepbXn32081F69+jx3ezo4zuHHm2mZdXkW/jo7t3vf//o/wEGJoxukwEAAA==" />
        <Entry handle="10" bytes="H4sIAAAAAAAEAO29B2AcSZYlJi9tynt/SvVK1+B0oQiAYBMk2JBAEOzBiM3mkuwdaUcjKasqgcplVmVdZhZAzO2dvPfee++999577733ujudTif33/8/XGZkAWz2zkrayZ4hgKrIHz9+fB8/In7j5O7dx7/r906eHr85/t5vnFxmdTqtlm2+bJvff/fefvpZ+vHjZpUtjx5naZvVF3n72Ue//6TMlm8/Sud1fv7ZR/O2XT26e/divGiW42m1uLtz/HSHnv27u5/ee3iwtzPe/T1+11+YLVaH/M/Ls6effXpwcLC785D//urszWdf8G9vGDx9vbez++Dg4N4uf3r8gv7+9P7uwcP7OzsC4fPPvnj94vW39z86OqmWF3XWrsusLapl87ume/d30mevTk/TJ+umWOZNk55k9ax5fPf46PFdHsfHhzLK87mOb7kuS/qsOE+3ZtV0vaChjyfV7Dr9hb8wDT4YF7PYZ+MyX1608/Qo3bnzGye/+DdOfkxAf7bKajSz7Wlwp2WOX59cn83CzgjOHULil/zGiWCyzC6Li6yt6nG2Wv1kXjc0vHGxnOXvvjzf+ui7xfKjO0ef7QAd6qXJn5VV1sZfataTpq1vAPjF67PT9KM7n9y/Q2D3dRhtfU3/4rcfK863flcl2M/8TNper/LqfKtYPs1WZ8/upJ99ln60JlDnRPHZR3fwAr/1Y7Pyu3XR5lsY2o/92C/BP3nZ5K6BwBwLpV5Us5xQavK6PZ79dDalj7795ovnWx9n521eP8kviuXHo4A7Ba6B0rTXZT6eFc2qzK4/+3hZLfOPpYEl9bSsGh8d/H+atdP5Vg60GakAaWrwS4DyL3af0kfn6+UUDJfaT/HmMJG+uKjPzmN0+sU/xj0a9K4YWG+EwFLpxhiCfXPipNfEz8TAbnR1nrW58tjWR2D3j2SspjWRd5nXoCq95/fDrfqzQbySL2cn86KcbRkYd/y2UZr/mOIcIfsvgb75/veP/h+WQNDHdwQAAA==" />
        <Entry handle="9" bytes="H4sIAAAAAAAEAO29B2AcSZYlJi9tynt/SvVK1+B0oQiAYBMk2JBAEOzBiM3mkuwdaUcjKasqgcplVmVdZhZAzO2dvPfee++999577733ujudTif33/8/XGZkAWz2zkrayZ4hgKrIHz9+fB8/In7j5O7dx7/r906eHr85/t5vnFxmdTqtlm2+bJvf/97+vfSz9OPHzSpbHj3O0jarL/L2s49+/0mZLd9+lM7r/Pyzj+Ztu3p09+7FeNEsx9NqcXfn+OkOPXt3d+8/vL//cHe8+3v8rr8wW6wO+Z+XZ08/+3Rnd/fe/QP++6uzN599wb+9YfD09d7O7oODg3s7/Onxi88O7h88vLe38+CeAPj8sy9ev3j97XsfHb2eV6u0aas6b9Krop2n06yZT7Lp28d3j48e32W8Pz6UUZ3PdTzLdVnSZ8V5ujWrpusFDXU8qWbX6S/8hWnwwbiYxT4bl/nygvo6Snfu/MbJL/6Nkx8T0J+tshrNbHsazGmZ49cn12ezsDOCc4eQ+CW/cSKYLLPL4iKjkYyz1eon87opquW4WM7yd1+eb3303WL50Z2jz3aADvXS5M/KKmvjLzXrSdPWNwD84vXZafrRnU/u3yGw+zqMtr6mf/HbjxXnW7+rEuxnfiZtr1d5db5VLJ9mq7Nnd9LPPks/WhOo82KZzz66gxf4rR+bld+tizbfwtB+7Md+Cf7JyyZ3DQTmWCj1oprlhFKT1+3x7KezKX307TdfPN/6ODtv8/pJflEsPx4F3ChwDZSmvS7z8axoVmV2/dnHy2qZfywNLKmnZdX46OD/06ydzrdyoM1IBUhTg18ClH+x+5Q+Ol8vpy0RMLWf4s1hIn1xUZ+dx+j0i3+MezToXTGw3giBpdKNMQT75sRJr4mfiYHd6Oo8a3Plsa2PwO4fyVhNayLvMq9BVXrP74db9WeDeCVfzk7mRTnbMjDu+G2jNP8xxTlC9l8C/fL97x/9P8q7rSVnBAAA" />
        <Entry handle="8" bytes="H4sIAAAAAAAEAO29B2AcSZYlJi9tynt/SvVK1+B0oQiAYBMk2JBAEOzBiM3mkuwdaUcjKasqgcplVmVdZhZAzO2dvPfee++999577733ujudTif33/8/XGZkAWz2zkrayZ4hgKrIHz9+fB8/In7j5O7dx7/r906eHr85/t5vnFxmdTqtlm2+bJvffz/9LP34cbPKlkePs7TN6ou8/eyj339SZsu3H6XzOj//7KN5264e3b17MV40y/G0WtzdOX66Q8/u3d1P7z28//DT8e7v8bv+wmyxOuR/Xp49/ezTg3uf7uw+5L+/Onvz2Rf82xsGT1/v7ew+ODjYk++PX3y2e+9gd+fe/XvywcvPP/vi9YvX39776OhkXkyr3/fj5lG6zK/SJivztGmvy7xJf7fd/fHDhym/kK5Xj+8eHz2+y+P4+FDGeD7n0S3XZUmfFOfp1qyarhc07PGkml2nv/AXpsEH42IW+2xc5suLdp4epTt3fuPkF//GyY8B8GerrEYj25oGdlrm+PXJ9dks7Iqg3CEUfslvnAgey+yyuMjaqh5nq9VP5nVTVMtxsZzl77483/rou8XyoztHn+0AGeqlyZ+VVdbGX2rWk6atbwD4xeuz0/SjO5/cv0Ng93UQbX1N/+K3HyvOt35XJtbP/EzaXq/y6nyrWD7NVmfP7qSffZZ+tCZA58Uyn310B835nR+bld+tizbfwsB+7Md+Cf7JyyZ3DQBxLFR6Uc1yQqfJ6/Z49tPZlD769psvnm99nJ23ef0kvyiWH488nhSYAoGnezwrmlWZXX/28bJa5h/L15bE07JqfETw/2nWTudbORBmdAJ0qcEvAbK/2H1KH52vl9OWCJfaT/HmEHG+uKjPzmP0+cU/xv0Z5K4YVGdswFCpxdiBXXPintfEv8SybmR1nrW58tXWR2Dvj2ScpjWRdZnXoCa953rhNt0ZIN7IlzMSqXK2Zd6/41pGKf1jim2E2L8EeuX73z/6fwCcg4u/XwQAAA==" />
        <Entry handle="7" bytes="H4sIAAAAAAAEAO29B2AcSZYlJi9tynt/SvVK1+B0oQiAYBMk2JBAEOzBiM3mkuwdaUcjKasqgcplVmVdZhZAzO2dvPfee++999577733ujudTif33/8/XGZkAWz2zkrayZ4hgKrIHz9+fB8/In7j5O7dx7/r906eHr85/t5vnFxmdTqtlm2+bJvf/176Wfrx42aVLY8eZ2mb1Rd5+9lHv/+kzJZvP0rndX7+2Ufztl09unv3YrxoluNptbi7c/x0h57du7uf3nt4/+DBePf3+F1/YbZYHfI/L8+efvbpg4cP7h3c57+/Onvz2Rf82xsGT1/v7ew+ODjYO+BPj1989vDB/t6D/U/1g5eff/bF6xevv7370dGbos5naXWePsmL5UXKf/4e6Zv6On326nX6pppl17/r47vHR4+fvDp6fJeH8fGhDPF8zoNbrsuSPinO061ZNV0vaNTjSTW7Tn/hL0yDD8bFLPbZuMyXF+08PUp37vzGyS/+jZMfA+DPVlmNRrY1jeu0zPHrk+uzWdgVQblDKPyS3zgRPJbZZXGRtVU9zlarn8zrpqiW42I5y999eb710XeL5Ud3jj7bATLUS5M/K6usjb/UrCdNW98A8IvXZ6fpR3c+uX+HwO7rINr6mv7Fbz9WnG/9rkysn/mZtL1e5dX5VrF8mq3Ont1JP/ss/WhNgM6LZT776A6a8zs/Niu/WxdtvoWB/diP/RL8k5dN7hoA4lio9KKa5YROk9ft8eynsyl99O03Xzzf+jg7b/P6SX5RLD8eeSwpMAVC016X+XhWNKsyu/7s42W1zD+Wry2Jp2XV+Ijg/9Osnc63ciDM6AToUoNfAmR/sfuUPjpfL6ctES61n+LNIeJ8cVGfncfo84t/jPszyF0xqM7YgKFSi7EDu+bEPa+Jf4ll3cjqPGtz5autj8DeH8k4TWsi6zKvQU16z/XCbbozQLyRL2cn86KcbZn377iWUUr/mGIbIfYvgVr5/veP/h/i4xoVXgQAAA==" />
        <Entry handle="6" bytes="H4sIAAAAAAAEAO29B2AcSZYlJi9tynt/SvVK1+B0oQiAYBMk2JBAEOzBiM3mkuwdaUcjKasqgcplVmVdZhZAzO2dvPfee++999577733ujudTif33/8/XGZkAWz2zkrayZ4hgKrIHz9+fB8/ItI0uXv38e/6vZOnx2+Ov5ecr5fTtqiW6UXevjp+ejZrtu6kvzit83ZdL3/xR9msmH306KPd3R3vebi3e/DR6KMVf/Xpg4cP7h3s099tVhMQ/nBvd3d/f/fB/ke/5PCXUIfF+VZ7vcqr861i+TRbnT27k/6un6UfrZez/LxY5rOP7vziVVbny3Y8y1a//6u8KX6Qb82q6XqBzybV7HpczEbpgx38/w6DbOtr+vcXp/QkP3YzfGnHzfHLj2l3r+fV1fF0EumrP+JRqgiM0o8uxotmOZ5Wi4/oj73jp9Rk9wWRwBIjXa7L8s6h9AZ88f9p1k7nW/mdX4w/bJdXddHmWx8/ztJ5nZ9/9tG8bVeP7t61Xdw18O/2cRrv/h6/x8uzp59pv78wW6wOvzp789kX/NsbnhD62kwHf3r84rPd3b0H93Z2H+ze509efv7ZF69fvH62K9+/pjdmew/3Pz24t/fpQba7n987yO6dZ/n+3u6n+/l0Mt0/+CiV2f7so99/UmbLtx8dPS4WF2lTT+0AslmzR2OgH+Nl3t49OXt99/7eXULc+z/9vbc7/unVxUfpVTFr55999GDno3SeFxfzVn7PSvrlpCymb9Nv53X+u36UTqp6lteffURf3j16fDc7+hh0dvScllWTb/Fnd+9+//tH6f8DYjIq+vICAAA=" />
        <Entry handle="5" bytes="H4sIAAAAAAAEAO29B2AcSZYlJi9tynt/SvVK1+B0oQiAYBMk2JBAEOzBiM3mkuwdaUcjKasqgcplVmVdZhZAzO2dvPfee++999577733ujudTif33/8/XGZkAWz2zkrayZ4hgKrIHz9+fB8/In7j5O7dx7/r906eHr85/t5vnFxmdTqtlm2+bJvff+/hbvpZ+vHjZpUtjx5naZvVF3n72Ue//6TMlm8/Sud1fv7ZR/O2XT26e/divGiW42m1uLtz/HSHnvt3dz+99/DTnXvj3d/jd/2F2WJ1yP+8PHv62acHD+k54L+/Onvz2Rf82xsGT18f3NvZ+fTTXf7w+MVnD+8/2D/YfXD/nrz/+WdfvH7xxRdvPjr68vw8rx+lj58cfVHV7UV2kT++++QorbM2b9Lt9LhJy+oqzRq0uDe+/+nvnh6/fIUmY3zy6vTky1dPU/z9/Mvvvh6nvxt1OyLE0/OqTqtleZ3+brujewcP7y6qx3ePjx7fZTp8fPgbJ8V5urXMLouLrK3qcbZa/WReN0W1HBfLWf7uy/Otj75bLD+6c/TZTvoLf2G6yuomf1ZWWZv+xkn8vWY9adr6BphfvD47TT+688n9O3cI0NFn+3d+4+QX/8ZJ2nna+rr/YaRd9zmfY8I/I2xp8sezarpe4JesLL9n/5hUs+txMfv+4c3givOt31VApj/zM2kXgh3Vx7NsdXb+8Z30s8/S7d07N8O9xUi6z6z8bl20+dadW6D9S25ukpdNfnOrr4GnkGssM/CimuVEpSav2+PZT2dT+ujbb754Dhb6ODtv8/pJflEsPx4F4nqbEXYf7bVpr8t8PCuaVZldf/bxslrmH98CWoRekY+mWTudb+WR6b0FmTZNH/X1SzAfv9g1oo/O18tpS7LjXv3FlgGv+IOQaPSK/X5aVo30dffu979/9P8Aqdc2BSAFAAA=" />
        <Entry handle="4" bytes="H4sIAAAAAAAEAO29B2AcSZYlJi9tynt/SvVK1+B0oQiAYBMk2JBAEOzBiM3mkuwdaUcjKasqgcplVmVdZhZAzO2dvPfee++999577733ujudTif33/8/XGZkAWz2zkrayZ4hgKrIHz9+fB8/ItI0uXv38e/6vZOnx2+Ov5ecr5fTtqiW6UXevjp+ejZrtu6kvzit83ZdL3/xR9msmH306KOD3R377N7ffXDw0eijFX/z6ad7B7sPd+jvNqsJBn+4u/Ngb+/h7u5Hv+Twl1B/xflWe73Kq/OtYvk0W509u5P+rp+lH62Xs/y8WOazj+784lVW58t2PMtWv/+rvCl+kG/Nqul6gc8m1ex6XMxG6e7ezii9t3OHYbb1Nf37i1N6kh+7uQNpx83xy49pf6/n1dXxdBLprDfiUWoQGKUfXYwXzXI8rRYf0R97x0/R6DnRwFIjXa7L8s6h9AZ88f9p1k7nW/mdX4w/bJdXddHmWx8/ztJ5nZ9/9tG8bVeP7t61Xdw18O/2cBrv/h6/x8uzp59pt78wW6wOvzp789kX/NsbnhD62kwHf3r84rPdvfsP9/fuPbwvn7z8/LMvXr/44ovn8v1reiM/OHh4MNnbO9/ZOdif7O4cTO5nuzuTvWk229md7sw+SmW2P/vo95+U2fLtR0ePi8VF2tRTi382zmbNHg2CfoyXeXv35Oz13d2d/buEvPf/e3f3d/bHP726+Ci9Kmbt/LOPiMofpfO8uJgT+Hv0e1bSLydlMX2bfjuv89/1o3RS1bO8/uwj+vLu0eO72dHHdw579OwhNBtfNdWMSZovJvns7sEknz7E6B48mN2fPTifPZjunE8+zT/NPr23e+/+g7v39vfGBzvj9u2YkHp3b+euo5yi5TDddQP4KG3a6zL/7KNZ0azK7PrRslrmh8D1Y7CEm/ppWTX5Fn929+73v3+U/j/x2M8WnQMAAA==" />
        <Entry handle="3" bytes="H4sIAAAAAAAEAO29B2AcSZYlJi9tynt/SvVK1+B0oQiAYBMk2JBAEOzBiM3mkuwdaUcjKasqgcplVmVdZhZAzO2dvPfee++999577733ujudTif33/8/XGZkAWz2zkrayZ4hgKrIHz9+fB8/ItI0uXv38e/6vZOnx2+Ov5ecr5fTtqiW6UXevjp+ejZrtu6kvzit83ZdL3/xR9msmH306KO9Hffs7h7s7X00+mjF33z66cOH9z+9R3+3WU0w+MODe/f3HhzsfPRLDn8JdVecb7XXq7w63yqWT7PV2bM76e/6WfrRejnLz4tlPvvozi9eZXW+bMezbPX7v8qb4gf51qyarhf4bFLNrsfFbJTe29kZpXv3d+4w0La+pn9/cUpP8mM39yDtuDl++THt8PW8ujqeTiK99UY8Si0Go/Sji/GiWY6n1eIj+mPv+ClavSAiWHKky3VZ3jmU7oAw/j/N2ul8K7/zi/GH7fOqLtp86+PHWTqv8/PPPpq37erR3bu2i7sG/t0eUuPd3+P3eHn29DPt9hdmi9XhV2dvPvuCf3vDM0Jf63zwh8cvPtu9d//hp3sH9/bu8ycvP//si9cvXp2eyPev6YV7+f3793am+w/2D8739++fT+7NHu5OZuefTg+y+/emDz5KZbY/++j3n5TZ8u1HR4+LxUXa1FOLfjZr9mgE9GO8zNu7J2ev79779C4h7v3/3t1PDw7GP726+Ci9Kmbt/LOPiMQfpfO8uJgTbCL1R2lW0m8nZTF9m347r/Pf9aN0UtWzvP7sI/ry7tHju9nRx6Czo+e0rJp8iz+7e/f73z9K/x/3WGhs8wIAAA==" />
        <Entry handle="2" bytes="H4sIAAAAAAAEAO29B2AcSZYlJi9tynt/SvVK1+B0oQiAYBMk2JBAEOzBiM3mkuwdaUcjKasqgcplVmVdZhZAzO2dvPfee++999577733ujudTif33/8/XGZkAWz2zkrayZ4hgKrIHz9+fB8/ItI0uXv38e/6vZOnx2+Ov5ecr5fTtqiW6UXevjp+ejZrtu6kvzit83ZdL3/xR9msmH306KOHD3fss7v/8N7BR6OPVvzNp7sP9/b2HtDfbVYTDP7w4N7OvQd79z/6JYe/hLorzrfa61VenW8Vy6fZ6uzZnfR3/Sz9aL2c5efFMp99dOcXr7I6X7bjWbb6/V/lTfGDfGtWTdcLfDapZtfjYjZKd/d3+J87DLStr+nfX5zSk/zYzT1IO26OX35MO3w9r66Op5NIb70Rj1KLwSj96GK8aJbjabX4iP7YO36KVi+ICJYc6XJdlncOpTsgjP9Ps3Y638rv/GL8Yfu8qos23/r4cZbO6/z8s4/mbbt6dPeu7eKugX+3h9R49/f4PV6ePf1Mu/2F2WJ1+NXZm8++4N/e8IzQ1zof/OHxi892P92/v38PAPiTl59/9sXrFycv3sj3r+mFnZ29vXuTycPJzsP7+5/en2R79+/tHJwfnO/eP7+fPTj/KJXZ/uyj339SZsu3Hx09LhYXaVNPLfqTcTZr9mgM9GO8zNu7J2ev7z7Yv0uoe//fvftg78H4p1cXH6VXxaydf/YR0fejdJ4XF/NW/8hK+u2kLKZv6fM6/10/SidVPcvrzz6iL+8ePb6bHX0MSjuKTsuqybf4s7t3v//9o/T/Af0MudP1AgAA" />
        <Entry handle="1" bytes="H4sIAAAAAAAEAO29B2AcSZYlJi9tynt/SvVK1+B0oQiAYBMk2JBAEOzBiM3mkuwdaUcjKasqgcplVmVdZhZAzO2dvPfee++999577733ujudTif33/8/XGZkAWz2zkrayZ4hgKrIHz9+fB8/ItI0uXv38e/6vZOnx2+Ov5ecr5fTtqiW6UXevjp+ejZrtu6kvzit83ZdL3/xR9msmH306KMHD3fsc2/3/sODj0Yfrfib+wd7n+7c36O/26wmGPzhwf7u/YPd3Y9+yeEvoe6K8632epVX51vF8mm2Ont2J/1dP0s/Wi9n+XmxzGcf3fnFq6zOl+14lq1+/1d5U/wg35pV0/UCn02q2fW4mI3Sg4NRem/3DoNs62v69xen9CQ/djN8acfN8cuPaXev59XV8XQS6as33lGq/Y/Sjy7Gi2Y5nlaLj+iPveOnaPSUCGBJkS7XZXnnUDoDuvj/NGun8638zi/GH7bHq7po862PH2fpvM7PP/to3rarR3fv2i7uGvh3eyiNd3+P3+Pl2dPPtNtfmC1Wh1+dvfnsC/7tDc8Gfa1zwR8ev/hsd3fv/gP6/+4+f/Ly88++eP3iJ5+eyPev6YV7B9Pzh7PzbP/+3vn+NH9wMN3LpzuT8/zTven9T3fufZTKTH/20e8/KbPl24+OHheLi7Sppxb9bJzNmj0aA/0YL/P27snZ67u7u7t3Cffg/w/27o8vivOP0qti1s4/++jg4KN0nhcXc4J+b/ejNCvpl5OymL6lj+v8d/0onVT1LK8/+2jno/Tu0eO72dHHILQj6LSsmnyLP7t79/vfP0r/H6m0krvwAgAA" />
        <Entry handle="0" bytes="H4sIAAAAAAAEAO29B2AcSZYlJi9tynt/SvVK1+B0oQiAYBMk2JBAEOzBiM3mkuwdaUcjKasqgcplVmVdZhZAzO2dvPfee++999577733ujudTif33/8/XGZkAWz2zkrayZ4hgKrIHz9+fB8/In7j5O7dx7/r906eHr85/t5vnFxmdTqtlm2+bJvf/8Gn6Wfpx4+bVbY8epylbVZf5O1nH/3+kzJbvv0ondf5+Wcfzdt29eju3YvxolmOp9Xi7s7x0x16du/u3n+493D3wXj39/hdf2G2WB3yPy/Pnn5278HB3sP9Pf77q7M3n33Bv71h8PT1wf7u/ft7u/zh8YvPDu4f7D349MHugbz/+WdfvH7x8Ks3Hx29qa/TJ8Xy4vHd46PHdxnLjw9lCOdzQX65Lkv6qDhPt2bVdL2gYY0n1ew6/YW/MA0+GBez2GfjMl9etPP0KN258xsnv/g3Tn6MIX+2ymq0ss0J8dMyx69Prs9mYV8E5g7h8Et+40QQWWaXxUXWVvU4W61+Mq+bolqOi+Usf/fl+dZH3y2WH905+mwH2FAvTf6srLI2/lKznjRtfQPAL16fnaYf3fnk/h0Cu6+jaOtr+he//VhxvvW7Crl+5mfS9nqVV+dbxfJptjp7dif97LP0ozVBOi+W+eyjO2jPL/3YrPxuXbT5Fkb2Yz/2S/BPXja5a8Agx0KnF9UsJ4SavG6PZz+dTemjb7/54vnWx9l5m9dP8oti+fHIZzuBqjCa9rrMx7OiWZXZ9WcfL6tl/rF8b8k8LavGxwX/n2btdL6VA2fGKMCYGvwS4PuL3af00fl6OW2JeKn9FG8OEuiLi/rsPEajX/xj3KHB7ophdYcHHJVkjB/YNiceek18TJzrxlbnWZsrd219BDb/SEZqWhNpl3kNitJ7XjfcqDcPxCP5cnYyL8rZloFwx2saJfePKcIRiv8SaJDvf//o/wHsZFuJSQQAAA==" />
      </ByteArrayCache>
      <TestRunConfiguration name="Local Test Run" id="215124b6-1c93-4e55-bd73-958b00a34403">
        <Description>This is a default test run configuration for a local test run.</Description>
        <Deployment runDeploymentRoot="C:\Users\rallen\Documents\Visual Studio 2008\Projects\GrabIt\TestResults\rallen_LVDVMRALLEN7 2010-01-14 20_22_54" />
        <TestTypeSpecific>
          <WebTestRunConfiguration testTypeId="4e7599fa-5ecb-43e9-a887-cd63cf72d207" />
        </TestTypeSpecific>
      </TestRunConfiguration>
      <WebTestResultDetails>
        <WebTestResultIterations>
          <WebTestResultIteration iterationNumber="1">
            <WebTestResultGroup>
              <WebTestResultPage>
                <WebRequestResult exceptionMessage="" run="0" submitted="true" cached="false" isRedirectFollow="false" requestBodyBytesHandle="-2" responseBytesHandle="0">
                  <Request url="http://rad.msn.com/ADSAdClient31.dll?GetSAd=&amp;DPJS=4&amp;PN=MSFT&amp;PG=MSN9UT&amp;AP=1402" command="GET /ADSAdClient31.dll?GetSAd=&amp;DPJS=4&amp;PN=MSFT&amp;PG=MSN9UT&amp;AP=1402 HTTP/1.1" encoding="iso-8859-1">
                    <Headers>User-Agent : Mozilla/4.0 (compatible; MSIE 7.0; Windows NT 5.1)
Accept : */*
Accept-Language : en-US
Accept-Encoding : GZIP
Host : rad.msn.com
Connection : Keep-Alive
</Headers>
                  </Request>
                  <Response url="http://rad.msn.com/ADSAdClient31.dll?GetSAd=&amp;DPJS=4&amp;PN=MSFT&amp;PG=MSN9UT&amp;AP=1402" contentType="text/html; Charset=utf-8" statusLine="HTTP/1.1 200 OK" pageTime="0.155" time="0.155" statusCodeString="200 OK" contentLength="1097">
                    <Headers>Cteonnt-Length : 1097
Pragma : no-cache
Cache-Control : no-cache, must-revalidate
Content-Type : text/html; Charset=utf-8
Date : Fri, 15 Jan 2010 03:23:05 GMT
Expires : Fri, 01 Jan 1990 00:00:00 GMT
Set-Cookie : FC00=FB=; expires=Sun, 15-Jan-2012 12:00:00 GMT; domain=.rad.msn.com; path=/; HttpOnly,FC01=FB=; expires=Sun, 15-Jan-2012 12:00:00 GMT; domain=.rad.msn.com; path=/; HttpOnly,FC02=FB=; expires=Sun, 15-Jan-2012 12:00:00 GMT; domain=.rad.msn.com; path=/; HttpOnly,FC03=FB=; expires=Sun, 15-Jan-2012 12:00:00 GMT; domain=.rad.msn.com; path=/; HttpOnly,FC04=FB=; expires=Sun, 15-Jan-2012 12:00:00 GMT; domain=.rad.msn.com; path=/; HttpOnly,FC05=FB=; expires=Sun, 15-Jan-2012 12:00:00 GMT; domain=.rad.msn.com; path=/; HttpOnly,FC06=FB=; expires=Sun, 15-Jan-2012 12:00:00 GMT; domain=.rad.msn.com; path=/; HttpOnly,FC07=FB=; expires=Sun, 15-Jan-2012 12:00:00 GMT; domain=.rad.msn.com; path=/; HttpOnly,FC08=FB=; expires=Sun, 15-Jan-2012 12:00:00 GMT; domain=.rad.msn.com; path=/; HttpOnly,FC09=FB=; expires=Sun, 15-Jan-2012 12:00:00 GMT; domain=.rad.msn.com; path=/; HttpOnly,MSNADS=UM=; expires=Sun, 01-Jan-2006 12:00:00 GMT; domain=.msn.com; path=/; HttpOnly
Server : Microsoft-IIS/6.0
X-RADID : P3782942-T8415521-C1592917
Content-Encoding : gzip
Content-Length : 595
</Headers>
                  </Response>
                  <Context>
                    <Entry name="$TotalAgents" value="1" />
                    <Entry name="$ControllerName" value="LVDVMRALLEN7" />
                    <Entry name="$AgentName" value="LVDVMRALLEN7" />
                    <Entry name="$TestLogsDir" value="C:\Users\rallen\Documents\Visual Studio 2008\Projects\GrabIt\TestResults\rallen_LVDVMRALLEN7 2010-01-14 20_22_54\In\LVDVMRALLEN7" />
                    <Entry name="$TestDeploymentDir" value="C:\Users\rallen\Documents\Visual Studio 2008\Projects\GrabIt\TestResults\rallen_LVDVMRALLEN7 2010-01-14 20_22_54\Out" />
                    <Entry name="$AgentId" value="1" />
                    <Entry name="$AgentLoadDistributor" value="Microsoft.VisualStudio.TestTools.Execution.AgentLoadDistributor" />
                    <Entry name="$TestDir" value="C:\Users\rallen\Documents\Visual Studio 2008\Projects\GrabIt\TestResults\rallen_LVDVMRALLEN7 2010-01-14 20_22_54" />
                    <Entry name="$AgentWeighting" value="100" />
                    <Entry name="$WebTestIteration" value="1" />
                    <Entry name="$WebTestUserId" value="1" />
                  </Context>
                  <ValidationRuleResults>
                    <ValidationRuleResult message="Passed" ruleType="Validation" name="Response URL" />
                  </ValidationRuleResults>
                </WebRequestResult>
              </WebTestResultPage>
              <WebTestResultPage>
                <WebRequestResult exceptionMessage="" run="0" submitted="true" cached="false" isRedirectFollow="false" requestBodyBytesHandle="-2" responseBytesHandle="1">
                  <Request url="http://a.rad.msn.com/ADSAdClient31.dll?GetSAd=&amp;DPJS=4&amp;PN=MSFT&amp;PG=MSNVDC&amp;AP=1071" command="GET /ADSAdClient31.dll?GetSAd=&amp;DPJS=4&amp;PN=MSFT&amp;PG=MSNVDC&amp;AP=1071 HTTP/1.1" encoding="iso-8859-1">
                    <Headers>User-Agent : Mozilla/4.0 (compatible; MSIE 7.0; Windows NT 5.1)
Accept : */*
Accept-Language : en-US
Accept-Encoding : GZIP
Host : a.rad.msn.com
Cookie : FC00=FB=; FC01=FB=; FC02=FB=; FC03=FB=; FC04=FB=; FC05=FB=; FC06=FB=; FC07=FB=; FC08=FB=; FC09=FB=
Connection : Keep-Alive
</Headers>
                  </Request>
                  <Response url="http://a.rad.msn.com/ADSAdClient31.dll?GetSAd=&amp;DPJS=4&amp;PN=MSFT&amp;PG=MSNVDC&amp;AP=1071" contentType="text/html; Charset=utf-8" statusLine="HTTP/1.1 200 OK" pageTime="0.16399999999999998" time="0.164" statusCodeString="200 OK" contentLength="752">
                    <Headers>Cteonnt-Length : 752
Pragma : no-cache
X-RADID : P5826052-T8415811-C79000000000031598
Content-Encoding : gzip
Content-Length : 478
Cache-Control : no-cache, must-revalidate
Content-Type : text/html; Charset=utf-8
Date : Fri, 15 Jan 2010 03:23:05 GMT
Expires : Fri, 01 Jan 1990 00:00:00 GMT
Server : Microsoft-IIS/6.0
</Headers>
                  </Response>
                  <Context>
                    <Entry name="$TotalAgents" value="1" />
                    <Entry name="$ControllerName" value="LVDVMRALLEN7" />
                    <Entry name="$AgentName" value="LVDVMRALLEN7" />
                    <Entry name="$TestLogsDir" value="C:\Users\rallen\Documents\Visual Studio 2008\Projects\GrabIt\TestResults\rallen_LVDVMRALLEN7 2010-01-14 20_22_54\In\LVDVMRALLEN7" />
                    <Entry name="$TestDeploymentDir" value="C:\Users\rallen\Documents\Visual Studio 2008\Projects\GrabIt\TestResults\rallen_LVDVMRALLEN7 2010-01-14 20_22_54\Out" />
                    <Entry name="$AgentId" value="1" />
                    <Entry name="$AgentLoadDistributor" value="Microsoft.VisualStudio.TestTools.Execution.AgentLoadDistributor" />
                    <Entry name="$TestDir" value="C:\Users\rallen\Documents\Visual Studio 2008\Projects\GrabIt\TestResults\rallen_LVDVMRALLEN7 2010-01-14 20_22_54" />
                    <Entry name="$AgentWeighting" value="100" />
                    <Entry name="$WebTestIteration" value="1" />
                    <Entry name="$WebTestUserId" value="1" />
                  </Context>
                  <ValidationRuleResults>
                    <ValidationRuleResult message="Passed" ruleType="Validation" name="Response URL" />
                  </ValidationRuleResults>
                </WebRequestResult>
              </WebTestResultPage>
              <WebTestResultPage>
                <WebRequestResult exceptionMessage="" run="0" submitted="true" cached="false" isRedirectFollow="false" requestBodyBytesHandle="-2" responseBytesHandle="2">
                  <Request url="http://b.rad.msn.com/ADSAdClient31.dll?GetSAd=&amp;DPJS=4&amp;PN=MSFT&amp;PG=MSNCNT&amp;AP=1463" command="GET /ADSAdClient31.dll?GetSAd=&amp;DPJS=4&amp;PN=MSFT&amp;PG=MSNCNT&amp;AP=1463 HTTP/1.1" encoding="iso-8859-1">
                    <Headers>User-Agent : Mozilla/4.0 (compatible; MSIE 7.0; Windows NT 5.1)
Accept : */*
Accept-Language : en-US
Accept-Encoding : GZIP
Host : b.rad.msn.com
Cookie : FC00=FB=; FC01=FB=; FC02=FB=; FC03=FB=; FC04=FB=; FC05=FB=; FC06=FB=; FC07=FB=; FC08=FB=; FC09=FB=
Connection : Keep-Alive
</Headers>
                  </Request>
                  <Response url="http://b.rad.msn.com/ADSAdClient31.dll?GetSAd=&amp;DPJS=4&amp;PN=MSFT&amp;PG=MSNCNT&amp;AP=1463" contentType="text/html; Charset=utf-8" statusLine="HTTP/1.1 200 OK" pageTime="0.133" time="0.133" statusCodeString="200 OK" contentLength="757">
                    <Headers>Cteonnt-Length : 757
Pragma : no-cache
X-RADID : P6192227-T8303725-C99000000000014938
Content-Encoding : gzip
Content-Length : 478
Cache-Control : no-cache, must-revalidate
Content-Type : text/html; Charset=utf-8
Date : Fri, 15 Jan 2010 03:23:05 GMT
Expires : Fri, 01 Jan 1990 00:00:00 GMT
Server : Microsoft-IIS/6.0
</Headers>
                  </Response>
                  <Context>
                    <Entry name="$TotalAgents" value="1" />
                    <Entry name="$ControllerName" value="LVDVMRALLEN7" />
                    <Entry name="$AgentName" value="LVDVMRALLEN7" />
                    <Entry name="$TestLogsDir" value="C:\Users\rallen\Documents\Visual Studio 2008\Projects\GrabIt\TestResults\rallen_LVDVMRALLEN7 2010-01-14 20_22_54\In\LVDVMRALLEN7" />
                    <Entry name="$TestDeploymentDir" value="C:\Users\rallen\Documents\Visual Studio 2008\Projects\GrabIt\TestResults\rallen_LVDVMRALLEN7 2010-01-14 20_22_54\Out" />
                    <Entry name="$AgentId" value="1" />
                    <Entry name="$AgentLoadDistributor" value="Microsoft.VisualStudio.TestTools.Execution.AgentLoadDistributor" />
                    <Entry name="$TestDir" value="C:\Users\rallen\Documents\Visual Studio 2008\Projects\GrabIt\TestResults\rallen_LVDVMRALLEN7 2010-01-14 20_22_54" />
                    <Entry name="$AgentWeighting" value="100" />
                    <Entry name="$WebTestIteration" value="1" />
                    <Entry name="$WebTestUserId" value="1" />
                  </Context>
                  <ValidationRuleResults>
                    <ValidationRuleResult message="Passed" ruleType="Validation" name="Response URL" />
                  </ValidationRuleResults>
                </WebRequestResult>
              </WebTestResultPage>
              <WebTestResultPage>
                <WebRequestResult exceptionMessage="" run="0" submitted="true" cached="false" isRedirectFollow="false" requestBodyBytesHandle="-2" responseBytesHandle="3">
                  <Request url="http://rad.msn.com/ADSAdClient31.dll?GetSAd=&amp;DPJS=4&amp;PN=MSFT&amp;PG=MSNREC&amp;AP=1089" command="GET /ADSAdClient31.dll?GetSAd=&amp;DPJS=4&amp;PN=MSFT&amp;PG=MSNREC&amp;AP=1089 HTTP/1.1" encoding="iso-8859-1">
                    <Headers>User-Agent : Mozilla/4.0 (compatible; MSIE 7.0; Windows NT 5.1)
Accept : */*
Accept-Language : en-US
Accept-Encoding : GZIP
Host : rad.msn.com
</Headers>
                  </Request>
                  <Response url="http://rad.msn.com/ADSAdClient31.dll?GetSAd=&amp;DPJS=4&amp;PN=MSFT&amp;PG=MSNREC&amp;AP=1089" contentType="text/html; Charset=utf-8" statusLine="HTTP/1.1 200 OK" pageTime="0.06699999999999999" time="0.067" statusCodeString="200 OK" contentLength="755">
                    <Headers>Cteonnt-Length : 755
Pragma : no-cache
Cache-Control : no-cache, must-revalidate
Content-Type : text/html; Charset=utf-8
Date : Fri, 15 Jan 2010 03:23:05 GMT
Expires : Fri, 01 Jan 1990 00:00:00 GMT
Set-Cookie : FC00=FB=; expires=Sun, 15-Jan-2012 12:00:00 GMT; domain=.rad.msn.com; path=/; HttpOnly,FC01=FB=; expires=Sun, 15-Jan-2012 12:00:00 GMT; domain=.rad.msn.com; path=/; HttpOnly,FC02=FB=; expires=Sun, 15-Jan-2012 12:00:00 GMT; domain=.rad.msn.com; path=/; HttpOnly,FC03=FB=; expires=Sun, 15-Jan-2012 12:00:00 GMT; domain=.rad.msn.com; path=/; HttpOnly,FC04=FB=; expires=Sun, 15-Jan-2012 12:00:00 GMT; domain=.rad.msn.com; path=/; HttpOnly,FC05=FB=; expires=Sun, 15-Jan-2012 12:00:00 GMT; domain=.rad.msn.com; path=/; HttpOnly,FC06=FB=; expires=Sun, 15-Jan-2012 12:00:00 GMT; domain=.rad.msn.com; path=/; HttpOnly,FC07=FB=; expires=Sun, 15-Jan-2012 12:00:00 GMT; domain=.rad.msn.com; path=/; HttpOnly,FC08=FB=; expires=Sun, 15-Jan-2012 12:00:00 GMT; domain=.rad.msn.com; path=/; HttpOnly,FC09=FB=; expires=Sun, 15-Jan-2012 12:00:00 GMT; domain=.rad.msn.com; path=/; HttpOnly,MSNADS=UM=; expires=Sun, 01-Jan-2006 12:00:00 GMT; domain=.msn.com; path=/; HttpOnly
Server : Microsoft-IIS/6.0
X-RADID : P6699563-T8352780-C20000000000011822
Content-Encoding : gzip
Content-Length : 482
</Headers>
                  </Response>
                  <Context>
                    <Entry name="$TotalAgents" value="1" />
                    <Entry name="$ControllerName" value="LVDVMRALLEN7" />
                    <Entry name="$AgentName" value="LVDVMRALLEN7" />
                    <Entry name="$TestLogsDir" value="C:\Users\rallen\Documents\Visual Studio 2008\Projects\GrabIt\TestResults\rallen_LVDVMRALLEN7 2010-01-14 20_22_54\In\LVDVMRALLEN7" />
                    <Entry name="$TestDeploymentDir" value="C:\Users\rallen\Documents\Visual Studio 2008\Projects\GrabIt\TestResults\rallen_LVDVMRALLEN7 2010-01-14 20_22_54\Out" />
                    <Entry name="$AgentId" value="1" />
                    <Entry name="$AgentLoadDistributor" value="Microsoft.VisualStudio.TestTools.Execution.AgentLoadDistributor" />
                    <Entry name="$TestDir" value="C:\Users\rallen\Documents\Visual Studio 2008\Projects\GrabIt\TestResults\rallen_LVDVMRALLEN7 2010-01-14 20_22_54" />
                    <Entry name="$AgentWeighting" value="100" />
                    <Entry name="$WebTestIteration" value="1" />
                    <Entry name="$WebTestUserId" value="1" />
                  </Context>
                  <ValidationRuleResults>
                    <ValidationRuleResult message="Passed" ruleType="Validation" name="Response URL" />
                  </ValidationRuleResults>
                </WebRequestResult>
              </WebTestResultPage>
              <WebTestResultPage>
                <WebRequestResult exceptionMessage="" run="0" submitted="true" cached="false" isRedirectFollow="false" requestBodyBytesHandle="-2" responseBytesHandle="4">
                  <Request url="http://a.rad.msn.com/ADSAdClient31.dll?GetSAd=&amp;DPJS=4&amp;PN=MSFT&amp;PG=MSNMML&amp;AP=1402" command="GET /ADSAdClient31.dll?GetSAd=&amp;DPJS=4&amp;PN=MSFT&amp;PG=MSNMML&amp;AP=1402 HTTP/1.1" encoding="iso-8859-1">
                    <Headers>User-Agent : Mozilla/4.0 (compatible; MSIE 7.0; Windows NT 5.1)
Accept : */*
Accept-Language : en-US
Accept-Encoding : GZIP
Host : a.rad.msn.com
Cookie : FC00=FB=; FC01=FB=; FC02=FB=; FC03=FB=; FC04=FB=; FC05=FB=; FC06=FB=; FC07=FB=; FC08=FB=; FC09=FB=
</Headers>
                  </Request>
                  <Response url="http://a.rad.msn.com/ADSAdClient31.dll?GetSAd=&amp;DPJS=4&amp;PN=MSFT&amp;PG=MSNMML&amp;AP=1402" contentType="text/html; Charset=utf-8" statusLine="HTTP/1.1 200 OK" pageTime="0.06699999999999999" time="0.067" statusCodeString="200 OK" contentLength="925">
                    <Headers>Cteonnt-Length : 925
Pragma : no-cache
X-RADID : P6628190-T10722911-C81000000000015178
Content-Encoding : gzip
Content-Length : 564
Cache-Control : no-cache, must-revalidate
Content-Type : text/html; Charset=utf-8
Date : Fri, 15 Jan 2010 03:23:05 GMT
Expires : Fri, 01 Jan 1990 00:00:00 GMT
Server : Microsoft-IIS/6.0
</Headers>
                  </Response>
                  <Context>
                    <Entry name="$TotalAgents" value="1" />
                    <Entry name="$ControllerName" value="LVDVMRALLEN7" />
                    <Entry name="$AgentName" value="LVDVMRALLEN7" />
                    <Entry name="$TestLogsDir" value="C:\Users\rallen\Documents\Visual Studio 2008\Projects\GrabIt\TestResults\rallen_LVDVMRALLEN7 2010-01-14 20_22_54\In\LVDVMRALLEN7" />
                    <Entry name="$TestDeploymentDir" value="C:\Users\rallen\Documents\Visual Studio 2008\Projects\GrabIt\TestResults\rallen_LVDVMRALLEN7 2010-01-14 20_22_54\Out" />
                    <Entry name="$AgentId" value="1" />
                    <Entry name="$AgentLoadDistributor" value="Microsoft.VisualStudio.TestTools.Execution.AgentLoadDistributor" />
                    <Entry name="$TestDir" value="C:\Users\rallen\Documents\Visual Studio 2008\Projects\GrabIt\TestResults\rallen_LVDVMRALLEN7 2010-01-14 20_22_54" />
                    <Entry name="$AgentWeighting" value="100" />
                    <Entry name="$WebTestIteration" value="1" />
                    <Entry name="$WebTestUserId" value="1" />
                  </Context>
                  <ValidationRuleResults>
                    <ValidationRuleResult message="Passed" ruleType="Validation" name="Response URL" />
                  </ValidationRuleResults>
                </WebRequestResult>
              </WebTestResultPage>
              <WebTestResultPage>
                <WebRequestResult exceptionMessage="" run="0" submitted="true" cached="false" isRedirectFollow="false" requestBodyBytesHandle="-2" responseBytesHandle="5">
                  <Request url="http://b.rad.msn.com/ADSAdClient31.dll?GetSAd=&amp;DPJS=4&amp;PN=MSFT&amp;PG=MSNMMT&amp;AP=1402" command="GET /ADSAdClient31.dll?GetSAd=&amp;DPJS=4&amp;PN=MSFT&amp;PG=MSNMMT&amp;AP=1402 HTTP/1.1" encoding="iso-8859-1">
                    <Headers>User-Agent : Mozilla/4.0 (compatible; MSIE 7.0; Windows NT 5.1)
Accept : */*
Accept-Language : en-US
Accept-Encoding : GZIP
Host : b.rad.msn.com
Cookie : FC00=FB=; FC01=FB=; FC02=FB=; FC03=FB=; FC04=FB=; FC05=FB=; FC06=FB=; FC07=FB=; FC08=FB=; FC09=FB=
</Headers>
                  </Request>
                  <Response url="http://b.rad.msn.com/ADSAdClient31.dll?GetSAd=&amp;DPJS=4&amp;PN=MSFT&amp;PG=MSNMMT&amp;AP=1402" contentType="text/html; Charset=utf-8" statusLine="HTTP/1.1 200 OK" pageTime="0.06699999999999999" time="0.067" statusCodeString="200 OK" contentLength="1312">
                    <Headers>Cteonnt-Length : 1312
Pragma : no-cache
X-RADID : P6899998-T8300661-C1639603
Content-Encoding : gzip
Content-Length : 571
Cache-Control : no-cache, must-revalidate
Content-Type : text/html; Charset=utf-8
Date : Fri, 15 Jan 2010 03:23:05 GMT
Expires : Fri, 01 Jan 1990 00:00:00 GMT
Server : Microsoft-IIS/6.0
</Headers>
                  </Response>
                  <Context>
                    <Entry name="$TotalAgents" value="1" />
                    <Entry name="$ControllerName" value="LVDVMRALLEN7" />
                    <Entry name="$AgentName" value="LVDVMRALLEN7" />
                    <Entry name="$TestLogsDir" value="C:\Users\rallen\Documents\Visual Studio 2008\Projects\GrabIt\TestResults\rallen_LVDVMRALLEN7 2010-01-14 20_22_54\In\LVDVMRALLEN7" />
                    <Entry name="$TestDeploymentDir" value="C:\Users\rallen\Documents\Visual Studio 2008\Projects\GrabIt\TestResults\rallen_LVDVMRALLEN7 2010-01-14 20_22_54\Out" />
                    <Entry name="$AgentId" value="1" />
                    <Entry name="$AgentLoadDistributor" value="Microsoft.VisualStudio.TestTools.Execution.AgentLoadDistributor" />
                    <Entry name="$TestDir" value="C:\Users\rallen\Documents\Visual Studio 2008\Projects\GrabIt\TestResults\rallen_LVDVMRALLEN7 2010-01-14 20_22_54" />
                    <Entry name="$AgentWeighting" value="100" />
                    <Entry name="$WebTestIteration" value="1" />
                    <Entry name="$WebTestUserId" value="1" />
                  </Context>
                  <ValidationRuleResults>
                    <ValidationRuleResult message="Passed" ruleType="Validation" name="Response URL" />
                  </ValidationRuleResults>
                </WebRequestResult>
              </WebTestResultPage>
              <WebTestResultPage>
                <WebRequestResult exceptionMessage="" run="0" submitted="true" cached="false" isRedirectFollow="false" requestBodyBytesHandle="-2" responseBytesHandle="6">
                  <Request url="http://rad.msn.com/ADSAdClient31.dll?GetSAd=&amp;DPJS=4&amp;PN=MSFT&amp;PG=MSNSF1&amp;AP=1402" command="GET /ADSAdClient31.dll?GetSAd=&amp;DPJS=4&amp;PN=MSFT&amp;PG=MSNSF1&amp;AP=1402 HTTP/1.1" encoding="iso-8859-1">
                    <Headers>User-Agent : Mozilla/4.0 (compatible; MSIE 7.0; Windows NT 5.1)
Accept : */*
Accept-Language : en-US
Accept-Encoding : GZIP
Host : rad.msn.com
</Headers>
                  </Request>
                  <Response url="http://rad.msn.com/ADSAdClient31.dll?GetSAd=&amp;DPJS=4&amp;PN=MSFT&amp;PG=MSNSF1&amp;AP=1402" contentType="text/html; Charset=utf-8" statusLine="HTTP/1.1 200 OK" pageTime="0.06699999999999999" time="0.067" statusCodeString="200 OK" contentLength="754">
                    <Headers>Cteonnt-Length : 754
Pragma : no-cache
Cache-Control : no-cache, must-revalidate
Content-Type : text/html; Charset=utf-8
Date : Fri, 15 Jan 2010 03:23:06 GMT
Expires : Fri, 01 Jan 1990 00:00:00 GMT
Set-Cookie : FC00=FB=; expires=Sun, 15-Jan-2012 12:00:00 GMT; domain=.rad.msn.com; path=/; HttpOnly,FC01=FB=; expires=Sun, 15-Jan-2012 12:00:00 GMT; domain=.rad.msn.com; path=/; HttpOnly,FC02=FB=; expires=Sun, 15-Jan-2012 12:00:00 GMT; domain=.rad.msn.com; path=/; HttpOnly,FC03=FB=; expires=Sun, 15-Jan-2012 12:00:00 GMT; domain=.rad.msn.com; path=/; HttpOnly,FC04=FB=; expires=Sun, 15-Jan-2012 12:00:00 GMT; domain=.rad.msn.com; path=/; HttpOnly,FC05=FB=; expires=Sun, 15-Jan-2012 12:00:00 GMT; domain=.rad.msn.com; path=/; HttpOnly,FC06=FB=; expires=Sun, 15-Jan-2012 12:00:00 GMT; domain=.rad.msn.com; path=/; HttpOnly,FC07=FB=; expires=Sun, 15-Jan-2012 12:00:00 GMT; domain=.rad.msn.com; path=/; HttpOnly,FC08=FB=; expires=Sun, 15-Jan-2012 12:00:00 GMT; domain=.rad.msn.com; path=/; HttpOnly,FC09=FB=; expires=Sun, 15-Jan-2012 12:00:00 GMT; domain=.rad.msn.com; path=/; HttpOnly,MSNADS=UM=; expires=Sun, 01-Jan-2006 12:00:00 GMT; domain=.msn.com; path=/; HttpOnly
Server : Microsoft-IIS/6.0
X-RADID : P6797384-T21144174-C110000000000009218
Content-Encoding : gzip
Content-Length : 475
</Headers>
                  </Response>
                  <Context>
                    <Entry name="$TotalAgents" value="1" />
                    <Entry name="$ControllerName" value="LVDVMRALLEN7" />
                    <Entry name="$AgentName" value="LVDVMRALLEN7" />
                    <Entry name="$TestLogsDir" value="C:\Users\rallen\Documents\Visual Studio 2008\Projects\GrabIt\TestResults\rallen_LVDVMRALLEN7 2010-01-14 20_22_54\In\LVDVMRALLEN7" />
                    <Entry name="$TestDeploymentDir" value="C:\Users\rallen\Documents\Visual Studio 2008\Projects\GrabIt\TestResults\rallen_LVDVMRALLEN7 2010-01-14 20_22_54\Out" />
                    <Entry name="$AgentId" value="1" />
                    <Entry name="$AgentLoadDistributor" value="Microsoft.VisualStudio.TestTools.Execution.AgentLoadDistributor" />
                    <Entry name="$TestDir" value="C:\Users\rallen\Documents\Visual Studio 2008\Projects\GrabIt\TestResults\rallen_LVDVMRALLEN7 2010-01-14 20_22_54" />
                    <Entry name="$AgentWeighting" value="100" />
                    <Entry name="$WebTestIteration" value="1" />
                    <Entry name="$WebTestUserId" value="1" />
                  </Context>
                  <ValidationRuleResults>
                    <ValidationRuleResult message="Passed" ruleType="Validation" name="Response URL" />
                  </ValidationRuleResults>
                </WebRequestResult>
              </WebTestResultPage>
              <WebTestResultPage>
                <WebRequestResult exceptionMessage="" run="0" submitted="true" cached="false" isRedirectFollow="false" requestBodyBytesHandle="-2" responseBytesHandle="7">
                  <Request url="http://a.rad.msn.com/ADSAdClient31.dll?GetSAd=&amp;DPJS=4&amp;PN=MSFT&amp;PG=MSNSH1&amp;AP=1402" command="GET /ADSAdClient31.dll?GetSAd=&amp;DPJS=4&amp;PN=MSFT&amp;PG=MSNSH1&amp;AP=1402 HTTP/1.1" encoding="iso-8859-1">
                    <Headers>User-Agent : Mozilla/4.0 (compatible; MSIE 7.0; Windows NT 5.1)
Accept : */*
Accept-Language : en-US
Accept-Encoding : GZIP
Host : a.rad.msn.com
Cookie : FC00=FB=; FC01=FB=; FC02=FB=; FC03=FB=; FC04=FB=; FC05=FB=; FC06=FB=; FC07=FB=; FC08=FB=; FC09=FB=
</Headers>
                  </Request>
                  <Response url="http://a.rad.msn.com/ADSAdClient31.dll?GetSAd=&amp;DPJS=4&amp;PN=MSFT&amp;PG=MSNSH1&amp;AP=1402" contentType="text/html; Charset=utf-8" statusLine="HTTP/1.1 200 OK" pageTime="0.06699999999999999" time="0.067" statusCodeString="200 OK" contentLength="1118">
                    <Headers>Cteonnt-Length : 1118
Pragma : no-cache
X-RADID : P6797385-T20178828-C1639587
Content-Encoding : gzip
Content-Length : 616
Cache-Control : no-cache, must-revalidate
Content-Type : text/html; Charset=utf-8
Date : Fri, 15 Jan 2010 03:23:05 GMT
Expires : Fri, 01 Jan 1990 00:00:00 GMT
Server : Microsoft-IIS/6.0
</Headers>
                  </Response>
                  <Context>
                    <Entry name="$TotalAgents" value="1" />
                    <Entry name="$ControllerName" value="LVDVMRALLEN7" />
                    <Entry name="$AgentName" value="LVDVMRALLEN7" />
                    <Entry name="$TestLogsDir" value="C:\Users\rallen\Documents\Visual Studio 2008\Projects\GrabIt\TestResults\rallen_LVDVMRALLEN7 2010-01-14 20_22_54\In\LVDVMRALLEN7" />
                    <Entry name="$TestDeploymentDir" value="C:\Users\rallen\Documents\Visual Studio 2008\Projects\GrabIt\TestResults\rallen_LVDVMRALLEN7 2010-01-14 20_22_54\Out" />
                    <Entry name="$AgentId" value="1" />
                    <Entry name="$AgentLoadDistributor" value="Microsoft.VisualStudio.TestTools.Execution.AgentLoadDistributor" />
                    <Entry name="$TestDir" value="C:\Users\rallen\Documents\Visual Studio 2008\Projects\GrabIt\TestResults\rallen_LVDVMRALLEN7 2010-01-14 20_22_54" />
                    <Entry name="$AgentWeighting" value="100" />
                    <Entry name="$WebTestIteration" value="1" />
                    <Entry name="$WebTestUserId" value="1" />
                  </Context>
                  <ValidationRuleResults>
                    <ValidationRuleResult message="Passed" ruleType="Validation" name="Response URL" />
                  </ValidationRuleResults>
                </WebRequestResult>
              </WebTestResultPage>
              <WebTestResultPage>
                <WebRequestResult exceptionMessage="" run="0" submitted="true" cached="false" isRedirectFollow="false" requestBodyBytesHandle="-2" responseBytesHandle="8">
                  <Request url="http://b.rad.msn.com/ADSAdClient31.dll?GetSAd=&amp;DPJS=4&amp;PN=MSFT&amp;PG=MSNSH2&amp;AP=1402" command="GET /ADSAdClient31.dll?GetSAd=&amp;DPJS=4&amp;PN=MSFT&amp;PG=MSNSH2&amp;AP=1402 HTTP/1.1" encoding="iso-8859-1">
                    <Headers>User-Agent : Mozilla/4.0 (compatible; MSIE 7.0; Windows NT 5.1)
Accept : */*
Accept-Language : en-US
Accept-Encoding : GZIP
Host : b.rad.msn.com
Cookie : FC00=FB=; FC01=FB=; FC02=FB=; FC03=FB=; FC04=FB=; FC05=FB=; FC06=FB=; FC07=FB=; FC08=FB=; FC09=FB=
</Headers>
                  </Request>
                  <Response url="http://b.rad.msn.com/ADSAdClient31.dll?GetSAd=&amp;DPJS=4&amp;PN=MSFT&amp;PG=MSNSH2&amp;AP=1402" contentType="text/html; Charset=utf-8" statusLine="HTTP/1.1 200 OK" pageTime="0.06699999999999999" time="0.067" statusCodeString="200 OK" contentLength="1119">
                    <Headers>Cteonnt-Length : 1119
Pragma : no-cache
X-RADID : P6836019-T20178829-C1639596
Content-Encoding : gzip
Content-Length : 616
Cache-Control : no-cache, must-revalidate
Content-Type : text/html; Charset=utf-8
Date : Fri, 15 Jan 2010 03:23:06 GMT
Expires : Fri, 01 Jan 1990 00:00:00 GMT
Server : Microsoft-IIS/6.0
</Headers>
                  </Response>
                  <Context>
                    <Entry name="$TotalAgents" value="1" />
                    <Entry name="$ControllerName" value="LVDVMRALLEN7" />
                    <Entry name="$AgentName" value="LVDVMRALLEN7" />
                    <Entry name="$TestLogsDir" value="C:\Users\rallen\Documents\Visual Studio 2008\Projects\GrabIt\TestResults\rallen_LVDVMRALLEN7 2010-01-14 20_22_54\In\LVDVMRALLEN7" />
                    <Entry name="$TestDeploymentDir" value="C:\Users\rallen\Documents\Visual Studio 2008\Projects\GrabIt\TestResults\rallen_LVDVMRALLEN7 2010-01-14 20_22_54\Out" />
                    <Entry name="$AgentId" value="1" />
                    <Entry name="$AgentLoadDistributor" value="Microsoft.VisualStudio.TestTools.Execution.AgentLoadDistributor" />
                    <Entry name="$TestDir" value="C:\Users\rallen\Documents\Visual Studio 2008\Projects\GrabIt\TestResults\rallen_LVDVMRALLEN7 2010-01-14 20_22_54" />
                    <Entry name="$AgentWeighting" value="100" />
                    <Entry name="$WebTestIteration" value="1" />
                    <Entry name="$WebTestUserId" value="1" />
                  </Context>
                  <ValidationRuleResults>
                    <ValidationRuleResult message="Passed" ruleType="Validation" name="Response URL" />
                  </ValidationRuleResults>
                </WebRequestResult>
              </WebTestResultPage>
              <WebTestResultPage>
                <WebRequestResult exceptionMessage="" run="0" submitted="true" cached="false" isRedirectFollow="false" requestBodyBytesHandle="-2" responseBytesHandle="9">
                  <Request url="http://rad.msn.com/ADSAdClient31.dll?GetSAd=&amp;DPJS=4&amp;PN=MSFT&amp;PG=MSNSH3&amp;AP=1402" command="GET /ADSAdClient31.dll?GetSAd=&amp;DPJS=4&amp;PN=MSFT&amp;PG=MSNSH3&amp;AP=1402 HTTP/1.1" encoding="iso-8859-1">
                    <Headers>User-Agent : Mozilla/4.0 (compatible; MSIE 7.0; Windows NT 5.1)
Accept : */*
Accept-Language : en-US
Accept-Encoding : GZIP
Host : rad.msn.com
</Headers>
                  </Request>
                  <Response url="http://rad.msn.com/ADSAdClient31.dll?GetSAd=&amp;DPJS=4&amp;PN=MSFT&amp;PG=MSNSH3&amp;AP=1402" contentType="text/html; Charset=utf-8" statusLine="HTTP/1.1 200 OK" pageTime="0.067999999999999991" time="0.068" statusCodeString="200 OK" contentLength="1127">
                    <Headers>ntCoent-Length : 1127
Pragma : no-cache
Cache-Control : no-cache, must-revalidate
Content-Type : text/html; Charset=utf-8
Date : Fri, 15 Jan 2010 03:23:06 GMT
Expires : Fri, 01 Jan 1990 00:00:00 GMT
P3P : CP="BUS CUR CONo FIN IVDo ONL OUR PHY SAMo TELo"
Set-Cookie : FC00=FB=; expires=Sun, 15-Jan-2012 12:00:00 GMT; domain=.rad.msn.com; path=/; HttpOnly,FC01=FB=; expires=Sun, 15-Jan-2012 12:00:00 GMT; domain=.rad.msn.com; path=/; HttpOnly,FC02=FB=; expires=Sun, 15-Jan-2012 12:00:00 GMT; domain=.rad.msn.com; path=/; HttpOnly,FC03=FB=; expires=Sun, 15-Jan-2012 12:00:00 GMT; domain=.rad.msn.com; path=/; HttpOnly,FC04=FB=; expires=Sun, 15-Jan-2012 12:00:00 GMT; domain=.rad.msn.com; path=/; HttpOnly,FC05=FB=; expires=Sun, 15-Jan-2012 12:00:00 GMT; domain=.rad.msn.com; path=/; HttpOnly,FC06=FB=; expires=Sun, 15-Jan-2012 12:00:00 GMT; domain=.rad.msn.com; path=/; HttpOnly,FC07=FB=; expires=Sun, 15-Jan-2012 12:00:00 GMT; domain=.rad.msn.com; path=/; HttpOnly,FC08=FB=; expires=Sun, 15-Jan-2012 12:00:00 GMT; domain=.rad.msn.com; path=/; HttpOnly,FC09=FB=; expires=Sun, 15-Jan-2012 12:00:00 GMT; domain=.rad.msn.com; path=/; HttpOnly,MSNADS=UM=; expires=Sun, 01-Jan-2006 12:00:00 GMT; domain=.msn.com; path=/; HttpOnly
Server : Microsoft-IIS/6.0
X-Powered-By : ASP.NET
X-RADID : P6011358-T20178830-C1595491
Content-Encoding : gzip
Content-Length : 608
</Headers>
                  </Response>
                  <Context>
                    <Entry name="$TotalAgents" value="1" />
                    <Entry name="$ControllerName" value="LVDVMRALLEN7" />
                    <Entry name="$AgentName" value="LVDVMRALLEN7" />
                    <Entry name="$TestLogsDir" value="C:\Users\rallen\Documents\Visual Studio 2008\Projects\GrabIt\TestResults\rallen_LVDVMRALLEN7 2010-01-14 20_22_54\In\LVDVMRALLEN7" />
                    <Entry name="$TestDeploymentDir" value="C:\Users\rallen\Documents\Visual Studio 2008\Projects\GrabIt\TestResults\rallen_LVDVMRALLEN7 2010-01-14 20_22_54\Out" />
                    <Entry name="$AgentId" value="1" />
                    <Entry name="$AgentLoadDistributor" value="Microsoft.VisualStudio.TestTools.Execution.AgentLoadDistributor" />
                    <Entry name="$TestDir" value="C:\Users\rallen\Documents\Visual Studio 2008\Projects\GrabIt\TestResults\rallen_LVDVMRALLEN7 2010-01-14 20_22_54" />
                    <Entry name="$AgentWeighting" value="100" />
                    <Entry name="$WebTestIteration" value="1" />
                    <Entry name="$WebTestUserId" value="1" />
                  </Context>
                  <ValidationRuleResults>
                    <ValidationRuleResult message="Passed" ruleType="Validation" name="Response URL" />
                  </ValidationRuleResults>
                </WebRequestResult>
              </WebTestResultPage>
              <WebTestResultPage>
                <WebRequestResult exceptionMessage="" run="0" submitted="true" cached="false" isRedirectFollow="false" requestBodyBytesHandle="-2" responseBytesHandle="10">
                  <Request url="http://a.rad.msn.com/ADSAdClient31.dll?GetSAd=&amp;DPJS=4&amp;PN=MSFT&amp;PG=MSNSH4&amp;AP=1402" command="GET /ADSAdClient31.dll?GetSAd=&amp;DPJS=4&amp;PN=MSFT&amp;PG=MSNSH4&amp;AP=1402 HTTP/1.1" encoding="iso-8859-1">
                    <Headers>User-Agent : Mozilla/4.0 (compatible; MSIE 7.0; Windows NT 5.1)
Accept : */*
Accept-Language : en-US
Accept-Encoding : GZIP
Host : a.rad.msn.com
Cookie : FC00=FB=; FC01=FB=; FC02=FB=; FC03=FB=; FC04=FB=; FC05=FB=; FC06=FB=; FC07=FB=; FC08=FB=; FC09=FB=
</Headers>
                  </Request>
                  <Response url="http://a.rad.msn.com/ADSAdClient31.dll?GetSAd=&amp;DPJS=4&amp;PN=MSFT&amp;PG=MSNSH4&amp;AP=1402" contentType="text/html; Charset=utf-8" statusLine="HTTP/1.1 200 OK" pageTime="0.06699999999999999" time="0.067" statusCodeString="200 OK" contentLength="1143">
                    <Headers>Cteonnt-Length : 1143
Pragma : no-cache
X-RADID : P6888109-T20178831-C1639820
Content-Encoding : gzip
Content-Length : 619
Cache-Control : no-cache, must-revalidate
Content-Type : text/html; Charset=utf-8
Date : Fri, 15 Jan 2010 03:23:06 GMT
Expires : Fri, 01 Jan 1990 00:00:00 GMT
Server : Microsoft-IIS/6.0
</Headers>
                  </Response>
                  <Context>
                    <Entry name="$TotalAgents" value="1" />
                    <Entry name="$ControllerName" value="LVDVMRALLEN7" />
                    <Entry name="$AgentName" value="LVDVMRALLEN7" />
                    <Entry name="$TestLogsDir" value="C:\Users\rallen\Documents\Visual Studio 2008\Projects\GrabIt\TestResults\rallen_LVDVMRALLEN7 2010-01-14 20_22_54\In\LVDVMRALLEN7" />
                    <Entry name="$TestDeploymentDir" value="C:\Users\rallen\Documents\Visual Studio 2008\Projects\GrabIt\TestResults\rallen_LVDVMRALLEN7 2010-01-14 20_22_54\Out" />
                    <Entry name="$AgentId" value="1" />
                    <Entry name="$AgentLoadDistributor" value="Microsoft.VisualStudio.TestTools.Execution.AgentLoadDistributor" />
                    <Entry name="$TestDir" value="C:\Users\rallen\Documents\Visual Studio 2008\Projects\GrabIt\TestResults\rallen_LVDVMRALLEN7 2010-01-14 20_22_54" />
                    <Entry name="$AgentWeighting" value="100" />
                    <Entry name="$WebTestIteration" value="1" />
                    <Entry name="$WebTestUserId" value="1" />
                  </Context>
                  <ValidationRuleResults>
                    <ValidationRuleResult message="Passed" ruleType="Validation" name="Response URL" />
                  </ValidationRuleResults>
                </WebRequestResult>
              </WebTestResultPage>
              <WebTestResultPage>
                <WebRequestResult exceptionMessage="" run="0" submitted="true" cached="false" isRedirectFollow="false" requestBodyBytesHandle="-2" responseBytesHandle="11">
                  <Request url="http://b.rad.msn.com/ADSAdClient31.dll?GetSAd=&amp;DPJS=4&amp;PN=MSFT&amp;PG=MSNSUR&amp;AP=1402" command="GET /ADSAdClient31.dll?GetSAd=&amp;DPJS=4&amp;PN=MSFT&amp;PG=MSNSUR&amp;AP=1402 HTTP/1.1" encoding="iso-8859-1">
                    <Headers>User-Agent : Mozilla/4.0 (compatible; MSIE 7.0; Windows NT 5.1)
Accept : */*
Accept-Language : en-US
Accept-Encoding : GZIP
Host : b.rad.msn.com
Cookie : FC00=FB=; FC01=FB=; FC02=FB=; FC03=FB=; FC04=FB=; FC05=FB=; FC06=FB=; FC07=FB=; FC08=FB=; FC09=FB=
</Headers>
                  </Request>
                  <Response url="http://b.rad.msn.com/ADSAdClient31.dll?GetSAd=&amp;DPJS=4&amp;PN=MSFT&amp;PG=MSNSUR&amp;AP=1402" contentType="text/html; Charset=utf-8" statusLine="HTTP/1.1 200 OK" pageTime="0.067999999999999991" time="0.068" statusCodeString="200 OK" contentLength="403">
                    <Headers>ntCoent-Length : 403
Pragma : no-cache
X-RADID : P3782944-T8338642-C521263
Content-Encoding : gzip
Content-Length : 324
Cache-Control : no-cache, must-revalidate
Content-Type : text/html; Charset=utf-8
Date : Fri, 15 Jan 2010 03:23:06 GMT
Expires : Fri, 01 Jan 1990 00:00:00 GMT
P3P : CP="BUS CUR CONo FIN IVDo ONL OUR PHY SAMo TELo"
Server : Microsoft-IIS/6.0
X-Powered-By : ASP.NET
</Headers>
                  </Response>
                  <Context>
                    <Entry name="$TotalAgents" value="1" />
                    <Entry name="$ControllerName" value="LVDVMRALLEN7" />
                    <Entry name="$AgentName" value="LVDVMRALLEN7" />
                    <Entry name="$TestLogsDir" value="C:\Users\rallen\Documents\Visual Studio 2008\Projects\GrabIt\TestResults\rallen_LVDVMRALLEN7 2010-01-14 20_22_54\In\LVDVMRALLEN7" />
                    <Entry name="$TestDeploymentDir" value="C:\Users\rallen\Documents\Visual Studio 2008\Projects\GrabIt\TestResults\rallen_LVDVMRALLEN7 2010-01-14 20_22_54\Out" />
                    <Entry name="$AgentId" value="1" />
                    <Entry name="$AgentLoadDistributor" value="Microsoft.VisualStudio.TestTools.Execution.AgentLoadDistributor" />
                    <Entry name="$TestDir" value="C:\Users\rallen\Documents\Visual Studio 2008\Projects\GrabIt\TestResults\rallen_LVDVMRALLEN7 2010-01-14 20_22_54" />
                    <Entry name="$AgentWeighting" value="100" />
                    <Entry name="$WebTestIteration" value="1" />
                    <Entry name="$WebTestUserId" value="1" />
                  </Context>
                  <ValidationRuleResults>
                    <ValidationRuleResult message="Passed" ruleType="Validation" name="Response URL" />
                  </ValidationRuleResults>
                </WebRequestResult>
              </WebTestResultPage>
              <WebTestResultPage>
                <WebRequestResult exceptionMessage="" run="0" submitted="true" cached="false" isRedirectFollow="false" requestBodyBytesHandle="-2" responseBytesHandle="12">
                  <Request url="http://analytics.live.com/Sync.html?V=3525&amp;AQNT=1" command="GET /Sync.html?V=3525&amp;AQNT=1 HTTP/1.1" encoding="utf-8">
                    <Headers>User-Agent : Mozilla/4.0 (compatible; MSIE 7.0; Windows NT 5.1)
Accept : */*
Accept-Language : en-US
Accept-Encoding : GZIP
Host : analytics.live.com
Connection : Keep-Alive
</Headers>
                  </Request>
                  <Response url="http://analytics.live.com/Sync.html?V=3525&amp;AQNT=1" contentType="text/html" statusLine="HTTP/1.1 200 OK" pageTime="0.121" time="0.121" statusCodeString="200 OK" contentLength="607">
                    <Headers>ntCoent-Length : 607
Content-Encoding : gzip
Accept-Ranges : bytes
Content-Length : 358
Cache-Control : private,max-age=604800
Content-Type : text/html
Date : Fri, 15 Jan 2010 03:23:06 GMT
ETag : "eff9f76f28e8c91:87a"
Last-Modified : Mon, 08 Jun 2009 11:01:13 GMT
P3P : CP="BUS CUR CONo FIN IVDo ONL OUR PHY SAMo TELo", policyref="http://privacy.msn.com/w3c/p3p.xml"
Server : Microsoft-IIS/6.0
X-Powered-By : ASP.NET
</Headers>
                  </Response>
                  <Context>
                    <Entry name="$TotalAgents" value="1" />
                    <Entry name="$ControllerName" value="LVDVMRALLEN7" />
                    <Entry name="$AgentName" value="LVDVMRALLEN7" />
                    <Entry name="$TestLogsDir" value="C:\Users\rallen\Documents\Visual Studio 2008\Projects\GrabIt\TestResults\rallen_LVDVMRALLEN7 2010-01-14 20_22_54\In\LVDVMRALLEN7" />
                    <Entry name="$TestDeploymentDir" value="C:\Users\rallen\Documents\Visual Studio 2008\Projects\GrabIt\TestResults\rallen_LVDVMRALLEN7 2010-01-14 20_22_54\Out" />
                    <Entry name="$AgentId" value="1" />
                    <Entry name="$AgentLoadDistributor" value="Microsoft.VisualStudio.TestTools.Execution.AgentLoadDistributor" />
                    <Entry name="$TestDir" value="C:\Users\rallen\Documents\Visual Studio 2008\Projects\GrabIt\TestResults\rallen_LVDVMRALLEN7 2010-01-14 20_22_54" />
                    <Entry name="$AgentWeighting" value="100" />
                    <Entry name="$WebTestIteration" value="1" />
                    <Entry name="$WebTestUserId" value="1" />
                  </Context>
                  <ValidationRuleResults>
                    <ValidationRuleResult message="Passed" ruleType="Validation" name="Response URL" />
                  </ValidationRuleResults>
                </WebRequestResult>
              </WebTestResultPage>
              <WebTestResultPage>
                <WebRequestResult exceptionMessage="" run="0" submitted="true" cached="false" isRedirectFollow="false" requestBodyBytesHandle="-2" responseBytesHandle="13">
                  <Request url="http://analytics.msn.com/Include.html" command="GET /Include.html HTTP/1.1" encoding="utf-8">
                    <Headers>User-Agent : Mozilla/4.0 (compatible; MSIE 7.0; Windows NT 5.1)
Accept : */*
Accept-Language : en-US
Accept-Encoding : GZIP
Host : analytics.msn.com
Connection : Keep-Alive
</Headers>
                  </Request>
                  <Response url="http://analytics.msn.com/Include.html" contentType="text/html" statusLine="HTTP/1.1 200 OK" pageTime="0.12" time="0.12" statusCodeString="200 OK" contentLength="464">
                    <Headers>ntCoent-Length : 464
Content-Encoding : gzip
Accept-Ranges : bytes
Content-Length : 280
Cache-Control : private,max-age=604800
Content-Type : text/html
Date : Fri, 15 Jan 2010 03:23:06 GMT
ETag : "eff9f76f28e8c91:8b2"
Last-Modified : Mon, 08 Jun 2009 11:01:13 GMT
P3P : CP="BUS CUR CONo FIN IVDo ONL OUR PHY SAMo TELo", policyref="http://privacy.msn.com/w3c/p3p.xml"
Server : Microsoft-IIS/6.0
X-Powered-By : ASP.NET
</Headers>
                  </Response>
                  <Context>
                    <Entry name="$TotalAgents" value="1" />
                    <Entry name="$ControllerName" value="LVDVMRALLEN7" />
                    <Entry name="$AgentName" value="LVDVMRALLEN7" />
                    <Entry name="$TestLogsDir" value="C:\Users\rallen\Documents\Visual Studio 2008\Projects\GrabIt\TestResults\rallen_LVDVMRALLEN7 2010-01-14 20_22_54\In\LVDVMRALLEN7" />
                    <Entry name="$TestDeploymentDir" value="C:\Users\rallen\Documents\Visual Studio 2008\Projects\GrabIt\TestResults\rallen_LVDVMRALLEN7 2010-01-14 20_22_54\Out" />
                    <Entry name="$AgentId" value="1" />
                    <Entry name="$AgentLoadDistributor" value="Microsoft.VisualStudio.TestTools.Execution.AgentLoadDistributor" />
                    <Entry name="$TestDir" value="C:\Users\rallen\Documents\Visual Studio 2008\Projects\GrabIt\TestResults\rallen_LVDVMRALLEN7 2010-01-14 20_22_54" />
                    <Entry name="$AgentWeighting" value="100" />
                    <Entry name="$WebTestIteration" value="1" />
                    <Entry name="$WebTestUserId" value="1" />
                  </Context>
                  <ValidationRuleResults>
                    <ValidationRuleResult message="Passed" ruleType="Validation" name="Response URL" />
                  </ValidationRuleResults>
                </WebRequestResult>
              </WebTestResultPage>
              <WebTestResultPage>
                <WebRequestResult exceptionMessage="" run="0" submitted="true" cached="false" isRedirectFollow="false" requestBodyBytesHandle="-2" responseBytesHandle="14">
                  <Request url="http://74.8.243.133/" command="GET / HTTP/1.1" encoding="utf-8">
                    <Headers>User-Agent : Mozilla/4.0 (compatible; MSIE 7.0; Windows NT 5.1)
Accept : */*
Accept-Language : en-US
Accept-Encoding : GZIP
Host : 74.8.243.133
Connection : Keep-Alive
</Headers>
                  </Request>
                  <Response url="http://74.8.243.133/" contentType="text/html; charset=ISO-8859-1" statusLine="HTTP/1.1 200 OK" pageTime="0.257" time="0.257" statusCodeString="200 OK" contentLength="312">
                    <Headers>Keep-Alive : timeout=1800, max=10
Connection : Keep-Alive
Content-Length : 312
Content-Type : text/html; charset=ISO-8859-1
Date : Fri, 15 Jan 2010 03:23:22 GMT
Set-Cookie : &amp;WSCART=MDRT;Path=/;
Server : Apache
</Headers>
                  </Response>
                  <Context>
                    <Entry name="$TotalAgents" value="1" />
                    <Entry name="$ControllerName" value="LVDVMRALLEN7" />
                    <Entry name="$AgentName" value="LVDVMRALLEN7" />
                    <Entry name="$TestLogsDir" value="C:\Users\rallen\Documents\Visual Studio 2008\Projects\GrabIt\TestResults\rallen_LVDVMRALLEN7 2010-01-14 20_22_54\In\LVDVMRALLEN7" />
                    <Entry name="$TestDeploymentDir" value="C:\Users\rallen\Documents\Visual Studio 2008\Projects\GrabIt\TestResults\rallen_LVDVMRALLEN7 2010-01-14 20_22_54\Out" />
                    <Entry name="$AgentId" value="1" />
                    <Entry name="$AgentLoadDistributor" value="Microsoft.VisualStudio.TestTools.Execution.AgentLoadDistributor" />
                    <Entry name="$TestDir" value="C:\Users\rallen\Documents\Visual Studio 2008\Projects\GrabIt\TestResults\rallen_LVDVMRALLEN7 2010-01-14 20_22_54" />
                    <Entry name="$AgentWeighting" value="100" />
                    <Entry name="$WebTestIteration" value="1" />
                    <Entry name="$WebTestUserId" value="1" />
                    <Entry name="QueryStringParam4.WSIQTP" value="SY40F" />
                    <Entry name="QueryStringParam5.WSIQTP" value="SY40R" />
                  </Context>
                  <ValidationRuleResults>
                    <ValidationRuleResult message="Passed" ruleType="Validation" name="Response URL" />
                  </ValidationRuleResults>
                  <ExtractionRuleResults>
                    <ExtractionRuleResult message="Passed" ruleType="Extraction" name="Extract Text">
                      <RuleProperties>
                        <RuleProperty name="StartsWith" value="?WSIQTP=" />
                        <RuleProperty name="EndsWith" value="&quot;" />
                        <RuleProperty name="Index" value="0" />
                        <RuleProperty name="IgnoreCase" value="False" />
                        <RuleProperty name="UseRegularExpression" value="False" />
                        <RuleProperty name="HtmlDecode" value="True" />
                        <RuleProperty name="Required" value="False" />
                      </RuleProperties>
                    </ExtractionRuleResult>
                    <ExtractionRuleResult message="Passed" ruleType="Extraction" name="Extract Text">
                      <RuleProperties>
                        <RuleProperty name="StartsWith" value="?WSIQTP=" />
                        <RuleProperty name="EndsWith" value="&quot;" />
                        <RuleProperty name="Index" value="1" />
                        <RuleProperty name="IgnoreCase" value="False" />
                        <RuleProperty name="UseRegularExpression" value="False" />
                        <RuleProperty name="HtmlDecode" value="True" />
                        <RuleProperty name="Required" value="False" />
                      </RuleProperties>
                    </ExtractionRuleResult>
                  </ExtractionRuleResults>
                </WebRequestResult>
              </WebTestResultPage>
              <WebTestResultPage>
                <WebRequestResult exceptionMessage="" run="0" submitted="true" cached="false" isRedirectFollow="false" requestBodyBytesHandle="-2" responseBytesHandle="15">
                  <Request url="http://74.8.243.133/ALIS/WW400R.HTM?WSIQTP=SY40F" command="GET /ALIS/WW400R.HTM?WSIQTP=SY40F HTTP/1.1" encoding="utf-8">
                    <Headers>User-Agent : Mozilla/4.0 (compatible; MSIE 7.0; Windows NT 5.1)
Accept : */*
Accept-Language : en-US
Accept-Encoding : GZIP
Host : 74.8.243.133
Cookie : &amp;WSCART=MDRT
</Headers>
                  </Request>
                  <Response url="http://74.8.243.133/ALIS/WW400R.HTM?WSIQTP=SY40F" contentType="text/html; charset=ISO-8859-1" statusLine="HTTP/1.1 200 OK" pageTime="0.79099999999999993" time="0.791" statusCodeString="200 OK" contentLength="2664">
                    <Headers>Content-Length : 2664
Content-Type : text/html; charset=ISO-8859-1
Date : Fri, 15 Jan 2010 03:23:23 GMT
Set-Cookie : &amp;WSCART=;Path=/;
Server : Apache
</Headers>
                  </Response>
                  <Context>
                    <Entry name="$TotalAgents" value="1" />
                    <Entry name="$ControllerName" value="LVDVMRALLEN7" />
                    <Entry name="$AgentName" value="LVDVMRALLEN7" />
                    <Entry name="$TestLogsDir" value="C:\Users\rallen\Documents\Visual Studio 2008\Projects\GrabIt\TestResults\rallen_LVDVMRALLEN7 2010-01-14 20_22_54\In\LVDVMRALLEN7" />
                    <Entry name="$TestDeploymentDir" value="C:\Users\rallen\Documents\Visual Studio 2008\Projects\GrabIt\TestResults\rallen_LVDVMRALLEN7 2010-01-14 20_22_54\Out" />
                    <Entry name="$AgentId" value="1" />
                    <Entry name="$AgentLoadDistributor" value="Microsoft.VisualStudio.TestTools.Execution.AgentLoadDistributor" />
                    <Entry name="$TestDir" value="C:\Users\rallen\Documents\Visual Studio 2008\Projects\GrabIt\TestResults\rallen_LVDVMRALLEN7 2010-01-14 20_22_54" />
                    <Entry name="$AgentWeighting" value="100" />
                    <Entry name="$WebTestIteration" value="1" />
                    <Entry name="$WebTestUserId" value="1" />
                    <Entry name="QueryStringParam4.WSIQTP" value="SY40F" />
                    <Entry name="QueryStringParam5.WSIQTP" value="SY40R" />
                    <Entry name="QueryStringParam3.WSIQTP" value="SY40L" />
                  </Context>
                  <ValidationRuleResults>
                    <ValidationRuleResult message="Passed" ruleType="Validation" name="Response URL" />
                  </ValidationRuleResults>
                  <ExtractionRuleResults>
                    <ExtractionRuleResult message="Passed" ruleType="Extraction" name="Extract Text">
                      <RuleProperties>
                        <RuleProperty name="StartsWith" value="?WSIQTP=" />
                        <RuleProperty name="EndsWith" value="&quot;" />
                        <RuleProperty name="Index" value="0" />
                        <RuleProperty name="IgnoreCase" value="False" />
                        <RuleProperty name="UseRegularExpression" value="False" />
                        <RuleProperty name="HtmlDecode" value="True" />
                        <RuleProperty name="Required" value="False" />
                      </RuleProperties>
                    </ExtractionRuleResult>
                  </ExtractionRuleResults>
                </WebRequestResult>
              </WebTestResultPage>
              <WebTestResultPage>
                <WebRequestResult exceptionMessage="" run="0" submitted="true" cached="false" isRedirectFollow="false" requestBodyBytesHandle="-2" responseBytesHandle="16">
                  <Request url="http://74.8.243.133/ALIS/WW400R.HTM?WSIQTP=SY40R" command="GET /ALIS/WW400R.HTM?WSIQTP=SY40R HTTP/1.1" encoding="utf-8">
                    <Headers>User-Agent : Mozilla/4.0 (compatible; MSIE 7.0; Windows NT 5.1)
Accept : */*
Accept-Language : en-US
Accept-Encoding : GZIP
Host : 74.8.243.133
Cookie : &amp;WSCART=
</Headers>
                  </Request>
                  <Response url="http://74.8.243.133/ALIS/WW400R.HTM?WSIQTP=SY40R" contentType="text/html; charset=ISO-8859-1" statusLine="HTTP/1.1 200 OK" pageTime="1.107" time="1.107" statusCodeString="200 OK" contentLength="5344">
                    <Headers>Content-Length : 5344
Content-Type : text/html; charset=ISO-8859-1
Date : Fri, 15 Jan 2010 03:23:23 GMT
Set-Cookie : &amp;WSCART=MDRU;Path=/;
Server : Apache
</Headers>
                  </Response>
                  <Context>
                    <Entry name="$TotalAgents" value="1" />
                    <Entry name="$ControllerName" value="LVDVMRALLEN7" />
                    <Entry name="$AgentName" value="LVDVMRALLEN7" />
                    <Entry name="$TestLogsDir" value="C:\Users\rallen\Documents\Visual Studio 2008\Projects\GrabIt\TestResults\rallen_LVDVMRALLEN7 2010-01-14 20_22_54\In\LVDVMRALLEN7" />
                    <Entry name="$TestDeploymentDir" value="C:\Users\rallen\Documents\Visual Studio 2008\Projects\GrabIt\TestResults\rallen_LVDVMRALLEN7 2010-01-14 20_22_54\Out" />
                    <Entry name="$AgentId" value="1" />
                    <Entry name="$AgentLoadDistributor" value="Microsoft.VisualStudio.TestTools.Execution.AgentLoadDistributor" />
                    <Entry name="$TestDir" value="C:\Users\rallen\Documents\Visual Studio 2008\Projects\GrabIt\TestResults\rallen_LVDVMRALLEN7 2010-01-14 20_22_54" />
                    <Entry name="$AgentWeighting" value="100" />
                    <Entry name="$WebTestIteration" value="1" />
                    <Entry name="$WebTestUserId" value="1" />
                    <Entry name="QueryStringParam4.WSIQTP" value="SY40F" />
                    <Entry name="QueryStringParam5.WSIQTP" value="SY40R" />
                    <Entry name="QueryStringParam3.WSIQTP" value="SY40L" />
                  </Context>
                  <ValidationRuleResults>
                    <ValidationRuleResult message="Passed" ruleType="Validation" name="Response URL" />
                  </ValidationRuleResults>
                </WebRequestResult>
              </WebTestResultPage>
              <WebTestResultPage>
                <WebRequestResult exceptionMessage="" run="0" submitted="true" cached="false" isRedirectFollow="false" requestBodyBytesHandle="-2" responseBytesHandle="17">
                  <Request url="http://74.8.243.133/html/FITCHBRG/NoticeA.htm" command="GET /html/FITCHBRG/NoticeA.htm HTTP/1.1" encoding="utf-8">
                    <Headers>User-Agent : Mozilla/4.0 (compatible; MSIE 7.0; Windows NT 5.1)
Accept : */*
Accept-Language : en-US
Accept-Encoding : GZIP
Host : 74.8.243.133
Cookie : &amp;WSCART=MDRU
</Headers>
                  </Request>
                  <Response url="http://74.8.243.133/html/FITCHBRG/NoticeA.htm" contentType="text/html; charset=us-ascii" statusLine="HTTP/1.1 200 OK" pageTime="0.13999999999999999" time="0.14" statusCodeString="200 OK" contentLength="4495">
                    <Headers>Accept-Ranges : bytes
Content-Length : 4495
Content-Type : text/html; charset=windows-1252
Date : Fri, 15 Jan 2010 03:23:24 GMT
ETag : "5eabd-118f-adf31d00"
Last-Modified : Tue, 12 Jan 2010 13:32:04 GMT
Server : Apache
</Headers>
                  </Response>
                  <Context>
                    <Entry name="$TotalAgents" value="1" />
                    <Entry name="$ControllerName" value="LVDVMRALLEN7" />
                    <Entry name="$AgentName" value="LVDVMRALLEN7" />
                    <Entry name="$TestLogsDir" value="C:\Users\rallen\Documents\Visual Studio 2008\Projects\GrabIt\TestResults\rallen_LVDVMRALLEN7 2010-01-14 20_22_54\In\LVDVMRALLEN7" />
                    <Entry name="$TestDeploymentDir" value="C:\Users\rallen\Documents\Visual Studio 2008\Projects\GrabIt\TestResults\rallen_LVDVMRALLEN7 2010-01-14 20_22_54\Out" />
                    <Entry name="$AgentId" value="1" />
                    <Entry name="$AgentLoadDistributor" value="Microsoft.VisualStudio.TestTools.Execution.AgentLoadDistributor" />
                    <Entry name="$TestDir" value="C:\Users\rallen\Documents\Visual Studio 2008\Projects\GrabIt\TestResults\rallen_LVDVMRALLEN7 2010-01-14 20_22_54" />
                    <Entry name="$AgentWeighting" value="100" />
                    <Entry name="$WebTestIteration" value="1" />
                    <Entry name="$WebTestUserId" value="1" />
                    <Entry name="QueryStringParam4.WSIQTP" value="SY40F" />
                    <Entry name="QueryStringParam5.WSIQTP" value="SY40R" />
                    <Entry name="QueryStringParam3.WSIQTP" value="SY40L" />
                  </Context>
                  <ValidationRuleResults>
                    <ValidationRuleResult message="Passed" ruleType="Validation" name="Response URL" />
                  </ValidationRuleResults>
                </WebRequestResult>
              </WebTestResultPage>
              <WebTestResultPage>
                <WebRequestResult exceptionMessage="" run="0" submitted="true" cached="false" isRedirectFollow="false" requestBodyBytesHandle="-2" responseBytesHandle="18">
                  <Request url="http://74.8.243.133/favicon.ico" command="GET /favicon.ico HTTP/1.1" encoding="iso-8859-1">
                    <Headers>User-Agent : Mozilla/4.0 (compatible; MSIE 7.0; Windows NT 5.1)
Accept : */*
Accept-Language : en-US
Accept-Encoding : GZIP
Host : 74.8.243.133
Cookie : &amp;WSCART=MDRU
</Headers>
                  </Request>
                  <Response url="http://74.8.243.133/favicon.ico" contentType="text/html; charset=ISO-8859-1" statusLine="HTTP/1.1 404 Not Found" pageTime="0.068999999999999992" time="0.069" statusCodeString="404 Not Found" contentLength="209">
                    <Headers>Content-Length : 209
Content-Type : text/html; charset=ISO-8859-1
Date : Fri, 15 Jan 2010 03:23:25 GMT
Server : Apache
</Headers>
                  </Response>
                  <Context>
                    <Entry name="$TotalAgents" value="1" />
                    <Entry name="$ControllerName" value="LVDVMRALLEN7" />
                    <Entry name="$AgentName" value="LVDVMRALLEN7" />
                    <Entry name="$TestLogsDir" value="C:\Users\rallen\Documents\Visual Studio 2008\Projects\GrabIt\TestResults\rallen_LVDVMRALLEN7 2010-01-14 20_22_54\In\LVDVMRALLEN7" />
                    <Entry name="$TestDeploymentDir" value="C:\Users\rallen\Documents\Visual Studio 2008\Projects\GrabIt\TestResults\rallen_LVDVMRALLEN7 2010-01-14 20_22_54\Out" />
                    <Entry name="$AgentId" value="1" />
                    <Entry name="$AgentLoadDistributor" value="Microsoft.VisualStudio.TestTools.Execution.AgentLoadDistributor" />
                    <Entry name="$TestDir" value="C:\Users\rallen\Documents\Visual Studio 2008\Projects\GrabIt\TestResults\rallen_LVDVMRALLEN7 2010-01-14 20_22_54" />
                    <Entry name="$AgentWeighting" value="100" />
                    <Entry name="$WebTestIteration" value="1" />
                    <Entry name="$WebTestUserId" value="1" />
                    <Entry name="QueryStringParam4.WSIQTP" value="SY40F" />
                    <Entry name="QueryStringParam5.WSIQTP" value="SY40R" />
                    <Entry name="QueryStringParam3.WSIQTP" value="SY40L" />
                  </Context>
                  <Errors>
                    <Error type="HttpError" subType="404 - NotFound" text="404 - NotFound" time="2010-01-14T20:23:08.5493036-07:00" />
                  </Errors>
                  <ValidationRuleResults>
                    <ValidationRuleResult message="Passed" ruleType="Validation" name="Response URL" />
                  </ValidationRuleResults>
                </WebRequestResult>
              </WebTestResultPage>
              <WebTestResultPage>
                <WebRequestResult exceptionMessage="" run="0" submitted="true" cached="false" isRedirectFollow="false" requestBodyBytesHandle="-2" responseBytesHandle="19">
                  <Request url="http://74.8.243.133/ALIS/WW400R.HTM?WSIQTP=SY40L" command="GET /ALIS/WW400R.HTM?WSIQTP=SY40L HTTP/1.1" encoding="iso-8859-1">
                    <Headers>User-Agent : Mozilla/4.0 (compatible; MSIE 7.0; Windows NT 5.1)
Accept : */*
Accept-Language : en-US
Accept-Encoding : GZIP
Host : 74.8.243.133
Cookie : &amp;WSCART=MDRU
</Headers>
                  </Request>
                  <Response url="http://74.8.243.133/ALIS/WW400R.HTM?WSIQTP=SY40L" contentType="text/html; charset=ISO-8859-1" statusLine="HTTP/1.1 200 OK" pageTime="0.637" time="0.637" statusCodeString="200 OK" contentLength="2755">
                    <Headers>Content-Length : 2755
Content-Type : text/html; charset=ISO-8859-1
Date : Fri, 15 Jan 2010 03:23:25 GMT
Set-Cookie : &amp;WSCART=MDRU;Path=/;
Server : Apache
</Headers>
                  </Response>
                  <Context>
                    <Entry name="$TotalAgents" value="1" />
                    <Entry name="$ControllerName" value="LVDVMRALLEN7" />
                    <Entry name="$AgentName" value="LVDVMRALLEN7" />
                    <Entry name="$TestLogsDir" value="C:\Users\rallen\Documents\Visual Studio 2008\Projects\GrabIt\TestResults\rallen_LVDVMRALLEN7 2010-01-14 20_22_54\In\LVDVMRALLEN7" />
                    <Entry name="$TestDeploymentDir" value="C:\Users\rallen\Documents\Visual Studio 2008\Projects\GrabIt\TestResults\rallen_LVDVMRALLEN7 2010-01-14 20_22_54\Out" />
                    <Entry name="$AgentId" value="1" />
                    <Entry name="$AgentLoadDistributor" value="Microsoft.VisualStudio.TestTools.Execution.AgentLoadDistributor" />
                    <Entry name="$TestDir" value="C:\Users\rallen\Documents\Visual Studio 2008\Projects\GrabIt\TestResults\rallen_LVDVMRALLEN7 2010-01-14 20_22_54" />
                    <Entry name="$AgentWeighting" value="100" />
                    <Entry name="$WebTestIteration" value="1" />
                    <Entry name="$WebTestUserId" value="1" />
                    <Entry name="QueryStringParam4.WSIQTP" value="SY40F" />
                    <Entry name="QueryStringParam5.WSIQTP" value="SY40R" />
                    <Entry name="QueryStringParam3.WSIQTP" value="SY40L" />
                    <Entry name="QueryStringParam1.WSIQTP" value="LR09D" />
                    <Entry name="QueryStringParam2.WSKYCD" value="E" />
                  </Context>
                  <ValidationRuleResults>
                    <ValidationRuleResult message="Passed" ruleType="Validation" name="Response URL" />
                  </ValidationRuleResults>
                  <ExtractionRuleResults>
                    <ExtractionRuleResult message="Passed" ruleType="Extraction" name="Extract Text">
                      <RuleProperties>
                        <RuleProperty name="StartsWith" value="?WSIQTP=" />
                        <RuleProperty name="EndsWith" value="&amp;" />
                        <RuleProperty name="Index" value="4" />
                        <RuleProperty name="IgnoreCase" value="False" />
                        <RuleProperty name="UseRegularExpression" value="False" />
                        <RuleProperty name="HtmlDecode" value="True" />
                        <RuleProperty name="Required" value="False" />
                      </RuleProperties>
                    </ExtractionRuleResult>
                    <ExtractionRuleResult message="Passed" ruleType="Extraction" name="Extract Text">
                      <RuleProperties>
                        <RuleProperty name="StartsWith" value="&amp;WSKYCD=" />
                        <RuleProperty name="EndsWith" value="&quot;" />
                        <RuleProperty name="Index" value="4" />
                        <RuleProperty name="IgnoreCase" value="False" />
                        <RuleProperty name="UseRegularExpression" value="False" />
                        <RuleProperty name="HtmlDecode" value="True" />
                        <RuleProperty name="Required" value="False" />
                      </RuleProperties>
                    </ExtractionRuleResult>
                  </ExtractionRuleResults>
                </WebRequestResult>
              </WebTestResultPage>
              <WebTestResultPage>
                <WebRequestResult exceptionMessage="" run="0" submitted="true" cached="false" isRedirectFollow="false" requestBodyBytesHandle="-2" responseBytesHandle="20">
                  <Request url="http://74.8.243.133/ALIS/WW400R.HTM?WSIQTP=LR09D&amp;WSKYCD=E" command="GET /ALIS/WW400R.HTM?WSIQTP=LR09D&amp;WSKYCD=E HTTP/1.1" encoding="iso-8859-1">
                    <Headers>User-Agent : Mozilla/4.0 (compatible; MSIE 7.0; Windows NT 5.1)
Accept : */*
Accept-Language : en-US
Accept-Encoding : GZIP
Host : 74.8.243.133
Cookie : &amp;WSCART=MDRU
</Headers>
                  </Request>
                  <Response url="http://74.8.243.133/ALIS/WW400R.HTM?WSIQTP=LR09D&amp;WSKYCD=E" contentType="text/html; charset=ISO-8859-1" statusLine="HTTP/1.1 200 OK" pageTime="1.287" time="1.287" statusCodeString="200 OK" contentLength="10181">
                    <Headers>Content-Length : 10181
Content-Type : text/html; charset=ISO-8859-1
Date : Fri, 15 Jan 2010 03:23:25 GMT
Set-Cookie : &amp;WSCART=MDRU;Path=/;
Server : Apache
</Headers>
                  </Response>
                  <Context>
                    <Entry name="$TotalAgents" value="1" />
                    <Entry name="$ControllerName" value="LVDVMRALLEN7" />
                    <Entry name="$AgentName" value="LVDVMRALLEN7" />
                    <Entry name="$TestLogsDir" value="C:\Users\rallen\Documents\Visual Studio 2008\Projects\GrabIt\TestResults\rallen_LVDVMRALLEN7 2010-01-14 20_22_54\In\LVDVMRALLEN7" />
                    <Entry name="$TestDeploymentDir" value="C:\Users\rallen\Documents\Visual Studio 2008\Projects\GrabIt\TestResults\rallen_LVDVMRALLEN7 2010-01-14 20_22_54\Out" />
                    <Entry name="$AgentId" value="1" />
                    <Entry name="$AgentLoadDistributor" value="Microsoft.VisualStudio.TestTools.Execution.AgentLoadDistributor" />
                    <Entry name="$TestDir" value="C:\Users\rallen\Documents\Visual Studio 2008\Projects\GrabIt\TestResults\rallen_LVDVMRALLEN7 2010-01-14 20_22_54" />
                    <Entry name="$AgentWeighting" value="100" />
                    <Entry name="$WebTestIteration" value="1" />
                    <Entry name="$WebTestUserId" value="1" />
                    <Entry name="QueryStringParam4.WSIQTP" value="SY40F" />
                    <Entry name="QueryStringParam5.WSIQTP" value="SY40R" />
                    <Entry name="QueryStringParam3.WSIQTP" value="SY40L" />
                    <Entry name="QueryStringParam1.WSIQTP" value="LR09D" />
                    <Entry name="QueryStringParam2.WSKYCD" value="E" />
                    <Entry name="$HIDDEN1.WSHTNM" value="WW413R00" />
                    <Entry name="$HIDDEN1.WSIQTP" value="LR13A" />
                    <Entry name="$HIDDEN1.WSKYCD" value="E" />
                    <Entry name="$HIDDEN1" value="System.String[]" />
                    <Entry name="FormPostParam1.W9FDTA" value="01142010" />
                    <Entry name="FormPostParam2.W9TDTA" value="01142010" />
                    <Entry name="FormPostParam3.W9ABR" value="*ALL" />
                    <Entry name="FormPostParam4.W9TOWN" value="*ALL" />
                  </Context>
                  <ValidationRuleResults>
                    <ValidationRuleResult message="Passed" ruleType="Validation" name="Response URL" />
                  </ValidationRuleResults>
                  <ExtractionRuleResults>
                    <ExtractionRuleResult message="Passed" ruleType="Extraction" name="Extract Hidden Fields">
                      <RuleProperties>
                        <RuleProperty name="Required" value="True" />
                        <RuleProperty name="HtmlDecode" value="True" />
                      </RuleProperties>
                    </ExtractionRuleResult>
                    <ExtractionRuleResult message="Passed" ruleType="Extraction" name="Extract Form Field">
                      <RuleProperties>
                        <RuleProperty name="Name" value="W9FDTA" />
                        <RuleProperty name="HtmlDecode" value="True" />
                        <RuleProperty name="Required" value="False" />
                      </RuleProperties>
                    </ExtractionRuleResult>
                    <ExtractionRuleResult message="Passed" ruleType="Extraction" name="Extract Form Field">
                      <RuleProperties>
                        <RuleProperty name="Name" value="W9TDTA" />
                        <RuleProperty name="HtmlDecode" value="True" />
                        <RuleProperty name="Required" value="False" />
                      </RuleProperties>
                    </ExtractionRuleResult>
                    <ExtractionRuleResult message="Passed" ruleType="Extraction" name="Extract Text">
                      <RuleProperties>
                        <RuleProperty name="StartsWith" value="lue=&quot;" />
                        <RuleProperty name="EndsWith" value="&quot;&gt;*Al" />
                        <RuleProperty name="Index" value="0" />
                        <RuleProperty name="IgnoreCase" value="False" />
                        <RuleProperty name="UseRegularExpression" value="False" />
                        <RuleProperty name="HtmlDecode" value="True" />
                        <RuleProperty name="Required" value="False" />
                      </RuleProperties>
                    </ExtractionRuleResult>
                    <ExtractionRuleResult message="Passed" ruleType="Extraction" name="Extract Text">
                      <RuleProperties>
                        <RuleProperty name="StartsWith" value="lue=&quot;" />
                        <RuleProperty name="EndsWith" value="&quot;&gt;*Al" />
                        <RuleProperty name="Index" value="0" />
                        <RuleProperty name="IgnoreCase" value="False" />
                        <RuleProperty name="UseRegularExpression" value="False" />
                        <RuleProperty name="HtmlDecode" value="True" />
                        <RuleProperty name="Required" value="False" />
                      </RuleProperties>
                    </ExtractionRuleResult>
                  </ExtractionRuleResults>
                </WebRequestResult>
              </WebTestResultPage>
              <WebTestResultPage>
                <WebRequestResult exceptionMessage="" run="0" submitted="true" cached="false" isRedirectFollow="false" requestBodyBytesHandle="21" responseBytesHandle="22">
                  <Request url="http://74.8.243.133/ALIS/WW400R.HTM" command="POST /ALIS/WW400R.HTM HTTP/1.1" contentType="application/x-www-form-urlencoded" encoding="iso-8859-1">
                    <Headers>User-Agent : Mozilla/4.0 (compatible; MSIE 7.0; Windows NT 5.1)
Accept : */*
Accept-Language : en-US
Accept-Encoding : GZIP
Content-Type : application/x-www-form-urlencoded
Host : 74.8.243.133
Cookie : &amp;WSCART=MDRU
Content-Length : 110
Expect : 100-continue
</Headers>
                  </Request>
                  <Response url="http://74.8.243.133/ALIS/WW400R.HTM" contentType="text/html; charset=ISO-8859-1" statusLine="HTTP/1.1 200 OK" pageTime="2.2809999999999997" time="2.281" statusCodeString="200 OK" contentLength="11498">
                    <Headers>Content-Length : 11498
Content-Type : text/html; charset=ISO-8859-1
Date : Fri, 15 Jan 2010 03:23:27 GMT
Set-Cookie : &amp;WSCART=MDRU;Path=/;
Server : Apache
</Headers>
                  </Response>
                  <Context>
                    <Entry name="$TotalAgents" value="1" />
                    <Entry name="$ControllerName" value="LVDVMRALLEN7" />
                    <Entry name="$AgentName" value="LVDVMRALLEN7" />
                    <Entry name="$TestLogsDir" value="C:\Users\rallen\Documents\Visual Studio 2008\Projects\GrabIt\TestResults\rallen_LVDVMRALLEN7 2010-01-14 20_22_54\In\LVDVMRALLEN7" />
                    <Entry name="$TestDeploymentDir" value="C:\Users\rallen\Documents\Visual Studio 2008\Projects\GrabIt\TestResults\rallen_LVDVMRALLEN7 2010-01-14 20_22_54\Out" />
                    <Entry name="$AgentId" value="1" />
                    <Entry name="$AgentLoadDistributor" value="Microsoft.VisualStudio.TestTools.Execution.AgentLoadDistributor" />
                    <Entry name="$TestDir" value="C:\Users\rallen\Documents\Visual Studio 2008\Projects\GrabIt\TestResults\rallen_LVDVMRALLEN7 2010-01-14 20_22_54" />
                    <Entry name="$AgentWeighting" value="100" />
                    <Entry name="$WebTestIteration" value="1" />
                    <Entry name="$WebTestUserId" value="1" />
                    <Entry name="QueryStringParam4.WSIQTP" value="SY40F" />
                    <Entry name="QueryStringParam5.WSIQTP" value="SY40R" />
                    <Entry name="QueryStringParam3.WSIQTP" value="SY40L" />
                    <Entry name="QueryStringParam1.WSIQTP" value="LR09D" />
                    <Entry name="QueryStringParam2.WSKYCD" value="E" />
                    <Entry name="$HIDDEN1.WSHTNM" value="WW413R00" />
                    <Entry name="$HIDDEN1.WSIQTP" value="LR13A" />
                    <Entry name="$HIDDEN1.WSKYCD" value="E" />
                    <Entry name="$HIDDEN1" value="System.String[]" />
                    <Entry name="FormPostParam1.W9FDTA" value="01142010" />
                    <Entry name="FormPostParam2.W9TDTA" value="01142010" />
                    <Entry name="FormPostParam3.W9ABR" value="*ALL" />
                    <Entry name="FormPostParam4.W9TOWN" value="*ALL" />
                  </Context>
                  <ValidationRuleResults>
                    <ValidationRuleResult message="Passed" ruleType="Validation" name="Response URL" />
                  </ValidationRuleResults>
                </WebRequestResult>
              </WebTestResultPage>
            </WebTestResultGroup>
          </WebTestResultIteration>
        </WebTestResultIterations>
      </WebTestResultDetails>
    </WebTestResult>
  </Results>
</TestRun>