<?xml version="1.0" encoding="UTF-8"?>
<TestRun id="f04dd6d8-4485-4694-b556-19f4b65ba928" name="rallen@LVDVMRALLEN7 2010-01-14 21:22:10" runUser="CORP\rallen" xmlns="http://microsoft.com/schemas/VisualStudio/TeamTest/2006">
  <TestRunConfiguration name="Local Test Run" id="215124b6-1c93-4e55-bd73-958b00a34403">
    <Description>This is a default test run configuration for a local test run.</Description>
    <Deployment runDeploymentRoot="C:\Users\rallen\Documents\Visual Studio 2008\Projects\GrabIt\TestResults\rallen_LVDVMRALLEN7 2010-01-14 21_22_10" />
    <TestTypeSpecific />
  </TestRunConfiguration>
  <ResultSummary outcome="Error">
    <Counters total="2" executed="1" error="0" failed="0" timeout="0" aborted="1" inconclusive="0" passedButRunAborted="0" notRunnable="0" notExecuted="1" disconnected="0" warning="0" passed="0" completed="0" inProgress="0" pending="0" />
    <RunInfos>
      <RunInfo computerName="LVDVMRALLEN7" outcome="Error" timestamp="2010-01-14T21:23:00.4593016-07:00">
        <Text>Test host process exited unexpectedly.</Text>
      </RunInfo>
    </RunInfos>
  </ResultSummary>
  <Times creation="2010-01-14T21:22:10.9122911-07:00" queuing="2010-01-14T21:22:13.0004580-07:00" start="2010-01-14T21:22:13.3591014-07:00" finish="2010-01-14T21:23:00.4593016-07:00" />
  <TestDefinitions>
    <CodedWebTest name="WebTest1Coded" storage="c:\users\rallen\documents\visual studio 2008\projects\grabit\grabit_tests\bin\debug\grabit_tests.dll" id="5e298435-7844-533a-b9d9-4550cbeaf1b5">
      <Css projectStructure="" iteration="" />
      <Owners>
        <Owner name="" />
      </Owners>
      <Execution id="cc14ca68-ee41-417b-b7e7-b41087700a92" />
      <WebTestClass assembly="grabit_tests" namespace="grabit_tests" class="WebTest1Coded" />
    </CodedWebTest>
    <WebTest name="WebTest1" storage="c:\users\rallen\documents\visual studio 2008\projects\grabit\grabit_tests\webtest1.webtest" id="cf63c8d7-fbbe-4ef2-87a9-4c414c1aeb9d" persistedWebTest="77u/PD94bWwgdmVyc2lvbj0iMS4wIiBlbmNvZGluZz0iVVRGLTgiIHN0YW5kYWxvbmU9InllcyI/Pg0KPFdlYlRlc3QgTmFtZT0iV2ViVGVzdDEiIElkPSJjZjYzYzhkNy1mYmJlLTRlZjItODdhOS00YzQxNGMxYWViOWQiIE93bmVyPSIiIFByaW9yaXR5PSIwIiBFbmFibGVkPSJUcnVlIiBDc3NQcm9qZWN0U3RydWN0dXJlPSIiIENzc0l0ZXJhdGlvbj0iIiBUaW1lb3V0PSIwIiBXb3JrSXRlbUlkcz0iIiB4bWxucz0iaHR0cDovL21pY3Jvc29mdC5jb20vc2NoZW1hcy9WaXN1YWxTdHVkaW8vVGVhbVRlc3QvMjAwNiIgRGVzY3JpcHRpb249IiIgQ3JlZGVudGlhbFVzZXJOYW1lPSIiIENyZWRlbnRpYWxQYXNzd29yZD0iIiBQcmVBdXRoZW50aWNhdGU9IlRydWUiIFByb3h5PSIiIFN0b3BPbkVycm9yPSJGYWxzZSI+DQogIDxJdGVtcz4NCiAgICA8UmVxdWVzdCBNZXRob2Q9IkdFVCIgVmVyc2lvbj0iMS4xIiBVcmw9Imh0dHA6Ly9yYWQubXNuLmNvbS9BRFNBZENsaWVudDMxLmRsbCIgVGhpbmtUaW1lPSIwIiBUaW1lb3V0PSIzMDAiIFBhcnNlRGVwZW5kZW50UmVxdWVzdHM9IlRydWUiIEZvbGxvd1JlZGlyZWN0cz0iVHJ1ZSIgUmVjb3JkUmVzdWx0PSJUcnVlIiBDYWNoZT0iRmFsc2UiIFJlc3BvbnNlVGltZUdvYWw9IjAiIEVuY29kaW5nPSJpc28tODg1OS0xIiBFeHBlY3RlZEh0dHBTdGF0dXNDb2RlPSIwIiBFeHBlY3RlZFJlc3BvbnNlVXJsPSIiPg0KICAgICAgPFF1ZXJ5U3RyaW5nUGFyYW1ldGVycz4NCiAgICAgICAgPFF1ZXJ5U3RyaW5nUGFyYW1ldGVyIE5hbWU9IkdldFNBZCIgVmFsdWU9IiIgUmVjb3JkZWRWYWx1ZT0iIiBDb3JyZWxhdGlvbkJpbmRpbmc9IiIgVXJsRW5jb2RlPSJGYWxzZSIgVXNlVG9Hcm91cFJlc3VsdHM9IkZhbHNlIiAvPg0KICAgICAgICA8UXVlcnlTdHJpbmdQYXJhbWV0ZXIgTmFtZT0iRFBKUyIgVmFsdWU9IjQiIFJlY29yZGVkVmFsdWU9IjQiIENvcnJlbGF0aW9uQmluZGluZz0iIiBVcmxFbmNvZGU9IkZhbHNlIiBVc2VUb0dyb3VwUmVzdWx0cz0iRmFsc2UiIC8+DQogICAgICAgIDxRdWVyeVN0cmluZ1BhcmFtZXRlciBOYW1lPSJQTiIgVmFsdWU9Ik1TRlQiIFJlY29yZGVkVmFsdWU9Ik1TRlQiIENvcnJlbGF0aW9uQmluZGluZz0iIiBVcmxFbmNvZGU9IkZhbHNlIiBVc2VUb0dyb3VwUmVzdWx0cz0iRmFsc2UiIC8+DQogICAgICAgIDxRdWVyeVN0cmluZ1BhcmFtZXRlciBOYW1lPSJQRyIgVmFsdWU9Ik1TTjlVVCIgUmVjb3JkZWRWYWx1ZT0iTVNOOVVUIiBDb3JyZWxhdGlvbkJpbmRpbmc9IiIgVXJsRW5jb2RlPSJGYWxzZSIgVXNlVG9Hcm91cFJlc3VsdHM9IkZhbHNlIiAvPg0KICAgICAgICA8UXVlcnlTdHJpbmdQYXJhbWV0ZXIgTmFtZT0iQVAiIFZhbHVlPSIxNDAyIiBSZWNvcmRlZFZhbHVlPSIxNDAyIiBDb3JyZWxhdGlvbkJpbmRpbmc9IiIgVXJsRW5jb2RlPSJGYWxzZSIgVXNlVG9Hcm91cFJlc3VsdHM9IkZhbHNlIiAvPg0KICAgICAgPC9RdWVyeVN0cmluZ1BhcmFtZXRlcnM+DQogICAgPC9SZXF1ZXN0Pg0KICAgIDxSZXF1ZXN0IE1ldGhvZD0iR0VUIiBWZXJzaW9uPSIxLjEiIFVybD0iaHR0cDovL2EucmFkLm1zbi5jb20vQURTQWRDbGllbnQzMS5kbGwiIFRoaW5rVGltZT0iMCIgVGltZW91dD0iMzAwIiBQYXJzZURlcGVuZGVudFJlcXVlc3RzPSJUcnVlIiBGb2xsb3dSZWRpcmVjdHM9IlRydWUiIFJlY29yZFJlc3VsdD0iVHJ1ZSIgQ2FjaGU9IkZhbHNlIiBSZXNwb25zZVRpbWVHb2FsPSIwIiBFbmNvZGluZz0iaXNvLTg4NTktMSIgRXhwZWN0ZWRIdHRwU3RhdHVzQ29kZT0iMCIgRXhwZWN0ZWRSZXNwb25zZVVybD0iIj4NCiAgICAgIDxRdWVyeVN0cmluZ1BhcmFtZXRlcnM+DQogICAgICAgIDxRdWVyeVN0cmluZ1BhcmFtZXRlciBOYW1lPSJHZXRTQWQiIFZhbHVlPSIiIFJlY29yZGVkVmFsdWU9IiIgQ29ycmVsYXRpb25CaW5kaW5nPSIiIFVybEVuY29kZT0iRmFsc2UiIFVzZVRvR3JvdXBSZXN1bHRzPSJGYWxzZSIgLz4NCiAgICAgICAgPFF1ZXJ5U3RyaW5nUGFyYW1ldGVyIE5hbWU9IkRQSlMiIFZhbHVlPSI0IiBSZWNvcmRlZFZhbHVlPSI0IiBDb3JyZWxhdGlvbkJpbmRpbmc9IiIgVXJsRW5jb2RlPSJGYWxzZSIgVXNlVG9Hcm91cFJlc3VsdHM9IkZhbHNlIiAvPg0KICAgICAgICA8UXVlcnlTdHJpbmdQYXJhbWV0ZXIgTmFtZT0iUE4iIFZhbHVlPSJNU0ZUIiBSZWNvcmRlZFZhbHVlPSJNU0ZUIiBDb3JyZWxhdGlvbkJpbmRpbmc9IiIgVXJsRW5jb2RlPSJGYWxzZSIgVXNlVG9Hcm91cFJlc3VsdHM9IkZhbHNlIiAvPg0KICAgICAgICA8UXVlcnlTdHJpbmdQYXJhbWV0ZXIgTmFtZT0iUEciIFZhbHVlPSJNU05WREMiIFJlY29yZGVkVmFsdWU9Ik1TTlZEQyIgQ29ycmVsYXRpb25CaW5kaW5nPSIiIFVybEVuY29kZT0iRmFsc2UiIFVzZVRvR3JvdXBSZXN1bHRzPSJGYWxzZSIgLz4NCiAgICAgICAgPFF1ZXJ5U3RyaW5nUGFyYW1ldGVyIE5hbWU9IkFQIiBWYWx1ZT0iMTA3MSIgUmVjb3JkZWRWYWx1ZT0iMTA3MSIgQ29ycmVsYXRpb25CaW5kaW5nPSIiIFVybEVuY29kZT0iRmFsc2UiIFVzZVRvR3JvdXBSZXN1bHRzPSJGYWxzZSIgLz4NCiAgICAgIDwvUXVlcnlTdHJpbmdQYXJhbWV0ZXJzPg0KICAgIDwvUmVxdWVzdD4NCiAgICA8UmVxdWVzdCBNZXRob2Q9IkdFVCIgVmVyc2lvbj0iMS4xIiBVcmw9Imh0dHA6Ly9iLnJhZC5tc24uY29tL0FEU0FkQ2xpZW50MzEuZGxsIiBUaGlua1RpbWU9IjAiIFRpbWVvdXQ9IjMwMCIgUGFyc2VEZXBlbmRlbnRSZXF1ZXN0cz0iVHJ1ZSIgRm9sbG93UmVkaXJlY3RzPSJUcnVlIiBSZWNvcmRSZXN1bHQ9IlRydWUiIENhY2hlPSJGYWxzZSIgUmVzcG9uc2VUaW1lR29hbD0iMCIgRW5jb2Rpbmc9Imlzby04ODU5LTEiIEV4cGVjdGVkSHR0cFN0YXR1c0NvZGU9IjAiIEV4cGVjdGVkUmVzcG9uc2VVcmw9IiI+DQogICAgICA8UXVlcnlTdHJpbmdQYXJhbWV0ZXJzPg0KICAgICAgICA8UXVlcnlTdHJpbmdQYXJhbWV0ZXIgTmFtZT0iR2V0U0FkIiBWYWx1ZT0iIiBSZWNvcmRlZFZhbHVlPSIiIENvcnJlbGF0aW9uQmluZGluZz0iIiBVcmxFbmNvZGU9IkZhbHNlIiBVc2VUb0dyb3VwUmVzdWx0cz0iRmFsc2UiIC8+DQogICAgICAgIDxRdWVyeVN0cmluZ1BhcmFtZXRlciBOYW1lPSJEUEpTIiBWYWx1ZT0iNCIgUmVjb3JkZWRWYWx1ZT0iNCIgQ29ycmVsYXRpb25CaW5kaW5nPSIiIFVybEVuY29kZT0iRmFsc2UiIFVzZVRvR3JvdXBSZXN1bHRzPSJGYWxzZSIgLz4NCiAgICAgICAgPFF1ZXJ5U3RyaW5nUGFyYW1ldGVyIE5hbWU9IlBOIiBWYWx1ZT0iTVNGVCIgUmVjb3JkZWRWYWx1ZT0iTVNGVCIgQ29ycmVsYXRpb25CaW5kaW5nPSIiIFVybEVuY29kZT0iRmFsc2UiIFVzZVRvR3JvdXBSZXN1bHRzPSJGYWxzZSIgLz4NCiAgICAgICAgPFF1ZXJ5U3RyaW5nUGFyYW1ldGVyIE5hbWU9IlBHIiBWYWx1ZT0iTVNOQ05UIiBSZWNvcmRlZFZhbHVlPSJNU05DTlQiIENvcnJlbGF0aW9uQmluZGluZz0iIiBVcmxFbmNvZGU9IkZhbHNlIiBVc2VUb0dyb3VwUmVzdWx0cz0iRmFsc2UiIC8+DQogICAgICAgIDxRdWVyeVN0cmluZ1BhcmFtZXRlciBOYW1lPSJBUCIgVmFsdWU9IjE0NjMiIFJlY29yZGVkVmFsdWU9IjE0NjMiIENvcnJlbGF0aW9uQmluZGluZz0iIiBVcmxFbmNvZGU9IkZhbHNlIiBVc2VUb0dyb3VwUmVzdWx0cz0iRmFsc2UiIC8+DQogICAgICA8L1F1ZXJ5U3RyaW5nUGFyYW1ldGVycz4NCiAgICA8L1JlcXVlc3Q+DQogICAgPFJlcXVlc3QgTWV0aG9kPSJHRVQiIFZlcnNpb249IjEuMSIgVXJsPSJodHRwOi8vcmFkLm1zbi5jb20vQURTQWRDbGllbnQzMS5kbGwiIFRoaW5rVGltZT0iMCIgVGltZW91dD0iMzAwIiBQYXJzZURlcGVuZGVudFJlcXVlc3RzPSJUcnVlIiBGb2xsb3dSZWRpcmVjdHM9IlRydWUiIFJlY29yZFJlc3VsdD0iVHJ1ZSIgQ2FjaGU9IkZhbHNlIiBSZXNwb25zZVRpbWVHb2FsPSIwIiBFbmNvZGluZz0iaXNvLTg4NTktMSIgRXhwZWN0ZWRIdHRwU3RhdHVzQ29kZT0iMCIgRXhwZWN0ZWRSZXNwb25zZVVybD0iIj4NCiAgICAgIDxRdWVyeVN0cmluZ1BhcmFtZXRlcnM+DQogICAgICAgIDxRdWVyeVN0cmluZ1BhcmFtZXRlciBOYW1lPSJHZXRTQWQiIFZhbHVlPSIiIFJlY29yZGVkVmFsdWU9IiIgQ29ycmVsYXRpb25CaW5kaW5nPSIiIFVybEVuY29kZT0iRmFsc2UiIFVzZVRvR3JvdXBSZXN1bHRzPSJGYWxzZSIgLz4NCiAgICAgICAgPFF1ZXJ5U3RyaW5nUGFyYW1ldGVyIE5hbWU9IkRQSlMiIFZhbHVlPSI0IiBSZWNvcmRlZFZhbHVlPSI0IiBDb3JyZWxhdGlvbkJpbmRpbmc9IiIgVXJsRW5jb2RlPSJGYWxzZSIgVXNlVG9Hcm91cFJlc3VsdHM9IkZhbHNlIiAvPg0KICAgICAgICA8UXVlcnlTdHJpbmdQYXJhbWV0ZXIgTmFtZT0iUE4iIFZhbHVlPSJNU0ZUIiBSZWNvcmRlZFZhbHVlPSJNU0ZUIiBDb3JyZWxhdGlvbkJpbmRpbmc9IiIgVXJsRW5jb2RlPSJGYWxzZSIgVXNlVG9Hcm91cFJlc3VsdHM9IkZhbHNlIiAvPg0KICAgICAgICA8UXVlcnlTdHJpbmdQYXJhbWV0ZXIgTmFtZT0iUEciIFZhbHVlPSJNU05SRUMiIFJlY29yZGVkVmFsdWU9Ik1TTlJFQyIgQ29ycmVsYXRpb25CaW5kaW5nPSIiIFVybEVuY29kZT0iRmFsc2UiIFVzZVRvR3JvdXBSZXN1bHRzPSJGYWxzZSIgLz4NCiAgICAgICAgPFF1ZXJ5U3RyaW5nUGFyYW1ldGVyIE5hbWU9IkFQIiBWYWx1ZT0iMTA4OSIgUmVjb3JkZWRWYWx1ZT0iMTA4OSIgQ29ycmVsYXRpb25CaW5kaW5nPSIiIFVybEVuY29kZT0iRmFsc2UiIFVzZVRvR3JvdXBSZXN1bHRzPSJGYWxzZSIgLz4NCiAgICAgIDwvUXVlcnlTdHJpbmdQYXJhbWV0ZXJzPg0KICAgIDwvUmVxdWVzdD4NCiAgICA8UmVxdWVzdCBNZXRob2Q9IkdFVCIgVmVyc2lvbj0iMS4xIiBVcmw9Imh0dHA6Ly9hLnJhZC5tc24uY29tL0FEU0FkQ2xpZW50MzEuZGxsIiBUaGlua1RpbWU9IjAiIFRpbWVvdXQ9IjMwMCIgUGFyc2VEZXBlbmRlbnRSZXF1ZXN0cz0iVHJ1ZSIgRm9sbG93UmVkaXJlY3RzPSJUcnVlIiBSZWNvcmRSZXN1bHQ9IlRydWUiIENhY2hlPSJGYWxzZSIgUmVzcG9uc2VUaW1lR29hbD0iMCIgRW5jb2Rpbmc9Imlzby04ODU5LTEiIEV4cGVjdGVkSHR0cFN0YXR1c0NvZGU9IjAiIEV4cGVjdGVkUmVzcG9uc2VVcmw9IiI+DQogICAgICA8UXVlcnlTdHJpbmdQYXJhbWV0ZXJzPg0KICAgICAgICA8UXVlcnlTdHJpbmdQYXJhbWV0ZXIgTmFtZT0iR2V0U0FkIiBWYWx1ZT0iIiBSZWNvcmRlZFZhbHVlPSIiIENvcnJlbGF0aW9uQmluZGluZz0iIiBVcmxFbmNvZGU9IkZhbHNlIiBVc2VUb0dyb3VwUmVzdWx0cz0iRmFsc2UiIC8+DQogICAgICAgIDxRdWVyeVN0cmluZ1BhcmFtZXRlciBOYW1lPSJEUEpTIiBWYWx1ZT0iNCIgUmVjb3JkZWRWYWx1ZT0iNCIgQ29ycmVsYXRpb25CaW5kaW5nPSIiIFVybEVuY29kZT0iRmFsc2UiIFVzZVRvR3JvdXBSZXN1bHRzPSJGYWxzZSIgLz4NCiAgICAgICAgPFF1ZXJ5U3RyaW5nUGFyYW1ldGVyIE5hbWU9IlBOIiBWYWx1ZT0iTVNGVCIgUmVjb3JkZWRWYWx1ZT0iTVNGVCIgQ29ycmVsYXRpb25CaW5kaW5nPSIiIFVybEVuY29kZT0iRmFsc2UiIFVzZVRvR3JvdXBSZXN1bHRzPSJGYWxzZSIgLz4NCiAgICAgICAgPFF1ZXJ5U3RyaW5nUGFyYW1ldGVyIE5hbWU9IlBHIiBWYWx1ZT0iTVNOTU1MIiBSZWNvcmRlZFZhbHVlPSJNU05NTUwiIENvcnJlbGF0aW9uQmluZGluZz0iIiBVcmxFbmNvZGU9IkZhbHNlIiBVc2VUb0dyb3VwUmVzdWx0cz0iRmFsc2UiIC8+DQogICAgICAgIDxRdWVyeVN0cmluZ1BhcmFtZXRlciBOYW1lPSJBUCIgVmFsdWU9IjE0MDIiIFJlY29yZGVkVmFsdWU9IjE0MDIiIENvcnJlbGF0aW9uQmluZGluZz0iIiBVcmxFbmNvZGU9IkZhbHNlIiBVc2VUb0dyb3VwUmVzdWx0cz0iRmFsc2UiIC8+DQogICAgICA8L1F1ZXJ5U3RyaW5nUGFyYW1ldGVycz4NCiAgICA8L1JlcXVlc3Q+DQogICAgPFJlcXVlc3QgTWV0aG9kPSJHRVQiIFZlcnNpb249IjEuMSIgVXJsPSJodHRwOi8vYi5yYWQubXNuLmNvbS9BRFNBZENsaWVudDMxLmRsbCIgVGhpbmtUaW1lPSIwIiBUaW1lb3V0PSIzMDAiIFBhcnNlRGVwZW5kZW50UmVxdWVzdHM9IlRydWUiIEZvbGxvd1JlZGlyZWN0cz0iVHJ1ZSIgUmVjb3JkUmVzdWx0PSJUcnVlIiBDYWNoZT0iRmFsc2UiIFJlc3BvbnNlVGltZUdvYWw9IjAiIEVuY29kaW5nPSJpc28tODg1OS0xIiBFeHBlY3RlZEh0dHBTdGF0dXNDb2RlPSIwIiBFeHBlY3RlZFJlc3BvbnNlVXJsPSIiPg0KICAgICAgPFF1ZXJ5U3RyaW5nUGFyYW1ldGVycz4NCiAgICAgICAgPFF1ZXJ5U3RyaW5nUGFyYW1ldGVyIE5hbWU9IkdldFNBZCIgVmFsdWU9IiIgUmVjb3JkZWRWYWx1ZT0iIiBDb3JyZWxhdGlvbkJpbmRpbmc9IiIgVXJsRW5jb2RlPSJGYWxzZSIgVXNlVG9Hcm91cFJlc3VsdHM9IkZhbHNlIiAvPg0KICAgICAgICA8UXVlcnlTdHJpbmdQYXJhbWV0ZXIgTmFtZT0iRFBKUyIgVmFsdWU9IjQiIFJlY29yZGVkVmFsdWU9IjQiIENvcnJlbGF0aW9uQmluZGluZz0iIiBVcmxFbmNvZGU9IkZhbHNlIiBVc2VUb0dyb3VwUmVzdWx0cz0iRmFsc2UiIC8+DQogICAgICAgIDxRdWVyeVN0cmluZ1BhcmFtZXRlciBOYW1lPSJQTiIgVmFsdWU9Ik1TRlQiIFJlY29yZGVkVmFsdWU9Ik1TRlQiIENvcnJlbGF0aW9uQmluZGluZz0iIiBVcmxFbmNvZGU9IkZhbHNlIiBVc2VUb0dyb3VwUmVzdWx0cz0iRmFsc2UiIC8+DQogICAgICAgIDxRdWVyeVN0cmluZ1BhcmFtZXRlciBOYW1lPSJQRyIgVmFsdWU9Ik1TTk1NVCIgUmVjb3JkZWRWYWx1ZT0iTVNOTU1UIiBDb3JyZWxhdGlvbkJpbmRpbmc9IiIgVXJsRW5jb2RlPSJGYWxzZSIgVXNlVG9Hcm91cFJlc3VsdHM9IkZhbHNlIiAvPg0KICAgICAgICA8UXVlcnlTdHJpbmdQYXJhbWV0ZXIgTmFtZT0iQVAiIFZhbHVlPSIxNDAyIiBSZWNvcmRlZFZhbHVlPSIxNDAyIiBDb3JyZWxhdGlvbkJpbmRpbmc9IiIgVXJsRW5jb2RlPSJGYWxzZSIgVXNlVG9Hcm91cFJlc3VsdHM9IkZhbHNlIiAvPg0KICAgICAgPC9RdWVyeVN0cmluZ1BhcmFtZXRlcnM+DQogICAgPC9SZXF1ZXN0Pg0KICAgIDxSZXF1ZXN0IE1ldGhvZD0iR0VUIiBWZXJzaW9uPSIxLjEiIFVybD0iaHR0cDovL3JhZC5tc24uY29tL0FEU0FkQ2xpZW50MzEuZGxsIiBUaGlua1RpbWU9IjAiIFRpbWVvdXQ9IjMwMCIgUGFyc2VEZXBlbmRlbnRSZXF1ZXN0cz0iVHJ1ZSIgRm9sbG93UmVkaXJlY3RzPSJUcnVlIiBSZWNvcmRSZXN1bHQ9IlRydWUiIENhY2hlPSJGYWxzZSIgUmVzcG9uc2VUaW1lR29hbD0iMCIgRW5jb2Rpbmc9Imlzby04ODU5LTEiIEV4cGVjdGVkSHR0cFN0YXR1c0NvZGU9IjAiIEV4cGVjdGVkUmVzcG9uc2VVcmw9IiI+DQogICAgICA8UXVlcnlTdHJpbmdQYXJhbWV0ZXJzPg0KICAgICAgICA8UXVlcnlTdHJpbmdQYXJhbWV0ZXIgTmFtZT0iR2V0U0FkIiBWYWx1ZT0iIiBSZWNvcmRlZFZhbHVlPSIiIENvcnJlbGF0aW9uQmluZGluZz0iIiBVcmxFbmNvZGU9IkZhbHNlIiBVc2VUb0dyb3VwUmVzdWx0cz0iRmFsc2UiIC8+DQogICAgICAgIDxRdWVyeVN0cmluZ1BhcmFtZXRlciBOYW1lPSJEUEpTIiBWYWx1ZT0iNCIgUmVjb3JkZWRWYWx1ZT0iNCIgQ29ycmVsYXRpb25CaW5kaW5nPSIiIFVybEVuY29kZT0iRmFsc2UiIFVzZVRvR3JvdXBSZXN1bHRzPSJGYWxzZSIgLz4NCiAgICAgICAgPFF1ZXJ5U3RyaW5nUGFyYW1ldGVyIE5hbWU9IlBOIiBWYWx1ZT0iTVNGVCIgUmVjb3JkZWRWYWx1ZT0iTVNGVCIgQ29ycmVsYXRpb25CaW5kaW5nPSIiIFVybEVuY29kZT0iRmFsc2UiIFVzZVRvR3JvdXBSZXN1bHRzPSJGYWxzZSIgLz4NCiAgICAgICAgPFF1ZXJ5U3RyaW5nUGFyYW1ldGVyIE5hbWU9IlBHIiBWYWx1ZT0iTVNOU0YxIiBSZWNvcmRlZFZhbHVlPSJNU05TRjEiIENvcnJlbGF0aW9uQmluZGluZz0iIiBVcmxFbmNvZGU9IkZhbHNlIiBVc2VUb0dyb3VwUmVzdWx0cz0iRmFsc2UiIC8+DQogICAgICAgIDxRdWVyeVN0cmluZ1BhcmFtZXRlciBOYW1lPSJBUCIgVmFsdWU9IjE0MDIiIFJlY29yZGVkVmFsdWU9IjE0MDIiIENvcnJlbGF0aW9uQmluZGluZz0iIiBVcmxFbmNvZGU9IkZhbHNlIiBVc2VUb0dyb3VwUmVzdWx0cz0iRmFsc2UiIC8+DQogICAgICA8L1F1ZXJ5U3RyaW5nUGFyYW1ldGVycz4NCiAgICA8L1JlcXVlc3Q+DQogICAgPFJlcXVlc3QgTWV0aG9kPSJHRVQiIFZlcnNpb249IjEuMSIgVXJsPSJodHRwOi8vYS5yYWQubXNuLmNvbS9BRFNBZENsaWVudDMxLmRsbCIgVGhpbmtUaW1lPSIwIiBUaW1lb3V0PSIzMDAiIFBhcnNlRGVwZW5kZW50UmVxdWVzdHM9IlRydWUiIEZvbGxvd1JlZGlyZWN0cz0iVHJ1ZSIgUmVjb3JkUmVzdWx0PSJUcnVlIiBDYWNoZT0iRmFsc2UiIFJlc3BvbnNlVGltZUdvYWw9IjAiIEVuY29kaW5nPSJpc28tODg1OS0xIiBFeHBlY3RlZEh0dHBTdGF0dXNDb2RlPSIwIiBFeHBlY3RlZFJlc3BvbnNlVXJsPSIiPg0KICAgICAgPFF1ZXJ5U3RyaW5nUGFyYW1ldGVycz4NCiAgICAgICAgPFF1ZXJ5U3RyaW5nUGFyYW1ldGVyIE5hbWU9IkdldFNBZCIgVmFsdWU9IiIgUmVjb3JkZWRWYWx1ZT0iIiBDb3JyZWxhdGlvbkJpbmRpbmc9IiIgVXJsRW5jb2RlPSJGYWxzZSIgVXNlVG9Hcm91cFJlc3VsdHM9IkZhbHNlIiAvPg0KICAgICAgICA8UXVlcnlTdHJpbmdQYXJhbWV0ZXIgTmFtZT0iRFBKUyIgVmFsdWU9IjQiIFJlY29yZGVkVmFsdWU9IjQiIENvcnJlbGF0aW9uQmluZGluZz0iIiBVcmxFbmNvZGU9IkZhbHNlIiBVc2VUb0dyb3VwUmVzdWx0cz0iRmFsc2UiIC8+DQogICAgICAgIDxRdWVyeVN0cmluZ1BhcmFtZXRlciBOYW1lPSJQTiIgVmFsdWU9Ik1TRlQiIFJlY29yZGVkVmFsdWU9Ik1TRlQiIENvcnJlbGF0aW9uQmluZGluZz0iIiBVcmxFbmNvZGU9IkZhbHNlIiBVc2VUb0dyb3VwUmVzdWx0cz0iRmFsc2UiIC8+DQogICAgICAgIDxRdWVyeVN0cmluZ1BhcmFtZXRlciBOYW1lPSJQRyIgVmFsdWU9Ik1TTlNIMSIgUmVjb3JkZWRWYWx1ZT0iTVNOU0gxIiBDb3JyZWxhdGlvbkJpbmRpbmc9IiIgVXJsRW5jb2RlPSJGYWxzZSIgVXNlVG9Hcm91cFJlc3VsdHM9IkZhbHNlIiAvPg0KICAgICAgICA8UXVlcnlTdHJpbmdQYXJhbWV0ZXIgTmFtZT0iQVAiIFZhbHVlPSIxNDAyIiBSZWNvcmRlZFZhbHVlPSIxNDAyIiBDb3JyZWxhdGlvbkJpbmRpbmc9IiIgVXJsRW5jb2RlPSJGYWxzZSIgVXNlVG9Hcm91cFJlc3VsdHM9IkZhbHNlIiAvPg0KICAgICAgPC9RdWVyeVN0cmluZ1BhcmFtZXRlcnM+DQogICAgPC9SZXF1ZXN0Pg0KICAgIDxSZXF1ZXN0IE1ldGhvZD0iR0VUIiBWZXJzaW9uPSIxLjEiIFVybD0iaHR0cDovL2IucmFkLm1zbi5jb20vQURTQWRDbGllbnQzMS5kbGwiIFRoaW5rVGltZT0iMCIgVGltZW91dD0iMzAwIiBQYXJzZURlcGVuZGVudFJlcXVlc3RzPSJUcnVlIiBGb2xsb3dSZWRpcmVjdHM9IlRydWUiIFJlY29yZFJlc3VsdD0iVHJ1ZSIgQ2FjaGU9IkZhbHNlIiBSZXNwb25zZVRpbWVHb2FsPSIwIiBFbmNvZGluZz0iaXNvLTg4NTktMSIgRXhwZWN0ZWRIdHRwU3RhdHVzQ29kZT0iMCIgRXhwZWN0ZWRSZXNwb25zZVVybD0iIj4NCiAgICAgIDxRdWVyeVN0cmluZ1BhcmFtZXRlcnM+DQogICAgICAgIDxRdWVyeVN0cmluZ1BhcmFtZXRlciBOYW1lPSJHZXRTQWQiIFZhbHVlPSIiIFJlY29yZGVkVmFsdWU9IiIgQ29ycmVsYXRpb25CaW5kaW5nPSIiIFVybEVuY29kZT0iRmFsc2UiIFVzZVRvR3JvdXBSZXN1bHRzPSJGYWxzZSIgLz4NCiAgICAgICAgPFF1ZXJ5U3RyaW5nUGFyYW1ldGVyIE5hbWU9IkRQSlMiIFZhbHVlPSI0IiBSZWNvcmRlZFZhbHVlPSI0IiBDb3JyZWxhdGlvbkJpbmRpbmc9IiIgVXJsRW5jb2RlPSJGYWxzZSIgVXNlVG9Hcm91cFJlc3VsdHM9IkZhbHNlIiAvPg0KICAgICAgICA8UXVlcnlTdHJpbmdQYXJhbWV0ZXIgTmFtZT0iUE4iIFZhbHVlPSJNU0ZUIiBSZWNvcmRlZFZhbHVlPSJNU0ZUIiBDb3JyZWxhdGlvbkJpbmRpbmc9IiIgVXJsRW5jb2RlPSJGYWxzZSIgVXNlVG9Hcm91cFJlc3VsdHM9IkZhbHNlIiAvPg0KICAgICAgICA8UXVlcnlTdHJpbmdQYXJhbWV0ZXIgTmFtZT0iUEciIFZhbHVlPSJNU05TSDIiIFJlY29yZGVkVmFsdWU9Ik1TTlNIMiIgQ29ycmVsYXRpb25CaW5kaW5nPSIiIFVybEVuY29kZT0iRmFsc2UiIFVzZVRvR3JvdXBSZXN1bHRzPSJGYWxzZSIgLz4NCiAgICAgICAgPFF1ZXJ5U3RyaW5nUGFyYW1ldGVyIE5hbWU9IkFQIiBWYWx1ZT0iMTQwMiIgUmVjb3JkZWRWYWx1ZT0iMTQwMiIgQ29ycmVsYXRpb25CaW5kaW5nPSIiIFVybEVuY29kZT0iRmFsc2UiIFVzZVRvR3JvdXBSZXN1bHRzPSJGYWxzZSIgLz4NCiAgICAgIDwvUXVlcnlTdHJpbmdQYXJhbWV0ZXJzPg0KICAgIDwvUmVxdWVzdD4NCiAgICA8UmVxdWVzdCBNZXRob2Q9IkdFVCIgVmVyc2lvbj0iMS4xIiBVcmw9Imh0dHA6Ly9yYWQubXNuLmNvbS9BRFNBZENsaWVudDMxLmRsbCIgVGhpbmtUaW1lPSIwIiBUaW1lb3V0PSIzMDAiIFBhcnNlRGVwZW5kZW50UmVxdWVzdHM9IlRydWUiIEZvbGxvd1JlZGlyZWN0cz0iVHJ1ZSIgUmVjb3JkUmVzdWx0PSJUcnVlIiBDYWNoZT0iRmFsc2UiIFJlc3BvbnNlVGltZUdvYWw9IjAiIEVuY29kaW5nPSJpc28tODg1OS0xIiBFeHBlY3RlZEh0dHBTdGF0dXNDb2RlPSIwIiBFeHBlY3RlZFJlc3BvbnNlVXJsPSIiPg0KICAgICAgPFF1ZXJ5U3RyaW5nUGFyYW1ldGVycz4NCiAgICAgICAgPFF1ZXJ5U3RyaW5nUGFyYW1ldGVyIE5hbWU9IkdldFNBZCIgVmFsdWU9IiIgUmVjb3JkZWRWYWx1ZT0iIiBDb3JyZWxhdGlvbkJpbmRpbmc9IiIgVXJsRW5jb2RlPSJGYWxzZSIgVXNlVG9Hcm91cFJlc3VsdHM9IkZhbHNlIiAvPg0KICAgICAgICA8UXVlcnlTdHJpbmdQYXJhbWV0ZXIgTmFtZT0iRFBKUyIgVmFsdWU9IjQiIFJlY29yZGVkVmFsdWU9IjQiIENvcnJlbGF0aW9uQmluZGluZz0iIiBVcmxFbmNvZGU9IkZhbHNlIiBVc2VUb0dyb3VwUmVzdWx0cz0iRmFsc2UiIC8+DQogICAgICAgIDxRdWVyeVN0cmluZ1BhcmFtZXRlciBOYW1lPSJQTiIgVmFsdWU9Ik1TRlQiIFJlY29yZGVkVmFsdWU9Ik1TRlQiIENvcnJlbGF0aW9uQmluZGluZz0iIiBVcmxFbmNvZGU9IkZhbHNlIiBVc2VUb0dyb3VwUmVzdWx0cz0iRmFsc2UiIC8+DQogICAgICAgIDxRdWVyeVN0cmluZ1BhcmFtZXRlciBOYW1lPSJQRyIgVmFsdWU9Ik1TTlNIMyIgUmVjb3JkZWRWYWx1ZT0iTVNOU0gzIiBDb3JyZWxhdGlvbkJpbmRpbmc9IiIgVXJsRW5jb2RlPSJGYWxzZSIgVXNlVG9Hcm91cFJlc3VsdHM9IkZhbHNlIiAvPg0KICAgICAgICA8UXVlcnlTdHJpbmdQYXJhbWV0ZXIgTmFtZT0iQVAiIFZhbHVlPSIxNDAyIiBSZWNvcmRlZFZhbHVlPSIxNDAyIiBDb3JyZWxhdGlvbkJpbmRpbmc9IiIgVXJsRW5jb2RlPSJGYWxzZSIgVXNlVG9Hcm91cFJlc3VsdHM9IkZhbHNlIiAvPg0KICAgICAgPC9RdWVyeVN0cmluZ1BhcmFtZXRlcnM+DQogICAgPC9SZXF1ZXN0Pg0KICAgIDxSZXF1ZXN0IE1ldGhvZD0iR0VUIiBWZXJzaW9uPSIxLjEiIFVybD0iaHR0cDovL2EucmFkLm1zbi5jb20vQURTQWRDbGllbnQzMS5kbGwiIFRoaW5rVGltZT0iMCIgVGltZW91dD0iMzAwIiBQYXJzZURlcGVuZGVudFJlcXVlc3RzPSJUcnVlIiBGb2xsb3dSZWRpcmVjdHM9IlRydWUiIFJlY29yZFJlc3VsdD0iVHJ1ZSIgQ2FjaGU9IkZhbHNlIiBSZXNwb25zZVRpbWVHb2FsPSIwIiBFbmNvZGluZz0iaXNvLTg4NTktMSIgRXhwZWN0ZWRIdHRwU3RhdHVzQ29kZT0iMCIgRXhwZWN0ZWRSZXNwb25zZVVybD0iIj4NCiAgICAgIDxRdWVyeVN0cmluZ1BhcmFtZXRlcnM+DQogICAgICAgIDxRdWVyeVN0cmluZ1BhcmFtZXRlciBOYW1lPSJHZXRTQWQiIFZhbHVlPSIiIFJlY29yZGVkVmFsdWU9IiIgQ29ycmVsYXRpb25CaW5kaW5nPSIiIFVybEVuY29kZT0iRmFsc2UiIFVzZVRvR3JvdXBSZXN1bHRzPSJGYWxzZSIgLz4NCiAgICAgICAgPFF1ZXJ5U3RyaW5nUGFyYW1ldGVyIE5hbWU9IkRQSlMiIFZhbHVlPSI0IiBSZWNvcmRlZFZhbHVlPSI0IiBDb3JyZWxhdGlvbkJpbmRpbmc9IiIgVXJsRW5jb2RlPSJGYWxzZSIgVXNlVG9Hcm91cFJlc3VsdHM9IkZhbHNlIiAvPg0KICAgICAgICA8UXVlcnlTdHJpbmdQYXJhbWV0ZXIgTmFtZT0iUE4iIFZhbHVlPSJNU0ZUIiBSZWNvcmRlZFZhbHVlPSJNU0ZUIiBDb3JyZWxhdGlvbkJpbmRpbmc9IiIgVXJsRW5jb2RlPSJGYWxzZSIgVXNlVG9Hcm91cFJlc3VsdHM9IkZhbHNlIiAvPg0KICAgICAgICA8UXVlcnlTdHJpbmdQYXJhbWV0ZXIgTmFtZT0iUEciIFZhbHVlPSJNU05TSDQiIFJlY29yZGVkVmFsdWU9Ik1TTlNINCIgQ29ycmVsYXRpb25CaW5kaW5nPSIiIFVybEVuY29kZT0iRmFsc2UiIFVzZVRvR3JvdXBSZXN1bHRzPSJGYWxzZSIgLz4NCiAgICAgICAgPFF1ZXJ5U3RyaW5nUGFyYW1ldGVyIE5hbWU9IkFQIiBWYWx1ZT0iMTQwMiIgUmVjb3JkZWRWYWx1ZT0iMTQwMiIgQ29ycmVsYXRpb25CaW5kaW5nPSIiIFVybEVuY29kZT0iRmFsc2UiIFVzZVRvR3JvdXBSZXN1bHRzPSJGYWxzZSIgLz4NCiAgICAgIDwvUXVlcnlTdHJpbmdQYXJhbWV0ZXJzPg0KICAgIDwvUmVxdWVzdD4NCiAgICA8UmVxdWVzdCBNZXRob2Q9IkdFVCIgVmVyc2lvbj0iMS4xIiBVcmw9Imh0dHA6Ly9iLnJhZC5tc24uY29tL0FEU0FkQ2xpZW50MzEuZGxsIiBUaGlua1RpbWU9IjAiIFRpbWVvdXQ9IjMwMCIgUGFyc2VEZXBlbmRlbnRSZXF1ZXN0cz0iVHJ1ZSIgRm9sbG93UmVkaXJlY3RzPSJUcnVlIiBSZWNvcmRSZXN1bHQ9IlRydWUiIENhY2hlPSJGYWxzZSIgUmVzcG9uc2VUaW1lR29hbD0iMCIgRW5jb2Rpbmc9Imlzby04ODU5LTEiIEV4cGVjdGVkSHR0cFN0YXR1c0NvZGU9IjAiIEV4cGVjdGVkUmVzcG9uc2VVcmw9IiI+DQogICAgICA8UXVlcnlTdHJpbmdQYXJhbWV0ZXJzPg0KICAgICAgICA8UXVlcnlTdHJpbmdQYXJhbWV0ZXIgTmFtZT0iR2V0U0FkIiBWYWx1ZT0iIiBSZWNvcmRlZFZhbHVlPSIiIENvcnJlbGF0aW9uQmluZGluZz0iIiBVcmxFbmNvZGU9IkZhbHNlIiBVc2VUb0dyb3VwUmVzdWx0cz0iRmFsc2UiIC8+DQogICAgICAgIDxRdWVyeVN0cmluZ1BhcmFtZXRlciBOYW1lPSJEUEpTIiBWYWx1ZT0iNCIgUmVjb3JkZWRWYWx1ZT0iNCIgQ29ycmVsYXRpb25CaW5kaW5nPSIiIFVybEVuY29kZT0iRmFsc2UiIFVzZVRvR3JvdXBSZXN1bHRzPSJGYWxzZSIgLz4NCiAgICAgICAgPFF1ZXJ5U3RyaW5nUGFyYW1ldGVyIE5hbWU9IlBOIiBWYWx1ZT0iTVNGVCIgUmVjb3JkZWRWYWx1ZT0iTVNGVCIgQ29ycmVsYXRpb25CaW5kaW5nPSIiIFVybEVuY29kZT0iRmFsc2UiIFVzZVRvR3JvdXBSZXN1bHRzPSJGYWxzZSIgLz4NCiAgICAgICAgPFF1ZXJ5U3RyaW5nUGFyYW1ldGVyIE5hbWU9IlBHIiBWYWx1ZT0iTVNOU1VSIiBSZWNvcmRlZFZhbHVlPSJNU05TVVIiIENvcnJlbGF0aW9uQmluZGluZz0iIiBVcmxFbmNvZGU9IkZhbHNlIiBVc2VUb0dyb3VwUmVzdWx0cz0iRmFsc2UiIC8+DQogICAgICAgIDxRdWVyeVN0cmluZ1BhcmFtZXRlciBOYW1lPSJBUCIgVmFsdWU9IjE0MDIiIFJlY29yZGVkVmFsdWU9IjE0MDIiIENvcnJlbGF0aW9uQmluZGluZz0iIiBVcmxFbmNvZGU9IkZhbHNlIiBVc2VUb0dyb3VwUmVzdWx0cz0iRmFsc2UiIC8+DQogICAgICA8L1F1ZXJ5U3RyaW5nUGFyYW1ldGVycz4NCiAgICA8L1JlcXVlc3Q+DQogICAgPFJlcXVlc3QgTWV0aG9kPSJHRVQiIFZlcnNpb249IjEuMSIgVXJsPSJodHRwOi8vYW5hbHl0aWNzLmxpdmUuY29tL1N5bmMuaHRtbCIgVGhpbmtUaW1lPSIwIiBUaW1lb3V0PSIzMDAiIFBhcnNlRGVwZW5kZW50UmVxdWVzdHM9IlRydWUiIEZvbGxvd1JlZGlyZWN0cz0iVHJ1ZSIgUmVjb3JkUmVzdWx0PSJUcnVlIiBDYWNoZT0iRmFsc2UiIFJlc3BvbnNlVGltZUdvYWw9IjAiIEVuY29kaW5nPSJ1dGYtOCIgRXhwZWN0ZWRIdHRwU3RhdHVzQ29kZT0iMCIgRXhwZWN0ZWRSZXNwb25zZVVybD0iIj4NCiAgICAgIDxRdWVyeVN0cmluZ1BhcmFtZXRlcnM+DQogICAgICAgIDxRdWVyeVN0cmluZ1BhcmFtZXRlciBOYW1lPSJWIiBWYWx1ZT0iMzUyNSIgUmVjb3JkZWRWYWx1ZT0iMzUyNSIgQ29ycmVsYXRpb25CaW5kaW5nPSIiIFVybEVuY29kZT0iRmFsc2UiIFVzZVRvR3JvdXBSZXN1bHRzPSJGYWxzZSIgLz4NCiAgICAgICAgPFF1ZXJ5U3RyaW5nUGFyYW1ldGVyIE5hbWU9IkFRTlQiIFZhbHVlPSIxIiBSZWNvcmRlZFZhbHVlPSIxIiBDb3JyZWxhdGlvbkJpbmRpbmc9IiIgVXJsRW5jb2RlPSJGYWxzZSIgVXNlVG9Hcm91cFJlc3VsdHM9IkZhbHNlIiAvPg0KICAgICAgPC9RdWVyeVN0cmluZ1BhcmFtZXRlcnM+DQogICAgPC9SZXF1ZXN0Pg0KICAgIDxSZXF1ZXN0IE1ldGhvZD0iR0VUIiBWZXJzaW9uPSIxLjEiIFVybD0iaHR0cDovL2FuYWx5dGljcy5tc24uY29tL0luY2x1ZGUuaHRtbCIgVGhpbmtUaW1lPSI3IiBUaW1lb3V0PSIzMDAiIFBhcnNlRGVwZW5kZW50UmVxdWVzdHM9IlRydWUiIEZvbGxvd1JlZGlyZWN0cz0iVHJ1ZSIgUmVjb3JkUmVzdWx0PSJUcnVlIiBDYWNoZT0iRmFsc2UiIFJlc3BvbnNlVGltZUdvYWw9IjAiIEVuY29kaW5nPSJ1dGYtOCIgRXhwZWN0ZWRIdHRwU3RhdHVzQ29kZT0iMCIgRXhwZWN0ZWRSZXNwb25zZVVybD0iIiAvPg0KICAgIDxSZXF1ZXN0IE1ldGhvZD0iR0VUIiBWZXJzaW9uPSIxLjEiIFVybD0iaHR0cDovLzc0LjguMjQzLjEzMy8iIFRoaW5rVGltZT0iMCIgVGltZW91dD0iMzAwIiBQYXJzZURlcGVuZGVudFJlcXVlc3RzPSJUcnVlIiBGb2xsb3dSZWRpcmVjdHM9IlRydWUiIFJlY29yZFJlc3VsdD0iVHJ1ZSIgQ2FjaGU9IkZhbHNlIiBSZXNwb25zZVRpbWVHb2FsPSIwIiBFbmNvZGluZz0idXRmLTgiIEV4cGVjdGVkSHR0cFN0YXR1c0NvZGU9IjAiIEV4cGVjdGVkUmVzcG9uc2VVcmw9IiI+DQogICAgICA8Q29ycmVsYXRpb25FeHRyYWN0aW9uUnVsZXM+DQogICAgICAgIDxFeHRyYWN0aW9uUnVsZSBDbGFzc25hbWU9Ik1pY3Jvc29mdC5WaXN1YWxTdHVkaW8uVGVzdFRvb2xzLldlYlRlc3RpbmcuUnVsZXMuRXh0cmFjdFRleHQsIE1pY3Jvc29mdC5WaXN1YWxTdHVkaW8uUXVhbGl0eVRvb2xzLldlYlRlc3RGcmFtZXdvcmssIFZlcnNpb249OS4wLjAuMCwgQ3VsdHVyZT1uZXV0cmFsLCBQdWJsaWNLZXlUb2tlbj1iMDNmNWY3ZjExZDUwYTNhIiBWYXJpYWJsZU5hbWU9IlF1ZXJ5U3RyaW5nUGFyYW00LldTSVFUUCIgRGlzcGxheU5hbWU9IiIgRGVzY3JpcHRpb249IiI+DQogICAgICAgICAgPFJ1bGVQYXJhbWV0ZXJzPg0KICAgICAgICAgICAgPFJ1bGVQYXJhbWV0ZXIgTmFtZT0iU3RhcnRzV2l0aCIgVmFsdWU9Ij9XU0lRVFA9IiAvPg0KICAgICAgICAgICAgPFJ1bGVQYXJhbWV0ZXIgTmFtZT0iRW5kc1dpdGgiIFZhbHVlPSImcXVvdDsiIC8+DQogICAgICAgICAgICA8UnVsZVBhcmFtZXRlciBOYW1lPSJJbmRleCIgVmFsdWU9IjAiIC8+DQogICAgICAgICAgICA8UnVsZVBhcmFtZXRlciBOYW1lPSJJZ25vcmVDYXNlIiBWYWx1ZT0iRmFsc2UiIC8+DQogICAgICAgICAgICA8UnVsZVBhcmFtZXRlciBOYW1lPSJVc2VSZWd1bGFyRXhwcmVzc2lvbiIgVmFsdWU9IkZhbHNlIiAvPg0KICAgICAgICAgICAgPFJ1bGVQYXJhbWV0ZXIgTmFtZT0iSHRtbERlY29kZSIgVmFsdWU9IlRydWUiIC8+DQogICAgICAgICAgICA8UnVsZVBhcmFtZXRlciBOYW1lPSJSZXF1aXJlZCIgVmFsdWU9IkZhbHNlIiAvPg0KICAgICAgICAgIDwvUnVsZVBhcmFtZXRlcnM+DQogICAgICAgIDwvRXh0cmFjdGlvblJ1bGU+DQogICAgICAgIDxFeHRyYWN0aW9uUnVsZSBDbGFzc25hbWU9Ik1pY3Jvc29mdC5WaXN1YWxTdHVkaW8uVGVzdFRvb2xzLldlYlRlc3RpbmcuUnVsZXMuRXh0cmFjdFRleHQsIE1pY3Jvc29mdC5WaXN1YWxTdHVkaW8uUXVhbGl0eVRvb2xzLldlYlRlc3RGcmFtZXdvcmssIFZlcnNpb249OS4wLjAuMCwgQ3VsdHVyZT1uZXV0cmFsLCBQdWJsaWNLZXlUb2tlbj1iMDNmNWY3ZjExZDUwYTNhIiBWYXJpYWJsZU5hbWU9IlF1ZXJ5U3RyaW5nUGFyYW01LldTSVFUUCIgRGlzcGxheU5hbWU9IiIgRGVzY3JpcHRpb249IiI+DQogICAgICAgICAgPFJ1bGVQYXJhbWV0ZXJzPg0KICAgICAgICAgICAgPFJ1bGVQYXJhbWV0ZXIgTmFtZT0iU3RhcnRzV2l0aCIgVmFsdWU9Ij9XU0lRVFA9IiAvPg0KICAgICAgICAgICAgPFJ1bGVQYXJhbWV0ZXIgTmFtZT0iRW5kc1dpdGgiIFZhbHVlPSImcXVvdDsiIC8+DQogICAgICAgICAgICA8UnVsZVBhcmFtZXRlciBOYW1lPSJJbmRleCIgVmFsdWU9IjEiIC8+DQogICAgICAgICAgICA8UnVsZVBhcmFtZXRlciBOYW1lPSJJZ25vcmVDYXNlIiBWYWx1ZT0iRmFsc2UiIC8+DQogICAgICAgICAgICA8UnVsZVBhcmFtZXRlciBOYW1lPSJVc2VSZWd1bGFyRXhwcmVzc2lvbiIgVmFsdWU9IkZhbHNlIiAvPg0KICAgICAgICAgICAgPFJ1bGVQYXJhbWV0ZXIgTmFtZT0iSHRtbERlY29kZSIgVmFsdWU9IlRydWUiIC8+DQogICAgICAgICAgICA8UnVsZVBhcmFtZXRlciBOYW1lPSJSZXF1aXJlZCIgVmFsdWU9IkZhbHNlIiAvPg0KICAgICAgICAgIDwvUnVsZVBhcmFtZXRlcnM+DQogICAgICAgIDwvRXh0cmFjdGlvblJ1bGU+DQogICAgICA8L0NvcnJlbGF0aW9uRXh0cmFjdGlvblJ1bGVzPg0KICAgIDwvUmVxdWVzdD4NCiAgICA8UmVxdWVzdCBNZXRob2Q9IkdFVCIgVmVyc2lvbj0iMS4xIiBVcmw9Imh0dHA6Ly83NC44LjI0My4xMzMvQUxJUy9XVzQwMFIuSFRNIiBUaGlua1RpbWU9IjAiIFRpbWVvdXQ9IjMwMCIgUGFyc2VEZXBlbmRlbnRSZXF1ZXN0cz0iVHJ1ZSIgRm9sbG93UmVkaXJlY3RzPSJUcnVlIiBSZWNvcmRSZXN1bHQ9IlRydWUiIENhY2hlPSJGYWxzZSIgUmVzcG9uc2VUaW1lR29hbD0iMCIgRW5jb2Rpbmc9InV0Zi04IiBFeHBlY3RlZEh0dHBTdGF0dXNDb2RlPSIwIiBFeHBlY3RlZFJlc3BvbnNlVXJsPSIiPg0KICAgICAgPENvcnJlbGF0aW9uRXh0cmFjdGlvblJ1bGVzPg0KICAgICAgICA8RXh0cmFjdGlvblJ1bGUgQ2xhc3NuYW1lPSJNaWNyb3NvZnQuVmlzdWFsU3R1ZGlvLlRlc3RUb29scy5XZWJUZXN0aW5nLlJ1bGVzLkV4dHJhY3RUZXh0LCBNaWNyb3NvZnQuVmlzdWFsU3R1ZGlvLlF1YWxpdHlUb29scy5XZWJUZXN0RnJhbWV3b3JrLCBWZXJzaW9uPTkuMC4wLjAsIEN1bHR1cmU9bmV1dHJhbCwgUHVibGljS2V5VG9rZW49YjAzZjVmN2YxMWQ1MGEzYSIgVmFyaWFibGVOYW1lPSJRdWVyeVN0cmluZ1BhcmFtMy5XU0lRVFAiIERpc3BsYXlOYW1lPSIiIERlc2NyaXB0aW9uPSIiPg0KICAgICAgICAgIDxSdWxlUGFyYW1ldGVycz4NCiAgICAgICAgICAgIDxSdWxlUGFyYW1ldGVyIE5hbWU9IlN0YXJ0c1dpdGgiIFZhbHVlPSI/V1NJUVRQPSIgLz4NCiAgICAgICAgICAgIDxSdWxlUGFyYW1ldGVyIE5hbWU9IkVuZHNXaXRoIiBWYWx1ZT0iJnF1b3Q7IiAvPg0KICAgICAgICAgICAgPFJ1bGVQYXJhbWV0ZXIgTmFtZT0iSW5kZXgiIFZhbHVlPSIwIiAvPg0KICAgICAgICAgICAgPFJ1bGVQYXJhbWV0ZXIgTmFtZT0iSWdub3JlQ2FzZSIgVmFsdWU9IkZhbHNlIiAvPg0KICAgICAgICAgICAgPFJ1bGVQYXJhbWV0ZXIgTmFtZT0iVXNlUmVndWxhckV4cHJlc3Npb24iIFZhbHVlPSJGYWxzZSIgLz4NCiAgICAgICAgICAgIDxSdWxlUGFyYW1ldGVyIE5hbWU9Ikh0bWxEZWNvZGUiIFZhbHVlPSJUcnVlIiAvPg0KICAgICAgICAgICAgPFJ1bGVQYXJhbWV0ZXIgTmFtZT0iUmVxdWlyZWQiIFZhbHVlPSJGYWxzZSIgLz4NCiAgICAgICAgICA8L1J1bGVQYXJhbWV0ZXJzPg0KICAgICAgICA8L0V4dHJhY3Rpb25SdWxlPg0KICAgICAgPC9Db3JyZWxhdGlvbkV4dHJhY3Rpb25SdWxlcz4NCiAgICAgIDxRdWVyeVN0cmluZ1BhcmFtZXRlcnM+DQogICAgICAgIDxRdWVyeVN0cmluZ1BhcmFtZXRlciBOYW1lPSJXU0lRVFAiIFZhbHVlPSJTWTQwRiIgUmVjb3JkZWRWYWx1ZT0iU1k0MEYiIENvcnJlbGF0aW9uQmluZGluZz0ie3tRdWVyeVN0cmluZ1BhcmFtNC5XU0lRVFB9fSIgVXJsRW5jb2RlPSJGYWxzZSIgVXNlVG9Hcm91cFJlc3VsdHM9IkZhbHNlIiAvPg0KICAgICAgPC9RdWVyeVN0cmluZ1BhcmFtZXRlcnM+DQogICAgPC9SZXF1ZXN0Pg0KICAgIDxSZXF1ZXN0IE1ldGhvZD0iR0VUIiBWZXJzaW9uPSIxLjEiIFVybD0iaHR0cDovLzc0LjguMjQzLjEzMy9BTElTL1dXNDAwUi5IVE0iIFRoaW5rVGltZT0iMCIgVGltZW91dD0iMzAwIiBQYXJzZURlcGVuZGVudFJlcXVlc3RzPSJUcnVlIiBGb2xsb3dSZWRpcmVjdHM9IlRydWUiIFJlY29yZFJlc3VsdD0iVHJ1ZSIgQ2FjaGU9IkZhbHNlIiBSZXNwb25zZVRpbWVHb2FsPSIwIiBFbmNvZGluZz0idXRmLTgiIEV4cGVjdGVkSHR0cFN0YXR1c0NvZGU9IjAiIEV4cGVjdGVkUmVzcG9uc2VVcmw9IiI+DQogICAgICA8UXVlcnlTdHJpbmdQYXJhbWV0ZXJzPg0KICAgICAgICA8UXVlcnlTdHJpbmdQYXJhbWV0ZXIgTmFtZT0iV1NJUVRQIiBWYWx1ZT0iU1k0MFIiIFJlY29yZGVkVmFsdWU9IlNZNDBSIiBDb3JyZWxhdGlvbkJpbmRpbmc9Int7UXVlcnlTdHJpbmdQYXJhbTUuV1NJUVRQfX0iIFVybEVuY29kZT0iRmFsc2UiIFVzZVRvR3JvdXBSZXN1bHRzPSJGYWxzZSIgLz4NCiAgICAgIDwvUXVlcnlTdHJpbmdQYXJhbWV0ZXJzPg0KICAgIDwvUmVxdWVzdD4NCiAgICA8UmVxdWVzdCBNZXRob2Q9IkdFVCIgVmVyc2lvbj0iMS4xIiBVcmw9Imh0dHA6Ly83NC44LjI0My4xMzMvaHRtbC9GSVRDSEJSRy9Ob3RpY2VBLmh0bSIgVGhpbmtUaW1lPSIwIiBUaW1lb3V0PSIzMDAiIFBhcnNlRGVwZW5kZW50UmVxdWVzdHM9IlRydWUiIEZvbGxvd1JlZGlyZWN0cz0iVHJ1ZSIgUmVjb3JkUmVzdWx0PSJUcnVlIiBDYWNoZT0iRmFsc2UiIFJlc3BvbnNlVGltZUdvYWw9IjAiIEVuY29kaW5nPSJ1dGYtOCIgRXhwZWN0ZWRIdHRwU3RhdHVzQ29kZT0iMCIgRXhwZWN0ZWRSZXNwb25zZVVybD0iIiAvPg0KICAgIDxSZXF1ZXN0IE1ldGhvZD0iR0VUIiBWZXJzaW9uPSIxLjEiIFVybD0iaHR0cDovLzc0LjguMjQzLjEzMy9mYXZpY29uLmljbyIgVGhpbmtUaW1lPSIxIiBUaW1lb3V0PSIzMDAiIFBhcnNlRGVwZW5kZW50UmVxdWVzdHM9IlRydWUiIEZvbGxvd1JlZGlyZWN0cz0iVHJ1ZSIgUmVjb3JkUmVzdWx0PSJUcnVlIiBDYWNoZT0iRmFsc2UiIFJlc3BvbnNlVGltZUdvYWw9IjAiIEVuY29kaW5nPSJpc28tODg1OS0xIiBFeHBlY3RlZEh0dHBTdGF0dXNDb2RlPSIwIiBFeHBlY3RlZFJlc3BvbnNlVXJsPSIiIC8+DQogICAgPFJlcXVlc3QgTWV0aG9kPSJHRVQiIFZlcnNpb249IjEuMSIgVXJsPSJodHRwOi8vNzQuOC4yNDMuMTMzL0FMSVMvV1c0MDBSLkhUTSIgVGhpbmtUaW1lPSIyIiBUaW1lb3V0PSIzMDAiIFBhcnNlRGVwZW5kZW50UmVxdWVzdHM9IlRydWUiIEZvbGxvd1JlZGlyZWN0cz0iVHJ1ZSIgUmVjb3JkUmVzdWx0PSJUcnVlIiBDYWNoZT0iRmFsc2UiIFJlc3BvbnNlVGltZUdvYWw9IjAiIEVuY29kaW5nPSJpc28tODg1OS0xIiBFeHBlY3RlZEh0dHBTdGF0dXNDb2RlPSIwIiBFeHBlY3RlZFJlc3BvbnNlVXJsPSIiPg0KICAgICAgPENvcnJlbGF0aW9uRXh0cmFjdGlvblJ1bGVzPg0KICAgICAgICA8RXh0cmFjdGlvblJ1bGUgQ2xhc3NuYW1lPSJNaWNyb3NvZnQuVmlzdWFsU3R1ZGlvLlRlc3RUb29scy5XZWJUZXN0aW5nLlJ1bGVzLkV4dHJhY3RUZXh0LCBNaWNyb3NvZnQuVmlzdWFsU3R1ZGlvLlF1YWxpdHlUb29scy5XZWJUZXN0RnJhbWV3b3JrLCBWZXJzaW9uPTkuMC4wLjAsIEN1bHR1cmU9bmV1dHJhbCwgUHVibGljS2V5VG9rZW49YjAzZjVmN2YxMWQ1MGEzYSIgVmFyaWFibGVOYW1lPSJRdWVyeVN0cmluZ1BhcmFtMS5XU0lRVFAiIERpc3BsYXlOYW1lPSIiIERlc2NyaXB0aW9uPSIiPg0KICAgICAgICAgIDxSdWxlUGFyYW1ldGVycz4NCiAgICAgICAgICAgIDxSdWxlUGFyYW1ldGVyIE5hbWU9IlN0YXJ0c1dpdGgiIFZhbHVlPSI/V1NJUVRQPSIgLz4NCiAgICAgICAgICAgIDxSdWxlUGFyYW1ldGVyIE5hbWU9IkVuZHNXaXRoIiBWYWx1ZT0iJmFtcDsiIC8+DQogICAgICAgICAgICA8UnVsZVBhcmFtZXRlciBOYW1lPSJJbmRleCIgVmFsdWU9IjQiIC8+DQogICAgICAgICAgICA8UnVsZVBhcmFtZXRlciBOYW1lPSJJZ25vcmVDYXNlIiBWYWx1ZT0iRmFsc2UiIC8+DQogICAgICAgICAgICA8UnVsZVBhcmFtZXRlciBOYW1lPSJVc2VSZWd1bGFyRXhwcmVzc2lvbiIgVmFsdWU9IkZhbHNlIiAvPg0KICAgICAgICAgICAgPFJ1bGVQYXJhbWV0ZXIgTmFtZT0iSHRtbERlY29kZSIgVmFsdWU9IlRydWUiIC8+DQogICAgICAgICAgICA8UnVsZVBhcmFtZXRlciBOYW1lPSJSZXF1aXJlZCIgVmFsdWU9IkZhbHNlIiAvPg0KICAgICAgICAgIDwvUnVsZVBhcmFtZXRlcnM+DQogICAgICAgIDwvRXh0cmFjdGlvblJ1bGU+DQogICAgICAgIDxFeHRyYWN0aW9uUnVsZSBDbGFzc25hbWU9Ik1pY3Jvc29mdC5WaXN1YWxTdHVkaW8uVGVzdFRvb2xzLldlYlRlc3RpbmcuUnVsZXMuRXh0cmFjdFRleHQsIE1pY3Jvc29mdC5WaXN1YWxTdHVkaW8uUXVhbGl0eVRvb2xzLldlYlRlc3RGcmFtZXdvcmssIFZlcnNpb249OS4wLjAuMCwgQ3VsdHVyZT1uZXV0cmFsLCBQdWJsaWNLZXlUb2tlbj1iMDNmNWY3ZjExZDUwYTNhIiBWYXJpYWJsZU5hbWU9IlF1ZXJ5U3RyaW5nUGFyYW0yLldTS1lDRCIgRGlzcGxheU5hbWU9IiIgRGVzY3JpcHRpb249IiI+DQogICAgICAgICAgPFJ1bGVQYXJhbWV0ZXJzPg0KICAgICAgICAgICAgPFJ1bGVQYXJhbWV0ZXIgTmFtZT0iU3RhcnRzV2l0aCIgVmFsdWU9IiZhbXA7V1NLWUNEPSIgLz4NCiAgICAgICAgICAgIDxSdWxlUGFyYW1ldGVyIE5hbWU9IkVuZHNXaXRoIiBWYWx1ZT0iJnF1b3Q7IiAvPg0KICAgICAgICAgICAgPFJ1bGVQYXJhbWV0ZXIgTmFtZT0iSW5kZXgiIFZhbHVlPSI0IiAvPg0KICAgICAgICAgICAgPFJ1bGVQYXJhbWV0ZXIgTmFtZT0iSWdub3JlQ2FzZSIgVmFsdWU9IkZhbHNlIiAvPg0KICAgICAgICAgICAgPFJ1bGVQYXJhbWV0ZXIgTmFtZT0iVXNlUmVndWxhckV4cHJlc3Npb24iIFZhbHVlPSJGYWxzZSIgLz4NCiAgICAgICAgICAgIDxSdWxlUGFyYW1ldGVyIE5hbWU9Ikh0bWxEZWNvZGUiIFZhbHVlPSJUcnVlIiAvPg0KICAgICAgICAgICAgPFJ1bGVQYXJhbWV0ZXIgTmFtZT0iUmVxdWlyZWQiIFZhbHVlPSJGYWxzZSIgLz4NCiAgICAgICAgICA8L1J1bGVQYXJhbWV0ZXJzPg0KICAgICAgICA8L0V4dHJhY3Rpb25SdWxlPg0KICAgICAgPC9Db3JyZWxhdGlvbkV4dHJhY3Rpb25SdWxlcz4NCiAgICAgIDxRdWVyeVN0cmluZ1BhcmFtZXRlcnM+DQogICAgICAgIDxRdWVyeVN0cmluZ1BhcmFtZXRlciBOYW1lPSJXU0lRVFAiIFZhbHVlPSJTWTQwTCIgUmVjb3JkZWRWYWx1ZT0iU1k0MEwiIENvcnJlbGF0aW9uQmluZGluZz0ie3tRdWVyeVN0cmluZ1BhcmFtMy5XU0lRVFB9fSIgVXJsRW5jb2RlPSJGYWxzZSIgVXNlVG9Hcm91cFJlc3VsdHM9IkZhbHNlIiAvPg0KICAgICAgPC9RdWVyeVN0cmluZ1BhcmFtZXRlcnM+DQogICAgPC9SZXF1ZXN0Pg0KICAgIDxSZXF1ZXN0IE1ldGhvZD0iR0VUIiBWZXJzaW9uPSIxLjEiIFVybD0iaHR0cDovLzc0LjguMjQzLjEzMy9BTElTL1dXNDAwUi5IVE0iIFRoaW5rVGltZT0iNCIgVGltZW91dD0iMzAwIiBQYXJzZURlcGVuZGVudFJlcXVlc3RzPSJUcnVlIiBGb2xsb3dSZWRpcmVjdHM9IlRydWUiIFJlY29yZFJlc3VsdD0iVHJ1ZSIgQ2FjaGU9IkZhbHNlIiBSZXNwb25zZVRpbWVHb2FsPSIwIiBFbmNvZGluZz0iaXNvLTg4NTktMSIgRXhwZWN0ZWRIdHRwU3RhdHVzQ29kZT0iMCIgRXhwZWN0ZWRSZXNwb25zZVVybD0iIj4NCiAgICAgIDxFeHRyYWN0aW9uUnVsZXM+DQogICAgICAgIDxFeHRyYWN0aW9uUnVsZSBDbGFzc25hbWU9Ik1pY3Jvc29mdC5WaXN1YWxTdHVkaW8uVGVzdFRvb2xzLldlYlRlc3RpbmcuUnVsZXMuRXh0cmFjdEhpZGRlbkZpZWxkcywgTWljcm9zb2Z0LlZpc3VhbFN0dWRpby5RdWFsaXR5VG9vbHMuV2ViVGVzdEZyYW1ld29yaywgVmVyc2lvbj05LjAuMC4wLCBDdWx0dXJlPW5ldXRyYWwsIFB1YmxpY0tleVRva2VuPWIwM2Y1ZjdmMTFkNTBhM2EiIFZhcmlhYmxlTmFtZT0iMSIgRGlzcGxheU5hbWU9IkV4dHJhY3QgSGlkZGVuIEZpZWxkcyIgRGVzY3JpcHRpb249IkV4dHJhY3QgYWxsIGhpZGRlbiBmaWVsZHMgZnJvbSB0aGUgcmVzcG9uc2UgYW5kIHBsYWNlIHRoZW0gaW50byB0aGUgdGVzdCBjb250ZXh0LiI+DQogICAgICAgICAgPFJ1bGVQYXJhbWV0ZXJzPg0KICAgICAgICAgICAgPFJ1bGVQYXJhbWV0ZXIgTmFtZT0iUmVxdWlyZWQiIFZhbHVlPSJUcnVlIiAvPg0KICAgICAgICAgICAgPFJ1bGVQYXJhbWV0ZXIgTmFtZT0iSHRtbERlY29kZSIgVmFsdWU9IlRydWUiIC8+DQogICAgICAgICAgPC9SdWxlUGFyYW1ldGVycz4NCiAgICAgICAgPC9FeHRyYWN0aW9uUnVsZT4NCiAgICAgIDwvRXh0cmFjdGlvblJ1bGVzPg0KICAgICAgPENvcnJlbGF0aW9uRXh0cmFjdGlvblJ1bGVzPg0KICAgICAgICA8RXh0cmFjdGlvblJ1bGUgQ2xhc3NuYW1lPSJNaWNyb3NvZnQuVmlzdWFsU3R1ZGlvLlRlc3RUb29scy5XZWJUZXN0aW5nLlJ1bGVzLkV4dHJhY3RGb3JtRmllbGQsIE1pY3Jvc29mdC5WaXN1YWxTdHVkaW8uUXVhbGl0eVRvb2xzLldlYlRlc3RGcmFtZXdvcmssIFZlcnNpb249OS4wLjAuMCwgQ3VsdHVyZT1uZXV0cmFsLCBQdWJsaWNLZXlUb2tlbj1iMDNmNWY3ZjExZDUwYTNhIiBWYXJpYWJsZU5hbWU9IkZvcm1Qb3N0UGFyYW0xLlc5RkRUQSIgRGlzcGxheU5hbWU9IiIgRGVzY3JpcHRpb249IiI+DQogICAgICAgICAgPFJ1bGVQYXJhbWV0ZXJzPg0KICAgICAgICAgICAgPFJ1bGVQYXJhbWV0ZXIgTmFtZT0iTmFtZSIgVmFsdWU9Ilc5RkRUQSIgLz4NCiAgICAgICAgICAgIDxSdWxlUGFyYW1ldGVyIE5hbWU9Ikh0bWxEZWNvZGUiIFZhbHVlPSJUcnVlIiAvPg0KICAgICAgICAgICAgPFJ1bGVQYXJhbWV0ZXIgTmFtZT0iUmVxdWlyZWQiIFZhbHVlPSJGYWxzZSIgLz4NCiAgICAgICAgICA8L1J1bGVQYXJhbWV0ZXJzPg0KICAgICAgICA8L0V4dHJhY3Rpb25SdWxlPg0KICAgICAgICA8RXh0cmFjdGlvblJ1bGUgQ2xhc3NuYW1lPSJNaWNyb3NvZnQuVmlzdWFsU3R1ZGlvLlRlc3RUb29scy5XZWJUZXN0aW5nLlJ1bGVzLkV4dHJhY3RGb3JtRmllbGQsIE1pY3Jvc29mdC5WaXN1YWxTdHVkaW8uUXVhbGl0eVRvb2xzLldlYlRlc3RGcmFtZXdvcmssIFZlcnNpb249OS4wLjAuMCwgQ3VsdHVyZT1uZXV0cmFsLCBQdWJsaWNLZXlUb2tlbj1iMDNmNWY3ZjExZDUwYTNhIiBWYXJpYWJsZU5hbWU9IkZvcm1Qb3N0UGFyYW0yLlc5VERUQSIgRGlzcGxheU5hbWU9IiIgRGVzY3JpcHRpb249IiI+DQogICAgICAgICAgPFJ1bGVQYXJhbWV0ZXJzPg0KICAgICAgICAgICAgPFJ1bGVQYXJhbWV0ZXIgTmFtZT0iTmFtZSIgVmFsdWU9Ilc5VERUQSIgLz4NCiAgICAgICAgICAgIDxSdWxlUGFyYW1ldGVyIE5hbWU9Ikh0bWxEZWNvZGUiIFZhbHVlPSJUcnVlIiAvPg0KICAgICAgICAgICAgPFJ1bGVQYXJhbWV0ZXIgTmFtZT0iUmVxdWlyZWQiIFZhbHVlPSJGYWxzZSIgLz4NCiAgICAgICAgICA8L1J1bGVQYXJhbWV0ZXJzPg0KICAgICAgICA8L0V4dHJhY3Rpb25SdWxlPg0KICAgICAgICA8RXh0cmFjdGlvblJ1bGUgQ2xhc3NuYW1lPSJNaWNyb3NvZnQuVmlzdWFsU3R1ZGlvLlRlc3RUb29scy5XZWJUZXN0aW5nLlJ1bGVzLkV4dHJhY3RUZXh0LCBNaWNyb3NvZnQuVmlzdWFsU3R1ZGlvLlF1YWxpdHlUb29scy5XZWJUZXN0RnJhbWV3b3JrLCBWZXJzaW9uPTkuMC4wLjAsIEN1bHR1cmU9bmV1dHJhbCwgUHVibGljS2V5VG9rZW49YjAzZjVmN2YxMWQ1MGEzYSIgVmFyaWFibGVOYW1lPSJGb3JtUG9zdFBhcmFtMy5XOUFCUiIgRGlzcGxheU5hbWU9IiIgRGVzY3JpcHRpb249IiI+DQogICAgICAgICAgPFJ1bGVQYXJhbWV0ZXJzPg0KICAgICAgICAgICAgPFJ1bGVQYXJhbWV0ZXIgTmFtZT0iU3RhcnRzV2l0aCIgVmFsdWU9Imx1ZT0mcXVvdDsiIC8+DQogICAgICAgICAgICA8UnVsZVBhcmFtZXRlciBOYW1lPSJFbmRzV2l0aCIgVmFsdWU9IiZxdW90OyZndDsqQWwiIC8+DQogICAgICAgICAgICA8UnVsZVBhcmFtZXRlciBOYW1lPSJJbmRleCIgVmFsdWU9IjAiIC8+DQogICAgICAgICAgICA8UnVsZVBhcmFtZXRlciBOYW1lPSJJZ25vcmVDYXNlIiBWYWx1ZT0iRmFsc2UiIC8+DQogICAgICAgICAgICA8UnVsZVBhcmFtZXRlciBOYW1lPSJVc2VSZWd1bGFyRXhwcmVzc2lvbiIgVmFsdWU9IkZhbHNlIiAvPg0KICAgICAgICAgICAgPFJ1bGVQYXJhbWV0ZXIgTmFtZT0iSHRtbERlY29kZSIgVmFsdWU9IlRydWUiIC8+DQogICAgICAgICAgICA8UnVsZVBhcmFtZXRlciBOYW1lPSJSZXF1aXJlZCIgVmFsdWU9IkZhbHNlIiAvPg0KICAgICAgICAgIDwvUnVsZVBhcmFtZXRlcnM+DQogICAgICAgIDwvRXh0cmFjdGlvblJ1bGU+DQogICAgICAgIDxFeHRyYWN0aW9uUnVsZSBDbGFzc25hbWU9Ik1pY3Jvc29mdC5WaXN1YWxTdHVkaW8uVGVzdFRvb2xzLldlYlRlc3RpbmcuUnVsZXMuRXh0cmFjdFRleHQsIE1pY3Jvc29mdC5WaXN1YWxTdHVkaW8uUXVhbGl0eVRvb2xzLldlYlRlc3RGcmFtZXdvcmssIFZlcnNpb249OS4wLjAuMCwgQ3VsdHVyZT1uZXV0cmFsLCBQdWJsaWNLZXlUb2tlbj1iMDNmNWY3ZjExZDUwYTNhIiBWYXJpYWJsZU5hbWU9IkZvcm1Qb3N0UGFyYW00Llc5VE9XTiIgRGlzcGxheU5hbWU9IiIgRGVzY3JpcHRpb249IiI+DQogICAgICAgICAgPFJ1bGVQYXJhbWV0ZXJzPg0KICAgICAgICAgICAgPFJ1bGVQYXJhbWV0ZXIgTmFtZT0iU3RhcnRzV2l0aCIgVmFsdWU9Imx1ZT0mcXVvdDsiIC8+DQogICAgICAgICAgICA8UnVsZVBhcmFtZXRlciBOYW1lPSJFbmRzV2l0aCIgVmFsdWU9IiZxdW90OyZndDsqQWwiIC8+DQogICAgICAgICAgICA8UnVsZVBhcmFtZXRlciBOYW1lPSJJbmRleCIgVmFsdWU9IjAiIC8+DQogICAgICAgICAgICA8UnVsZVBhcmFtZXRlciBOYW1lPSJJZ25vcmVDYXNlIiBWYWx1ZT0iRmFsc2UiIC8+DQogICAgICAgICAgICA8UnVsZVBhcmFtZXRlciBOYW1lPSJVc2VSZWd1bGFyRXhwcmVzc2lvbiIgVmFsdWU9IkZhbHNlIiAvPg0KICAgICAgICAgICAgPFJ1bGVQYXJhbWV0ZXIgTmFtZT0iSHRtbERlY29kZSIgVmFsdWU9IlRydWUiIC8+DQogICAgICAgICAgICA8UnVsZVBhcmFtZXRlciBOYW1lPSJSZXF1aXJlZCIgVmFsdWU9IkZhbHNlIiAvPg0KICAgICAgICAgIDwvUnVsZVBhcmFtZXRlcnM+DQogICAgICAgIDwvRXh0cmFjdGlvblJ1bGU+DQogICAgICA8L0NvcnJlbGF0aW9uRXh0cmFjdGlvblJ1bGVzPg0KICAgICAgPFF1ZXJ5U3RyaW5nUGFyYW1ldGVycz4NCiAgICAgICAgPFF1ZXJ5U3RyaW5nUGFyYW1ldGVyIE5hbWU9IldTSVFUUCIgVmFsdWU9IkxSMDlEIiBSZWNvcmRlZFZhbHVlPSJMUjA5RCIgQ29ycmVsYXRpb25CaW5kaW5nPSJ7e1F1ZXJ5U3RyaW5nUGFyYW0xLldTSVFUUH19IiBVcmxFbmNvZGU9IkZhbHNlIiBVc2VUb0dyb3VwUmVzdWx0cz0iRmFsc2UiIC8+DQogICAgICAgIDxRdWVyeVN0cmluZ1BhcmFtZXRlciBOYW1lPSJXU0tZQ0QiIFZhbHVlPSJFIiBSZWNvcmRlZFZhbHVlPSJFIiBDb3JyZWxhdGlvbkJpbmRpbmc9Int7UXVlcnlTdHJpbmdQYXJhbTIuV1NLWUNEfX0iIFVybEVuY29kZT0iRmFsc2UiIFVzZVRvR3JvdXBSZXN1bHRzPSJGYWxzZSIgLz4NCiAgICAgIDwvUXVlcnlTdHJpbmdQYXJhbWV0ZXJzPg0KICAgIDwvUmVxdWVzdD4NCiAgICA8UmVxdWVzdCBNZXRob2Q9IlBPU1QiIFZlcnNpb249IjEuMSIgVXJsPSJodHRwOi8vNzQuOC4yNDMuMTMzL0FMSVMvV1c0MDBSLkhUTSIgVGhpbmtUaW1lPSIwIiBUaW1lb3V0PSIzMDAiIFBhcnNlRGVwZW5kZW50UmVxdWVzdHM9IlRydWUiIEZvbGxvd1JlZGlyZWN0cz0iVHJ1ZSIgUmVjb3JkUmVzdWx0PSJUcnVlIiBDYWNoZT0iRmFsc2UiIFJlc3BvbnNlVGltZUdvYWw9IjAiIEVuY29kaW5nPSJpc28tODg1OS0xIiBFeHBlY3RlZEh0dHBTdGF0dXNDb2RlPSIwIiBFeHBlY3RlZFJlc3BvbnNlVXJsPSIiPg0KICAgICAgPEZvcm1Qb3N0SHR0cEJvZHk+DQogICAgICAgIDxGb3JtUG9zdFBhcmFtZXRlciBOYW1lPSJXOUZEVEEiIFZhbHVlPSIwMTE0MjAxMCIgUmVjb3JkZWRWYWx1ZT0iMDExNDIwMTAiIENvcnJlbGF0aW9uQmluZGluZz0ie3tGb3JtUG9zdFBhcmFtMS5XOUZEVEF9fSIgVXJsRW5jb2RlPSJUcnVlIiAvPg0KICAgICAgICA8Rm9ybVBvc3RQYXJhbWV0ZXIgTmFtZT0iVzlURFRBIiBWYWx1ZT0iMDExNDIwMTAiIFJlY29yZGVkVmFsdWU9IjAxMTQyMDEwIiBDb3JyZWxhdGlvbkJpbmRpbmc9Int7Rm9ybVBvc3RQYXJhbTIuVzlURFRBfX0iIFVybEVuY29kZT0iVHJ1ZSIgLz4NCiAgICAgICAgPEZvcm1Qb3N0UGFyYW1ldGVyIE5hbWU9Ilc5QUJSIiBWYWx1ZT0iKkFMTCIgUmVjb3JkZWRWYWx1ZT0iKkFMTCIgQ29ycmVsYXRpb25CaW5kaW5nPSJ7e0Zvcm1Qb3N0UGFyYW0zLlc5QUJSfX0iIFVybEVuY29kZT0iVHJ1ZSIgLz4NCiAgICAgICAgPEZvcm1Qb3N0UGFyYW1ldGVyIE5hbWU9Ilc5VE9XTiIgVmFsdWU9IipBTEwiIFJlY29yZGVkVmFsdWU9IipBTEwiIENvcnJlbGF0aW9uQmluZGluZz0ie3tGb3JtUG9zdFBhcmFtNC5XOVRPV059fSIgVXJsRW5jb2RlPSJUcnVlIiAvPg0KICAgICAgICA8Rm9ybVBvc3RQYXJhbWV0ZXIgTmFtZT0iVzlGQyQiIFZhbHVlPSIiIFJlY29yZGVkVmFsdWU9IiIgQ29ycmVsYXRpb25CaW5kaW5nPSIiIFVybEVuY29kZT0iVHJ1ZSIgLz4NCiAgICAgICAgPEZvcm1Qb3N0UGFyYW1ldGVyIE5hbWU9Ilc5VEMkIiBWYWx1ZT0iIiBSZWNvcmRlZFZhbHVlPSIiIENvcnJlbGF0aW9uQmluZGluZz0iIiBVcmxFbmNvZGU9IlRydWUiIC8+DQogICAgICAgIDxGb3JtUG9zdFBhcmFtZXRlciBOYW1lPSJXU0hUTk0iIFZhbHVlPSJ7eyRISURERU4xLldTSFROTX19IiBSZWNvcmRlZFZhbHVlPSJXVzQxM1IwMCIgQ29ycmVsYXRpb25CaW5kaW5nPSIiIFVybEVuY29kZT0iVHJ1ZSIgLz4NCiAgICAgICAgPEZvcm1Qb3N0UGFyYW1ldGVyIE5hbWU9IldTSVFUUCIgVmFsdWU9Int7JEhJRERFTjEuV1NJUVRQfX0iIFJlY29yZGVkVmFsdWU9IkxSMTNBIiBDb3JyZWxhdGlvbkJpbmRpbmc9IiIgVXJsRW5jb2RlPSJUcnVlIiAvPg0KICAgICAgICA8Rm9ybVBvc3RQYXJhbWV0ZXIgTmFtZT0iV1NLWUNEIiBWYWx1ZT0ie3skSElEREVOMS5XU0tZQ0R9fSIgUmVjb3JkZWRWYWx1ZT0iRSIgQ29ycmVsYXRpb25CaW5kaW5nPSIiIFVybEVuY29kZT0iVHJ1ZSIgLz4NCiAgICAgIDwvRm9ybVBvc3RIdHRwQm9keT4NCiAgICA8L1JlcXVlc3Q+DQogIDwvSXRlbXM+DQogIDxWYWxpZGF0aW9uUnVsZXM+DQogICAgPFZhbGlkYXRpb25SdWxlIENsYXNzbmFtZT0iTWljcm9zb2Z0LlZpc3VhbFN0dWRpby5UZXN0VG9vbHMuV2ViVGVzdGluZy5SdWxlcy5WYWxpZGF0ZVJlc3BvbnNlVXJsLCBNaWNyb3NvZnQuVmlzdWFsU3R1ZGlvLlF1YWxpdHlUb29scy5XZWJUZXN0RnJhbWV3b3JrLCBWZXJzaW9uPTkuMC4wLjAsIEN1bHR1cmU9bmV1dHJhbCwgUHVibGljS2V5VG9rZW49YjAzZjVmN2YxMWQ1MGEzYSIgRGlzcGxheU5hbWU9IlJlc3BvbnNlIFVSTCIgRGVzY3JpcHRpb249IlZhbGlkYXRlcyB0aGF0IHRoZSByZXNwb25zZSBVUkwgYWZ0ZXIgcmVkaXJlY3RzIGFyZSBmb2xsb3dlZCBpcyB0aGUgc2FtZSBhcyB0aGUgcmVjb3JkZWQgcmVzcG9uc2UgVVJMLiAgUXVlcnlTdHJpbmcgcGFyYW1ldGVycyBhcmUgaWdub3JlZC4iIExldmVsPSJMb3ciIC8+DQogIDwvVmFsaWRhdGlvblJ1bGVzPg0KPC9XZWJUZXN0Pg==">
      <Css projectStructure="" iteration="" />
      <Owners>
        <Owner name="" />
      </Owners>
      <Execution id="005bfc2b-62ca-4053-8c1f-0b4ac424489d" />
    </WebTest>
  </TestDefinitions>
  <TestLists>
    <TestList name="Results Not in a List" id="8c84fa94-04c1-424b-9868-57a2d4851a1d" />
    <TestList name="All Loaded Results" id="19431567-8539-422a-85d7-44ee4e166bda" />
  </TestLists>
  <TestEntries>
    <TestEntry isTransparent="false" testId="5e298435-7844-533a-b9d9-4550cbeaf1b5" executionId="cc14ca68-ee41-417b-b7e7-b41087700a92" testListId="8c84fa94-04c1-424b-9868-57a2d4851a1d" />
    <TestEntry isTransparent="false" testId="cf63c8d7-fbbe-4ef2-87a9-4c414c1aeb9d" executionId="b424645b-e6d9-4f92-9d60-9d422778f233" testListId="8c84fa94-04c1-424b-9868-57a2d4851a1d" />
  </TestEntries>
  <Results>
    <WebTestResult executionId="cc14ca68-ee41-417b-b7e7-b41087700a92" testId="5e298435-7844-533a-b9d9-4550cbeaf1b5" testName="WebTest1Coded" computerName="LVDVMRALLEN7" duration="00:00:47.0267077" startTime="2010-01-14T21:22:13.4325939-07:00" endTime="2010-01-14T21:23:00.4593016-07:00" testType="37e36796-fb51-4610-8d5c-e00ceaa68b9f" outcome="Aborted" testListId="8c84fa94-04c1-424b-9868-57a2d4851a1d">
      <Output>
      </Output>
      <ByteArrayCache nextHandle="28">
        <Entry handle="27" bytes="H4sIAAAAAAAEAO29B2AcSZYlJi9tynt/SvVK1+B0oQiAYBMk2JBAEOzBiM3mkuwdaUcjKasqgcplVmVdZhZAzO2dvPfee++999577733ujudTif33/8/XGZkAWz2zkrayZ4hgKrIHz9+fB8/Ih7/rk+/PHnz+7w8Tb/95ovn6cuvnjw/O0k/2r579+z0zbO7d5++eSrf7I137t49ffHRUfIYfx89/vbp8VP6483Zm+enR/s7++mLqk2fVevl7PFd+TB5fJcbPX7y5dPfB+/tHnlt6K/k8cujN/M8rfNftM6bNp+lX716nt49zy6LabUc0z/pVdakS3rpHC+l1TJt50WTNnl9mdfjx3dfopNJNbs+enx33i7Ko+T/ATup3KvRAAAA" />
        <Entry handle="26" bytes="H4sIAAAAAAAEAO29B2AcSZYlJi9tynt/SvVK1+B0oQiAYBMk2JBAEOzBiM3mkuwdaUcjKasqgcplVmVdZhZAzO2dvPfee++999577733ujudTif33/8/XGZkAWz2zkrayZ4hgKrIHz9+fB8/Ih7P20WZvluUy+ZR9dlH63r5qJnO80XWbC+KaV011Xm7Pa0Wj6rz82Ka64+PfuNEXrm6xStXVT2zLzTt7i1eaRZZ3bbZRWPe++yjeduuHt29e3V1Nb66N67qi7tvXt19dXqyjQHs73x09Bsnv3HyeJ5nM/rt8SJvsxSvbOe/aF1cfnZSLdt82W6/uV7l6VT++OyjNn/X3sX7h+l0ntVN3n62brazZloUH1koy2yRf/ayri7OZvbN79KQxk+r6XpBf4UtP8+XeZ21Ve26+cIMMcV76e5uB/iXdXFRLG/zTlks36Z1Xn72rCjz7edF06bzOj//7KMXX745Ozk9/v3P6fPmLv4t6csx0Y7fa4u2zI8Aapo3bV6nL6q6naev8gtqVV+n1Xn6NM9nTfr4rjSld6pHrzELb7ILJhowbVbZNF/XxXvOoIzyo5Oivf7o7s8K6FVJbwvs33V7+3vFeXrR5umiqdKH3z96TFSgb1Lq1kwZTecqr9sib/AFvjlet/OqPjqeLYolaILZeHzXfq6t3uQL6qrNj4h+i6xEA/uRNnmeNe0QMO87bf0qvyyaoloe7eF7+5fprmqz8k2xyI/uc1f2T/3+pM6p59nR3s7uzvbO7vbu3pvde4/u7T7a2fkpvGC+91B7nV1ueMG10FdeZhdEo118J7/q52DKhsDgC/ndoERylE2Jxegt+dr7xLSpFqtseX30Op/WJATCf+08T+mLRbW8yrOynfOr2tDgXywNMvKrRbLOLupsNbeY2r97WH23aOevwWvU9t7DED/vO33vJ+lTzMfu7vj+pzuforn5CAx1d4CjHt8Fyz3+Xb+XL2fF+fe3t482seUVU9DTJik++6mqWhw9IWl9VrSP7+rf+t3rVV6SKrh43YLxTso8W6JJ+LG2/bzOFiQwnabBp9ryJ7OymNHfxxdZsSQ+EBm8azslvjg7/72/eH62vETLo/OsbHLut/uNvnF2sazq/IviXT5T/eveiXynbx2XV9l183peXb2EVM+rcpbXb0hTu5eHmyiMJ3V11eT18/wyL4+sKj2jfupl3p6+W5XUeb0PWEFTntTefLzvdD7PMJ7X7TXpYtKr58+r6dt8xrT+7CMexEep1+akWkPj797/9CODgA9hIwK/K/VOfVeTn86nLb08LbOmKWaffTQt6cejewf7B7sHOw+2T453Trf3957ubT95du/h9pN7946f7d67f3Ky//SjlNoXeVWtiyPiaIaEPhv0Tr+Qxf59H33rF0/yeXZZVPWjdV1u/bi0v5P+EiBnWvoIegCAK6F291spDwgUIbXYkhA16bfu0jer8RdNJRp1lJaF/9esuHR//sbJj/1iGu82A95eZTXR6NFHHx3S58TLZEIf7RRL99f2pGpbMhvjnZ2d3VXLX9Dbq4yNLXX/6KqYVVfbVb2aZ/zeOXHidlP8IH+0uzfekVf4s/NsUZTXjz6C8m3SF/lV+qpaZMuPDMxzwoVU5/bmxkSslRmDothWq23Sdo+ydVt5mJNDMG/taFxzGVHsjTI/D174OR3l70m95ympd/S/iyFzdwfj+8WSXJlxME2P+O90d7zH33p/mH7h1OW10uDR2PvmvKra+DerjNTxdlOtyeN5tAOkwEo+SsDxkfkADYRrPW4OZXx35/s+V2/g5zablLlj2zf4M+RdeC1EOnyRSiNL5FZakFaaZMuZzNNO58tpVUa+VNBVQ3rx0XXehJ+H4sIUms3IWDAzgeb3x/urNrW/uWZ1Zggc8Jf9+IPkbOe9ODBbNsV2mS0v1pi8H9/Z37GjN8wZ/3ZSzHovbtJddzWQoF8n1ew6xaufnb7Y/up1ym989jFN8nYBg0ImjznvY2lObCZa+DPDW/L5Sj+1bJGSqbxYfjbNAcRCJSO2zV88ki8+Pnq8PnpM3vESmpjb2PF4ZNxnMhJfkIKu89nHR9/67mn64svvpt8+/snT9Ltnz87SL1+8Pntz+i3yalbQ8/wv4NIP6uHu6kPRvB2OHx+9IUePpGj3EeKB9Ioiws8+qpYfHfFn7Mh7H9qIBTOlXx/J73idcB6IZGLD/KEN8btFWaYTCjTLqsln6Xey5Rpe7u7BKIXnnZKM/Zzi9+WkAd8uidREry8onCKMnlNgQuB/L9IJ6dPs+ucUQe78Fy4nzerwm0bha0lT/xWOV+v1Eor2Y4uqILlZwu6ShtDfoFr0V2Qhjn7j5P8BHRgZjY8RAAA=" />
        <Entry handle="25" bytes="H4sIAAAAAAAEAO29B2AcSZYlJi9tynt/SvVK1+B0oQiAYBMk2JBAEOzBiM3mkuwdaUcjKasqgcplVmVdZhZAzO2dvPfee++999577733ujudTif33/8/XGZkAWz2zkrayZ4hgKrIHz9+fB8/Ih5/+80Xz49+4+RxW7RlTr98t6qnedPmdfqiqtt5+iq/KJq2vk6r8/Rpns8aanvXNH4838O/03xJLxy9medp9/WX60lZTNPXeVZP5+mqri7qbJEWTTpd1zW9Vl6n62V2mRVlNinzx3cF4Oro8fze0XfzNFtVZXVR/CBPz6s6zZbXabGcVsvLfFnkyym1167pxXt48e68XZRH/w/nt8rL1QAAAA==" />
        <Entry handle="24" bytes="H4sIAAAAAAAEAO29B2AcSZYlJi9tynt/SvVK1+B0oQiAYBMk2JBAEOzBiM3mkuwdaUcjKasqgcplVmVdZhZAzO2dvPfee++999577733ujudTif33/8/XGZkAWz2zkrayZ4hgKrIHz9+fB8/Ih7/rk+/PHnz+7w8Tb/95ovn6cuvnjw/O0k/2r579+z0zbO7d5++eSrf7I137t49ffHRUfIYfx89/vbp8VP6483Zm+enR/s799JnVT0pZrN8+fiufJg8vsuNHj/58unvg/d2j7w29Fdi/0y308l1Wq/LfJw8fnn0+1TrdFaly6pN59llnq7yelE0TVEt07ZKs+k0b5r0boI/50WTNnl9mdfjx3dfos9JNbs+enx33i7Ko+T/AStLIzXgAAAA" />
        <Entry handle="23" bytes="H4sIAAAAAAAEAO29B2AcSZYlJi9tynt/SvVK1+B0oQiAYBMk2JBAEOzBiM3mkuwdaUcjKasqgcplVmVdZhZAzO2dvPfee++999577733ujudTif33/8/XGZkAWz2zkrayZ4hgKrIHz9+fB8/Iu7eTU+q1XVdXMzbdG9n50H6RTGtq6Y6b+mLelXVWVtUy3GaHpdlys2atM6bvL7MZ+PfOPmNk63z9XKKNlt3fvFlVqfTqnpb5K/bulhepJ+ls2q6XuTLdiyfH6JJNp3mqzaffbtqCNpn6fc+GpfFZU5NFh+N0o/Gi2bpfjfo2E/eTap39o+snS3kq+8z6GL2+y/WxYyAfvRw7/jByc7x03s7D0/3n+zfPzjY2d/59PRkZ+9458nxvScf8Qto/ZNZuc7pleW6LO2Hp+9WNM6GBgZgW198dfb0sztb39vZfpht/+B4+6e+/4vv7f2SOwIkf7d6lV/k7wAjv0rpd3p7K4Ryh1vWaPZF1k7n1Na8Ns7f5dMtn3B3DovzdMs1vvOLfTzd59/b+/7hL0FT72sZR/oLf6Elxu8qH8n8XBXLWXUF0hMk+WNcVlOZ5jl9zHheZmUx00bnWdnkh+dVnW4xiemjnUP68TicyHGZLy/aOTr+Xe3r1O6TT9BxF1yXD+iLANr3iu+7LpuzGWi7eyi/hR1rv/IdOgM93CjH03lWH7f+J4roNr9xB+QJ4OkLkT7MK7EBTeo8e3v4S3L6Pfi2rdf54S/5JTxL3uf62p1fXOftul4e/hInO0+rRVYw133EbBDMjsHkKN2R+cSHb6q3+RKSFDZtVmXRbn00/kjYybV0QPbu/OJup4cks/j9s4/COd+VOe9B0SkOwHxCcMYfpZ94rTGhRAZPReRtS6wOtNvrVV6dGwnQz3liPlovZ/l5scxnH6W/R/fFRyHBPgHuJFMFSdxnz+pilO7spt/JlqTX9nbTnZ1H/L/08y/eHKarrJ1/dvfwo8OOfgIBWNSBvJGfTzod0zjubN05/H8AtjrJhDwFAAA=" />
        <Entry handle="22" bytes="H4sIAAAAAAAEAO29B2AcSZYlJi9tynt/SvVK1+B0oQiAYBMk2JBAEOzBiM3mkuwdaUcjKasqgcplVmVdZhZAzO2dvPfee++999577733ujudTif33/8/XGZkAWz2zkrayZ4hgKrIHz9+fB8/Ih7/rk+/PHnz+7w8TeftokxffvXk+dlJ+tH23bvfvXdy9+7TN0/T3/vbb754nu6Od9I3dbZsiraolll59+7pi4/Sj+Ztu3p09+7V1dX46t64qi/uvnl19x1g7eJl/XW79d4cz9rZR0e/cfKYe3y3KJfNZxE4uw8fPpTXP0q5dZ7N6GdKz+O2aMv86PX1cvr4rvxODe5qi8eTanbNLR83q2zJzdKz5bRcz/Lm8V3+TL6d1sWqTdvrVf7ZR23+rr3709llJp9+lDb19LOP7t7NCOPrtpg246ydLdrxtFrcfc1NmrtX5bfzcpXX459ufo/isy++Onv60RF1wN9+rS7K4jLf0MPxi04Pj+/qWGnwRKij3zj5fwCnYnsY0AEAAA==" />
        <Entry handle="21" bytes="H4sIAAAAAAAEAO29B2AcSZYlJi9tynt/SvVK1+B0oQiAYBMk2JBAEOzBiM3mkuwdaUcjKasqgcplVmVdZhZAzO2dvPfee++999577733ujudTif33/8/XGZkAWz2zkrayZ4hgKrIHz9+fB8/Iu7eTU+q1XVdXMzbdG9n50H6RTGtq6Y6b+mLelXVWVtUy3GaHpdlys2atM6bvL7MZ+PfOPmNk63z9XKKNlt3fvFlVqfTqnpb5K/bulhepJ+ls2q6XuTLdiyfH6JJNp3mqzaffbtqCNpn6fc+GpfFZU5NFh+N0o/Gi2bpfjfo2E/eTap39o+snS3kq+8z6GL2+y/WxYyAfnR8/+mzpw8f3Huwt7e3/3Bv7/hk7+Dk3t6De8c7J/cPDp59xC+g9U9m5TqnV5brsrQfnr5b0TgbGhiAbX3x1dnTz+5sfW9n+2G2/YPj7Z/6/i++t/dL7giQ/N3qVX6RvwOM/Cql3+ntrRDKHW5Zo9kXWTudU1vz2jh/l0+3fMLdOSzO0y3X+M4v9vF0n39v7/uHvwRNva9lHOkv/IWWGL+rfCTzc1UsZ9UVSE+Q5I9xWU1lmuf0MeN5mZXFTBudZ2WTH55XdbrFJKaPdg7px+NwIsdlvrxo5+j4d7WvU7tPPkHHXXBdPqAvAmjfK77vumzOZqDt7qH8Fnas/cp36Az0cKMcT+dZfdz6nyii2/zGHZAngKcvRPowr8QGNKnz7O3hL8np9+Dbtl7nh7/kl/AseZ/ra3d+cZ2363p5+Euc7DytFlnBXPcRs0EwOwaTo3RH5hMfvqne5ktIUti0WZVFu/XR+CNhJ9fSAdm784u7nR6SzOL3zz4K53xX5rwHRac4APMJwRl/lH7itcaEEhk8FZG3LbE60G6vV3l1biRAP+eJ+Wi9nOXnxTKffZT+Ht0XH4UE+wS4k0wVJHGfPauLUbqzm34nW5Je29tNd3Ye8f/Sz794c5iusnb+2d3Djw47+gkEYFEH8kZ+Pul0TOO4s3Xn8P8B5NEmUzwFAAA=" />
        <Entry handle="20" bytes="H4sIAAAAAAAEAO29B2AcSZYlJi9tynt/SvVK1+B0oQiAYBMk2JBAEOzBiM3mkuwdaUcjKasqgcplVmVdZhZAzO2dvPfee++999577733ujudTif33/8/XGZkAWz2zkrayZ4hgKrIHz9+fB8/Iu7eTU+q1XVdXMzbdG9n50H6RTGtq6Y6b+mLelXVWVtUy3GaHpdlys2atM6bvL7MZ+PfOPmNk63z9XKKNunWnV98mdXptKreFvnrti6WF+ln6ayarhf5sh3L54dokk2n+arNZ9+uGgL3Wfq9j8ZlcZlTk8VHo/Sj8aJZut8NPvaTd5Pqnf0ja2cL+er7DLqY/f7ZspgR0OW6LM1Hy2zlf4IWp+9WNI4GiH+WfrR1/OLLF58df3Zn63s72w+z7fPj7Wff/8X39n7Jna3f47NfePrZnY/0xWr5k1m5zn1oBNwDBmgvjl9+tvWTnwHU+Puf0Ose0E9+4cln2skPjrd/6vfd/v1/t+9/cucXfjdog14Pf+Z3016pg16n+bvVq/wif4fP8quUficctsKB3eGWNZp9kbXTObU1r43zd/l0y5+qO4fFebrlGt/5xf5g3eff2/v+4S+J9x4Q4s7h1+7YG6/X7y71y3Pwkj7f8pATqqS/8Bfayf9d5SMZf3Yab/8zP5NudV7wYIyL5Sx/9+W5e/FOevRZunNHgC4ZCYdo8D64LUBheRptrRh4zR0A239AeYsDSEaEIAjLlyJ2V/RCdQWJor7kj3FZTUV85/QxY3KZlcVMG51nZZMfnld1usViQh/tHNKPx6F8jst8edHOgdrval+ndp98go674LriTV8E0L5XfN912ZzNwEK7h/Jb2LH2K9+hM4zZjXI8nWf1cet/oohu8xt3QNMAnr4Q6cO8EhvQpM6zt8Tx9HvwbVuv88Nf8kt+CbDyPtfX7vziOm/X9VJYVtj9abXICtY2H/H8BbNjMDmi6eX5xIdvqrf5EgoybNqsyqLd+mj8kfCBa+mA7N35xd1OD0kV4/fPPgrnfFfmvAdFpzgA8wnBGX+UfuK1xoQSGTzNn7ctiTXQbq9XeXVupF0/54n5aE3sfV4s89lH6e/RffFRSLBPgDvpj4I0y2fP6mKU7uym38mWZK92d9KdnUf8v/TzL94cpqusnX929/AjIyDEtMvTO7+4Y4RADlb4GIrRAZ900DjkqV0yjCwOA3peQUCI+xB+CdmPO4f/D712I2llBwAA" />
        <Entry handle="19" bytes="H4sIAAAAAAAEAO29B2AcSZYlJi9tynt/SvVK1+B0oQiAYBMk2JBAEOzBiM3mkuwdaUcjKasqgcplVmVdZhZAzO2dvPfee++999577733ujudTif33/8/XGZkAWz2zkrayZ4hgKrIHz9+fB8/Ih7/rk+/PHnz+7w8TeftokxffvXk+dlJ+tH23bvfvXdy9+7TN0/T3/vbb754nu6Od9I3dbZsiraolll59+7pi4/Sj+Ztu3p09+7V1dX46t64qi/uvnl19x1g7eJl/XW79d4cz9rZR0e/cfKYe3y3KJfNZxE4uw8fPpTXP0q5dZ7N6GdKz+O2aMv86PX1cvr4rvxODe5qi8eTanbNLR83q2zJzdKXWZ0v28d3+RP5bloXqzZtr1f5Zx+1+bv27k9nl5l8+lHa1NPPPrp7NyN8r9ti2oyzdrZox9Nqcfc1N2nuXpXfzstVXo9/uvk9is+++Ors6UdH1AF/+7W6KIvLfEMPxy/6PRTndbbI02L22Ue//6JZPsNfEcj0FQM+W07L9SwfC1Wb9rokxH6wXSxn+btH27uH87y4mLePdlfvDq+KWTvn32ZFsyqz60fLapkfXhZNMSnKor1+NC9ms3x5CJQEDZ4EJT7NBvVx9P8AZyG/yF8CAAA=" />
        <Entry handle="18" bytes="H4sIAAAAAAAEAO29B2AcSZYlJi9tynt/SvVK1+B0oQiAYBMk2JBAEOzBiM3mkuwdaUcjKasqgcplVmVdZhZAzO2dvPfee++999577733ujudTif33/8/XGZkAWz2zkrayZ4hgKrIHz9+fB8/Ij4/e3bwMPs1f41f89f4Zb8Gnj+I//8H8Y8/iH/7h/6hf+gP+oP+oP+bPvi/f43/m3/83/wbPb/rr/p1fs1f49f4TX+NEd4EjF/j1/m1/qfTX+Pw/wEzEd4OVQAAAA==" />
        <Entry handle="17" bytes="H4sIAAAAAAAEAO29B2AcSZYlJi9tynt/SvVK1+B0oQiAYBMk2JBAEOzBiM3mkuwdaUcjKasqgcplVmVdZhZAzO2dvPfee++999577733ujudTif33/8/XGZkAWz2zkrayZ4hgKrIHz9+fB8/In7j5O7dx7/r906eHr85/t5vnBTnW+31Kq/Ot4rl02x19uxO+rt+ln60Xs7y82KZzz6684tXWZ0v2/EsW/3+r/Km+EG+Naum6wU+m1Sz63ExG6W79L87h7/kN07sV1d10eZbHz/O0nmdn3/20bxtV4/u3r0YL5rleFot7u4cP92hZ//u/b3dvU/vjXd/j9/j5dnTz+49ONh7uL//C7PF6vCrszeffcG/vcnqi7ylrw/u3Tv4dH+PPzx+8dn9hzsP93c+vfcpf/Dy88++eP3i9VevPkqPHheLi7Spp7bnyTibNbvUPf0YL/P2Lv28u3t3xzy7v7/91XzyYG//0/FFcf5RelXM2vlnH+1+lM7z4mLe8q9ZST9PymL69hf++L29w2/ndU6/3Dv8KJ1U9SyvP/to56P07tHju9nRx3cOPdpMy6rJt/DR3bvf//7R/wN9dA70kwEAAA==" />
        <Entry handle="16" bytes="H4sIAAAAAAAEAO29B2AcSZYlJi9tynt/SvVK1+B0oQiAYBMk2JBAEOzBiM3mkuwdaUcjKasqgcplVmVdZhZAzO2dvPfee++999577733ujudTif33/8/XGZkAWz2zkrayZ4hgKrIHz9+fB8/In7j5O7dx7/r906eHr85/t5vnFxmdTqtlm2+bJvff/fefvpZ+vHjZpUtjx5naZvVF3n72Ue//6TMlm8/Sud1fv7ZR/O2XT26e/divGiW42m1uLtz/HSHnv27u5/ee3iwtzPe/T1+11+YLVaH/M/Ls6effXpwcLC785D//urszWdf8G9vGDx9vbez++Dg4N4uf3r84rOHD/f2Hzx8uLsnAD7/7IvXL15/e/+jo5NqeVFn7brM2qJaNr9rund/J3326vQ0fbJuimXeNOlJVs+ax3ePjx7f5WF8fCiDPJ/r8JbrsqTPivN0a1ZN1wsa+XhSza7TX/gL0+CDcTGLfTYu8+VFO0+P0p07v3Hyi3/j5McE9GerrEYz257Gdlrm+PXJ9dks7Izg3CEkfslvnAgmy+yyuMjaqh5nq9VP5nVDwxsXy1n+7svzrY++Wyw/unP02Q7QoV6a/FlZZW38pWY9adr6BoBfvD47TT+688n9OwR2X4fR1tf0L377seJ863dVgv3Mz6Tt9SqvzreK5dNsdfbsTvrZZ+lHawJ1ThSffXQHL/BbPzYrv1sXbb6Fof3Yj/0S/JOXTe4aCMyxUOpFNcsJpSav2+PZT2dT+ujbb754vvVxdt7m9ZP8olh+PAqYU+AaKE17XebjWdGsyuz6s4+X1TL/WBpYUk/LqvHRwf+nWTudb+VAm5EKkKYGvwQo/2L3KX10vl5OwXCp/RRvDhPpi4v67DxGp1/8Y9yjQe+KgfVGCCyVbowh2DcnTnpN/EwM7EZX51mbK49tfQR2/0jGaloTeZd5DarSe34/3Ko/G8Qr+XJ2Mi/K2ZaBccdvG6X5jynOEbL/Eqib73//6P8B1IMnjnYEAAA=" />
        <Entry handle="15" bytes="H4sIAAAAAAAEAO29B2AcSZYlJi9tynt/SvVK1+B0oQiAYBMk2JBAEOzBiM3mkuwdaUcjKasqgcplVmVdZhZAzO2dvPfee++999577733ujudTif33/8/XGZkAWz2zkrayZ4hgKrIHz9+fB8/In7j5O7dx7/r906eHr85/t5vnFxmdTqtlm2+bJvf/97+vfSz9OPHzSpbHj3O0jarL/L2s49+/0mZLd9+lM7r/Pyzj+Ztu3p09+7FeNEsx9NqcXfn+OkOPXt3d+8/vL//cHe8+3v8rr8wW6wO+Z+XZ08/+3Rnd/fe/QP++6uzN599wb+9YfD09d7O7oODg3s7/Onxi8929x/u7+8++PTgnkD4/LMvXr94/e17Hx29nlertGmrOm/Sq6Kdp9OsmU+y6dvHd4+PHt9lxD8+lGGdz3VAy3VZ0mfFebo1q6brBY11PKlm1+kv/IVp8MG4mMU+G5f58oL6Okp37vzGyS/+jZMfE9CfrbIazWx7Gs1pmePXJ9dns7AzgnOHkPglv3EimCyzy+Iio5GMs9XqJ/O6KarluFjO8ndfnm999N1i+dGdo892gA710uTPyipr4y8160nT1jcA/OL12Wn60Z1P7t8hsPs6jLa+pn/x248V51u/qxLsZ34mba9XeXW+VSyfZquzZ3fSzz5LP1oTqPNimc8+uoMX+K0fm5XfrYs238LQfuzHfgn+ycsmdw0E5lgo9aKa5YRSk9ft8eynsyl99O03Xzzf+jg7b/P6SX5RLD8eBewocA2Upr0u8/GsaFZldv3Zx8tqmX8sDSypp2XV+Ojg/9Osnc63cqDNSAVIU4NfApR/sfuUPjpfL6ctETC1n+LNYSJ9cVGfncfo9It/jHs06F0xsN4IgaXSjTEE++bESa+Jn4mB3ejqPGtz5bGtj8DuH8lYTWsi7zKvQVV6z++HW/Vng3glX85O5kU52zIw7vhtozT/McU5QvZfAgXz/e8f/T9r7U5baAQAAA==" />
        <Entry handle="14" bytes="H4sIAAAAAAAEAO29B2AcSZYlJi9tynt/SvVK1+B0oQiAYBMk2JBAEOzBiM3mkuwdaUcjKasqgcplVmVdZhZAzO2dvPfee++999577733ujudTif33/8/XGZkAWz2zkrayZ4hgKrIHz9+fB8/In7j5O7dx7/r906eHr85/t5vnFxmdTqtlm2+bJvffz/9LP34cbPKlkePs7TN6ou8/eyj339SZsu3H6XzOj//7KN5264e3b17MV40y/G0WtzdOX66Q8/u3d1P7z28//DT8e7v8bv+wmyxOuR/Xp49/ezTg3uf7uw+5L+/Onvz2Rf82xsGT1/v7ew+ODjYk++PX3y2e3/v4B4BfHBPIHz+2RevX7z+9t5HRyfzYlr9vh83j9JlfpU2WZmnTXtd5k36u+3ujx8+TPmFdL16fPf46PFdHsjHhzLI8zkPb7kuS/qkOE+3ZtV0vaBxjyfV7Dr9hb8wDT4YF7PYZ+MyX1608/Qo3bnzGye/+DdOfgyAP1tlNRrZ1jSy0zLHr0+uz2ZhVwTlDqHwS37jRPBYZpfFRdZW9ThbrX4yr5uiWo6L5Sx/9+X51kffLZYf3Tn6bAfIUC9N/qyssjb+UrOeNG19A8AvXp+dph/d+eT+HQK7r4No62v6F7/9WHG+9bsysX7mZ9L2epVX51vF8mm2Ont2J/3ss/SjNQE6L5b57KM7aM7v/Nis/G5dtPkWBvZjP/ZL8E9eNrlrAIhjodKLapYTOk1et8ezn86m9NG333zxfOvj7LzN6yf5RbH8eOQxpcAUCDzd41nRrMrs+rOPl9Uy/1i+tiSellXjI4L/T7N2Ot/KgTCjE6BLDX4JkP3F7lP66Hy9nLZEuNR+ijeHiPPFRX12HqPPL/4x7s8gd8WgOmMDhkotxg7smhP3vCb+JZZ1I6vzrM2Vr7Y+Ant/JOM0rYmsy7wGNek91wu36c4A8Ua+nJFIlbMt8/4d1zJK6R9TbCPE/iVQLN///tH/A6qhmldgBAAA" />
        <Entry handle="13" bytes="H4sIAAAAAAAEAO29B2AcSZYlJi9tynt/SvVK1+B0oQiAYBMk2JBAEOzBiM3mkuwdaUcjKasqgcplVmVdZhZAzO2dvPfee++999577733ujudTif33/8/XGZkAWz2zkrayZ4hgKrIHz9+fB8/In7j5O7dx7/r906eHr85/t5vnFxmdTqtlm2+bJvf/176Wfrx42aVLY8eZ2mb1Rd5+9lHv/+kzJZvP0rndX7+2Ufztl09unv3YrxoluNptbi7c/x0h57du7uf3nt4/+DBePf3+F1/YbZYHfI/L8+efvbpg4cP7h3c57+/Onvz2Rf82xsGT1/v7ew+ODjYO+BPj198tnvw8NODB/u7D3YFwuefffH6xetv73509Kao81lanadP8mJ5kfKfv0f6pr5On716nb6pZtn17/r47vHR4yevjh7f5XF8fChjPJ/z6JbrsqRPivN0a1ZN1wsa9nhSza7TX/gL0+CDcTGLfTYu8+VFO0+P0p07v3Hyi3/j5McA+LNVVqORbU0DOy1z/Prk+mwWdkVQ7hAKv+Q3TgSPZXZZXGRtVY+z1eon87opquW4WM7yd1+eb3303WL50Z2jz3aADPXS5M/KKmvjLzXrSdPWNwD84vXZafrRnU/u3yGw+zqItr6mf/HbjxXnW78rE+tnfiZtr1d5db5VLJ9mq7Nnd9LPPks/WhOg82KZzz66g+b8zo/Nyu/WRZtvYWA/9mO/BP/kZZO7BoA4Fiq9qGY5odPkdXs8++lsSh99+80Xz7c+zs7bvH6SXxTLj0ceTwpMgdC012U+nhXNqsyuP/t4WS3zj+VrS+JpWTU+Ivj/NGun860cCDM6AbrU4JcA2V/sPqWPztfLaUuES+2neHOIOF9c1GfnMfr84h/j/gxyVwyqMzZgqNRi7MCuOXHPa+JfYlk3sjrP2lz5ausjsPdHMk7Tmsi6zGtQk95zvXCb7gwQb+TL2cm8KGdb5v07rmWU0j+m2EaI/UugV77//aP/B4+/vJlfBAAA" />
        <Entry handle="12" bytes="H4sIAAAAAAAEAO29B2AcSZYlJi9tynt/SvVK1+B0oQiAYBMk2JBAEOzBiM3mkuwdaUcjKasqgcplVmVdZhZAzO2dvPfee++999577733ujudTif33/8/XGZkAWz2zkrayZ4hgKrIHz9+fB8/Iv7vf+v//o9+jd/sO8/Onv0av+av9Wv8GjP679f4v/+7X+M3f7qevr3+NX7NX+PX+TV+Df7of/g1fpPjWTXJf43ZP0Sf/Jr/97/7a/xhv8avefvn13LPr20f8x1//Wv639zy+b//oV/jN/8Nfo1nv8azX/vX/M1/jV/rN/81f+3f/Nf8v/+xX+Ov+jV+jV+LYf8a5vmx5Nf79X+DX/vX+XV/w1/z1/g1f51f2//mN/h1ft1f79f/NX/tH/s1fq3kN/s1fo1f/9f4NQnqr/nr/Tq/Pr77NX+tXxvf/ga/+W/xW/4av+uPffRb/da/ze7xT/z4b5tkf/Dv9rv/T7/oL96r7/121Ouv+Wv9ur/2r/Xr/Dq/trxE7/zmv86v8bv+Fr/ur7f7W/76xx/9RPZb/Qa/6A/e+63/5Cc//hf/za8m9Y/9y//x//yH/CP3frfZ6W/z2/7f/86v8Rv92r8mof1r/+a/xu/xa7zc/cMX/8Ov8e//rv/Xr/XrfvlX/mX/1u/7l/8+69e/0x//G/1Bv/7f2z79Pf7n9A/81z77P3/wZ/2qizf7f8Xjv/YfS/+c7/x2f9Vf+ct/q8//6j/q9/sL/9c/8cUf8mv+9//SH/gn/o2/5utfNR3/x7/ut//Rxf/xm/ynD//c/+47/+Tvcf/P+FeXX/6X/8OXb//i3zX/a56++Bt2/+ff+Kd+m+//XX/BV3/pX/b3/i5HP/iL/rzv/Jr/zpPf/Ogv/nf/1X/p7/7P/v3/+9f4RX/qnzn+93/tv+cf/h3u/Bq7v/3f+VP/0h/3Wx/t/af/7vPHv+f/UP9jf+PVndXZy/r3/Vv+qn/21/8d8//4f/zt/927v/bv/mP/yH/3t3/+p/8Zf8J/+Kd8+lv87b/2b/lr/C3/9V/xF330vyx/k88+/YlXf+T8o2/9GuPXf9Bf9eqP/mNWd7/84rf9+/7Ud3/bt7b/uT/4n5v9Fr/3v/Sf/2//8f+4+Lf+jk/+pOnf+9//l7/wL//9/pU/5d5//df8+b/p/5ptH+Wf/N3/3Kf/8slP/pl/4b85/70O/7C2+L3/nv/u9fyP+I/+u+//r6M/+t+5d/zr/SV/zF/9h3zrL//X/v5/7ODOv/PRV49+3b/5P/nrCfd//6//y//2v/93+6t+63/x3v/xi179qj/xT1j8vff//b//X/+jXv4Ln/26v/7v//t+vvMX/uH/QPO/nPzxv+h3+lv+mXt/z+/2b9x9+Fv+xf/cP/HP/YP/5i/77e78yt+4/if/jWcPZv/gt5//23/2v/3t/33rp//E3+bX+0/+rd/m9/mrv/13J7M//Xf953/RHz751qPJnz7+g/+2v+Dv+vP+u9/l1/wLf7e/60/7dSf/7PKfuPM//qd/w+8w/ok/4x/+U/7iv3X22/yTf82/+3f+hvceLX/yD/0zVr/yt/0N7/1xf9dPzf7cvfJXvPg3/oHPf53dP+HNH/Tf/LaPfu/pr/Xtf+H3/hPnf+Gv//v+n//sp//Cw//5f/8v/9z/8if+ne9+6y//2/+r0U999hv/tVt/0h/5N//z//Hf/Hz2y99d/Buf/uRf/he9/V/+pf/0d/tjn/65n33/1/3z/6k/97//ze/8e7/GX/nf/g5fPp99+w/7Lf+r3T/0D/ytqv/od/mf/6/f7+//w/7iP2v2Y3/FwS/Yefr00W/6d/6df+fV//C7/E+/6e/3T/zYx3/D7/6r/vpHH/2rf+V//it+r1/rj/pdf/2f/le2fsVfvf4LfsO/5G998egH/+zv+Fv9d//ib/SvX/6Jyb/0m18e/f7JX/3Jv/1v/k3/2YOTX+t3/hd+n7/o3/0bfve/Y//v+b1/t61v/1V/1ZPmd/n3/8jFn/Abvv3n/5t/4T9c/W7/9mf/2u+V/np/2F968Bv9Rf/7b/lT3/1Xf5M/+R/9v7b/nf/q+ou/9bf5Z9pPD/6yf/73//xfTf6y6b/xP/6Xf9lv/+nf9vf95Ku/5td698c+3/9L/sM/6g/4r//u3+j1P/DVy1/rt/srf8u/5teqnvz2f/bf+Tc8/Td/9V/703/+9Pf8x1/8OX/TT/zUd//y3/Ff/fX+0v/+X/wn/9fi0//+L/vWv/NH/y5fzP+1V7/i9/vzz37732L37n/+4nf/Z/6R/+J/2/5N/tp/5s5f9Df/Xl/M/7pf/v3f+Lf77ui7f9df/vtM/ti/5vSnH/7C//Hv++v+j//y+9U//VeNf+ZP+Ikye/57/iO/5n/9/X/8n/hnq71//3/46D/5vT767/6gT37n4z/yH/u/f40/7H//wfQ/+e1+5dt/6z//O/7d/+sv+O3/0z/+9/+JL/+13/Qv+p2P/8b/+b/9w/+S//JP2P3L/tl/9ttf/A/Nb/Y7/OH/wF969q+d/4Hbv/+ffv3b/PU//dvc3/o3//W/+p99+Td/qzj4U/+E3+0X/xn//b/78Lf8i/7zqx/7aP1b/WZ3f5+/8tf+9/O/49/78T+xSNK/4N2//of+8U+fnf1rv+Yv/+ze/zb5bf+zX3D42/ynf/sXv/jv+23P//a//c/+h/+4f+nXT36j57/nP5f+9L/2gz/ub/74F/8vv8ef++Yf+G32/sc/8b/7I94+/4P/s7/ur/hX67/7v/1bf9N73/pD/rV/4s/+9/+Oyb/2m/zHv+y//+Lsz7z6zl/3n/5T57/Zr1f/J5/9pb/+b/J6nf7DX/0J/9I/8a1/7Jf8nj/1G/3YX/OP/Tl/9z88/c/+yX/xt/217//Mf/C3/kn/6o/9M3/MX/N7/9I//3/+H3/mn/jbfrvnf8wf/fv9Hc9/r//59z+dfrz+RX/xw+3/9as//E/+W7/19979+/+g7Hf7V75z/84f9Pz/+i3+6N/zP/+nf/y3+/Uf/8+/T/1b/hd/4n96dfZf/oX/5N/4u2/99v/CP/6b/Ym/Y/viJ/7Dq//zT/8Xf7vVv/XZt/69//D3/uNf/+/T3/x3fvEn/IW/6Cf//p/6i/7Lf/2/+uv/kG//jn/PH/OL/q//5V/7a45+4slv+4/9MX/c7Hf4tY4Oft9f9Af8fn/+z/ySf/Af+sW//t/26/9fk1/wt0//y9/xX/3jfv/f+u/79//z/+53/L3+jOM/fuuffPgn/5a/4W/8e3znz8n/wle/++s7f9zJ3/0H/aLRVx8vfuPf8uVf8hO/3/Yf+o8d/kEn/+Bf9Rv84C//+/7UX/lr/yf/4m/zt/5Uvfinfun/8mf/n/f/nqv/4v/+NX6vP/wP+Oiv+ufepv/7L/9H/9d/85988P1/f/1Tnz/97Lf/a379/+yzz//FX/8P/PX+r3/3r9v7+/6w3+kv/Nav/J1/k1+V7Xy6+l//1j/x//wH1l/+8X/q7/rH/C1f/GZ/2z+4uPuDP+3Hr37dX+PH/7Uf+62mv9Ov8Y9/9Et+z1/ya/x+T/7vX6N+95P/yRd/4x/x3//x+W/0t7/5M/773+a7oy9+65/a+T1f/gd/2OgvvHfyx9796f/5J/6iv+C/aX63/+b4X/oH/v3f7fw3yP6NP+2//n1/s//67/nv327/Z4u/4NHf8Jf9q3/Yd//Kf+3f++6zSfvP/jP/3Hd2/6jHT/7F/3xU/yO/3k/8sr/6t/sVv8Hf+2d+9NG3/sDdF3/J8q94/b/+6v/sz/hf/s7f4c989/f+Pb/l/7CzvPdPbv/m2f1Xv91PvPk13vz0X5T+GsUf8uLf+OS/+jt+t8M/8u853/99/+r//tf+d3//P/qvWD/8j542n/7gV/62//R/90/8+9/7u//Dl3/4Yvqu/V/aX/GH//lv/tp/5dU/cfLL/tZ/9rf+l5Lt6V/yL/xJf99Hv9/rH//Xd3/XX+M/yH7Xs3/23/rv/+9fo/xT7la/9Pgn/tvf8+/+k7/8nx/8xf/oH7b7z/35f+3f9Rskf9iv91v91tPvfPe/+PX/hp3/4Lf8x/6e//H3+P3+l2/9af/gzu/+P//7v+4v/9UPf/37f/t/8z//Nv/bv/srfuN/7I/69tO/+y84++/+tO2//eDX+zt+4V/1B/3Fv82v/id+3d/q9J9dJ3d+x3/9d/zPfo+/+/B//Du3/9Wf/veXB//q//j7futX/X4Pl//pn/+fvC3+tX/pF/7EP/WH7e3+Ab/v+tf5tf/kf7z5p/+uX/Ef3vtD3v6Oi3/6rx//jp/+0W9ezf+b3+B3+Pt/zR//5X/CX/r4dP27/EH/1w/+y8VXf+Cf+4+d/05/yl/3lyR/9t/3F5xdnv8T639m61f8N7/rm3/gz/gb/uuLX+vlr/ziz/0z/+F//19Lpj/4e/+uP/M/vPsHX492/47//Jf8or/tX/zk1/215v/c3/xHHP35/9Zv/g//lX/j3/by/B/7A37m3/8/8n/68ld972/7g//7f+kn/6I/6D/8g3/jP+n/+Fv/j7/pF979ff70f3fv7/zOy7/tv7n/lz76e5/8Ln/Hq7+2/Rv/qe9+/Gf/2B/2nT/nj/knv/Ng+Xf/u3/9v/uv3/9Tf+2/5C/6xX/SP/Gb/oGnv98/+k/9Hb/gi7/jn/x7/+d/9r/9/j/69k/5i8//zvWf8umP/1V/zb1f98f/9bO/6lf8Y7/F//qv/JfLv/t//73+t//gd/xTvvVb/y+/22/6E//Vs+nun/HuD/vj/oBf6z//NX/XX/o3/CW/5r/z4s//Pf+Sj37Xf/Xf/Rv/yr/u43/if/hPPv29fse/63/5a/+Eg1/+n/7us7f/+y/4+5//4X/b3/z0F5/+4I/Z+8P+9L/zF65/jd/z23/wX/sT/8Lf90f8pquPf+I3/QNf/qaf1H/kf3y0/x/+3bMv/pJf/Bv/LcVP/NXf3/utP/kd/8B/57/7K//zf/M3+dW/3n9w9cV/8W/8Q+O//E/J/qo/8E/+6X/x//itpr/8++X/9i9v/a6/3x/wr/9tb543v9vv/W/828/+kj/22//b//Zn/a//9advf6N/+A/53X/8J/+6H//en/RX/53f/sPv/JZf7G79+r/nb/r7/9mf/Zt/+v/4K3/bf3P3f/wzf4t/8RfX/8vzP+Vv/TOLb/30P/Rn/HN/0j/39pf9pv/Tb7f3B/w7n/5vf/HZ4k/71l/yB6d/+a/xy3/yV333W//7xR/zg2b+N/46f9qvu/p9/653/+vk3/l3/pT1f/onf/WvTV79Fr/xf/g3/Puff/K7/E3//D/02/zxjyZ/ye83+d3+pl/jx/7+//3X+XP+0//+X/3n/93/8df9nf6JX/LX/F6/85+9/sV/w+/8BxT/ye/957z6N/6nf/BX/NZ/1R/5RfPTX9UH/2b19/3Pf+/3//H/7g//R/7+f+mPO/rT/4U/8uVvNfrsL7t4/rf+i7t/8B/9v7z+7P6f9eIn/rv/6af/wT/+z/r+X/TX/Qvf/1u+9ef9kY9/8V9++u9e/Pr/1ezbf8p//Xc9/09Ofrtf44tf/ff87x//A//Mn//XffpL/sWf/v3L//VX/l53fu1f9Zf+Bbt/8b/4f/5T/8wf+M/tTv/t3/GX/KvFt85+k9/9t/oVf9Gv9af9Q7/Of/FXPvw7P/nLfyb9K//7n/ixf/Jv/fE/4nw0++TX+2N+5z/qL/oDfp/jH/yh9d/47/3Nv+mv+DV+uz9o9Zv8Fb/5//mH/kt//N/xn3z/Xzn923/w6/1Vv/X/8eXf8Nv/nfM/cPkH/TN/y9/xx/wWv/T3/51e/h6/7b/c/JaP//h/9pc/3Dv86Nlf+Oz03/0zt/66P/tP/xN+8Pk//b/9ez/2Rz356/7o3/vbv+3f9ejHDr/4l37tv+jX/2t+/H/4b1d/29/yP/8F/+M/ufh9foeT5VdP/uQ/7Y/9y/61/E/9bX7fv/p/+sc+/iM/X/+Sv+f+//wL/onmr/w/j/7Q3/QP+Gf+vf/9tzj6zX+Pw/P/+rf7q//8f/R/+Yte/66/7fdm//J/94f+5X/St37PX+N3+e9/4lv/2x/zF1a/6F97/mv/jb/fH/pPvrj79/8vb/+Df/0v+XuufvHv8Lf/Oi9/cvwf/Q7f+YN+69/3X/6j83/lP//87/6z/ss/9jes/93Fn/X3/8Pf+Zf+pbtffPl//xofffdXr37L//vX+Lt+/a38L1r9J3//3/VP/2N/2+cn/+T/+Lf/3U9/wa/16/zY7/3P/e//3f/xSf0rPq5+jV/34jf+qb/+x3/B/1z/2N93+oN/679Mf/3Vr/iv/sN/6+6fUv1v/+Ff+J/8R7/o39//85o/5b//lcm/9F98tVz8pb/lP3r/k9/zXzubjn7623/y8T/3b/5Wf+Gf/r/9O//e//R3X337x3/yz/gn/uPf7u//ddvf8i95/n/91j/9J/7xv+7qz/kv2+Ovfut/6OlPbP12T3/wf/0Lf9nOr/93/o//zdHf+8f+vn/tf/sH/9Rf8N//Ho+yP+T//jX+zn/zN8v/vv/jT3hy/+rT3/v+3v/x4Lv/6m8/2v09/sxff+/8s+/dn/+H/+Sv2voP//a9reI3fPStvyj/9f/a5b/wL/2P/+Pvfvpffvk7fP9XXf0T/+Z/cPC3/Xv/YPFL/vW/9I//G37x7/L6L//xz/6L3+9f/KX/4U/+A//WT/3Kn/zT//rf9Pnvsfo//5ejB//g53//P/vr/2u/ZGf0V/+Np+tf/Jv+vb/Xv/RffPlfH1z/Fb/3/q/9v/05T//Y3/h/+Rv+z7/+Vzz7zsXrxX/yl/wHu3/fH/vf/Gd//T/9u/zL/8Nv/vf+9r/h7/GffesnXvzn//Kv/q1/m//hD/j3/9m/6H9YHu/9zH/7u/z3zb2TxUfXv/HRX3/xW3y+82//ur/3zvif+tP/g9/gL/3V/9mv+8Wzv6L8h36H5ekv+8PufHKv/Mf+ij8l+T+/e/yn/DF/4V/xy/+p83v7//Uf90/s/x9/y9/5B83/vj/jz/r3/upf88/7L//HX/Hr/ndP/rAf/w3+qv/kX/yX/vpXv+LX/W+W/8Xv9e7Nq7/n8O86+eN+6tu/3V/x7upf+FfmT3+jv+tP+2t+/H/58t9+8Kf+3X/mb/4P/i+/x93/5f7/8F//gX/77/Mf/LO/4N/5Nz77u/7yP+efe/4n/55/y1/xX/z4H/43PD377Zb/6N/27PdM/um/8vd6tPilP/Fv/XcPvn352d97/r13f8Pv9odd/er//T+4/2f+Xvd+s8V/89/8wf/Wn/xX/Xq/4cvv/qt/xr//D//MH/i9f+a/efnLft8/96/56vdZfPrtyey3+d5v+Rs8fPW9v+67v92P/Ya/1S/5qT/vt3j06xzf/VM+/R3+sLd/Zflv/02/9+/71/zbf/Kf/wtf/8m/9h/14md+1//1N77+T5e/V/GfffH3/lO/+b//3x/+6X/Ks3/jr//b//jfduef+0Pmf/Ly1/vv/uN//zf+3f6Yr/64/+Zf+b3v/Dr/8dmv/oP/nH+h2P7e7LN/av3Jv/If/fXJn/+7/en/++Qn/8iPftMnxe/7a/01H/+v/8dx8TN/1r998K/+Jf/L7/znPv2f/7X/6t/5tX/DX/vx//G7/4XF3/4b/uDZavcv+0N+8R/4RzW/9/3pP/WH3P3Tftf//OW3/sXf7Dffuforfv1vlf/b41/7T/v9/6e32//Ov/Dv/mmnf+dv+Mf+4B//9//Uv+O/++h//yv+oC9/w50/5vVf9sf/4GTvqz8o/9f/3vX/8s/9Fr/oz/3+f/tf/Q5v3/6xf+Qf/5/+D//Vf/f3/Br/0G9/+OK3+/aPffLfvz4t/5b9f6v6B0Y7/8Hh3/vX/rd/8u/09/yl/9Z/u/c7Pv38d/5tfr/f5I/9Df6Zv/vp3//w73n4l//e/+7v9c//7f/6f/eb/3d/+b3i3ce/0X/2n/y+f2j+Uw9nf8tv8mZZ/y5/2+/7y36Xf+f8v87/se3f63/50/++v/3v/g/LxfK/+MW/6+/wj/66//w/8+/+vt//zn/xf/z127/4Txz9Md/56b/4yf/8f/3Ff+kff/1Hj/+Gv+xv+x2zP/pP+Td+n+lP7J7/yX/pH/f3PP01/qDf4Z/9zq/3F//lb//yv+cP+Hv+rv/kT8//9H/mH/wLXtR7f8Fv+/f+RtM/t/wFP/hP/sHf/Lf+6b/lX7/z6/0Nf9Nf8Kf8wX/tX/B/XF999Vf9Pn/0b3P6S//rvzf/c/+23/7X+Yk33/nWn/Tlr/W3/N+/xk//pX/HP/fP/qZ/0m/17539jn/QX5n/K9/5M/7Z//vX+DM//s6d3/xfu/NX/jf3/4Y/b179XQf/zt4//bfs/NS/9Hf+6//ar/X2//41/vZf6+8v/oK9P+NX/UPzf2Hxi/7FP+Cf/R8P//Nf/LtN3/3tv9/Ou+uLP/0n/432d/z3/9u/47/8rf63v/Of+7eP/v7Xv+Gdrb//3/itT/6mP/aLf/h3evj8N//yn/rq1/nHf/1/8O/4/f/mv+D0H/0//sTpf/73/+o/6R/+dX/l7/Qf/A9//b/yLxw++5OXf8av/+53mNb/5u7l3/uf/cm/wy95/JdPfu9/9ncuf+Lo4d/5Z/51/8PBf/f3/dQ/8U//Zb/Xr/72f1b8cX/O8/Pf83f7l//d3/zv+Pt/q1/zT/jbf92/9vj3/LHf60/7v378F/5pv+ryF/3Pv90X/8vv9K8u/ot/5h9f/Lv/+8/8yv/uT/1DHvxOf8p/9mfP/u9f46/8Xf7av+8/3bn/ux//mf/WL23+4V/5n/6r/+Pj3/+f/xX/xuK3+qnf9F//N3/ZP/Sv/pn/+f/9a9z93/7Tf/5/+hd/94u/6Zdlf/2v9df/xfPrX/TL/73PX/9V/9x/8Lf8sz/zz/+C//b3++OXP/Ur/vK/9u/6e3+j3/Dv2Pv29cXbP+5f2v3OX/1r/Mw/lP0uf9lnv+Hv/+7P+zev/+d/8I/4D//c//lX/9mLX/n2d/43/rm/6PM/+fDP/1f+5/1ymv7pef2dP/Uv+5PuT37xf/r9v+I3/tV/6p//V/wXv/u73+1v/zP+sj98/1/+y3/Fr/FLnv0pv/7fcPGb/Op/8Tf6zq/8/n989zdonv+y43/pb/2Vf9a/8Af/8T/5u/9t/8yf8Yf/rn/B9/+AP+Cjv+tf/etmf+gv/Pv/hd/h9E/7a9f/xV/+343+rL/rt/ln/qz/5q/6lX/V//k7/xO/wX/45/yq6k969wf+O//Cv/rPl7/6T2r+2E9+57/m7Z//G/9lf9m/WP7N/96db/3y9J//uPyr6r/sd/gtfvKv/E3+vNfVv/3gN/1d/73F8tf5c/f/1t/3d1v/1L/+6/zhf9K/9Cf8Pb/ty3/2r/qvf99Xv8v/8X9+9p3/be9fb/6If+XLv/3X/iv+h3/xr/327/Of//e/+Z/xX3/v9Pu/ydOdf7P67sP/9uo/+/f+jr/ln/rb/tDpx+mv+o//zHt/5V/z4OU/8fG/9zu9/uV/7R/3P/wff++f/X/+pf9B/dl/8W/8Xi+++AP/9v/g3/vb1r/y1/z3/pTf8z/5K/6ix2//veTsD/hN/py/+Z/76/+D//5//ev/1n/mb/q3fu9P/97f4Bf+nX/sv/cb/Mpf56tvHf/av+qPP/pd/ozf4Nf9K/7b7/8z/8u/+Mf94B//v3+N3+wP+Xt+77uHv95v+af/5J/9b83+0h//9/7jq//lf/5rv/qb/9q/5PiP/I//uj9+Vn717R/M/ry9xb/zN/xz/+R3fuL1L/yfkp/44u0f+Yd+7+wf/5nv/yN/x4vjX/8PbP7Ov+nfWfxOf/Nf/Sf856Of/IV/xl+0M/mdf58vfoNf/yce/dX/xu/49//Jf9f/8v3/5L+tfvC93/5/+Mt/q99+/3zye/7yvyj9Q//Vf/Wv+Nbfd/g7/f2v/4Hf9++++Iu//Lf/u7/jr/k//8tf96/6F3/PP+5f/Wv+9+d/7W/2p/6Lv+y/+e9/6d//W/+WyR/76/5a93/73/dv+CW/zb/w2y7+y4e/z9bFbzj+j09/299v++/4736nP+Q3/Xt+w//+//rFk3e//M/7/O/4Mz/+8v+a/n7f+82rf+Nv+7V++9/p13h0/k/8Zb9N+xf8ykX1O5zO/rhf77948Af84/f+hj/8j/ipv/8H6/Wvf/T3/7q/5l/x2/znv/5v/D/+5F9/dO8X/6n//E/8p5/+4J/8M3+bH/x55ye/379/98Ef+r/8Dr/yL/pfnp3/Jn/xP/gvXpz+9f9I/sv/6j/+z76e/Rd/0vy7y3/vb/uxv/jXf3G8evjkH/zVf+l//A88/w//t39s8Y8c/tjf/uf/I7/dX/G3Ft/7u9e/+z//y3/iH997M/r20z/lx36Di//6p37ij/gFj6//7v/5n/29/tcv/svv/b6/4cXsT9v6V3+7b//2f/bv8If9zb9G8uY3/e/+4T/87579Gf/0n/gn/U4fL578PRe/1R/ze/x2V//H//6df/m/mP86f9zf+vvv/07fOf/Wx//9v/Af/Y3Pi61/Zvq3H/5Tf/KfuvW7/kv/xK/5m/2aH/+P//3f+fF//qvX/9pv8E++/b2+9xd/8qb4TZ5/9hedrn+Lf+0HP/Htf+pf++P+2t/vH/7s7/nv/s3f5n/4/F/72/7l3/q3/zf+oLO/5i/4C/6Sv/s/evk//zN/23/wa/8pv8fv+jv9wfk//vZ3+db/2H7xyy5ej5+M9s6uf+r7f8Ff/5f8h//h3/mdP+rP+PMXf83venL1u2/9wtN/9N/6M8d/5V/+O/1J/9FvfPzpt3+tf/TzP/5XffYf/eo/9L/8mfp3PPxrf/XhH/iX/12/8W9x/G//bX/6P/+P/N+/xk+enZ/9Rv/mo9/gj0//+F/+1/0Wv82v/C2/91v+gf/u5PGvP/sH3/5Rf8CfcTL6wdmf+vv+Mfu/w3/2h8//nD/irz9989M/9Vuc/SVf/K2/6o/5t/+VXzX/M37VxdFv/fz/+qv/7r//7zwe/Ya/4nf7N//r//iP/vK3vvjHm3/j1/s3/9ff40//P4//9/Qv+P3/gV/9e/wupEr+3P/1L/hdfvn/9cf+gX/93/k7/oH/ww/+yH/ltzv8d/7+/fm/+df+T//qn/9Lf/v/5K/+7/7p//B//+lf8D9enR794Jf/gb/0d/89fv0/8+Dv+ZW/x1/7m178Tn/yb/dnPvz1/trf5lf+379G9uf/MdW/ffKb/dZ/wreKv+qv+nsnk1/yT/2vf9rn/8gf/H/+er/H//Dr/k7/yv/5d3//2R/1z//m//5/9/b4X/0P/qO/+bNf47/+zr/007/ir/7H//7/6H/7jf68/2Z79Fu8Xuy++sHv8Gu+/KXpH/OH/k+/3t+1ePtv/B4/+Jf+ut/wp375XzD9Hz99/h//2P/272795//rJ//YP/Lb//Rf8Ye3f+r/9vJ3+96v/A3u/XH7v/gv+y2++ujP+g3a32brt/tD/7tf63f6u//Do//p8Z/9Tz1++3v8CVd/0b/5P/25v+jX/s4//7v9EYv9rX/o/u+186/82O/31/yjo7/p2eL/+ujf3r7+VnW4+u//qd9t/Js/+dW/xz/2t/0u/+yf/Ze2P578yn/+L7j+X/6+6y//7uxP+p3+mf/sN/ryF/z5f+Pv/mz8+//YX3L2t/yLv9+b/C/5Lf/Ev/m7v8ev/Vv8d3/T3/gfffzn/lPjP/cP+u93f98/+Z/+1f/Y08//zZOf+Q3/wf/lV/8ef8cf/8cu/rTDs1+d/fH/ypP/8t/63/+JP+R3+lO2/og/5zfe2vsrvvUPfP9v/u+++/h/+S/+69/zj/uVf/of/Fv983/Q65e/5Itf8ov+sp9+/Mf/Zz/5jz589uf/Xb/s8E/6ZRd/5Zf3/678b/pT/vc3/8v/9Lf99b/Ft369n/o7f+2Hv9af/R/8mr/rf/5jv+7R//mn/Cavf60/e+/xy7//6R/zO/16f8t/8fvN/5df+m//nad/2xe/21/xO/72/+mf+ff+9f/cX/Xj93+Tv+Jv/+t+ydajv/7z59/5O45+zX/8/B/4xX/TX302zfO/5L/6Xf+IP+BP+LP/vP/71/idml/8T/0ms3/jvycn6S9o/5frw7/u/3h+P/v3/6n2V/8Wv82f+K/87X/02X/97o/5W/6W3+UX/8rf/0/4o/7Mv+WfGj09/Hu//bf+7c9/zX/tP/3X/5N/9X/4+J/6d/+wf+l/+Dv+l/uvPvrLfuy3+yN+/c8+/5f+0H/97Z/xW/zz/8lf8LD6Lf/dnd/ht/9Df63f86/6v3+NL//TP/p3+u4nl3/S03/j//xT/7OP/+Rf+e1/71f9Y7/13/Dn/zn/1v4/+/y/+Vt/sH35E7/9n/OX/Sd//O/3d/3E7/bv/eRf8W+n//Ov/+P/0vdGf/KL3+8PefUrzv/zXzD/ZX/kJ3/Mb3Lv7/iHv/U7/rH/1F/2p/yPv8+PlX/To3/mT/ydf4e/5Pf8r/66P6f5jX7NX+/v+ncv/tMXv+Pf+Qf+t3/Fn/QH/VX/zOvf83f/R3+tv+43/af+kONf8Bf9Jz/xD/1+n/+y3/RP+3N/wV/+5T/wf/xJ/8t/8Df/Ov/EX/avLP+BX/Pv/b2n//pP/Lf/9K/87/+z3/vzv+Lv+0vXT/+5v/T43m/1vd/0T09/5X/9r/43oz/zX/g9ftH/9fJ/vvj1/92/89/9zX7lq9/xP/wr/64f/7u/ev0b/Ms//pud/Rr/1G/wu/8tf/Uv+Lt++t/+me/9E1d//T/ye/9Wv90/8hdl//2v8Vv83n/Qr/fmv9r7VX/A3/F71//27/SX/ga/0V+7+58f/cl/0L/xm/6qP/Pqv//sj//Lf/lX/+GT/f/53/u7//yfrP/t3+2//nMv//l/78//T/6H3/oHV/mf/NU/8odMfqe/8OVf9euvftO/+w/c+rd/2f/5H/75//N/dfEX/sx/MP29z/+Q3U/+yfTVv/Pr/WG/w5/zdPTv/D5/z0//kl//33v7dnl079/63f+tv/7v+PP/yW//LX9b/d/8d29+q1/4p//Vn/3aL98kf9wf/oPf6Hf91vqns7/7yX/yJ/w2/+v//Wv8q3/Zr/rtvv03/71/7P/yv/7xv9u/81Nvf53/+Xd7/Ev+kP8q/eP/s9/yf/1fr//BP/DLP/D7//z/+Z9e/4If+z//y//69/+/f42/6Rfc+2v/5r/ov/kf/89f+Cf8h9Vff/+Pf/SD//qf+bN+4z/i31z837/Gf/VHvv0fP/6X/q///sX/8Bf/lX/nf/Cv/7VfFf/7L3n7b/7W/8Av3vv2f/9rf/Yn/T6rs1/4d/7UP/1nvvlq73f/5PU/t3/2D31r8kc//aP+mOR3/Af/ql/+3/+3/+a/+6//if/gv3P8i//m/+Cn/rk/+F/+7/+Dv/gP+gNe/KnP/6zf/Mt/5m//537zP+L3u9uWf/fv/of/s/d+g3/lvzn6w/7gP/fXePvirzn+53/wu/y+D//+X/itP//v+J//+7//N/lt/sMHz/7sX5T8qb/b4k/7fX7d7L+Y/GWv/rvf6j/c/6k7/+zHv8mr5//Yr7n7m/xFf/KTP+pP+8d/s51f8V8e/Yq/9b//b/+eX3L6H/z72fp32vstfov5j69//D/+c/7z/+2PefAv/s47f+Tyb/v7/92v9v+r737n7Z/w1/yT/+Wf/N/+L3/Db139Zx/v/QO/6A/9k/6Y3/N7v+t/+e/+k9/5tf7EO7/yn/yr/pIf/K9//G/1Kj29+PHf/adGf+0f+M8mf/mdv/Bv+b1/i/Zf/of/99/pz/8jvjj5U/6DvX/3r/+V/8Lof/7Ht/+2f+V3ffSf/Im/8A/6U77zVz/5tYt/Zf43fOuv+/V+n3/t1/h3/+nLf/P/qP703/rv+X1+m//g8+nv+Cf/d39Skvy12z/5l/wFv/x32/s7nv2lj3/JP3fVXv5539n+B/7np//4zrf/kd/vP/2t/4Ctyz/rj/3Lfq3P/tF/6w/4X//r//G/+ev/i3/v1/pd/vrr3+F3/13/2v/6J/633+H/+KXvmn/r7/4d7/+Nf/vf9nc8+7v+jVd/35/+1/27/+l3/oN//xf+O7/NP/cP/2a/Z/kbfut3/6P+7F/nT/nvy//h+J9O/sr/5D//wW/1l//e/81v+0/8zSd/19O/8jf9wR/zr/7jf+4f8a+uZv/2f/yn/JK/5+Sv+sf+kL/l2Y/9tb/Oq2d/26/3l/0aP/3o1/yj/67//PK7n/4Xh3/2/r/3rV/xN/5Pf/XD32jy7/6bv/t/+8f9h4//2D/wd/unf8/f89f++/+73/dPPTv/7K/5rX7PP/9v+N7v9Ov8l7/Zb/KXvNz6E7/87h/5u/zP4//+/l/z+3/v5KN/81fNTn7HP/DX+8d+y/q/+Dd+4p/6A4o3/+q/tlP9Dw+nJz/z+/x768U/+6f/kf/s//zf/Gt/3z83+mefvfozf8nu3/pn/3a/zu7//t//kv/lX/ht/74Hf9Pnf8/x+d/w+/8t7/6H3/3X+yN/7V/wxcVf/u0/+s/9i/7o3+9n/vz/5M//e5Y//nb9T/1nf+e3//v//P7f1p795P/8+/4a/9Lv9Tv+IX/9sx/71j9wvven/3b/7n/6D3zv+g/8Z4/+0OWfUPzH9d/zn//lv8X+q7P68//0+Jf9o7/WL/v7f6ff4Q/+Q/6dO5dX//W/+M/8fX/Uz/zj3/uN/6w/6l/8p0e/6um/8Gv8tf9k/Zf8n/9T+/LX/rd+69/yT/sP/sP/+L/56//jv/d3/jv+w7/r5Bf8kxeLi9+l/c3+jH/qb/qLXv5g6/fc+jX+4d//7/mnz//c3+1v/Lt/40//iU9/45e/8d4/9S/9IY/+1R/7ff/QZ//w1v9y+H9+/G//Dr/kd/vF/8Cf+Lf86t/sz/j2P/Diz3/8By7+1//43/wr/7v//n/9r/+r//vX+Nf+wb/1v/mdf+lf8A/+BX/hn/hP/F3/xd/1G1yffedXH/09f/5v+1c2//EXnx393v/b7/wv/oF/8n/6u/59/9fl//W71L/8f/lV3/mx3/Rf+aV//y/+wx79crKnv8eL3+I3+OfK333/Tzz57v/0F/+jv9P3/4P/5fLzX7H+G/7Cf+Iv+Qv/3T/iN/uPR//j7/5v/+l/0pv/eu9P+Zf+/T/+n6v2/74nz7/zJ/3Kqz/57/lbf4u/+W/4rcqvfu2/6sf+lN/1D/pLfs1f8Wv8Gn/U+p//i/7Tf36d/inrX+/P/p23/+9f4w//8vf/3/+j//vX+I+/+zv9dYs/+Vdu/1v/xy/5r//kv+hfJwfnj/8///m/+3f6Q/7pf+Lqq3/wT/qp//GX/8qdP+dPn/wbf/dfcu9P+UP/7L/v9d/4+bf/4d/+zvM/5A/9/f7Rz771X/8Wv+Y/3v5Js//sN/pn/5nfJPkNfuwf+5v+h9/g4a/zO/0dh3/Cr/eLf/Xfc+fub/6//uO/28mv+N3+u//9J17+37/GJ/eS+3de/+G/37d/p/Nfuv27/b5/3/96+V/89Ce/4k/+nX75/A/7wb/3N/2K5K/4S//6X++32fv9t/7Cv+j3WP2nf+Tv9Jf9Ef/hne883P2z0j/jF/+1F3/LP/Un/ZO/y29R/SefPv5PfuGf9qf+Yf/0v/pP7f6rf8JvMP3Ff+Tv+b/+Woe/5N/7u774P/+Yv/B3W/zT2d/1m3/+O//rf9of/Kf/Jn/t2W//z/yp/9KjN7/pn/Dr/L2/5B+8/puvHv8m/2d1+d/8Ob/m7/Q3/znfHf0NP378v/3Xf8A/mPwnf8K/9PbP/ev+ut/3v/sb/tlf8p2/42/7A/+4/+rf+O/++7/xr/mLH/3d/9zv/utkP/mX/Mt/3e/z7/yGHz35lb/B3/cnz4/v/AN/6o/9PX/Qt/+3P+7/evgn/Hb/6X/8N/273/4N/uk/6Z/4hb/Lb/Hv/5e/5Z/+N365/O1/5R91/fv+w3/5f/a3/H1P/uwfv9r/v77/Z/1nz//P9cHv8jtM7v8F/8W/9favmv/qF3/8P/WD3/fbf9jf94Pf4vrv+60//6k/+V/653+jv/Qfe/Wn/JLf6b9rnu79x/W//2f/cX9J8Xf9zb/Vb/Xf/xq/GcnV68O/95/93y7+u3/73/7b/vXf/9/4H3+Hf+zod/gjm7/73/wb/rRf+Gdlf+vf8u/8fr/HX/3v3f21iuz//O3+lWeX/+K//z/89//rP/yv/quv/8S/4Hf8E//gy3/n3/v0N53/Nf/H+X9++Rtefu/X3Xn5r/yK3/5X/ya//+/81/5+1R/7+a/6fX7Bv/z7/OKLP/Jv/j2P9/+4/+pP2/11/5znTx//I3/0v3bwrey3+Jk/+xf8ql/0D/zjv+if+8v+hN/wr/j9/+unf/G/c/9P+Lsv//03f/X//Wt8+oM/+v88fvF77/zM/P8Y/6v5u3d/yP1/7ZOP/4HP/9Xf8W/7yy7++t/nD03a//qv/I9/378p/bt/xSf/9J9dXPxh//q3ftl63nz2/QfJP3X2T/z986+e/zV/wVd/2W/8+1/vzf6sP/n3/3f/49P1D375f3X8K378P3pZ/l4nv9F/tfyr/9Xf62d+k7/oW7/GX/V//J7/4t/wW/6qX/hf/mn/7PzX/df/1s//tjcv/8gn99/85N/z+/zxv8dv/ge/2/mf/7Nf+pv/5X/7v/lnTP6mP/2rj//VqhjdO/lD/pit3/gnP/rb/7T/8l/4hb/VP/Nn/c4Hv+xP/bt/z9/8v3q586f9yb/F7r9ztvt3/WXt//WdP/nLf23rX/uL/rff4jf9h/6Ao52/6D/8wya/9z91783f/rv9RYs/8C/743+Hv/0Hb+781P/+rz7+A//vf/v/Acd39jOgIAAA" />
        <Entry handle="11" bytes="H4sIAAAAAAAEAO29B2AcSZYlJi9tynt/SvVK1+B0oQiAYBMk2JBAEOzBiM3mkuwdaUcjKasqgcplVmVdZhZAzO2dvPfee++999577733ujudTif33/8/XGZkAWz2zkrayZ4hgKrIHz9+fB8/ItI0uXv38e/6vZOnx2+Ov5ecr5fTtqiW6UXevjp+ejZrtu6kvzit83ZdL3/xR9msmH306KPd3R3vebi3e/DR6KMVf/Xpg4cP7h3s099tVhMQ/nBvd3d/f/fB/ke/5PCXUIfF+VZ7vcqr861i+TRbnT27k/6un6UfrZez/LxY5rOP7vziVVbny3Y8y1a//6u8KX6Qb82q6XqBzybV7HpczEbpgx38/w6DbOtr+vcXp/QkP3YzfGnHzfHLj2l3r+fV1fF0EumrP+JRqgiM0o8uxotmOZ5Wi4/oj73jp9Rk9wWRwBIjXa7L8s6h9AZ88f9p1k7nW/mdX4w/bJdXddHmWx8/ztJ5nZ9/9tG8bVeP7t61Xdw18O/2cRrv/h6/x8uzp59pv78wW6wOvzp789kX/NsbnhD62kwHf3r84rPde/v3Hnx6cHD/IX/y8vPPvnj94vWzXfn+Nb2x++Dhp9PZg4ODTw929ieT/YNPH56fn+f3H+Sffvpgd3L+USqz/dlHv/+kzJZvPzp6XCwu0qae2gFks2aPxkA/xsu8vXty9vru/b27hLj3f/p7b3f806uLj9KrYtbOP/vowc5H6TwvLuat/J6V9MtJWUzfpt/O6/x3/SidVPUsrz/7iL68e/T4bnb0Mejs6Dktqybf4s/u3v3+94/S/weHnmjU8gIAAA==" />
        <Entry handle="10" bytes="H4sIAAAAAAAEAO29B2AcSZYlJi9tynt/SvVK1+B0oQiAYBMk2JBAEOzBiM3mkuwdaUcjKasqgcplVmVdZhZAzO2dvPfee++999577733ujudTif33/8/XGZkAWz2zkrayZ4hgKrIHz9+fB8/In7j5O7dx7/r906eHr85/t5vnFxmdTqtlm2+bJvff+/hbvpZ+vHjZpUtjx5naZvVF3n72Ue//6TMlm8/Sud1fv7ZR/O2XT26e/divGiW42m1uLtz/HSHnoO7u5/ee/jpzqfj3d/jd/2F2WJ1yP+8PHv62acHD+k54L+/Onvz2Rf82xsGT18f3NvZ+fTTXf7w+MVnDx/ce0CtH+7I+59/9sXrF1988eajoy/Pz/P6Ufr4ydGr/Lx4fPfJUdpWs+z6UfrtapGnZZUtm/T5l99NswaN7o3vf/q7p8cvX6HlOP3dqJe36XlVp7/b7ujewcO7iwqtnp393qdPGRa+up9e51ndPL57fPT4LtPh48PfOCnO061ldllcZG1Vj7PV6ifzuimq5bhYzvJ3X55vffTdYvnRnaPPdtJf+AvTFQHInxE2bfobJ/H3mvWkaesbYH7x+uw0/ejOJ/fv3CFAR5/t3/mNk1/8Gydp52nr6/6HkXbd53yOCf+MsKXJH8+q6XqBX7Ky/J79Y1LNrsfF7PuHN4Mrzrd+VwGZ/szPpF0IdlQfz7LV2fnHd9LPPku3d+/cDPcWI+k+s/K7ddHmW3dugfYvublJXjb5za2+Bp5CrrHMwItqlhOVmrxuj2c/nU3po2+/+eI5WOjj7LzN6yf5RbH8eBSI621G2H2016a9LvPxrGhWZXb92cfLapl/fAtoEXpFPppm7XS+lUem9xZk2jR91NcvwXz8YteIPjpfL6ctyY579RdbBrziD0Ki0Sv2+2lZNdLX3bvf//7R/wMOXi35IAUAAA==" />
        <Entry handle="9" bytes="H4sIAAAAAAAEAO29B2AcSZYlJi9tynt/SvVK1+B0oQiAYBMk2JBAEOzBiM3mkuwdaUcjKasqgcplVmVdZhZAzO2dvPfee++999577733ujudTif33/8/XGZkAWz2zkrayZ4hgKrIHz9+fB8/Iv7oly8+/42T3yH5NX6NX+M3Pvv201f089fE/3+DX5v+3fpn9/9e+vFrv3z+5vT//r//77/yH/sd/yl817568frX+D3/i3/rnP5Izp4ev3n3503/APr91/o1fs1v/41/2S+i336Ns9MXT/+GJ3/AH/L/AHqDJSRfAAAA" />
        <Entry handle="8" bytes="H4sIAAAAAAAEAO29B2AcSZYlJi9tynt/SvVK1+B0oQiAYBMk2JBAEOzBiM3mkuwdaUcjKasqgcplVmVdZhZAzO2dvPfee++999577733ujudTif33/8/XGZkAWz2zkrayZ4hgKrIHz9+fB8/Iv7vf+v//o9+jd/sO8/Onv0av+av9Wv8GjP679f4v/+7X+M3f7qevr3+NX7NX+PX+TV+jV/jDn30P/wav8nxrJrkv8bsH6JPfs3/+9/9Nf6wX+M3+g1+g9/gx36D3+jHfuw3+s1/wx/7DX/z3+o3/Y1+o9/0t/ptf4vf4rf6LX6L3/a3+c1/q9/yt/ytfvPf5rf5HX7H3/l3/B1+mx//8V/4C3/8x/fwHNjn1/yNfsPf8Df6TX6j3/Q3/o1/09/qN/lNfpPf6rf6TX+z3+w3/a1+J3rvt/wtf6cf/x1+G3p+hx9PP/qdf+ff+aMUr//CX7izM97ZcQD+73/o1/jNf4Nf4xf8Gu9+7V/zo1/j1/rNf81f+zf/Nf/vf+zX+ON+jV/j1/q1f81f89f8Nezz6/36v8av8+v+2r/WrymP+5wG8mv/Wr/Ob0b//tq/9q/1a/86v95vKN/9mvT7r/Gb/7q/62/x6+3+lse/6Lf6ieyjvT/5yasf/61//T/4L/6XJ/XfcvL6D93/bX7b3/zX+LV+rV/z1/p1fr1f28H6zX+t3/Unfu3d47/4t/ifsr/5o1e/5R/8D+/93//Or/Eb/dq/JqH2a//mv8bv8Wv89L/x9C/4ff7J6dkv/xu/zO/+oX/72b/3G/+Jf9//9tW/9+fWf/4/+Z3l7/B3/LPf+71+r2/9wn/j9zn7d//GP3/0v/237+68/Nf/8Xu/6F//tX/h3/k3/G7//a/59vv/w2/25i8qv/wy++vvPP1Xl7/or/yrX/0Of/HZqyd/yvHZb/vrtOm/fvXx/n/4h/zp/+Ov/b/+S3/pn/2r/qlf8e7v+41+4X/+j/zDv+v2P3X55I/+5NWv/0/9O69+k/9k+/f71//pf+9P/d/a0S/d/Zv/rH9q//f7RX/2rz357b9zdvbJYfVX/3r/2v/+H/6J/9Yf+vtdpN/7A3/t3/h3+xv/ob/uL/zP/5X/+9f44uKv/d3/rD/mtz363j/y+CcW/+yf+isXv/hP+dP+3E/+q9/h//xr/qk//5+r/9j/9N5/kP0Rf/E//0enT3/JP/HP/yu/1t/27/0Lf+H9//MfWP+Ff/7v9Ef/c7/0t/2x+3/Hn/F3j3/3xS/4b/6M//SP+V3+g39v/1f9ir/96qfqYvQPP3v7m1z9Pot/8e/4k/6GP+O/ufuv/D0v/7C/4bt/brX31/2C3+MX/Hv/dPlPPvnz7/w+3/nN/pM/6O//1/7an/mxf/DP/qv/7P/8z/67kj/tv/lo51/7vX/y//418n/kz/xdfo/v/S1/2H/45aN/8b/9Ow4u/rk/6bf9N3/XX/jwZ/6J3+Qv+6e+/e/9FX/w7/iH/JK//LN5/h98/0/6U/d+nd/ozdPx7/tn/dV/7sd/39/yp+3/O3/4//rvp//tyd81fvp3/ZE//ueP/si/5eFf/Vf/8b/5H/IX/Ra/9vT7/+yvvvPv//Rf+9P/0v/+G/z2f/t//G/+VP63P/pf/tFF+v3f6yf+pl/j3Z8yv/hN/6n6b/1ld//jX/i7/xn503/rf/kL/oRf/Mf/9X/vH//P/x8/mf65v+Kv+wP/uf/uL/vT/v7f5bf6Q/+OR3/ub/p3V3/dd/60P+wP/R9+x+L7f8d/99f+DX/gr/Ub/9m/y5/17/2iP/OPPbv7+Nf8O3/R3/Zr/YX/8t999nv8NX/H3/zwr1t+/0/45b/tH/oH/cx/9Wj79/jH/pw3k//t7/s//o7tX/Uvlf/pn/zv/Vt/1f/5W/3Ff9u3/qujj//933f1+zz8vZ//vV/+8f/U1u/3T/47X/3j/8oXf9qf/mt/77M/Zv9f//3/7t/mN/tv/+pXf/n1i+e/4PzP+4//kT/9D/jT/ubd3+Qv/s5v/DP/+d//5A/5JX/Pn3zy1/6T/8XDF9Pf4Zf/dZP/+Y/7PX/NV7/b0W/wi/6VP/d3/kuPf8nr58mf/peX/8of/vtc/xE/cfXHfv7JP/ZX/vif+Ef+Cc3/fOdv/a3+k/o3/G3/uN/x4//iF/4H/8zfuvvH/Q+f/Ol//5++8xf8M79t9pf/Gd/PHv365a/57x39VX/X/tWrv/EX/5n//X/+J3/0b/yBv80/94/9p7/Zv/XL/5s/83f9r/+Dv/Wjf/Wn/tqf+Et+/b/zxT/wv/9b/8zTf+bwn/ub/u3f9Ml/+if99vPf7Q97++/81K/8tX7f/+l3vEr2/urPf/Ev+xv/2b/xNx/95v/p7/3v/SV7P/OHfutXJ+dP/8rv/K6/8tf79/+pZ//9H/lP/ddP/tp/6Dz/A/703/mfO/lr/pl/6s/4jf7u//EX/g/lq3/wr/wD/9jF3/MX/Gn/1l/91e/3v/wnf0/7H/3uf+yv/Iv/y92/7w/d+z9+3+Zv/LN/89/iH/tt/9zf5fIP+8t/7Mvff/nn//p//Mv/+9f4s/+pJ3/kH/SL/o/mb/1Pd37nN/9W8eI//8P/rr/+P/wtfukfc/Gv/SV///919Pf82B/wX/5m/8Q/lf2d/8U//U/+k//E3/Dkr/tHf+Mff/tHz37HP+i/+fu+mP7S/D/+3f7Bf/uf/Zv+lP+0/Ev/lv/99/y7v3P1W//uv/S7P/Hr/Ymf/Cd/x39/+Nf/Hf/Of/iX//2/4p9f5H/3v/dntP/L7/SP/ya/5Z9x9o9M/rKnf8S/9Ste/U7/wS/4yb/6yeUf9l/9hb/19X/9+/5Pv93f/X/8sZ/+6Y9+8r+5+iN/93/qq3/+T7n/r/2Fv+W/9BM/8x/+H//sv373X7v8xf/m//arf8l//3f+37/Gb/oPP/27qn/4//wt/sBf/7//wZe/yb/5e/1fv/KP/z/+24u/+/+8/Ilf+Q8cjP6rP/ZXfOvN33jnn/6//+3/B+n+aqiyBQAA" />
        <Entry handle="7" bytes="H4sIAAAAAAAEAO29B2AcSZYlJi9tynt/SvVK1+B0oQiAYBMk2JBAEOzBiM3mkuwdaUcjKasqgcplVmVdZhZAzO2dvPfee++999577733ujudTif33/8/XGZkAWz2zkrayZ4hgKrIHz9+fB8/ItI0uXv38e/6vZOnx2+Ov5ecr5fTtqiW6UXevjp+ejZrtu6kvzit83ZdL3/xR9msmH306KMHO/bZvb+3u/fR6KMVf/Hpp3sHuw936O82qwkEf7i782Bv7+Hu7ke/5PCXUHfF+VZ7vcqr861i+TRbnT27k/6un6UfrZez/LxY5rOP7vziVVbny3Y8y1a//6u8KX6Qb82q6XqBzybV7HpczEbp7t7OKL23c4dhtvU1/fuLU3qSH7u5A2nHzfHLj2l/r+fV1fF0EumsO+BRavofpR9djBfNcjytFh/RH3vHT9HoOZHAEiNdrsvyzqF0BnTx/2nWTudb+Z1fjD9sj1d10eZbHz/O0nmdn3/20bxtV4/u3rVd3DXw73ZRGu/+Hr/Hy7Onn2mvvzBbrA6/Onvz2Rf82xueDvraTAZ/evzis93dvU8f7hzc2/2UP3n5+WdfvH7xxRfP5fvX9EY+250+fHiw8+B8/9P9bHr/YP9hfn4+3d85vzeZ3Xuw/1Eqc/3ZR7//pMyWbz86elwsLtKmnlr0s3E2a/ZoDPRjvMzbuydnr+/u3yXUvf/fu7v/6cPxT68uPkqvilk7/+wjIvFH6TwvLuYE/B79npX0y0lZTN+m387r/Hf9KJ1U9SyvP/uIvrx79PhudvTxncMeMXvozMZXTTVjeuaLST67ezDJpw8nuzsHDx7M7s8enM8eTHfOJ5/mn2af3tu9d//B3Xv798YPHo7bt2NC6t29nbuOboqWw3TXDeCjtGmvy/yzj2ZFsyqz60fLapkfAtePwQ9u3qdl1eRb/Nndu9///lH6/wB3D/TWmAMAAA==" />
        <Entry handle="6" bytes="H4sIAAAAAAAEAO29B2AcSZYlJi9tynt/SvVK1+B0oQiAYBMk2JBAEOzBiM3mkuwdaUcjKasqgcplVmVdZhZAzO2dvPfee++999577733ujudTif33/8/XGZkAWz2zkrayZ4hgKrIHz9+fB8/Iv7vf+v//o9+jd/sO8/Onv0av+av9Wv8GjP679f4v/+7X+M3f7qevr3+NX7NX+PX+TV+jV9jlz76H36N3+R4Vk3yX2P2D9Env+b//e/+Gn/Yr/Eb/Hp46N/f4Df6DX793+A3+k1+w9/gN/gNf5Pf7Df+jX+T3/g3/s1+89/oN6HnN/rNf7Pf8rf6rX+r3/I3++1/+9/xd/ztf/vf/Xf73X633/2OfX7NH/sNfoMfS37sN0yS3/A3+Y3ov98Cr/wWv9Vv8pv8pr/Jb/Jb/Q6/xW9Gz2/xO/y2v91v/Vv/1r/db/s7/U6/w+/wO/1OP/7jH/34jzsA//c/9Gv85r/Br/G//5qjX/vX/OjX+LV+81/z1/7Nf83/+x/7Nf7RX+PX+LV+7V+Tnl/DPL/ur/dr/Dq//q/9a/2avwF99mv7X6Dlr/Pr/pq/3m/2a/yav/av/Wv+Or/2r/ub/4Y/9uv9er82ffxr/tq/zq/xm/+6v8Xvuvtb/nrHH/1WP5H9or1/9Q/+k//mf/nJqz/lx1//oX/rn/Zbf/XbfPrr/8X/8OTeX/rmH1v/4b/t5/Uf8rf8I7/b/dM//Sf/53/lZP93f/YfN0/zX/hH/CV/6p/xmxOkX+vX/nV/3V/3NzD9/pq/1m/+a/+uu7/F8U9kf/Kv84v+5o9+y3t/8L/8H9e/1V/8D+89eTX5dX/r/+kv+fE/5Q9p/u9/59f4jX7tX5NG9Gv/5r/G7/Fr/Eu/avpnXP+i/+t7/+g/8H/9gt/wbzz89Xb/rv/6n5j9UX/Un/1rffRR+vf8NX/9b/O/f/zP/Ie7/+n/tfUv/uo//eGX/83f8Zv+ip/58g9O9v6oP/23+ANm//nRT/6qP/F3+Z+f/YH/3t/4R/4z/8df9i998if8x7/oH/qxv++P+eQ3+Av/pb/kX/z7fvN/5+PfdPWX/I1//u/z5f4v++f+if/sr9r93SZ/1fef/Bv/2h/67z/9r37qr/nv//PkW5/+B2e/zb/zt/yX3/1Dfq9P/8l/8u+++lN/7z+u+Z3/0f/0Tzn8A/6G3/HP/9P/+K2tP/Mf/KO//Uf+Bf/5n/2nvvj0N/3Tsm/nf+M/8e36d/zBV7/4D0n/nb/mX/nFf9+v+Av+3D/xD/zN/8S/7+/4yz76S/+Fgz/mr/6rf6+f/Gfbu1/8zD9x/F/83Vuf7P1e/9E/9N/9Nn/p7/DpH/3flX/7F//CX/zX/MS/+kv/9z/zyT/2i/6af/3v/UV/9T968ad//9e88/f99b/N7/4r/+STiy/+zz/8t/vj/9n/48/evvu7/KZ/wuH//qf9Mf/4//1r/MVnv91f9S/+k09/qz9z/zes/9g/8Tf/6P/+Nfb/hz/2v/yJP/RPHP36f9wv/GuKv/13/g0//f5//t/8W7/0P3n1O/9eb3/p//nH/S+Xv8Uv/nv/iD/sPx9/ZYjy1/4zv+9f+8t+m9/jP/nj/sC/+8nOv/cf/UH/2/SX/WF//J/8N/wZv/B/+C3u/t7/418//j8P7l79gb/0b3vyi/6cv+YP/LUf/0f/0X/1b073/oKLfzj78f/izy/+uPLZn/vs333za2R/8+/41yz+rR8/+1f+5//p1zv5q3Z/n+PTf+uP+rf+kh/81n9Rs/5Xj37lL/kr/vr/8tX+v/u7/ZF//b/y1R/z6peW//rvVxV/x+6f+Gf++qd/yq/9D/4Ov93v8+qw+Ns/nX/5nT/tj/6d/qT//Z/IHv0XT//oxZ/xe/2f/035T/0Of8nv/hv8wzt/zu//Z5z9G6t/6vO/b+vv/Zlf8df+dcf/wtmn/9uf/YN/4S/57LM/+58/ffCH/Ilvt0/+id3f/i/79Ue/+s/9p/75u3/n3/9L/5i/9d+e/uI/9pf+459967999fd85863fref+fv+xt/3z/vz/vJP/93/pP7v/ua//x//Byd/wZ/+4p/9Hf+97/2vd/7r7/7Uv/RX/ia/45/8H/2nf+nf+0dP7/ypf9a/8nts/9Pf/iPSP/a/Of6xH3vw7z/+Zx5t/9l/yt/5N3zni3/vF/3EP/93/K//2cXv/Gc8+Lv+zv/u9b/yV5su/rXv/pl/059y78/7u//MP/S3+vx3/LNO/tPjo7/px/7Yn/7Jp7/fn/h3/y1/7z/zn5c/8cue3f1dk0/e/jF/0q/+m3/h079l68Hv+gevfuvf6ur3/tt+yT/7y/+19fY//h+c/o//5u//W/w+f9+f//j7f9af/Xvkf/z/sP2rf6tf/tdc/t7/wX/yH/7NX37nb/tF/9h/evR7/Zef/+If/32//erf/w3+8L94/C/9pX/YH/W7/nu/18t/8G/9s36zv+X3/Yd+4r/8m36L3+fb/8Nv+xv/w09+528f53/L//b23/lrHjz/o66v7v8jj/7DP3H0+/3vP/bndzH+16+vfu0/5J/6X/7p+3uH2bdmf+d/8k/+2X/5b/YP/cu/wb/73/6Be//GL9t6/sf9jr/Zw8e/ze/7k//k7/YvvP5bH/+vf9q/8Zf8Md/+S//av+wn/75/7W/5K/6dX/D3Pnjz5m//ew7+m3/+f/nNDkfVL6r+rb/yL3/9t/wTv/K3+T//mB989bc2v8n2X/eL/4UHf9x//tv9rR/9+KN/5vv/8N//yb/xr//rb37F1p/5lx09+UN/yx//5/7lv+RfmP3+f8Af/K//wj9+/K2/JDlr/6d/8685+yv+q49/+j9bPvsP/6z/9uMv/7k/89/9s/5ag6dB/K//9Nes/8Wd//J3r/+5v+6TnT/x9X//j/3Zv/Wb3/jH/vzf69/44j/Y+mt+5eG//h/+GTuj3T/on/2r/5Pf7p/9z9P/7Hf64/7dF+lf8qf8+r/Oj/1m/8z/+vTv/q2v/+rlZ3/8n/un/NLf8U//vf+Tv/3id/rXf6O/0aBr8P+pp7/097u4/8/9M799+TL7Xf/hP+pP/Gf+iH/6o7/0j/ojfnL7i3/n3/kb/86/4h/9fX/Tj/6D3++3+pv+kbr5+Nf9zf+Jn/ozfuOfXv8t/+rf9E//w7/Lb3//d/2p/2vxi7/6u37ZP/vn/OP/3tvf5k/5n7/6Vx9/+tv/yu4k/u2/07NP7/2+f/of908//Yfu/Vl/4e/6K3/N/zn9137wm/+Tf+pP/mV//1//F73665/95//D7/sLfub3/cW/+b9z+egf+Xh28snBb/x7/PW/5Xd+v//zd/6df+v/4i//E377X/KP/el/7F9//Kv+wj/2xb/5q/6X/37PcO4bw8rzv+8f/Z3/jX/kk/rh9/+41x/v/hX/yu/9m/0Wf8G/8r/+7b/5F//YH/2Dw3/uz/qH/sk/78/4n/+9v/x3eL6Tn1189Hckn3316vvf+jP/m3/11T/6G/2Lj//cv+Du//57/aNf/Cl/w+Pf6KpHl7/g7m//W3z8rSf/9H/8P/3Jv+xf+f3+nv/st/7PPv+dft0v/pNf49t/79+5/pnP7v95z3/R7/xn/Oq/5J/5/Ldc/dM//sf8Pr/j6Vf/zS/8H3/b9Q/+nPU/9Df8Zxe/7m/zX/wHf/n3/953f9qvVnBfvfuNfuYv/kv/sN/h4MG/+pdv/5LLv/+v+T/f/N+/xm/5K//E//bf/NueTh/+K7/fx3/G/7X1f/7m/8yTv/af+bs++wv/4//56NfZ+hf+9P/6O7/lP/P0Hzxd/f5/7X/yM7/GTzTN7/mb/w3/8env//Du7/M/Hf2xv+Xhr/49/4vv/q7JNPtT/uf/4L/56//Ov+hX/rUf/YW/3e/0Wy3+zn/5v/zX/ob/+U/56//133b5p/3y//qP/LP/y4cf/eK/5U++//f/bv/a9K/8Rb/545/+K/+of+xP+nN+/K/6I/6X//6jv+O//ZWf/Bl/439T/13/4X/y13zvv1r/+Pkfs/N7jX717/nH/6f/WfnrT3/HP/5P/GM+evrj/+Vv8i8e/fHZv/uH/+b/2eo/+XZx+dOv769+5h/63f72o9/zH/81/rY/5M8//O/+tOyv+91OfsPf8dvf/9ff/FX/9Z/2t/yj/87v+9f/E7/HH/tb/B2/+b/X/mPH2T/29/8df/lf91f/x1/81ae/8J+8PPiL/4n971W/7n/9P331a//n7/6qn/pP/urP97/3R/8h/84/+/vNfuYv/7G/7bf/Y/+d3+Hf+1N+zUf/9P/xN/3yv2b9i/7Q13/i//1rfPuv+cnXf3r2rf/r3/i1/5m/7d/7L/7p3/M3/51+r7/4b/ur/+afOPyjf+Xf999s/9O/079T/n3/4fg///Ne/drf/+3+7dO//Sd+8Nv9oj/wL/kH8t/gL3j2X/6vf9Rf9sf8T//973j3q3/sy9e/9H/8RcUf+NHv+rv+xX/uL/ivfre/6i/7o/+mP/gf/t6v+mP+2F/503/v1Z/38Zv/9lf+pf/sn/Gn/aXP/upfufvv/rnVL/+j/+ff/9W/+5P/6/4ff/+3nv39//G//fk/uXP9j/32f+Nf/5/9sX/Av/aHv/hTyva/+b8u//ff/8/6B/+dv+DLf+Sv/ek//5/+p2f/zT/16s/4T/6Cn/6jfs0/9XvJv/uD7/5OT5Lfs3rx3/6Ff+Ff99f+DT/xk//MX/O3/5O/8f/57/2bf/i/+Id969/9l/+vj/+t/+s//eP/j3/yL/1d/u9f4/Tf+2d/xbfe/PX/5K/xp/1f/9fnf/qv+nt/l1+zaf7F3/ZP/YP+nb3/+H/6p//hd7/Fv/v6O3df/If3r/6VX/c7//Nf82c8+U//8K9+qz/tb/1y9Bv/Rn/335s8/Pd+o/ns+X/0N/1VJ//Ob3T27X/qz335b/xFH/3lv/LRT/4D/8v/ePCf/q4Xf+tv/J/9zv/AL5j9neen17/nv3ny5321s/+b/87FX7f4l3/lf3v4V/9+89M/9q/5u/6cd3/Af/tn/Pav/vw/bf/58urP+PPf/jm/66z+DX/7P+9v+yd/pz/hv/rb/uu/5m979vQP+6PSv+N/2v5F//m//ff95f/s7/uP/Xt/1b89/VN/o//0YPz3lY8e/b6vfucf/8t/7Vf//m/5S/7qX+8v3/8v/9h/bPxXfPXH/qu/wz/+rz9+++df/Qm/yX/5H/2RW7/Ob/CvvKkXs598/Qf8IfO/ausvezL/zqOrf/ev+GN+2W/74D/+W3/fv/s3+zX/hV/w8j/7W/6P/+q/+vX/pj/3ty7/xZ/883/Dv+nVv/FT/8Jf8/o7v/qnr3/Fb/mX/t4/8Y9//mf8B//qq3/xP/9VXz6897f/pvvf+SOSf+fTv/nf/uknv9a/86u/2v+Fv/pf+SN/fJZN/u4/4fG/94f+Vf/Y6td/+ee9+erpq1/r6f/8E9/9JeM3f8mf8Fv9VX/mT9z5ff/4f373xfjv+u4vKP/lH3/xn/8m3/9nv/Nf/MK/5fM/48/7jx//osnf9k9/mn555/f/iT//X63/nf/716j/vv/lV+5m/95//u/9Fb/H7p/e/I6Hv+v+f/bX/nN/x3/9O/yuqy++ffY33/3t/uDXv+Tib7/zl1cXf+1f/ae8e3Zn+h//E3/B6D9Y/4L/uPn1fvzP/Fv/kV/22//6v+zdf/0n/+t/9L/w+Bf+EVt/+d/6ncd/1F9b/QN/25e/4Z/0n/8mv+/v86f8rhf/wQ9+pz/jz/tt/uY/7N/9O37Lzz49/Kl/5tt/8F/56q/4H/6cf+6nf+IfryafPf9Lf9X0D10+/N/e/vm7v+DX/3N/hz/4n/69/6jf7u/+J/6Nn/rd/pL6JP0TftO//c4/cPnR3/JrJv/N7/jH/1d/7+N//p/565s/67/8d/60P/7Zn/pjz777tx/+oj/5r7r81o//4uWdv//wT/+z3vwVf/h/+L/+4f/67/tTqy9f/Dk/+Q/+qXf/qP/6z/zFf+Z/98/9UX/fP/nJ7/YfnS3+hX/mf3r8B330h9f7/8lv/Pf81c/+7j/0k3/mz/6rX/yzv8nFn/7bffG3/Sb/1L/66jf/2/+W713+YS/+zi/O79/5K//Y3+Xl//F7PS2+9dW7v+MXf/4PfHX1Z/yi3/nPHP2+/9D/cfEP/2Z/xfQf/1v/5j/lD/xH/66//I/6mf/9J/+L3+iPfVj+a//eH3f5v33x7fXzX/Ny++/8ff/6f+Xv/Tf+iH/tb3z1T/xlv/v6n0l+q7OPf99P/sK/7U9//X98+R/8Hn/jT/43f+X/9hf+fX/g7/f3//jv9Ff+27/yL/3lX975JV/9w7/0b/yj/6df8yd/2fh/2n39O//9f9rvc3j3l/7r3/3T/oG/5j/6B7/7j/1vv8bf+Dv9O//lb/prf+vf/Re//av+29/7b/y9vvhr/5R//7f5v/7R/2b0T371T23/L8+2/6ydPzb9/T/7K/6tP7b8I9t//sH/+b/v/rFvT37j8S/7/X/nH3z1k3/m9d/+Gzc/8ed8+Y//JX/13/hLLj/6wW/1L/+Jb36z6tW//Zu9+m/+9n/in9n9/l/50//B3p/67x//ub/D29npdz79t3+fwz/zL/+37v1Hf8hf8nf9J3/UX/nX/Cs/9TO/+if+i7/s83e/2V/6Z/1dn/5XP/WvLv7jP/s//8f/hNN/7Ht//J/x1z7/LV/+7X/Dn/7f/QfP/tzv/rb17/5v/Gu/9X/3l/3Vf8Nv9nd9/0/57T7673+vX/Qb/8wnf89fX7/5S/+5v2bnT//pP+PXKP+Owxd/51/8N/7Yf/7vfPE3/lG/9Lf6r36///3VX9r8nv/hp//+i9/h7/3X/qTf8L/9UycP/+MXf8F/f/BPH/xnn/7Rd77/9D/49f6ev+/T7/+KP+eX/Z5/17/w9E//C/7qv+ff+Xv+nf/rd3z7b3x5/5PRf/+v/xsHv8ff9Le8+9bf/j/+Bv/pf/5n3P3WL/oPv7f3v/xXR//J3b/6W3/z/e3t/+x/+NN/jTvTP/Wf3H386d/1G/wh//nf++f+A//Jf/eXlP/Aq9/ht/1i+ZNPv/r9/vzDb13+tT/12R/1zzfp7/f7/OCv+dP/2d/w//x3/kVop1/xZ3zy6V/7X/zuP/OPpX/FZ3/+4d/wB/6r3/qv2z/2H/vVv/0/9n9l//ev8U/8Ho/+h/y/efTv/uV/7D/89M/9DU5/t3/ul/xPPzj7Nf7sX+Nv+eP/6/n9v+S//gf+/t/rX/nbkr/h5J/54g/69f615rfO//Env+iP/N7iv/jT/tRf9En1R//h/+rf+9P/1r/wO/1uf+r6r/lr/vnzP2L+3x/+af/o3/Tid/hF//Sf/Z/94X/533vnk7/5H13+RW9+l9/x3b/9i3/Ff/pb/4a/4F+YLH/h7/Kb/25/+2/7u/7O/3b9O/8asz/9x/+ef+fP+ON/7B/9nb//u739W/6g36b63RZ/6u/7E7/NP/X7/rq/xuJv+q1+2zdn/9jTX+P3+v7vefXdv/PhH/qt/+avPvifPvnDfr1/9U9c/T7/yZ/1KPmX/9I/4S96e/hHf+v3/dPf/jN7/+Gnv/Uf+5f+NX/FP/df/1nf+21/k6Pf48/5E5Jf9PLH/8k/69/9L37y1Uffrt5++k/809n3/5M/5q/9W/+Kf+DZf/5f/Zb/1tvf/bf/fZe/y6/7b/6C7Ff9Rn/HD/6d9d/R/nF/5K/5d/zjv+Ef80n9O/+5r5f/7B/+/J84/QXnn/+O/+6fNftLP/0v/qCvnv1RP/aX/9bf/2z5F/9Vf8nf8K/91b/L3T/pj/mN/o5/9t9Y/GG/6Nf823+N3/XN+id+39/yt/ytT36Lf+XPTf7r7+x96/J/+UXtX/v2D5//Tld/5u4f8M/+CX9n+ud//Dv/8b/gk8Xjf/Yf+U3Pfv3f+tf8L3/qya/7L33x3//Ef/Dn/7P/3V//Z/0j/+nf/M/9jn/84z/mP/1N/9Jf+G++/eP+57/vd168+IM+/9e++H2e/TMf/+Lf/5f8hr/4k/v/6z//p+z8en/e6hf8wn+n+Ds+/6P+pT/p10z2fq0/dHb/33+1/Mnz09/8d/9rz7/99/zR/1r+F63+2fW/t/6bfsv7/9erv37rV/6Rh237Jxz+er80e/s7/TX17Df6y//QX/9vPf3jf53f5dc5/vj3/vzNH/zVn/7b/JPf/t3/1e/81b/Nv/uX/6b/7B/wN/9d/9wf8M//J3/ff/un/E7/6m/2g7/kj/q3/+bf4eUnf3X+/Sd/4tZf8wv/zz/2b/3L/oD/cm/yy/7GT/6S2f/+az3+Tfb/1T/+z/wN2k//mn/1Dzr+RV/8s2//zTu/z9kv+3N/8i//B/6GP+bv+fJv+Mt+r//5Nzr+W7Z/8h/8Y/6tv/zvLP+SL3/tf/v3/cP+9keT/+Uf/T/+rXuf17/fd3/bPyb7L/+3Yvvf+0N+r/Z7v+7e+eHo7//LP/2F//6jv+1X/ht/9T/yj/zH/8vu7/xP7/8tv/ef+Dv9fv/p3rN/96/4y/7Vn8le7v96/8o/9kf9VX/1X3n+z/+1x7/DP/0vzH7803/2n/m3/tHVv//H/+W/+W/1G//zv8O/+ep3/zf+99/yl/wWf/g/98t+n/bf+5n/9Te6+nf+uH93+2/7V/+A//Qf+UP/+u+Vv+en/+5f93f8Pf/Kn5j9N3/3r/dv/DV/39/63/3+v+Vf9zNHn775537Hv+6v/euP/+l/+r/7H/f+5z/6z/rk/N/68/+8X2PxW//Y7/R7jf+0v+Xf/Lte/07/zNmf/2v94t/4wW/94//06nf8bf6gX3xn59/+e/6dP+SP+os//r1/s+9WP/WrL/+ls+vf/k/94//WP6n47+/85X9S+Wv+Rb/OP/A3/KXlH/Vr/Pf/7t/8yd/35/0Pr773Yu9X/1N/1a/4u/6L7b/jNznM/55f9Of/mr9lU/0NX/3lv/1vffDX/TV//1/4x/5Gf8F/9A9nu3/8P/Vn/g67v8e/8z//97uf/DH/8a/1t/0B5//Qn/qDX+f+R3/l75j99L/7733nx//sf/wf/ZP+1xe/79969fTqf6l/87/jT/6Lv0r/nH/00fqv/envZ7/oZ/Lvte1f8lf/H3/jn/yf/h4//sf/93/Ln/vb/P7bv+u/Uf5Wv8Gzf6f8M37yj7yq//6//8//Z/6Bu3/o33L/NyI/d//X+un/9O/6Tf/ev+vypz/9xy+v/7S/9Hf/L773l/0Zf+af8Pv+T7/xr799/Av/zY++9fbX+XP+hMXOf/dX/c9/3r/+u/5Of9df90f/Wtt/w5/wY8vf8W/45//ov+Nf+0/HD37jP/vP+kf/xN/wr/uf/vm/60/9g773J/3xv/1/nV5951t/8O8z/uQvv6y++Kvf/A7//H/2Z/8rf8h/9Sf9hk/+kf3/9ItH/87fkfxlv8EXf8+v8+v+5WflX/Nn/g3P/7PZ3/y7/tNf/KXf+U//qr9qUu4t/ppv/cXf+8P+gC/+in/tv/odfuJPbv7IP/wf/4m/8id/h7/wj/3p3zH/0//5P/uLs/Fv+Iv+jN/+1/7oP/qf/uD/4Ft/8t/2Uz/4Kz77/m/71d//3/xz/9Xv/X/8QX/TP/OX/qO7f93B2eKfP/5HnmZ/+vp76b/0l/3UH/bdv/6v/vSXvzz+F//zl3/+R+++//nf9tf+8Y/+1Rd/++qLX/Mv/yt/zz+o/RP+sX/lz/0t/q7/46//k/6T//nv+g/+7X/7n/ndf/kf+Z/8Br/1X/4bFn/nH/OdP/M//M69/3Dvt/uXHz3+b/6B/+m//Zm//df6yZ/4v37/P+E//Yf/5D9+dufZ7/nX/fa/66/xd/1R/07ym33009//5K+v/r1/9yf/7uZ3+eMe/3tXf/P/+Rf9pr/zpwcP/8n0d2u/+Merl3/RrzH/3l+y/sF/8Dv/aX/Xf3H1rf/0N/yd/rLf+6tf44t/+Nf4bZ9/7+/4gx/8YT/xjx7/K3/Gk9/9b/hj/7k/+y/48S9/tz/s1/8d1r/b7/prf/Hr/ZV/5D/+i/79X+PPe/J7/Y+H/8of9yt+37/tz/nB7/eb/N31f/6//gV/+X/6lzz4o/74R7/w7/71fuoXf++/+o+29vO/9t/5o//43+n4+3/ub/ydf/zv+Nf+3v/r4//xd/k3/5L/4T//hX/vb/QH/OZ/0D/5O3/rL/mN/45/5y/4w/6mX/Qb/82/RfPF//rTX/3Fv8t/8kv/5//zB7/yd/nb/phf9D8/yv6SP3vxV//vv8uf9sf+37/GH/sH/Kv/969R/dH/0+/61d/9L/2Nf1zxF66bf+mv/Zm/7M4v/96v9w/+6p/58g9Kfud/4Y/91/+o3/C//Rv+gl/y3/75/8aj9lce/DXN0V/5l331D1Z/6N/4u01/p3/pf/szvvpz/7d/7Mdn//XTJ//t//5b/SvJv/QH/X3/xb9U3E9/+e/3p/6qv+on/r5/7+K3nfzi+e//j/7lxT/za5986+Dv+Gv/pn/88X/+nf/8l/7ev+ivv/7z/9jv/A0/s/XdP/Qv/OfOf/Lzf/rv+j9X09/1F/1lf8Of/Fv9q//APzbb+gd+nb/6j/0vfv0/+Ff+u7/Zf/z3/va/2Z//G/8Z6d//Z/wbX33x5//nf8n/9g+8Ofji7/r3HvyHxR/5Ey//7MU//7v+G//hv/7vfn/v5W//h/72f9cf9Bv8Bm+vfuvf8q/7q/78f/2v/1P+l5/5a/7y3/13/1PzX/TL/r5/5+HxP/5f/lZ/8+/wO/+Wf/KfWPwTf8Y/89/8rnf/kH/zL/uvf5O/7A/7Jfm/cPXbffTr/HF/x2/0367+mX/mj25+t9/td/77f+zFb/cr3/1Z/8Uf9k/8s4u/IPnP/otPP/lr/8l/9S/71y//7ctv/Wv/8be2/pk/+j/6m2a/21/4x2z/7X/s2T9575P//GeWv+Sf+2v/h99r9e/9MX/0ev0v/ys/9fds//t/9b/wEz/xd//E7/zFf/KDn/lHT3/dv/47v9fWP/ob/pWTn8z/+f/hL/7st/pt/68f/+//yL/gq6/+7Z9c/yVfffnr/D6/3R/4T/8bL77z8MGf9ef+4b/l+dP/7df/m36dP/309/h1//l/4I//BX/YX/hvv/rV//JXv+0/8uf+Nn/1r/2d3/6v/Df+g8Nf/DMf/e2/9Fv/9p/5T/4bv/P/8X//Gv/rd//Yf/2//0v37v/fv8bRP7R88/IP/onH9//TH/s//y227r/6T9n+Y/6av/2X/fr/57/xT+LP/7r9u/+Bf+IX/R5/5i+f/rK/4b/4zf7qV3/d7/mH/a/Ppr/Z9C//93/mX/r1/64/87/+/f6X6q//I3/sF/47v9enP/iD/4Q//0/9JT/+e/4B/+H66o/6K/6xF//1b/HfPf0f//p7f/v/+vaf+02S3/zv/u3/8t//5fJ3+Gt+8a/3Tx/998VBuT/6ndI/8jf6zX/z3/y3/je/evQv/LZnv8W/nPz1//x/9+jP+Af/xD/kj/llv2NV/9O//Zf/wz/72a/6x748/x//lL/6V/8t/+Iv/UW/5b/99/5nf+1P/tW/39v8LzyeNv9F/nv8vaNf+V/+5p/9uf/Ad/5K2/Kv/6m//P7f/Mt/mwdH56/tO3/NL/3v/tb/8M97+r8uf9W3/vW/5vX3fpf/f7z8h/6fv+4/+3/e+VW/4x//O/5tP/MX/jt/+3/z2e9w8O998vv/kb/ku//jT/773/n9/7H/+9f4t36Pv+L19z77/m/8h/++v+DgfLf+M//13/e3/W/+t7/w1/it7v15v8X/+I/9sq9+y//hJ178xP/+V/8h/+fv/1v+R7/WH/nLfvCLy/v/0/9+/4/863/5x//O3/sv/J2f/7ef/82/8rf7Bx/+E6//pH//T/0b/oZv/fp/+Ks/6xcl/+lvvPfv/lV/yR+w9Yd99o//D1/9JlX5B/1v/9TW7/vb/km//G/4z//H75bPfp+/7u/9I774W8rf7I/5Lf7iv2b7f/2vv/e9v+uv/n3/yu9/6y/8M/7K83/2j/lz/9p/4s1f/Bf9p3/ZR3/H4fz33/1zv/Pf/r5P/pV/5/vf/uv+2v/qu3/U3U++/ef8nb/7L/6nZunpL0re/kXJ2b/+W3z//0r+9t/r993/1/6CP/13/NO/8/f95m9/6z/vF/1v3/nNsz/5H/hDvv3vnv8594t//2/7O373/+qv/XV/t//0N/xbfof/6NH3zv7c/+bv/HP/lj/kH/svfr1/+Nf9O37Xv+c/+kv+u5fzP+Wf+Wv/o7/97/t3/oH/6/f68X/st/lTf6e/4uO//Tf9oz76q//j079+94/72yb/7l/yb/0x/8O/+6f86e2z++vFP/3dv++Xffar/46/+ld+cv+/yJ78yb/VH/vL/ohf/iv/za/mv+zX/Q2Wf/XbX/7qt939Q37L/+7f/em/5WfyL/+z3/1f/R/+9fHf8NUs/93/8/0/6Ld4/eIXf+fd33P2Wx/+Z3/md/7bv/j3efjR3zs+qe7f/f5f9rf8kf/ci7/y5A/4w/7a//DN0+/8soM/+Xd+/Xf+iX/5L/3Pv/Pb/Xt/YvYn/P5/8P/6B/0vv/gnLn//v//3+5/+0L/0t/un/pL/4J/5L/+R37r5p3//7/zKt//Bb/qr//q/8Df8C3+Dr/7V//of/C3/u4M/8J/933d/1b/Z/Ab/6u//b/+nT/7Lvb/j6Z/5k39O+0f+o4tf8Ae/+ssf/JI/75dMfuUf+dlv/te/+qf/vF/65/4bf+cv+/Hf969+9Ze/uvqjX/3lW//nX/ZP/6m/7Z/++/3C73/629VPz/+W3+J3+Oq3XP74n/hrfPt3/V3/nT//9G/5G+s/aPlX/z6//t4/8p/9fc9+xz/rz/7PH/5h/9rf+o/9z7//H/yb/yeX3/ojf6uXs9/hr/ibf9sfPG6/Ov33/t7/5p/7C6r/ovwt8l/0t/zuf+vv/k/8jv/Y/1r8Y//Ip7/5q+tPxn/2H/Rn/r6/49/+T776376a/8Y/9Zfn/2PzJ/zSx3/0b/cL/p1/9i/77d/9Xf/Sf3H0m/345N/7s/7Pv+p/+Hfu/tj3f90Xv0uz/G/+xrt//sO/6W/+6//25Pf6Tb49/eTBL/jv/oo/5eCf+jP+sZcnv+1/8jf/bv/4X/q3/Ol/3vFX//7f+vf9en/zq7/53/5d5v/eP3n/7/q9/vB3j/6uv/nPq/6Bf+33/uv/gf/l2wd/w2/4X3/6vfm/+uSLf/urv+R3/3v+w/Vf/cf+94d/4oM/83/64o/9aPnP/bP/6T/0l/yWf82v8dP/w1/2k1/8F8u/6nf/Jd86+Y+/82v/nn/17/OX/sV/wX/+d+z83r/TJ7/5zt7f2vxlv86f/wv/h+O/6en01aNv/d+/xm/0p/3Jv+P/fPX9x/f/hY8PmuTFH/PLftlv/+53+hf+hh/79x7tffTffPqg/Mv/myevT/6u//nHtv/KL//C37P4FZ9s/ZPN5w/z8+z3/o3+3N/8H33wyZ3f/Pf4W37sf/r1fr2/9dd/9l/8OX/8y9/q8lf84n//3/j9vv0v5g//yN/2D/tnXvz5v92L3/fBd57/mr/Ob/v7rn7n//jH/+N/4+9J0l/xJ/96/+ZP/Zr/zF/+nT/t16Hp+jW/9eav/j2/8+r/+vj/+of/z70/t/i9/re/8Ff/+r/8n/k1/0QKav8ADmr/msf/3h/7f/5x//tv/s/e/YNf/Y3/y5/5rz9nMf6t/8k/58/+N3/sb/kVf8Of+O//PT/5+/31P/mP/epP/ql//V/5e36/P3Lx8M/+Ox/8o//Gv/rHVr/DP/bH/off+b3/8b//d/nt937Lv+/Vv/LLzv/df+g//5NP77/7R6uXf+yXv+r81e87+XX/rZ/+1l/6S/+b8nf76/7OnX/1j/tzX33x1Rd/y5v/+H94uvx33iz+q39z79Hv97f9+9/6+x5//yf+5T/1z/nT/8rf6t//3f+T9T/9u/2y/X/pJ/6Wu6e/5E/Z/r12vvvn/Jbp0+Pf/enf8+63+Vv/ugf3/rM/4F+8+K3+z7/sH63/j99y+0/4tX7qP/mjvn/nX/47/rzpf/Hbvfsz/4nyD7/8S/6Kf/Hor61Ozv6+f/2Lv/nP+bv+mr/1xV/wL/8tv/Zv8Zvt/y3/yd/22Z3Z73/62/zRn/ymydvVr/hT/sff/d/5a3/PX/Rv/xG/42/xenX5P3zvLz/7ff/d3/hvevmv/+O/6Lf8a37Xv/3tm+U/+mLvl/4br+vf9nf6O36X+pf9Pn/UP/13/c9/0a/xu/9Tf/rlq+/8PX/rv/ff/25/zqvv/DsHf8P/9ZuN/9Jf9Af+aT/59G98+PEf+7v9L//cP/On/HHP/szf++lv/e/89J/7D/673/+3/pNP/9m/++wP+UNmv8Hknyn/47/t9/hjit/y7/m9/o6/tv5rFr/1F3/7t3/Zr/PP/qLf8pNPvvO//bPTN//Vr/H03/6Pf/e/5rf4nb9a/WF/X/Zv/Z3/w7/0q37Vqz/2d3v6W//YP3L9O/1Jf/9v+Hf8Vz/2K//bv+3v/vVe/fuf/sO/0e/8ZpX8r7/Xb/H7/W2/z59w/z/K/57/6a/8Lf6G468+/yWX/9D//Wusd//j5j9O/qovf+ZfWv5Ff9Rf+7f8m3//b/YP/zF/xPYf/P3/c/3L/rk/4+/5nR/9ZX9h9o//X9/7l//Ef+Hv/bOe/Ln/wL9w9Df/4n/0L/ij/pU/3gn53j/95/0Jf+6/yUL+5m/97X/zf/Q/+fg//+P/9jZ99oOz/T82/93yv2V9+ltf/f5f1P/wxS/68/7pP+7i7h91/bv8Mf97+f1/7Nf5C+4tf9O/+nf9r7/zl/2Pv85f+0//QY9+nX/3D/kj/u2/5I/+g3/3f/knLr/1rfEv/6nf+7/4BbM/+4/9p/f/td3yP/49F3/37/Of7v/uv/A//Qf+m88Xx6flH7P1Jzz67q/4Xf/Dv7Z5+Df8Ts//wX/qH/1t3vyVf/Bvd2f8+a+xO5v9OX/Hv/ybffKH/Nd/+b/603/Hr/tX/hX/2q/7T1z/4l/zd7j3P/2l/8lf/Lf/Nt/9P/651Z/wL/0d/+P/9Qf8Bv/13U//3j/j7m83+1V/3i/8Df6yv2P0T//u89/6+/Pf/OX3movf+9V/O/v+n/YLf4+D//Qve/Gn/2bTf/q3+59/pz/pn/1Vv/Wv8Xv/I//Zm6/efXnyh/2nl//K3/Hjv+Zv8Xd+9ZN/96//ePIn/+W/tL3+vf+L32T3n/+j/rs/4x/+LZ5e/vK/+s/99r/8d333v/0TX/5LXy7/m1/jH/qPd/7hP3H07elf8icc/H3zrX90/o/8+9Xf/tc/evAr/9p/9t8a/W5/1PZ/+rv8E//45a99+FN/RPnp8z/kr/zr53/kd6r/6ju/1e/7L/0Nn/3mf2T2z/3jj/67v+O3/8n//J/8tf+TP/Q/+q//hD/yt/+ZP6j6R7/3K/60P/Iv+/Tf/G1/1X9x+IN/91d9+nb8d/1jf+R/9Iv+4b/iV39+/uuu/vDf8T/9RX/uv/Vnvtj6df+VP+jT/+vX//W3fvzv/Pi3/83/oz9y9kf9Jjv/9l+69ef+Xd9+8vc8/mf+9l/4O539Uf/K75X93b/BP/qH/LKt/+rH/qv13/53HfwOf3J58i/91X/7ne//Bb/4Tzj4r37Tsz/0d/23/8Z/+Kd/5t/6n//xv3Fe/GPfO/j7vvtH/Fc//ev+Rcff/td/y/Xv8yf/87/2n1h+fPTJp7/wq//1z/2HHvz2v+Nv2f5Of9yfMv78d/03/t1/5y/56T/nj/rFf8Y/8D/9pn//b/K7/ZG/9y89+Y3/nl8+ef3H/dd/0J+8//TPefPnfvR7/TF/zfbf8d3f6h/7T/6VH/znr36j9p/6q/7r3+ef+pd+0b+2+Cu//G1f/L3fO//f/+q7O3/gs7/8v/zob6Ow7Df/r3/je7/73/5r/5aLv+V3+21/x+//vf/k3/sf/eV/1u/7H2//lX/z7H/4yd8k+7v/+j/3T52cLH69p3/A8uE//fGf/uzkr/6Lvv2b/+1Pnv47Z3/nX/x7rt7+5n/0H/BnfZp+Pv9P/tQ/4Vk6+3V/6sHf+E/8wn/91/9r/obvr79V/dd/9e/4m//Rf9jzP+/gN/9P/7Tzf/qv+s/+1TT5d89/6p/+O355UvwW23/NH/2vHv/b/+XB//Lb/RH/2c/8vr/y9/+nfuyzX+93+A1/g1/2N/9B39v7U/6c//A3+/X+z7/t9d/w5LvfK/6GL5v/4Xebjv6uvzn/5/O/6i//9Kf/pn/r9/vko+X+7/uL1v/Ev/nqdxz/Jn/Sv/b3f/VvL/62X/ur7/x+1Z/7H//9H/1ev/l//Pzd7/o3/Ra/+z+1+IvT8vvTv33/0cv/7Y94evib/xq/4fL/+mP+up/5VX/Cn7D3r/zMb/8n/Qd/1O4/958e/EZ/13/96/yd/8SPP/3x3/6//AP/k9/6Tzt7+af+3b/n/Td/+ey//LP+kF/2x/1T/8SXf/y//Z/f+01+0d/1G/1Vzy6/83f8yf/bH/bv/pd/9e/0n/wR/8av+Kn/+q/516vf/p9/+b/8279++o//0Z/8Ef/un/i3/Kl/2q/5e393+rv8xv/S7/c7/mH/6dv2e7/o11i3v98f9Nmrv/w7v9arP/N//j3+19/0v/7T/l3jnb38jf68v/RXvP51//d/4ON/6Ne9/C9+vX/pf17+jX/dT9x9+PbPvPNL3kie8/vNP/5//kH/7q/4r/7O/+k3+Xf+iv/lr/+r/8q/Y/u3/berf+6P/LHf9Xf5Xf/mv/73+k/+9D/68J/9u3/ml/91/+Sfs/5r907Hf9k//bv+Hb/f3/VjD37JP7td/Fd/9bfu/E1/77fv/sU/WPzfv8YffvF3/6//2u/3r53967/bT/77L/738T/yq//0f+xfP/vHf/WLf/T3+23+sL/j3/slf/fuL/iP/4I/4/lv/Tv9K3/H3/I3/Mtf/fXJp39y+6+/+o8uv/dXno5frP7wP+TX+L2Wz773O/9Rf80fSpD+9eKPSf7S/+nHf69f9x/8zf+2f+2v/nv+13/31X/zF/0rf9hf/ff/gva79x/+9f/axS/5Xf+qv+0P/99/i//z/r/+Z/3Vf/sPfvCTf+mvkXz33/0l//Qv/e9/7/t/1/902v4Vv2z8H/0bb/7mT8/+9CefLD/7xy//mX/pb/jL//W/60+7uvNLk+ov+rv/un+weHK+91f9Yz/9X/ynf83f8fFvePm3/w+/NLn61n/3R/8ud/6un/izn/x2i2/9hn/Mn3v/e//ax3/kX/l3/Wm/6VbyH/+vn/7Jv+7f8uYJrU0d/oq/YvxHf7f4E979HVtnq7/gl3z/b/9z//4/+cHvs/XP/fr/8n/xL/+Zjy//1b/q7//Wg7/hX/iPf+Mf/KH/afu9xX//7//F/8g/+jf/+//SX/UX/adv/+YffPJm/Jc/v/PiP93/6//O3+/j53/GP/63LH/qH/yD/q//evqPkFP2G/8Z/9Hf9+/8Kb/7H1X9Vb/4j/3pH/9n/+9f49//zf/PX/YfJ3/P9+/9tdUf+Xf9x//3rzH+q88/+ZV/w3/96/zXf+9/95/+t7/t3/fwv/rjt/7Vq3/7n/w37r5r/uXf4V8f/dn/1H/99//iP3Bv///4Jw6a3+6P/t/+1F/0Uz/2P/8Ff9yLv+T7p7+g/HNePf3+//qv/75/0+89utj+T3/7f2zy2z/76G/6c3/L69/+7h/3n/7h/80f9ff85B/95q958T/9Yf/H+DsPf9V3H/4x38ovvvOn/Bd/5X/wj/8D/8nf8m/9UX/Tv/sb/d3/cPPX/Fq/YOe3+Vf+7vZf+qN/s1/0r/6Of8g/9u/9vX/Ls9/xJ/6dsxfZ7375D/13/+1/+o//aR/9bv/ywR/15/yK3/XfJ0f23/nbv/On/Xqz/+P3/Y3+vb97dvEvrP+Jf3r2/Z/6R/+ZyfSPP1v8Ez95+L/8u8t/Yf/X+i+/Opj/vb/Ff/O3/8//1N/1M3/Y6o/+c//Z3+vP+Md+7+XxH/wP/+P/3J/wn07+m1/jr/0X/szf+F/7Rf/as3/in/lDfvwf/Gv/jr/tv/nTfr3L/+6v+Cv//t/6//g76t/rP/8tTn7Tv+Pf/e3+6D/uwfnpv/zVv/KX/Me/6Df9Y/+2X/G9ye/96g+f/k//27f/lN/17/ovnv5RH93/Xf/UT1f1v/0nf/y37f3Ev/5vv/qtf6fv/s5f/NTf/vv85pf/3b/b/hs//fK3/4n/9G/6b37z3+m//0f+u3/iD/jb/8Q/6Zf/eb/OX/0b/6m/6F/7u8Z/y7/69/7U+tf513/r9W/2Z/71f+l18W8V/9tf9Wf9Xf/L85/6Y/+isz/73cV//uzdr/Fb/22/7fSPHX30vX/ixW//G/+Zf//f8hf8NS9/g7/5d/+PJvVf/b/8Q//cnzH/Rf/hn/jv/F6/y72/9p/8N/+Tv/Mf+bd+zb/hH3n0dyQf/X5//R8x/TN/6h/9M+78pT/zW/0l/+vkZ37Rv/Ivf/ff+d9+8K/9xF/46b/5V/zvf9qv9zOvftFf9+CP+sW/7Z/yS48+/y1/4z/gd/sjf9Hr3y//L36Dn/o3/oh/6o99+sf+1X/w7/q3/rmHv/xv/tOv/77f67f4n/+Pv+/v/m3/gVf/xJ93/bf8A19c/2u/5Jf94Pf6x//Tv/Txr/Vvbv2bX/1x7Z/+1/+i7/w733r52/+zv/+P/8LfY/s3+1vu/Q7N9i84/HX+04Nf9Zc8/2t/839i76/6M3/Dv+4P/yv+z9/x05f/xN988OYX/Zff+cHnnz/57X78N1vt/Sc7d5Jp8yf/xN/2b/ydn/0OX735e6p/+adBpl/+b+40R9/9v/79raOv/sJf6+pXlv/4f/y//oJ/+r//A//YL37qV4//zz/jX/+7F3/H5C+d/s7/xV+x9/f/Xf/+n/QnHP31v9l/8vv/Ub/6r/rff7O/tPnd/+vf5t//9f6lv+fP/DX/nT/q7/zrf70hB/TPtA7o3/Az/8h//pc+/gf+5r/9//41/pfvffcfeGWCxr/ql935a55d3/3f/tHf7H/6i/6Kv/yv+/d/r7/8r/5f7335/K+tP/urfqL4z/6BP+z7v/vf/BM/ePWr/8x/8S/6mX/5t/pd/rj6e08/H/19v+f/8bv919/5e/+U/T/uP33x0b/1xW/1Y69/8Lt+/B/8NX/Dn/Kf/Sd/zvd/3X/+j/oD/5D/6K9886/+T188+Dd/y4uL/+1P+Hv/xb/t+Jf849d/UfZ7/Hb/7dX4v/o7/+6f+Vd/t1/2p/w5f9Nv8xt96/O//5/+09/82//e7/e3/GD/b/41/9DRX/dP/NO/7e/39370rcXvVf6eL/6X13/G7/ynbv0rZ//Zi9/1n/rkL/pjkt/9T/71/qk7f8/f/vv90smXk3/1t/6/f40/7zv/e/sXf3b4n975Pf7Pb/1OP/Uzf/uf9JeM/+J/78/4d7//H/x0+18++92yZ//+/r/2P/+7k/bOb/sfvPjT/4Z/6d2d0d/1+/27v/vZ8fGDB4s/6pN//5N/dTb/nf/kP+3pf3v0n/x7f+Y/8Pcf/Tr/1V8zzf/Kz/+df+N/+J3/sv9h/WN/zT+5/SdO/5O/6zf8+I8//41Wf+hvXf5Vf8zf8Pd873/97z/5G/+G8Z/z2/0To79s9tv/5r/h7//qL/lrlr/mv/1L/v79/+X3/l+/9xt/Z+v87335Z/69//5f8y//rv/u7/qP/Zr/4Os/4sf+w+//tT/13Rf/2l/0n//tf81f/jf/dn/hq7/sr/wrJ2317s7q7/utPv2HXv/e/92v++Y/+HP/13/lH/v3fvxfmf0pv+Ev/Xf/or+g+fv+zL/97R/6J/4W288e/em/xb/xX/2P/9I/ffAP/vevfqfjv/mv+qM++oX/7ffW87/3X/2ri7/iq7/4L/gPf+KL7/3XP/Vn/YJXd/6Ov+b3/GP+8L/7t/w3r6qnq2//0X9M9lv+pb/f//1r/B//yF/xC8p/7JPvPPtL3/53//a/9Pf/Vr/pb/PH7Hzv9D/4Y67+1/y77bd+4k/7i/7X0W/0e/xz//R3/rHf7e/456/2/nPrn/7lv8PyVx/87//4//ib/ODHv/ef/6kHf/+Dv7H6L579hX/WP/Un/C6/+e8xWvy1f/Gvde9fOfvLvnfnx7f/1L9m66/9e/73t3/Gb3j4x/0Xz6cPf+bkn/o/vvuvTv6H9Hf7n//c1S85+02/893f92voyr/68B95cXH/T3l7559/9Av/8z/ob/4j/sN/+r/7h/6Y3/RvevCH/GN/7KO/4h/9o//2f/Sr7z/7c7/1f/3+f+Gf9488zf/Lf+uP+N//sl/vr3z8/b/rd/j4X/qD/vh/4R/5pz79n/+uP/qvvP6vfue/+u/4+/7FP/zj//z53/ovf++/+PV+x3/q7/ljt/+uP/SP/48O/vr93/z+31b/Zn/Bb/UL/50v/rE/9j/6a179T79odu9bv9vv+/v9gb9LUv7kX/ydP/K3/wP+ooN/9je+vPyTz/7L3+kX7f8R/8Jf/Zfc/c743/k1//Q/YfYXHr39S//Yf/zyr2uL7X/sT7/z+/82/8HJ7q99b/GH/Ia/2ad/wi/8y7/7m1/916d/0d/3d/8L17/ZPzH59/+L3+Cf+uO+mLz+g//kz1/+eb/7H/VH/M9/7R/3G04++mN+jb+nfPsfPv2r/61/bPZb/nX/6b3/7vP1v/GXfecP+5dPfpvf//oP+3V+2xf/wv/86373j3j0J/1GT//6v/23+Qf+1uST3b/5T/5tf+0/a/3HvfwHfqM/9I/+jX/iH/5Tfp1/9Y/67//C3+tXfHH1U3/QX/x7/Pe/6z/9Z/3ZxW/0O/6xd/6tP/Zbv+G//J/9Rn/Jr/NbLn7s7/7xf+TXKf75j//m3/z51a/4O17/Vn9Cdf1n5me/0y/9+0a//R/6a/2+/8P9v+Dzb//Df8rOH/+PvvmF//A/+Zudvfuj/t7/7pPj3/a3/cf+kHf/9m/2d//J/9tP/5P5n/AP/3nbo7/9r/qx36w9ePSvH8z/qBf/7e/24s//2//9/+2L3+POv/l7/aZ/3m9X/26/zj998Df/d9//0//tX+MvefIf/yV/39/wv/1Dv9tfMk7/mr/iX/uLfqNp/Wf/0lkx+yf+gF/0L/1Zf84Xf+j/MftF/+Qf8rv9oZPf87f81j//h335R/xVf8bhL//v/o7/4Pf9u/+F3/0v/Kd/j18z+zt/lz9k/Jv/+sVv+af8K3/Hf/LgL3nz+tf75//2w//md370T/6Dv//uvT/xN/4N/6Z//B/6z//4v+GT//G/+UUf3fnpP+WX/SlfPPpbft3RH/af/CXlv/9m978b/U5/6O/zW/4TF3/F3/1b/50/9Yf9Fn/Gb/lH/UOPv/3so8l/9ff80m/97v/+3pu/6PF/9rf847/8L7yb/H6//4//2B/11/3jW3/cP/Qn/pO/19/1m3zyx3x7d7b4u/7yP/nt3/ai+udO/oR/9eGfV/+i/3jyU//Mf/Gf/ZZ/3keLv+W7/9if9Nv9Zp+9+Lf/+J9aJ9Xv9Zf/Kf/rf/ri4O++828/+58e5n9gOvpj/5Gz3/LJ79b+rr/xb/Cn/OaX/+33/v2f/LuP/tNXf+UXf/7Hf+bf8jf8df/b8Z/4p/zDv9vv95vv/Dr/87/zT/+uyX/+T/5uv9/f8d/8Wr/Hv/Cv/KK//s753/z9P/2f/E9+q3+uef5Pff53/VO/8F/9fX/b3+rPLX7H5s0f8X+u/vv/+e/47p/5q/7NH/+N/+l/6b/4j/+x+jf/TX+nf7X82z/5o/7Vv/xPbf/Tv/0v/1fyv/3pb/Gb/O3/6L/68pft/om/zdHv/Zv8Lvf/1D/73/pnfsHv8Xf+aU9/m9/xq9/yX/r1f/t/6Xf96hf+o//uj/0G/+sv/Nf//a/+5t/7//h7/9aP/8V/cXLvWf0L/onH//y/94f9t3/P37z8nf6gf+OLv3b7L/qT/4I//6Pf8U/5lf/a3/Zr/nv/4tE/+If8kt/7nzr+o369f+hvefX7PP+D/tT/7E/4a35666/7DZPlb/D7/xPNH/lL/5j/5n98NPstnv1R/9Yvunz0n/17/9in//V3fs+9P+k3+M549b89/aP+lf/6vx3/9Wf/0u9+svdn/UX/zC84/Q1/l39u9y/Nn/+CP/83/xP+oT/+z/3r/6BPxz+9+uf/sX/rX/oVL3/5X/93/OW/77Of+p1/m3/4v/jBn/3j/+wv/Kf+wD/xs6vf9J/83/789b/9D/6Dv+cP/vR/8V/4x/6gf+2PpDWu3/X87A/93f6y3+sn/+K/5b/76s1/+3v9R7/NP/nZs7/in/wHf3rxT/6zv8+/9ONf/OT/9snv+hetf+rVb/kv/3Uv/7b/dvHt7/yb/8EnP/17HfwTf9Qv+VN+/Z0nv+if3st/xz/ur/utT3+fX/z98s+5/id/h/Tf/tf/teTkX/rb/vV/9l/+vf/wP/yP/E1G3/2L/+bf+R/4HX/Rf/ZX/bX/yB/01zw4+u1/u3/vr/9rJ7/8X/p1/psBS/lL/+r/iC3lX/w7/SN/35O//b/7jcf/4X/+O/+b/9Jf8n+we//3kHv/a/wX3/2Hfvuf+a3L2X/+f/wGn/4O/+S/8einzv+BP/Vfe/L7tW/+5r/q7Jd87/S3Pvx7X/3B/+gPnv4W1e//+/ydb37Pf/f7f23+H/6X2/ee/3H/2R/xB/9tv/VPvPrX/qo//7f5i/b+zT/iv/7D1qef/qnf+YW//Lf4/X/7r777V/zd39n/Q6vkX/qv/s2v/vHf+o9Ppr/VH/lo9gt2t/7r3+0/+Kv//V/2V/2hy7/rn/kLjpL/9tX9o0fJH/ML//a//w/97hc/s/VX/KO/+V/28Vf/5W/2S/7m37b6Tf+x7b9gcfmP/sU//fFv8Hf9EX/kX/y3/9evPnp5+st+i7/9n/nn/9nPHv/C/+r/+Dd/7//y937X/Pd/8Z/xb3719q/+b/6Hf+dP+Mt/+f/8rz7+q+u/5Z/9W/7S33b8n/w5f8S//Z3VT7x8/Pv/I+O/cO+Xz/+pP+3Nn1j81v/D3/8r/sP/+rs71Ze/7h/8b/0af+abF/9J+bu8+Ov/0t/tuy/+9H/39d+c/8uf/l2/7JP/pvor/p3v7fyvP/6H/DF/wz/+7/xRf+63/oNPH935i//df/5//Dd/y9/69zz+4r/9W/7o//QfP/je5Uftr/xvn0+/98f+LX/F7/OdP+M/TP/UxUe/7n//d/7gq+kf90nz+//2V//6v/y7/W5/+3//0//Tf/6//sr/9qf/mL/kP5rV6/Pf/1/4n1/+Oft/xz/+5d/zp/8F/8jpt/+TP/Zv/onf63//vX7qz3z46/7bR3/u7/e3/jZ/yj+6/FU/+OT3e/Zjv2/9H5/8Ht//hf/7u7/xP/h7/+z/IZZs+Wt/9z91p/0P/v5/8M/+Hf7z7/zOf+E/9Xf/Uf9wvvfP/xp/13/2G/wpv9sfmv+S3+353/biL/rT/45/+81P/413ftnT36T6R/7mP+ef/It/jYO/5jf5W4rJ4l/+O/6mf+A/+dt/JaVh/9D1nSdHn/0Fs3/uv/xXx9XWf/qf/Z2/xW/0B1z/Gz/xV/zqe3sH/8kf92et/7n/4JPf+W/4o/6MF3/OX37vz9nb+Qv+yD/sHzn6s0/Of42zq1/4E3/Bn//vjP/jf/LX/Nt+rV/n1301+9t/h//gP/jb57/+P/On//mzh3/hn/2//N7L6Z/6W/32/9ifcO+3+xP/1Bd/6B8++v4Pfot/5nf9bX/df+If+7G/5N/6Y//i6j/4O/6d6+Lv/qvn7/6Lv/DX+/3u/G9/1C/7XX7LP+2P+l++PfuNf+I3+92Sv+PB//wn/db3f+H/+ffOf+Nnf/nvmv2tf/bvs/jH/5H/6J94fPFv/ucP/vn/+o/96OVf+osu/u7f6NdYP/4TvvVnL756/Tf9Ff/Z3/6n/N0Xv+o/vP/HnL/5I579+F/7J/wx/+wv+/Gdf+yv/kv+iuN/rP1Npj/z20z/8r/+L/3Jv/x3+3dnf9H+t/70P/93ufdf/qI/9d7ozh/3V/5u/+Uv/k3uH/ym/9R/99//cb/Nf/7n/E8/9dmLj36t3/0PevODf+b0Fy/f/ud/3l/x+Se/7n+594u+s/9H/C6fvvzT/8of/2P/oa3f7e6vffff+4d/6+Tf+Or7f9Xf+5N/0P1Xf8u/8L3pjx/+1n/kn/rH/9F/6m/0Zx/9q3/K3r/4na/+qOe/4a/8k//6v/RP+al/6d958pv/gt/2j8//7bf/8l/1M//yP9d8NP33n/5h/+6//Xf/Cf/oP/mX/G3/zR/2i/74f+eLf/P3//32ftGbP+T3ePPrP/vX/8Pf8/G/9pf9UX/fv/jP/fa/0Z/zv/xn2R/xb7z65E/99Wb/5O/Y/qd/1ulv95c9/m3+8H/5d/348A/4/f6H8R9794///Xd+5t/+8/75v/9P+GLnL9n7Lx7v3fun/vF/9G+5/CN/u0//3HGa/oon//s/87/+D3d/z9/0t/7k/u//t/1G/97ln/8n/bKf+A+Lf678r//lP+2j3+tP+Jf+7t/4T/uZX+d3+87v+t9v/yl3/4Tf+I9cP/jX/+7/41/85/+lP/XOH/in/um/6O/6O37Zd/68j//3f/63/V3e/P7/5Lv/8N/+Z//dq+V/8/I3/RV3dv+Fn/7n7v9zz/+RP+Wf3d39E/+Bf3T3j/8vfv83737/+Zcvv5j/0X9S80f91G/+l/46r37Fv1v8C3/Qn/6tN3/R737nD/wt/+9f4w/4v/7sL/62v/z/+PL//EP/9/zX+AP/jP/s/m/5p+78K7/f9z79Dz79XX+LX/0Plb+s+PHf9c4/92c8/Wf/4i9+qz/17/5X/tD/4ic+/cv+rl/5yR/wu/6d6/IX/c+/wb/82U/8T8e/+Sf/xNGv8bf9FcuPv3/29s/9A7/61f/z3/47/fhv+/sc/cJf/eLT0d/7J/7Pv9ev83f9gt/tv/4n/9N/75e8+h//3ZOzt7/in/0DftW/+18//rN+z99r/Cv+g7//X//+f/vi355/+c8s/vDs/m/4ne8c/+LFm//wye/3n/99f+rfk/zzf8cf3n7vz/gfd7/12Vd/7J/yp2XL3/if+A0n//zf929Xpz/457b/mf/8n/2TX/+567/2H//d/5S/6C/eyr9z/Uf9z3/aH/PFv/x3/GHLv/av/Pv/5b/1lzz6j/6m3+vH/rb/9Pf+C/7t2Rd/1b//v5a/35/+t//m//gf8J9O/6E/+c/9u/77P/33/Zk/9a/7O//tv/Xv+vP/m6N/Llv+r7/XH/2X/D6/+Ff8Lf/+H/1Pf+/qz//+3/Vfn83+rv/1z/uvv/+3//R3/48/7F/5+z+r/9T/48s/8jf40/+Rb/3Yb/HXrP/o11/+wZ/8nb/h6f/+g9/ir/9L53/0+t85+1d/3z/hP/lj/t5/8y/52/7rs/xP/rP/+X/6v/yzPvs3/rV/73vL3/mP+fv/rz/n7/5t/5pvbf0d/8Nf8iv/2v/yN/4tL/6Cv/9//1/+mV89+Sv/wp/44/b/nv9+9pd/6y/7O9I/6rf4a373X/lXfvGDjz6p/oaP/o6/8enf++lf/1N/zL/1p//zv/Inf9N/6G//M/+Y3+e3PvzP/6u//qd/p3/zb/9T/6ft/L/+V//j3/90/rfeW/8Dfwyt5hy5DMFP/BX/49/6J/51v9//9F/+JffvzP6577PT/Jf/KX/QP/H6d77723/y3Ys/55/9k/+Df+Xv2P5N/pC/46e++xeXX/03v9Fv9+6fKv/T//m/++Pe/cn/+K/5ZxyPPrrzk9/66uN3L/7Z//hv+e1/oz/0f/lTf6OtZ3/er/0n/RO/z/+W/65/8Ff/0p/4h12++tW/7V/+1av/9fRveLVq8vu//Z/yn/9Z/9wf9uwX3/ud/9xv/R+vnv02/2b+nXu/8Z/86d/xP599deefnn3++cG3/qsf/3N/yz/iL/tz/oa/9++o/oY/7df6xe/+vT/2+Rd/zL85evIb/Kpf7494/Hd8ns5/vX/p/r/9h/9tv+Cfz55Wf+2//rfXF7/xZ3/s/D//J37sJ/6t//G/bbZ/13/ku5Pk1/51/or/9Hf7vf7i3/Ivv/zl/8Gf/9Mvf+w3+Y/+i7/nH/2J/+uP/5v+rb+p+rv+2T/uP//P9v6rv+6v/LH/+jf4E/f+qYd/+T/6u7/6nX/qF/+7v8Vfe/af3//T/tU/7uE/8zf/EYf//B9699nbu7/7n/Eb/Q6/TvH3l3/LP/Xpd36tP+oP+c6D36v663+tf+Bbf9Ff8idv/8mf/jV/w3/2nV9z+/8Y/aqP7/yTf/fiD3/4J/ydv+t/8jv9bX/Qm1/yJz/7h//Xv23vz/t4/6/40z/95X/KX/Er/to/69/4ZX/XH/Xf/ja//t1/YvG37P2if3z0p/4JB8vf5Y9bPvrvJvd+91/xj/01f9u/8OLTX/Mfu/eb/8Z//vrN03/3P/wb//i/51/9R//qv/S3/XV/m3/mL/mr/uo/cO8P+n3/yf8z/cf/0Z/+dX6jX+cn/5K/6c/5qeo//y0/+eiv+TP/uF/0R1/9jd/51+/94//Zn/g7/Ae/+/Vy7yT/x6//4N/pL/1H/tPlX/2n/jH/afUb/gb/1W/zl27/Jd/+exd/z5/317z87f+B13/Gr/qT/4u/+N4f848c/wn/3quf+ee+/0/909/9nR7+Bn/Ov3fn+a/95V+9/ff873/8y3+5/N6f8jf+AX/T3/3n/W5bf/O/+mv/1r/y3/ojdn7fX3Lxp/yuf9sf9mLrf/p79/6Yj/7sv+b//Gf/1X/9O7/27/EL3uz+1r/1f/5n/HG/+PBf/nV+33/+9/pFv9bjP+g/fvTP/syzf/b33Prv/pVP/87Tv+qP+6N++9/n+3/jn/jP/slf/p0nz9u/8X//c//qv2Hrfx79mz/56Hv/8z/5b7z4O/79X/1X/wN/+a/xZ/wHv8lP/Wff+wt+5u/+nX7j33nxnxz/M0d/3f/8vae/xs/8pauf+FNXv86rf+wv/WvP//f2r341oG9+zf/yN/h3/sjxH/DvN3/dX/7rPfxrrn6z3+fXfPuv/g3/0d/xq3/FL/sFf9Wf9zf+wU//g7/rf5v/A7/Jr/HXf+cv+c1/on77dvT3fvy7/9Z/92/ze/6Tf+XVF+u/5Xf4t3+b//X07/yzv/r1/8A//yf/09/4X/vqZ37D/+Jf/59/8W/0r5xNft8/4Z/5fX+jRf47/tb/za9e/FF/yUff+n2+9bd+8e//lv/Cv/3dX/NPfvGn/9Tf/lv/na9+vPwb/penP/W//cSv8yeP/s6nf8Mf+1s8/Mv/+L/t9/+N3/13u//o//zTX/zfv8bv9mf8az/+J/zn/9xf9qu/9e//m1eXf9U/efe//9Yf+w/+FX/jl8tv7//Mj6V/7eIP+a/+m9/rf3v2zx7/xd/+T49+k981+Ws++kP/qsM/6Z/8J774e9/+0z/+b/2zv8Pst//q7/jH/sY/7HuHf/5/87/9Xn/nP/r7ffXVsz/sD/9N3v7+89/j1z2/QwL87G/7B3763/qn/7dP9n/nf5akufid/s8/Yvl3Yr3mz/5fYy7EX/17/cKJ5P7+hPM//8d/+3/2+o/7006P/9Tf5Df6s3+j3+Kv+Ms+/x1m/96v++b7v/rVX11/ufd3//N/39/72+7/d/f+sP/03/wty3/55bf/yMmf+62/9+xv+f4/+1/8xN/9i6b/wh/zf9xZ/KV/81/2d5T/wL/yP/zCf++3/rV/679z/dv8PZ/+u+Xf8Rvv/1r/7uKP+Q1+jb/kN/ij/pjf59f5iU8/+ohUwe/1R/5R/9C/+C/8sj/2V/1VP/H7/3r/+T/55Ae/1+LP+CP+1d/5N//uv/sbj7f+3F/5L/1zv+DLB5/u/05v/+zmH/87f5ff8t/9d/+cP+Bf/RP+qV/3l/wXf87HP/nyd3n525e/wX8/+f4v/lf++P/s4U8+/+/+1H/7t03/o9/v3b/wH3/04v73/+S/7Ad//X+7/v1OP/rNn/5e/+bv8289/19/4nf4nf6k//gX/oa/+1/9p/3Jv+a/+fI3/Dd//d/iyb992b78Nf7nx//8n/UvPPvFn9z91n/w6/wB9/7E9j/5U7f/3PHv9lf8Dn/Kf/sn/M+v/9i/7I/+R8r93+7ffv2Df/N3Gv11f+vTfyHd+xN2/uzH/8Hsd/4L/9H8+7/JP/er/5rt+/9Y+ef+a//NX/E3/E1//Z/8W//mD36fP+bZb/rZ+Pf6LfM/4jf/Vb/oH/zP/7KHv+a/+ov+2u3/86/7Z578Sb/qT/+P/4Pv/3NH/94f8ftPf63/9tW/95/8s+X//C/8Zn/ff/IH/mPr3/pX//ZX/8Yf9Fv+0f/Cf1n/2/O/61/9p/+n6ee/0Z/9D97/M36fr/6Mg19V/hPl//k3/Uanv9Hv+/0f/JY/GP+5L4vf95/9c//U3+70V1Xf/oP/3H/iP/vzfpPD1b89/3d/g7/il734x88f/k5/0O/8T/19zVf/7t/92zZ/68E/MPsTvvgdf90/Yv5vFb/3H/CH/Jb/yF//t33nd/vrf62/7E/4q771B/0Nf9q//Td/68/9ff/qz/7QB7/PH/nP/vN/13/xN/yuf8TOH/57/VG/27/937z5A5d/8e/+W/8Pf8m/9Dtd/2Xr//MvePrrzH//V6NHqy/KX//6T370h/01f/jf9HeO/5m/9E/5w//Mf+jzf+aXPf7tdv6mZ//YL/gX/rXf+w/7E3/Df+FP/ef/rH/gf/tLR7/+3/6X/2NXf+Pv/Xe+/i3/rP/h4voP/mP+2z/r6sf/kD/kD/3df+w//3V+8o/+jf/e5J/+O1/+4b/VL/5j/vT/9ekvePtn/NP/5J/2v/7u/+vv9Hsd/Kt/0n+487v9h//Gb/Gn/FV/26/x+/yrf+ufPDv/Xf+Md//Wr0p+jS8W/+Xv88f+NT/x6G/8Hf7a//of/s3/41//N/4d/9e/7Lf4H/70/+YP+w/m/+Lf++v/rn/27/SHTH+nP+T/uv9H/M+/zr/6u/3Ce7/jH/Pf/hE//V998vf80b//7m/8u/3R/9q/88f+Hf/c650/+7/7Y/+4v/9P+p1+t79z+jf8Vf/D7/Fr/ps/9rf/D3/In/eH/8T3//zf6rf95J/6+/7JP/Of+W2+c/757/SDP/5P/ck/5tf6k5Odv+T3/fQvfPDVf/EP/Wu/+fOnf8d//z/89b/mf//v/RuLH//P/orf5if+471/9uEf80/+I5P96fd+w//kD/1HP/7fin/85W/59OPf91/68z/6a/+Bv+DBn3X9Z5yf/nW//b/4i/6U3/fv/ZN+3z8l+83/7Y/+qf/0O/UfPFr9d//H8S8a/TF/8N/6l/+2P/36d/y3nv/yP+pfPPmTDj6f/FP3L582f9B//el/+of9PX/UP5ec/lF/+uW///YfW/5+/9w/km6V/9Ff+qee/vV/+9tf8B9t/YW/8e/9rz363X73P/OP+Hvu/reXy7/o1/pPmz/vH/uxP/LPvje6++DRT776Df/7x//s9t/047/GL1z9Zb/5p7/W/Dt/8/iXLD79/h/yZ/wlj//MP+ufO/uz/rPf6D/7K3+/P+U/+zT/O3693/zsL/ktfvdf+3L0Rz36id/nkz/hT16t/8r1T/9vk4d/9D+QPPhftv7X5hf9G/v/8Ppg+dnf+Mdkxe/86uh3/ek3/+H6H/jf//s/5B/54h/79upP/uOez//Hf+8v/J1+Zu+P+4//wr/6o/Gdj/7H//o7v+Yf8pd/50/7df7qV3/5r3lHQ8vFX373P/kD/7vf5V/d+k3+pu/9nd+q/9s//zf89fbu/t+/xl/0yX/+m/1jn//3v9Of+Ec+/b3+3Hf/2x/xu/zzs7u/cusHv8W3fr+/5t2nX/x3R3/Mv/3qb/zHP/ndX/61u//Cv771+Dt/w+jXHv0N/9iv/tN/0d87/m9+p3/2z/3Nv/XL8j/wN56f/rp/8r//+5d/zJ/71/5Df/r/+Tv8ih/82n/Yn/EvH5d/2l/z1/zJ/8sf8Gf8LY++87v/x3/nV7/0Vzz4Hf6Sv+Rf+Se+/w/8Vn/ErP0N/5B/8PLPTf7LP/SLMv+Vv82/8Tf+mf/Nv/lx8p/9UX/+b/s3/jV///f/9N/iXz75c/6M//53+YPffvob/7P/8d3Tt5//F3/67/dj/9tv87f+Qf/zz/zrv/wn//4/4Zf+ow++91/9k//l9/+5X/HFf3jxu/zef/9//C8+LZ5Ztfmv/eV/6q4Jt37Tf/5P+f3/yH/m7/6n/+Tf9xf+ZZ//k//s+s88LX/PP+Af/pP+pL9x/Vvf/erhb7v95/7z/8s/N/oTd07+u+bP/53/6r/3j/mx/+T3+Ev/tbf/4V/5z/97f/vZf/Ab/Gd/9x/5Y3/U6vf5p1+c3/vLHv1v59+f/Yb/7h/17T/zJ37D//0v/7ef/hr/8L/02/6Ov9un//xv9gf948s/5o/923/r3/rBX/Kv/Mzzv+GTX/8v+C9+4r/4sef/6C99/c+f/Qn/2Z/y7B//t05++7/i6U/9m7Px7/iH/Cdbf+J3/q/f+u753vl4+vv8CW//2f/jH/i7/uar3+nf+7O//E/+u1/5m/3hT/7n03/+/Df+S3/6N/4t/oe7v/UPfo1/7fvrv+N7D/6C3cVf8Y9/8U/+xi+fPn313zz9a//m3/y3+Ku//c//x//Jp7/6b7nY+Vd/0Vd/8590/h/9Jb/W3/dH/fW/67f+hl/25IvP/p1/4Xe5+PjP+od/2ds/+/f5V/6y7/yRf3T1h/2z49/jd/5TftG/V/3m//rv/Q/8m7/0d/3r/7Xnn179lovmT/mL//RPp7/ek5P/6cf/s/8p+43/ib/sz/lLfu1/7tf6s3/DP+h7P/mrq1/yy3+9vzIpn/9xv+jP/HX/oz/5d/rX/rDvL17+4W9+7Hv7f8/Vb/DVb/P3/hvZ77JV/3q/RfMLf+rpb3T8Z2S/xfyfrsd/9fP/7PfN/4g/4WT2u/9r+W/7RyQ/+cnyez/1h/2yz/eO/rXf5198+k//Mz/95rfb/fP+iNfnh7/J7/VH/PU//u+d/6K/+ad+zT/wJ//GxceXyV/yl//Jv8Uf9G/9udd/5tk/XPzDe7O/7dFH3/5rfv2//Dc9+179X/9u37v75N/8e/7pi7M/+U/4c//Cn/7d/pH87/7t/9d/9lvL32v9B5//jn/Sr/lP/L4f/9S/8Z/+xgf/y/w/+WN+4T92/Pd8VK7/s6v//Nv/2N9X/8I/7H999vov/bH/6cHv/wt+rfTfevX8D/q1fsmv8yt+n3/+7/ziz/kz/rVf99/6+/71f7b5yx78Fr/wJz/5W37n3/23+XN+289/4k/5/f+aO7/kr/2bL3/33+6v+2//9L/p3/6Zf/Fb//H0n/kzf/u/7/d68bff+R0Xf+h//7v/23/Z5R/xj/5xXxa/45/1C//y3/Pf/1v/wa/+0s+2dn7vv+8vOPl4/3ed1b/pgz//z/tbvv9bnd/73Ue/9/Hvtv/t/+hv+A3/gPPf4bt/z9/26/35r/6W/2Lvp+s/5+32n/mn/y5/+m/+q/7rP+6f+d3+zJ/6+F//m//Yf/sP+s//6N/179r6/Mf/yPr3+4V/2v/89/yg/sv+6V/1+S+qZh//Cz/z4//xk/pv+3f/hl/z8f/2z7Trv+vXOPnHvvrN/9W/6O/5a/+VP/ev+o0//csnZ/9c8wf/mb//H/qn3/tF/8f4J37ln7x394t3v+CnH/z2f8rP/Aa/4+ST/+i7/83+ncXf/zvO/4vv/9F/8m959Mfnf8vW33T9S/66v/U3/Hd/wb/94Fd//9/7n/++r/6j3/Rv/6V3/8Cf/IP+tZ/+yfPr4otf9of+Dv/Li7OP//PTxe5/f7b+I/+dX/+3+3V+j//9F/9Bf90/+Lu8+mv/sP/p3/ojl//+n/5XvPwtoEhUd9z5O/60f/CP/r9/jb/pD3z+F/12D79Y/DN/1+/xr//PR7/G1i998ZufXD9/9d8d/J2/xf/wrf/9T/9r/76/6h/8P777Y1iL/sN/q/S3/YP+3F90/9f83f/o3+Yv/t1f/WNbf8lfvv51//bVn/KH/ya/zz929U/81v/N3b/hF/zhf+NfNP97f+Knf+w/Of2L/trf5H/4S0Z/d/sfHv/2zfr3L/79P/qnPvrn/pU//rf7vV/8/f/tl0d/1R/6d/4Hf/u/+0f/h3/tb/A7P/87Xv59f+6T/6M5/a9O3/x+/8kv/+pfOfzXi++f/7H/4N/yh81+7I/53/++f+vP+d/+6X/99/jPf5N//K/96b//p37LX7f9LD38T779F/xWb371v/bFT/4nf/tv/Jf9Jf/tb/WP/ybF7//Tv8eve7H43/6Bn/7fP/mp33b/7t/+u/whf+u/8X/8/vd/yW/9N07/wr/pL/3rf/n0l/0N/8UPbEC1/5daVfPTr/7pP+vvqX6///Cf++OLf+Lfvf5bC1IEqzfPf+w3+8P+sD/ln/ndKE306u9/81e/+fP/o9/tzxv/5Ml/8V/9l7//4u//6cX9f/s/+S0erP+uP+qv/ptO//V/f/29f/Mv/JP/1r/wvzn7/X/bP/I/+9a/9/x/2Fv+/r/rH/on/Dd/w8lv98f/Vn/Hn3Y2+hN/rYPkd/urJ//NX/P7/bt/Tdb8Xf/CH/An/PK/7vVf88tGj3/RP/evffuX/M1/70//HX/Z7/VX/Gt/y7/0Wx89+xf+wL/6d/+Z3+93+ZP+6v/l0+b/PPvkP/mf/o8//Hf+a/77F3/ML/+7f7Of+kXJ858o/7JP/6i//+nVq79z/bf/Hf/VT/0a3/2n/u1/8Vf8bn/jH/uP/i/eu3/p3/77Pf43frd/6s/87f/63/fbz7b/wb/qzeuf+Dvu/sI//c3f/Av/1C/+6n/1b/mDfmsH+0uL99Zf96v+5v/5b8pn+Z/yh80XB7/6v/ij/rK/6t998jf8Dv/2p3/DP/YX/0vXf+Fv/+j1zp80+yd+6bf/5NPf/if+gj/hT0x/4d/y7J//l37z3/343337H/y7v/hv+/V/D0eAn/nj/7z/+9d49Z3/7e/7PX7Xz3/6ZfL7/IIX//Ts38v+y7/7L0z/1X/5T/rH/8q/9I+7PPt1/7Wnu18Vf/LfM/7T/sN/5U+f/Kaj2f/8N/1bf/Bv+Gf9bn/773Dw4+Xf8Sf/J9t/2Kt/+m//vb/6/ZN/dfs7v8ZvGx/j1q/xB/+R//wf/Uf/trtnu6en6e/9P//mP/Zb/qXT3+Dvnf/7Q2by1/7z/upf8T1i4rv/0B/+W/+3L5ev21/6x/7Hv+Xf/Wt965c+/eSv+P2/9RN/5B/6O5f/9e/+T/2fP/2D9e/8l/27/8pf8w//3f/Fr1t/9N/89f/sk9/n8M/4t9/8Ef/ur/xq9jN//Js/7k/7o/70r776yf/mb//3/7Jf9I//N3/J3/hL/9K/8rf5yf/yp36b723/vf/Hv/P3/TO/xX//P/ybv95H//W/8/tf/o2/yZ/0W33xr5fTJ3/2t/+b3/bv+Hf+h0/+lr/mj/4Pr06vft2/9jf/3qPvv/1T/97Tt//OX9/c/7cX//79j0a/xi/4Nx//k//mH/JvH/4nf+cv/9b//lsUf/G//Rv+rb/73/l3zvf/nl/5x07+9X/sd/tb/vu/6vE//b1/+q//5776L/7w//Uv/et+1T/42/7zFGT837/Gn/0//sPjP/9P+4P+zT/6v/gb/5K/7U/4pf/IXyAxh5+23P8//8Kj3+iXffLR2+W95adHv/Oj//vX+Gtf/RnP//F/9R/81d/7VX/yX/rL/sTf9r/6E/7AP/iv/WP/l/Jf+AV/7H/zr/9Dnz1a/B2/8q/59/7YX/7n/lf/3N2//O/5pW/+1b/z3z/4A/+n/+3//J1+r3f/xi+7/A/+rP+G4oh//m/5k/7Wv+lv/bf/vX/jo9/xH//W87/sD/un/9g8/+mf/PST7Hcd/fl/wPnr3/Wv+vu/89P/47/+8epv+E//k9/md/9F5+/+oX/2H/hL/tO/6T/7F+e//fLHn/8tp7/W3h/5O32x/ENOf9Fv/Xv9O3/h7/+f/13/4t/3n/7nhx8l//Vv/lc9ePR7/lp3tv+7dPxRcvWbf/IX/su/9z94MPu/f41/7nf7Vd/5tR/8vvt/587L7/25v9bv91f9Df/5s9F3/+c/4Z/54//if/p3+LN+3T/+d/rf/uZ/8fTvevGH/Ne/zt/z03/Jb7n6VZPf91/9k//nv/H0n/oX/sg/6hf997/Gf/rv/NnzP3xv9584/cd+3/3f6l/5i/6G3/V3WP4P/+o/6UH+C08n/8d//Kf+37/Gzp/6n2/9Ou/+vn/gP/2v/tnf+PRP+i9+1//ub/uo/l3+6X9h+p/8Rb/23b/0v9j9nfd2y7/h1/ov/qLf7Pf7P/+NP+vhv/kb/2Z/0X86/Zt/s39ldPWn/el/xV80fvbxV396/jf/6T/2h3/+G5V/1B/05M//6um//+zoj/nHf9U/+vH/lX38z7z53z/5bf/L3+gv/FV/2F945/f8DS8/Pf4f/9bf/k/6E37LP+5fGD39M773h3zrP/0Xfvo/Ovh3/4Ct/+TP/WOe/hl/01/z1/zl//3v9+//5391/uuc/4v/1Hf+qbM//Df/H/7h3+rPzf/mxX85/VN/t2/v/ju/9o//K9/5sfV//f0/8y/5PRzi3/olv/Uf+8v+iC//j3/kyz/tL/qtfp///H87+F9Xv/uf/o8efvJb/N7/7j//x/x73/3d/sx/5o8Y/eKf+bP++z/4zz74i363rf84+a+//9/8mX//r/8X/th/9W/91cf//G/2n33xp/0bv/7/9af/Zd85+ZP+/P/k9/rk71n8N//R3/2P/se/uPjWR//V7/av/0t/zwOPWL/L7/Hf/Zd/5t6f8Mf+qt/iz/3d/6Vf8Dsc/Hf/9q/z99z9a5/8NX/Bv/wP/Lvjf+bXfPeLftPf6fn/9fJ/fvHFn/1v/UV/55/wu3/+e/7yPy89//ziF/3tv+Wv+L3++t/xzau/48//5dt/3P4/+ud+6/G3f9M/4tPf6387PfoX//g/+Y+d/W1fjv+1yT/8V/92/3Xx+vf5U/6Df/e75//Ov/xL/5h/7Is/+k/6p//vX+PPOvtf/nRHypfJ73L6j/z4//Kf/SP/+G959/S/+L0/+RN+4Z/zu/7Hx7/7H/G3HD5Kfu/f+6tf9N//4Ad/7//49/w9/8vf8fB/+33/jRd/66/7K37bn7xY/Onf+vG/eXb/r/8X0t/wX/nH/o3H/9nv/ns9ePtX/e73Hc3+hr/5+nL/9/mN/6kf+7t//R/72/+eX/tvnR38O//3r7H1G/1rXz3e/zX/mD/9W0Mmc/y//B//1W/3f333H/7r/untnRe/5x/31/+xf0T6l5+fXP7lf+Nv8vnv8xf9LX/27/pL/sq/4S/5r771m/2Nf/CrP+g//fd+9z/2n/1j/52PPn/zj3661fyav9Fv/Zv/Dr/Xb/yvXf7r/9zf8NV/8Gv+rcl3fsM/afKX/hO/+jf9deb/Wf5XP/1zfsPf4e/+T/77L/793/G/+bd++f/+p/3UX5//sf/e+d/9r//EP/+dP+1P+LHRf/C7/Bf/yK/+vf+R3/rf+m1+2bf+7b3Vf/TP/Jl/+d3f+a/8nZ/e/W3+o29972f+m9/kv/v7/tx/ub7+zf+pv+df/vy/+0d/57/oN/89f4vrv+NP++df/bN/bfHfvfhjfvU/9/nHv+1v++DHzg8/Ovy7/si/7Pf5z5/8xPo3/MP+ml939rf8Nn/9v/67Z3/9X/P3/s3/0X94/Z/8A3/u/zH+0//y1b/z73z/Hx7/1F/w+J/9w//YP638ib/zd/rit/h9fse/8jf+l/6t7O+sfsnhv/7q473f80/+c/7Z//TP//Tf+kP/2P/owb/7G5d/xK/+K/76P+nf/8l/4+Rv+t/mv+/f/fpXnX7vD/wF//Kjx//kb/xHTP6OH2t/o7/qD/rbfp3v/8M73/sb/5e3f93v970/5F+Y/d3f+c5f/Hd+/Gv/xf/pr3j2P85f/aL/+9f4z99+9t2/sf0nf9u/+T//R69/j//5j/9Tfq3Hv82/8fSfPP0jfp0/6d0f8Xf8Xn/Kf/1b/bKv3v5xP/NPJL/Xf/pb/9H//J/6T3zn1/jkr3r5x/82/8xHT/+ob/2dX/xTf9vf/kf+0j9w51/4J/6X/+Hlj33/P/9LPm6env3r6//i7/8bkr/kb/zj/7pf8nf8dX/n0W/0L/zk7/QbLv68P+8v/Xv+3Z/e+jvmf8B/+Vv96b/TRz/x9Nf5TX/Hr/6bn/g7/4G//l8f7Z39m7/tP/VX/Ge//F/507764j/9c3/6L/it/7ly61/43f+Vf/b3Sz75a3/Jn/aXVP/Mnb/x13tWPP1n7v3uv2N++vs9OPvbfuLZ//ab/8EHs9/kd/8f/tr/8O9ffzobZ3/yP/Vb/vV/29/6W/2Jv/Bv+HP+iT/t112f7/xBf8Of/O/O/t1/5c+//z/+af/rP5vX/8N/cPLPf7n19/3Xf8H3/94/5Pd5/r1/MflLkv/+9/ru1m/+V/xO5//G7/WD3/dv+Uv+msXf/2f8m79s/vB//Td+0W/3q/6W3+9n/pG3f8Mv/OLf/PdWv9mv8+3/Lf2p5e/57//Kf/vxJ7/fb3HyH/+Cw7e7v/8/+uf+i7/r3zX7Zc//jvmP/6Nv/8R89e/+z3/d3/s3/i1/wj/6B/65b3+f5b/47zx78Jf8+e3f/ubP/+Qf/Pjf/qO/9+f8J3/Pb/Sn/DXfyy+2xVH6a/+7yz/h97/333+8+/ef/3EHf8DJH3D6P/+ef95/+9v9Ff/Z7/4f/j7Fb/ob/5e/4/f/mD/sr/mj/4Of+iv+nPN/47/79b/6T/7rf+1P+Xf+8n/wD/7kryt+06d/0r/2V/3nf/F/cfYb/y0v/pDf+u/57rf+9B//8//kv6v+H/ee/Be/wV+y+C0ejH7zw6f57/c3/Y3f+RPbX/zHPvtrf9k/+uWjf/QP+WW/yW/54g/5936nX/cnfrff73/5K/6dg3/zsDlJ/6Df/td68+JP/fX++V/yJ//B2z/5H/9d//VP/V+nxXf+s+//5L/133/69/zpf9wvOfwv/sY/7/f46J/8U//qX/4//jn/wOr/+GN/wYs/53f5tf7F/678v/7s/+X3+2UXf/Xv/U/+q//AT/+qf/R/GV0/+gtf/Kq/9r/8Tf+pv/k/+6//4v/pd/m3/u3/895/9vf/F//iq7/5T/wrf+Zf/2V/5H/2e/8v66M//5d991/4Xf7k6T/9r578R7/H3/y3/u8X//Qv/uf/gr98+ruY9/4b29lf8Uf+Q3/g9OKX/4t/yq/8cz/7zj9h3/vX/verf/73P/ilp3/ix1/8pn/Q//VP/Iv/9V/4u/+Pn/5gAMlf8//84//Cf/Xo9/oPyl/xyW9n33v9X/+H93/mP/5Vv83jP3//6Nf+1b/j7/FX/Myf+ff92//NT+7a9/5KO5z5z/z6/+unf+DzX3X3+m/91/66qX3vSzOc9l/6335TQwajmX5b2+w3/N9/n3/ud/n2P/D6v/8L/93D3/biP/mf/p3/47u/7R/9V774448+/Xf/nV/xX/yR/9Dd/2z70f928Yf8Db/Xf3D0n0z/+b/wD/5H/rjiF/3Zi79qlPxhf9Rf+ruuV//kT//mf8M//6f/4v/sz/t3Vv94/Sf9kr/iv/pnLn+9//3P/Hf+nkf/7if3/4k/8J8+/d//xf/tryBp/QN/y//kr/xP/sFf+9/4lX/N/9z+kl/0y376F/2bf/mrP+3f/pN/5m/71//Nf2de/IZ/9ps3v+X93/bsey//19/1b/l31//7v/4v/c1/3j+ffvv3++f+sfZ5+9v9eb/Z7/a7/v6v/s7tf/+/+Re+9x/+37/Gu//71/j0r/tN/+9f4+qXffIf/rb//f/9a/zEH/m7/G3/0nd/x3/+F/7xf/H5X/Jb7P9VX3z0D//Wv+fv9nt99Cd+b/KXX05/53/uL939s7/8z/+Tv+sv+qvGv8WT32r155z+a1/8pX/O3/BH/e1/wS/8v3+NX/1f/AO//P/+Nf7Dr/6H3+Pv/D8//z3+tn8pq/+PP+sP/d3/9T/tN/1n//yt//xfWL/5d5/8gz/xZ/zhT/6bP+hf+uj3+dY/M6l/k2/9cX/0P/uP/it/5++5+pe/+Gf/u/bv+N3/jvJf+XM/efDl//Ur/4s3BO2f+VP+zX/or/ip+4/+zf9h/49+ee+P+uP+iE+2/rWXxW/8Y7/zxZ/wnT/mu7/hb//XfOv3+fTl7/qfj/7RX/jr/dl/xld/xZ/4R/1zr/74y9+x/t//pH/4Lz/86C/571/8599q/8Z/8+/5z/6L//FX/6e/6t/9q3+Xe7/z0b/3J+b/+b/y6K/+R/7Sv+wP+y/qX/Tj4x88/O0/+vcP0//hv/4Hf+rv/cteFC//7T//j/tL337rcvdv/3v/jH/99/mD/u9f41/8Xf6Nf/C3/Ev/53/3//zuf/Sv/03/9f/+n/8f/+E/+BPrf/uv/D/P/om/69/8H3+X/6Aa7f5nv95P/uLm5d/2P/3mf8dP/Pm/wR/19/yN+ff+wzz/u/+r5f2D37f49N/601//PX/6L/k//8Nf+Qf+Ay9/7B/8E/7vX+N3+J+/+z//X7/Hr/7W3/lT/93f+Jv+QX/Gn7/3r/9vxR9/9Qt+7z/p3/uDnvy6/+6/8snf/8lff/fv/Pv+wP/iwf/+5/9f+ff+t1/xxU//FfsPf9vf+s//8uTPP/jL/8fkX/uLf/9f8Ff/z//Nr/wt9v+IX/nP/ie/9V/95B/47PV/+q/9Y69+x//w7h/1k3958r/9ii//xNe/+bern/kHftef+tM++U//9aPPnp/+rn////K//eE//fJv/BPf/G+/Yve3+uZe+2v+wD/6V/+Tv+K/+Rv/yb/2T/y//sr/+9f47v/2D/7Mf/h//g6/7Lf4iZd/2d98vfxP/q6/8P/+t/8f2XKDJZZOAAA=" />
        <Entry handle="5" bytes="H4sIAAAAAAAEAO29B2AcSZYlJi9tynt/SvVK1+B0oQiAYBMk2JBAEOzBiM3mkuwdaUcjKasqgcplVmVdZhZAzO2dvPfee++999577733ujudTif33/8/XGZkAWz2zkrayZ4hgKrIHz9+fB8/ItI0uXv38e/6vZOnx2+Ov5ecr5fTtqiW6UXevjp+ejZrtu6kvzit83ZdL3/xR9msmH306KO9Hffs7h7s7X00+mjF33z66cOH9z+9R3+3WU0w+MODe/f3HhzsfPRLDn8JdVecb7XXq7w63yqWT7PV2bM76e/6WfrRejnLz4tlPvvozi9eZXW+bMezbPX7v8qb4gf51qyarhf4bFLNrsfFbJTe29kZpXv3d+4w0La+pn9/cUpP8mM39yDtuDl++THt8PW8ujqeTiK99UY8Si0Go/Sji/GiWY6n1eIj+mPv+ClavSAiWHKky3VZ3jmU7oAw/j/N2ul8K7/zi/GH7fOqLtp86+PHWTqv8/PPPpq37erR3bu2i7sG/t0eUuPd3+P3eHn29DPt9hdmi9XhV2dvPvuCf3vDM0Jf63zwh8cvPtt78OnBw70D/vPl55998frFq9MT+fI1tc4n02zycLa7u5vv7++dH0wmB3uznSy7/+nDe/dm9x58lMpUf/bR7z8ps+Xbj44eF4uLtKmnFvds1uwR+vRjvMzbuydnr+/e+/QuYe39/97dTw8Oxj+9uvgovSpm7fyzj4i+H6XzvLiYE2yi80dpVtJvJ2UxfZt+O6/z3/WjdFLVs7z+7CP68u7R47vZ0ccgsiPmtKyafIs/u3v3+98/Sv8fOxL5o/ACAAA=" />
        <Entry handle="4" bytes="H4sIAAAAAAAEAO29B2AcSZYlJi9tynt/SvVK1+B0oQiAYBMk2JBAEOzBiM3mkuwdaUcjKasqgcplVmVdZhZAzO2dvPfee++999577733ujudTif33/8/XGZkAWz2zkrayZ4hgKrIHz9+fB8/Iv7vf+v//o9+jd/sO8/Onv0av+av9Wv8GjP679f4v/+7X+M3f7qevr3+NX7NX+PX+TV+jV/jJX30P/wav8nxrJrkv8bsH6JPfs3/+9/9Nf6wX+PXss+vjf//Or82/vl1fx08v+6v9+vy8+v9er/+r/8b/Pq//q/3Yz+WJD/2Y79R+Pyav/av/Wv/ur/Or/tjv96v92O/8W/4Y7/hb/yb/ib0/Ka/KX+nP34j/RF//u9/6Nf4zX+DX+OP+zX+uF/71/zNf41f6zf/NX/t3/zX/L//sV/jH/s1fo1f69f+Nen5Nczz6/8GhNCP/dq/Bn3E39gvfo1f49f5tX/dX+/X+jV//d/s1wAyv9av9ev9er/er/vr/YY/RiOkofzmv+6v92v8Fr/+7/pb7v5Wxz/x0W/92/wG2S/6g/d+29/uT37y43/r+tN/+F9+9a/89n/x3zz5U+79qfUf8voP/d32/7A/7fSvmP/H//PJv/o0f/ZPfPybE7xf89f9tX6DJKEO0c+v+Wv85r/Wr/277v4Wv86ve/wT2R/8J//F/8hv+Yf+Vr/oH/5o79Xkx3+33/rX+5/+5n/5yR/yl7yePv1t7v3u//H/XJ/83//Or/Eb0Xu/1m/+a//mv8bv8Wv8Z3//H/OPTn7wj+fX/+7+r//7Xf46+d/z3/yn+3/5ne8Uv9tf/fSv+Mv+1P+k/V1f/H6f/QG/y//2O/+D/9d/92/+yvZ3ffb9P+Qf/zf+jN/7d/mV5//g3/sXJ7/Df/eTx//xxR/ye/x3//0fePXkt3ow+juy//vX+MP+kd/lf738v38N+va3/DN+8bf/p7/9H/tdftlv/H//GvT1b7v9k3/zf7z4Y/+v//x3+df/4uQ3/DP+3dVfnz77XX7Zt/+vv/43ePk7/cG/xrsn0//z3/kD/9onv9VJ9cf97X/53/EX7/+dv81f9Kf9rtt/2Z/+W8x/jV9j/Tf8fb/7n/TnPr/7B/0lv/fir/v96n/3d/rFf/i/8L3jf7j4RX/Z3/Xjv/uTv/hbT/6U13/fv/bd1VeP/qDf4/f+l/6Lv/23f/4f/xW/d/Xdh7/vH/Rr/1a/6rf5T/79f/J3+kXr8//o3/2dfsnyl/7Hv/nv/l/+9//MfH/+16yLszsf/4/JL/yLf/y//1d+yS/5RT/zL975cv1b/fH/8u/0By8XP3P3D/m3/rLf52/4U//n3+t3+j9+v/8l+Xd+2af/1N+4/bd//Ite/15Xf9t3zv6ib/+N3//HXv8lf/hv8j//1O//7n/50/+jv/Tbv/fk4a/1H/z+//3P/Pq/3tOr0ePf/4/+Z//83/q/+Ef/+H/qb/neP3f19/7Cv+Y7f+7rX+er7/3kn/76L/4rv/gHvvXn3P9rftO/7/o7/9G/9Ef+JQ9/rT/4F/0jB//Kf/NH/w3/7v/25/7Wf8if/uwX/fI/7d/OPv47/ts/7C++82uO/pj//nf7zX79L3/Tv/L3/fP+8S+//b/86ek/+/qXf56e/FP/R/WP/+b/2af/3n/32/xuf9pf9pv9zr/Nf/E7/trVd/6w3/3X/b1+neRX/Ht/4Iu/9C/46b/hn/4Fr/6e3/7RL548/M3/wd/2P/4Tdn7J35H/nv/IL3r7p12fHk5f/JP/8Z/+u5/8NX/qr/72X/wvff5X/RX/wN//+X/49tf6t/7EO7/vn/fn/x5PR3/lf/zpr/2r/ur/rfmf/sPf9Fd+/B//pn//3/+P/g//1f918s//4v/71/ib/4tffPT7V3/gxX/3K8t//+/8K/78//H1//Bv/Xn/wKf/4B/88b//H/+b//Ef8G9drf6y3/8X/F+/39/8B/4mf+yv/tP+26d/9W/+H/5a/9H/8Xf+yQf/96/xpz38Tf65/+x88fvmv/Ff/Zs+/ZP+hn/33/z42/XzPyP7rf/7kz/mj/71Dv+X/+DXPD3+DX6r4/9g63f9A979st/sy/S/fPcX/EbVL/pF/2b93/65v82fdfVH/1W/6Bf9O3/q9vFf9R//S//Sqz/kJ/+bP+UP+Wt+4v6/94Nf+y9Ofr/f/h9/+JNv/5mf/A9+t6ftv/W/FL/t7/Pb/LP/4t/3R+V/7+/9B/973/+nf1X+dPH00z97/U8W/+ZP/9a/5xe/3h/2rT/ut/zjq7/vz/1zfvw3+sf+sierf+XNX/1v/+7/+P/4u779O/+d/+gv/vL3+nu+/JP+p1/r8flvf/yLfvrlv/9lfufVP/Pq6Ud/zf/1++/8cX/H7/a/Pb7zL/zk//WT/+J//+mv/B/q1a/7ey8vf58Hv/B3/Vv/wz9j9OKf/c4f9l/+1O/5U//oJ7/X3YM/7K/+4u/4y3/jP+c3+0N/3/v/RNV8fCf792b/+H/+163/u39g8hf/Jb/8V5/+r//pn/a3/ad/77/x7/zkH/IX/3ev/5I/4g+78xv8R//c3/Lxo//08W/4p/8Z//Nf9yem//R/97/9J3/Dkz/1x3/X3/bP/o3u/YJfnCzOfq//7q//O/+V/yV582v9S6e/wd/wh6Wf/AO/w2/25/4ef+o/cOfz3/W//Ff+hn/l3/pNT/+J3+Jf+Yt/9z/w6l94/OblP/CX/JF/x5/2W/7y3+JP/Wv++u/tFP/qP3L3zv959Ef9ef/ev/db3vsX/+5f6+/6R/7zX+83/I3+nv/+7/lP/tZfffmP/u6/yV/zl/9uf9WjH/u1/ui/5MtXf/F/9Hv+t3/N7/uX/5qf/PN/zf/w95cPft8/87c+v/pj//T//T/86J9f1g+zv/3v+NP+8t/q100WxV/0a/yFv+4n//Z/+6/+D//by//6r3767B//nX7B5R9W/RN/1j/7v/xhT/7Wf+bkj/v8N/7rf/kf8uf87ns/+ZdVX80/efXn/yN/6F/0u7W/8/1f80+b/Nl/+I99+y999nv8I/9N8Qf8fb/2H/43LpZHh396M//i1eNHb/7842/9D3/d7/qn/Rof/fjPVJ/+bpd/6d/yl/01j/6r3+/s1/9F//Nf/Mn/ufwr/5F/8K98+S/81f/WX/bH/xr/4O/yn/5R2d/+4NGdV7/gr/kt3vyJ/8av/Zf8SX/Tn7L+bT79ieef/Lm/ze+y+js+/d4fev83/d6/cvn3/+b/1j/9rf91fvpb/Tm/w1/5V/4HR7/Vv/nqr/nO7/0PpV/+fX/D7//n/fl/wfo/vPe/3f3Pfub005/5/Pf719/+yl/6z/ybv/y//g/+tl/54P/8F/6Yk7/md/6v//4vf4f/4l/47P/4+7P/63f+bX/l2b/x959/9+yjuvqtVr/hn/fJH372J/+pv+/e0Ufr3+fT9l84+Gu/92/8uX/9r/zd/ph/5m/4k373v/6f/i1+s/99+g9v/R13vvhX/tzf79/912f/1ZPf6+/+C3+Lvyn7ff/kP/Xf3v0d/9arf2/3n/x9/u7/+Lvn/8Zfefhv/OK/9Df+F/7OX/lb/WV/0a/8XvbLP/2f/p1P/54//a/8l//iH/tr/7PRL/stL/7Y6h/c+cnf6y/76n/5N/+5X/JH/3G/6e/2t/5tv89v+lP/5T/yO/99/8p//m8vt4pf8Muzv+pb3/73ftuz/+U3OPqn/qU/7O/+mb/39/uf/6lf+S88/Ufq3/fP/u2e/9Lf7x/+G367/K/d/VP+m7/0H/o7/73Z7/WHH/0Of8Pd3/U3ufNXVX/vr7v7F/7ex7/B4l+/8+b3/Ilf6zf//I/53z558B8tn/yjv+pv/XP+ud/v8T908J+0P/NXPP4v/ob/9Z/+U/c+/u//89/iP/mpv678x/6M//rP+bv/2t/gyZ/xh/7bJ9/53p9w8Kf9CX/Jb/YH/mf/+3+5+Fv/j3/uF/3u/8z/uPrjf/rvfPr3/H1/9Xd/7E/4i/+I3/HX+/H/+tddHrz60/61P+nRn/8bnP6Jf/q/8N1/5G/9ff/NP3R11Py9v/Cf/T3+mPrf/Z3/xT/i4S/6T978Z7/e7/r7/qf/zNVv9/f+KfP//O/5PZ/8fX/tX/O7vvwLjo5+n3/yt/iDf8M//3/483+D7//hv+o3/Zvulf/xr/pVv8XWn331i/+8f+j3/Z9e/pXFn/pv/hN/7qvf4Fd/+Vf+Pn/97/fl63/ob2z/rl/1yW/6y/7Q9d9+8i/8Tb/67V/9W/5r/+188u8unvwbv9Z3/vytn/rXfv2vtn73j//G/+pf+bevfo2/4x/6C/7q3/wX/pL/9sf/yP+0uP7lV7/dl9cvft27f8B/9WP/86/1D/yNv+Z/9Qv++F/0rT/j0Q/+9HT04rf53f/Ev/23+/hv+1de/f1/8bde/pV/0P/9a/wH7R9/9uiX/uZ/wB//Z/xRv85f/1v9Gv/qv/MTf8Vfuv53/60/Zqf85x79m3/bP/UT/9WjP+HPv/+7nfxVv/unv9+/+jf9r/nTn5jf+Zt/5R/1V/9Fv/yXk2D8zid3/rDf6c/9tf/9//Hv+iOOf93f6jf5nf+x3+1f/Tceffe//9fqv+zX+mW/5V/23/49/+C/8Dc2/8DhP/iH/m1//Wd//n/wf/8af8V/+Pf+x//13/g3/vLi3/iV43/1L/lr/9z/8Pf49c+ai99FVehf9t9O/paf/od/8Jv9xX/3f/0v/eE/9i+++MO2xr8z2ch/6Q///f7Lv/LJb/2L/4E//zf46n/4r578d3/mP/1//tt/1uPPf4d/5m//y3+3H/8XP/7Lz77zr/73f+pP/J9//V/09pO/4OC/+fbyk5M/9U/47Z7+jz82/s/+uT/53/s3/4ujf/s/+O7l7/Tb/rb/7ukf+G//FY9+t61f89/81ce/23/1h/0af+mP/+O/4uM/+H/9k3/sb/yHPnrwd/5zf9Vv+vfd+f1/59/93uRv/it/UP6iv+N7v9fir/oTF+d/xV/6v+//xc//u9O/93f8Db7zd/457f/159ff+Z/+kr/9z77zl/xmv9m3/sHf9Pf7K/6yV3/6T/7P/9S//HQn+QOLv+1/e/X3f/77/w7/zb+y+0f9MX/93p/xu/39/+X/+uf/DX/1v/XP/dX/yP+U/lZ/wd/+6//1v/5f9r//Ne1f9kf8rpMffPyD//Lo3/0j/8vD83/zkByH3/GX/ld/w7/4R/2Bf+vv/5t+/m/+m6/+3X/vV7/4Y37qX/jV//Yv/zMP/uf/8T//b3/b/+m/+gf/nhd/x2/4C/7cX/rVf/I3/A7/6efLn3x4/ZPf+R/ebL/9cy/+2H8r+0V/3rpYff57/Q2/+9/2J/3pB3/Mt/6CX/v3/j9/l9/7X1v/mr/Dn/xXfvnX/mP/2N99+Tf/W0f/6eTv+xdn9d89meSj5//Jf/Ef/eTq7/pt/5h//df+Y/+T/+CX/Y7//d/6u//nv+HT4u/4I/7d7M/8S/6Kk39u/7/5k/6aT3+rX++/fPL69a/4k//Tv+pbP/OP/wX/+O/7r/7lv/aLP+6P+vRP+r1/iwf/050f/8v/83/nz/rT/rPf/eWv9eDw1/lt/smD5X96/V989Yue/t3nf8av/mP/u/9g+Tf/kU//sT8m+feuf82vfuyT3/PXPPxrT7d+7e9///xv/7te/au/+j/6bf+x3+w3/csuf9Hv+L/9Wk/+hL/wzn/x9/why0//gl/jL/8vHv92//0f++f8df/e93+L/+Jv/ul/+vf7I/7a3/n/+s6TP+3v+lNOf5v/+Df4d/703+rOJ9/+tf709N13X/5nv+J//t6LP2P5E//LX/SbbP3x/+nF7/zHfOd/r7775/xWx3/T3/oLfq2/svnyt/ifl7/h27/77/zj81/5R/wt/8cP6o9+31/05/3Bf9qnf/d//8kfsPcX/Tb/9vy3+Ye/f/y7f/Vrfv8H6z/09F//ZX/33/2P/et/5S/4G47/sb/oZ/7Dn3zxxd/3x/59/9ezP/w3+PN+i4M/ePK7/51/2O/9V/6y3/Y3/Z8ufuvP2n/yv/gvfvvv/dt/0N82/iV/yu/yZ/5xf9ff8Pg/+X1/8z/pl/3Rxe/2u7/46I/5K/+gf+3R0d/8V/03v9b9H3/xF373j/6j6/9++jf9kn/iH/+Fv/jH//R/9rf8Le9MLn7bB7/W7/Xv//L/9g/4q/71X/z3/GZ/z+t//O/+zurf+m3+sN/q1/n8T87zJB8v/51Xv8VP/+kf/xN/8O/2p3757G/56su/48/8w4v/6p/8tz//h/70X/7Xf/zn/6X/3Mu/6E/7x/7N3+fH/5U3f/qf85v+1d/6P3+HP+///jX+oD/473v3r/3Jf+bf9if+Qf/bn/rf/hP/3d/1q3+jX/vVb/X2V7z8v3+Nn/xr/5pPHv3kX/EX/Fu/9q/12W/6t/5tf84PfvqzH7z5w/7Vv+QP/3N+r9/z1/pv/pHf4k9J/rS/9PjL/+qv+Lsmf98n3/kn0//0f/2Vv+/i7/6n/vTf9dd++4v+0//rX/oLf5M/6P/8D3+Xv/L5v/ob/Zl/9a//U3/s7/+7/t7/+bf+1NnfvfjW4Y/9Wf/Ov/tb/0W/2/L+l1/+jc+f/aW/31/05/8W/8ZP/W2/7Sezt//Y9/+yv/h//f2PXy//oj/8d/89f8V3/pQf/KF/w//0h/xWP/Hn//V/e/Pv/kf/+C/9Az/7l//9wz/w1/qZf/2n3/6d/8kv/Tf+neIv+Ouuvvd//d+/xun2H/cr/8F/+F/5fX/mn/y/f40/86/7/f/Rv+T/+q8f/at/3V/zX/+Jh//B3b/z7/2l3/4vtv/8/+g3mfx+//G733f7b/nL9//7f/s///Tf/WvXv/kf8zvWf82r+e/4O/6Tf/t/82/+s0ff/4u/88f9x//mT/z1/8b0N/o9P/q1/ot/fP6f/i3/+d/0r3/rxS/6M37sX/1H/4h/6f/67m/7R3/vP/2ZP/oPe/ZP/G9/5W9f/8/TP/RP/af/4T/rt/mN/pqf+ON/10//2j/s3fPf7W/5v/7Tn/xj/povkj/1+3/40e/207/Rv/Fn/9l/evmP/8Rv/+dM/uZ//Nf4T3+n53/8X/oHfvY//OV/6Z/7l935V/7Qf+z3+nX/iH/0D/uDRof/4H/8a7/7V371xX/y9/2Bf9qv+uTo7376T/+y3+s//6f/2W9tr5bP/+z63/3e3/6n/eoXf9Nf8pf9xf/6X/vup37Jb/zH/21/1b/+v/61f+Zf/Vf96//sf17/zzt/+W/3nzS/xT/yL/5uv9nlHzz9wb/x1/x7f/7v/Z9nr/72V7/73u/zB/9t/+On1f9892f+hl/5T/x7/+gf+ov+h9/rN/nfD/6Ji9/lP/gd/pa/58/8hT/2YOvyf/kz/qR/9r//q5ef/rJ/uvglf/r/+N+8Ovwj/vbkr/t9vvPb//P37v3Un/aX/pvJ37z3d/+ld37qP/lPfu0/7vjv+FWf/D3/+tb5f/3kD/iPdrZ/8Z/04H/cvnj0d/3nf+9fd/lueu9v/V+Wv+SPq3/3f/af+1ve/TX/7fJ18vcc/PH/1O/6X77653+LP+W3/Jd/+vT4xX//z/zkf/zVL/9jnv43v9V/+af/5Y9+Yvpv/CH/26f/1u/yZ/9vv92v9+q/PP/1fuon/vqDf+7//Ed++3/9//41/rkv/sff9R/8d/f+yt3f5OQ/vdr5B//I3+W3/eT3/bv/+MPrX7L4O/6b/+Dpk393+dXv9cWvPX33v/79P/Xd//zf+a3+qn/h1/rbf4d//3znH/u10u3f+I/5l//J/J/5/qu/7L/87f+AP//xb7f4Tf/zX/Tuz7zzO//y//a/efsL/uI/7M4/+b3Fj/17f+dv86f95Ud/yxe/xr/5h/0tv9Zi9h/+Vn/1r/lHfOufnS+++Iv/sj/nX/7k1ZPX/81f/mO/wz/1nX/7t/5r/4rf4Xe9+Ot/8p/8X36nv+A3/jf+vf/2i9938Rv9A8er3+JP+X1/47/oT33xV/zVP/kf/p2vn/2lT//4//6f+3t+q//g5A/+9Geqf/ov+E/+pD/3J19Xf/Rv//TX+fzvfnbVfPXr/SF/9ctf56d/7F/5Lf7u3+PFs09/q/8xq/+S//yLv+U//7uLn/k7vvVbPP4NXv6NX9zZ+luyf/M//79/jV/jH/jiz/k7/4vv/+enf+c/+Wtc/3r/+69/5/f72z/79f/Ev+q//Zf/gO//eocv/5n/+Z/9jX7Rf/7f/31/4G/8j/5u+cOPfrvXf8uf+0f8I//ZX/9X/Lu/7nd+0X+59fLf+rFf7y/Pf/y//hu/+PLP/Isf/eV/yd/1z331V37n7t5f9j9//i/+9X/Lr17/ftt/1u/zG/99f/fv+ot+93/yT//N/rDf9Z/4R/Nv/17/wb97+o/9yj/1zW/9u3+++svPfo2/q/jJv/zXH01+6Z/xrf/58T8w+aVnH538ye1v8m+O//XV3/l3jv+Jv+wX/vgf/Zv8Hf/qL/kt/82//snP/Pr/yq/3Z/5xf8m/8Ju/2iMF9Z/8lf/H05/5df/A8R949Vf+if/4f/hv/hW7v8l/+7/9H2fVf/5//SZ/yn/ym6Tpn3v+rXH+Hy93/4Bf/Q/9k//OL/jvys+bv/Pv+q3+h3/3p968+nv+lX/tH/+D/qPy+e/zP/ySP/Ef+lv+p/Lkt/53X7e/9Hu/69//F/zDf+wv+NW/++/7vb1/qP7yj/vTfsff8PnTv+PBj/+ibz/7P/+b7/wD/+PT3+Ff+Yv+29/5//xrTrZmf8DhP/QX/Ea/za/6F/+Zf/5f+BuPfpPf+A/4df7+P/lPGP2+v8uL/M3BX/mH/0f/83//J/7Je6O/9OM/vPinl1e/wad/2un54T+79cd/6/d6/lcX27/Wn/JX/FnJd/+qP+enT/66n773z/+L29/58+9tPfvd/u6P/uff4vK/2/vPft8/7k/4yf3pT9Z/0m/xu/2Gf8dv8e/9w7/+6uizP/yf+j/+yt/lN/6b/tk/4xf93ff+s7/+wXd/sz/5d//0r/pvXv2jf+0Xn/7l//inv8b/9Ff8it/kz/m7/rX1nVn97O//PXf/oNG//cf9d//T77Hz7f+8/kt3/6z/5j968dt++t//o//r//av/xuLf3Q0+X3/7T/hF/2tf+pf9vf/ibNf+cnv9ZP/7D/9b/8H9W/9j/8X/9b3/ujf9TD5k/6Wv+1P+NP+17dffPIn/xv/wsWLv2D+a/4Jv/mf+sf/WX/Jjy3+1z/iP3/1X+z/z7/X/d9hvPqn/ojHv+5vsfe7/Bn/18Gf8n//Gr/r9N2Lxbtf/Og//ad+vf/06F9f/wn/4Z/xS/62v+N3vrP4L/6lP+jHfp3kT/2X/uR/5U//6K+9+8vGZXL/7b/yJ3715m/a/d3/8b/+F7341/+V+Z968PrP/id/jf/u9I/5W/7H/+V//Mf/rn/hd541d//F8b/xG/2DP/43/bH/+N/yy/+79mcO/8Pf+/j57z7a+yuT//Mf/FXH/92v/sV/4Jtf8Xv9F6P//Af/y39TPHvznz7+3X6Pv636zv+6HP8mv/V/9sv/nt/qv/7jmo+eHvweV//w1R//48v/9qf/qt9q5z8q/os/79XVH/Fv/FZ/2Q/+oft/xd/3J63+2X/p9/5L/9x/9Tf8F/+W/+Rbh3/0or3/1/9Wr/7i//3+n/xnFb/Z397+sf/Y6O/7ff+K//wP+Key36P6/b/4Gx/8ou/8Vce/6V/06b//yYu/+rt/5//6m562//hv8E/+mv/43/E//g7/a737J/345F/+4p/47/+XX/Rf/Z2/2z/zdz//z3692T/12774r37Rf/Gv/CV/4MW/8+Xf9K/8xL/yR/47//5P/eb/3R/yG/9x3/o9//E/+w958re9/UP+57v/xN9z/L/85pf/9O/8d/2zf/Af+ORf+ue++vF/9rf9bf+9bz35e/7w9uPqr/nD/rdf8Tvf//LP/+N+0W/0rf/wkzt/zuw7v+Jff/yX/DqHf/jf/b/+Ofm31l/89b/xX9f+rrP25f9+/Cv+2z/7T/pn/5jz3/Pf+VN//J+4XvwD/8V/+zff/UWL//Y7f+Hv/uSjn/x97/6S/+R//c9/5//sN/nz/8B//l99+a/89d+6/MMvXrX/7ee/0V/yH/8+k8fbf+j0bO9/+GK3/rs/+79/jd97tfOv/OK/sn7zYOsP/xv+0L/jz/k1fs//+r/9b/+Gtxcf7/xjf9V/nf/Hz//+g7/zN/6v//x//M/P/qz//Df69HuzP/Tf/fyv+ft/8Cd/51f8a2/+m9/i7/vrT+/8n//o//W7/up/8Jf/j1/+H//uX/m7wJP7G//R//HP/wvPftGvbfIE5OT+zf/1P/kn/oX/dPWfv1r/UbPf6Bf+V3d/vX/t3/97/77/8M/9lZN/7c988yf9+1f/3e/+nS+KX/lL/sLfePJf/hX/2H/7l/wVv/Yf+Zt8PP0jf+d/89/7vw6/+j+az//jf+Lgr79c/F0/8eN/4t2rk3/oZ37J23/0b308/sf/pH/sz/xF3/9XPn39u/9Fv8U/8lc+v/Nj5V/8r//uT//q3+2rH/+3f/l/81e+/mf/0f/kb/8rf78//ff5Pf+ov/mv+I3/t+nf8c/e/U9f5N/6Z//uf/WPf/gPffu3+N/+xB/7vZf3//7p7/vl9D//G07/2fN/d2/0F/z37/7UP+CPPv9bX5y8/VP+xT/7o9f/8m/15xz8u+O/7k//y3/x53/Lv/XRH/bHH/41/9Jf/1d/9c/+53/VH/3sz5v8wud/6S+qfrffK/uTfpvf/B84+5k//9t59pN//ZPf6I/e/QOqv+Pf+I+Ofvf14Z3/9H/44m/9n/6Bav77Pv/Of/xPPPzz/4J/8xf+o7/o7/pd/+lv/21/xZs3/+P/8Pf9ZX/X//I7/pp/+//41fzwT//st2r/tr0/+6/7w5//8z/29/3jP/36z/hdf8fdv+3v+A1/zU//iP/71/gXf60/56u/6r+Yfucv+6lf+Fv+mn/03/kb/gnf//P+29/nn/3z/tDZP/M3/4Lv/a3/839w+gf8k3u/+nv/1OT//N0Of/O/s/pf/8of/8P/umd/xneu/rq//Dunv9af9tN/yl/w5/4rT37q2Z//+u7vf/fxP/fxt2aPq/+1+SV/87/16X/39/+vv9U/cXX/d/jb/ptnf9pf8rvd/Xv/mT+2/D1erH/tP/bjk3/yf/5z/4C/vxnf/3NX5Z/7a/3j/8U//if9rz9R/6E/Xv2tP/Z3nP3UH/P65Z//x/7EX771h63PPvvpv+lP/+l/5R/+M//8x//Un/+n/KH/8Z/0y//Cf+Lgn/9v/7w/7w9Ld7/64/7q7G/7zv/8D/3di/Wb3/33/fiv+Xf+8L/k3/urf5M/9we/06/+r/+Av+5//Uf+nr/gL97/G7//Sx79BaMf/63/++qP/Ol/+uzP+9v/mT/+37/8u5/+d+cXf9/2P/+XffL3/6I/7vHfW/4bf+x3v/O7/e//1W9RfP/iVyS/3cd/1O/71f/6F/7+v9XOn/uP/PVP3/31/9lv9hf9899t/rnnf8Kf/rscj/+u3+I7f+Rf+7//en/GH/HR7/RLfvvHT95Oft+PfrOXf8Y/85t+/59+Mj/7N/+gv/rP/uz3+PjP+Ev+s3/6zzz6D8/v/Sl/x9/zH/9P/86/c/p7/LN/1V/z76Z/xV85S/7rP2T6N/03V3v/Zbv+99b/9R/1b736L57+fr/Z4fhP+SvG47/5P/qL/ppf+1f8N3/P1V/7nd/810v/mn/2zW/yq//o7/2VP/jT/+Nf8ec/ff3RPzb7Q8v/5fJf+V//sT/kL/tzfof1//Sv/qI/4rd79Oqr3S/+lN/jq//71/ij7v4V/+Cf+Q/+Lz/z3b/6D/zD/5321T//P/6fJA+vXdA3/5v+qT/8T/kD/sz/bvLbfDL+bz76lb/sd1z9vf/Of/+b/2UPPnq7+vP+m3/0X/m953/V3/offv53/Fvf/dt+4r9/+Wt963ed/II/9nf/zf/dP+Pv+h/+ik/+mq2fPnvyh/70q5959ae/+sP+xG//S3/4b/tPvbj6Z//Xv/jof/zz/sP//NNP//KrX/wH/oH5r/+3/53/6pe/8W/w+/1b/8S9q3++/vPe/sb/5L/1/K/9X7+3/iPP/5bT7/3Rxfj5X/C///jf9Icf/C2/xZ/0V/5Ov8afMn9MYeev/OsOf9e/5d/+n//a/+NX/+Bfnf+zi7d/3+/zV/wdJ3/Um6f/3vm/83cevP79/u29P+Dxn/Sn/0t/0p/0M7/Bv/SH/4mXj//E7f/y8d/7F7z8u36f3+Lv+AX/4erjy3/+l/8V/83v8K/87X/FH/atP3P/d/3u4V/8Gxb/5I/9Bv/g37179hP/yy/68159+r/91p/8xV/+G3/Z8tf+9n/z6/7VH+/9rv/Nr9v+dz/5T5z89J+79Uf8s//ms9/qL3/3L//Gf9325//Nl8f/60//IX/cP/ub/W2vLn7sr/3b/50/99XVKPk3/+p/8+BP/St+w7/09x/tLr7zt/+exd3f9O7v/LePv7f9J/9df9fv++pP+/In/o0/54/4yX/qs3/m+Lf4XfP/+q/6+87/pf/+7zz4yT/qt/s7Xl//0smf83u9Wvyif/s3/1P/vW/9Fb/yL/wlf9KTJ9/5M/+Ov/f0s9/t1/7v/oTf8c//l5Pf4k+6/u3+pv/gr/5b/7nJ9//x//V/+PR/+it+t71/67eY/vW/5x/5Wz1+/Pg3fvxLfv2Xb/7g3/3ffPOtP+qP+Lf+5r/je3/PX/xP/2b/5ad/1b/4l/2r0z/oT/zbfvBP/EW/66Pt3+Af/W1+2X/xl/6uf9H/8Mv/4H/td/tv/+qvRv/Mr/3tX+u/PviL/u9f4zf7Y/7vX+O//i/+tv/9l47+1ep/+OyvPP3u//1rHP6t//X4F/6n//ev8c/+G3f/43/5D2z//MVP/q6fXd/9507/m/Pf48/6i/+Er/7+f/bv/b3+k7/uy9/pbz34z/7rv+HRn/33/7c/9Tf+yX/2L/pHfq/8H/ub/svrs/Thyau/5lf8Zv/AP/fwo39y7x//C55/9xee/L3/84vTP/JvLv7T/+A3O/6TZj/1N2R/xU/85r/ef/BXPJ3/MX/n4z/yd/59/7Lx35j896/+uT/8j/8Nvvqz/8R/7m94+Vf9ff/ib/o7/+d/7b/7m/8Pv9Hkb/6bfuFf8sWf8U/mf9VvUPzd3/6DXv9t/8Tv+BOff/pbXf0e37v8w0a/8Pf4Z37yZ37xf/nb/ub/+W/4k2/+8z/2t/3JXzT9u/Pf/nf/+7/8x5/8R0f/x1f/wT/7V2V3furPXf/u/9P/8mt9+/f+1ot/5Tfe/13n/8nP/FP/4XjrP/rrfvHH//n3/v5/87f67V588Wv/mX/91Z36L/8n//TV3//7/S8f/76/7e/29/59/8wv+qf+hX/kp37yr//Vv8k//rv95cX+b/Z3/KnXf+0f/+VvO97/Hf/Pv//PO/59f+qPm/5P/8QX/8r/9Mv+gv/rV06mB//W3/S7/hV/cfXgNzv/K/7jf/+//pf/lTe/Yvon/4Z/1vJ/b5m3ftE/8T/81r/fX/hH/Kmf/y6zv+tf/D8+/YP/rz/8d/7uT//EL/zz/9x/9d+5/rX+8r/3T/8nfupf/WP++z/sd/vr/6r//vKf+vb/+qf8lX/0t37vX/En/8Rf89O/0dGft/gn/oa/4vVv/of957/0//on/qw/7W//Td89+/LP/Hs+/ht/9Zvf9H/9Q/6B3/UfPv0l61/wxx+/Ovjiz/zkp37rX+c/XfxX/+E/8dv/zF939bv9QX97/hv+E3/xP/0X/aJ/6b/5LX6rv+yP+YN+rf/mz/k/pz/xT/1On47/6z/6t9/58pfe/2f++P3/5be8+8nz/+p/+AP/5m/99//bb/77/VF/3B/0m/6Rf+13/ql/+l//g/7pf+HJf/Yz/+S93/vBn/Gv/WffW/87/8Nv9R/8r7/vn7j807736uwv+u76i7/8b/qx/+rHvvrkr/ir/qF/6vf5Ld79MSf3nr76ZX/lb/d//a6/4tffWv+5+f80+c9+8p/76Re/9Q/u/ZV/8T/5b/7uf8Zvf/13fbH/l/zpf/+dxT/wN/w7V8mv/Z/8pf/Rb/Df/o1v//O//Pn18T/wt+U//U/8Rb/wt1h9+u/8e//R9uXBP/LH/saf/X1/5q/1R/2Nf/3RH/Pf/DXFP/Lq3zz9A/+oj//VX/Xu//41/td//vf+v3+NX/tv+6/+mr/wv/xff8nv/o//Rn/gr/rBP/5/HN39H/7Uv/4f+cc+Pvw9/uN/4e4/ufzJP/aPeP1nvPiH//q/+0/7xc9/5jv/7vxv/9X/+vbW77P4G1/8Xf/eb/Pf/RO/1b/7rT996w/6I/7eP+F3WRzf+bHf8/f+w//k5g/+Rf/eT81+r1//k4vf4n9+/pf837/Gn/zv/6K/7pf+7n/Nv/Hn/mXPfue/9V/4/l//q/7M3/Zf/4WP/qR/5K/49K/4V377k79h8Z1/79/9l3/s9/7DH/3K/+V//Wuvfos/7z/9XV/+47/rH/Cn7H1y9P0/afd3bv74fzL9E3/Rzn//b/wVv/m/Xxz+GS//lr/yW7/Fv3v26p969Xf8rpPf7A/8Lf/T/2P7v9v96371n1L/t3/DvT/g7/0PZ//pu//008PX3/19qt/rD/nHfp97/+H1b/rP/WF/2L3f/u/+536HX/dP/7u++/QP/tu/82v95r/+3f/0Z37TP+7vav7U9Pf73f6GX/nPjP7L3/xv/me//5//vS9/kPwB/8Ti3qu/q/ltm/wX/WN/x2/zO7/6N3/sn/zsT/ub//Zfc3nw6/xu//F/+OIP+9av/CWPfrO/9s//l/7wv/o//Sd/37d7f9v2X/Rb/TV/36d/zr/0h/wz/82j17/X+T/6r9z54/7mn/6Df5v63R//8Hf9L3/84d//Z3/n9S85+l9+8sf+vV/jf/qvX739FW8fvvyzfp+///f/PX/sp37l6K/75D/53/6v/+qP/Yuy83/7F736qT+7+qs+Wf/FX/zjnxVvkj/tX/s/f/3/8ad/4jtfPf7Tf/fkr/t9f9Ff+tm//Zf873/d7/O7/9Ff/PO/7/2/+dPkz/hTftmX/+RP/Dp/8Rd/zq/7uxdf/QafFb/8j//86Z/1nX/58h/56/6jf/03+W3T32v+N/9d3/3i7/q9/sw/4pPib71X/MPl6Pu/3f/42y63Dq/+8n/9d/09f+Lv+Dv/lD/lL/wt/v6r7aevf9kf8Gv+76tfmP9F63/wP/sbPzr6c//FP3r/3/h9/8hH//zk7/rX/4n/6+979W/+228upz/10V+crP/yrU+Wv+Kv++v/nl/j13j17f2/8W98+cc/+et/z3/i9/781/i/f40//T//4vB3/9PTf+J3nv2d/8zp3/1rTP+jn/ojftGf+/2/5t/+hdt//Z/+k5M/7b//Z/7j3/X0n/4t/ryvzr73L/yCv/az9u9/8jv8C3vVt+795Os/6R/7h37DP+g3+vX/oG/9t7/v+mlx59/+O/6IP/p3+Bv+4Z+e/Znf+RNbspnj//Hf+D/+/ld/4Zf/+Ppf/wt+l1/03z/61l/7q/59azZ/Uzabf/O3f/Xv+F/8hn/S9E/77f/qv2X2C3/L//kv/7f+/l9W/NEHP/VfPP3Df8GvXWe/+3/xTy3yP+uP+3X/kOR3ej1/9S/95b/b7/wbfPVv/Ak//Z/9zBd/xr/9p/17v+Hf908s7/5nB//9v/q7/R27v+jPXfxd/8LvWn35B/3yv+3Ot1//tU++f//f+0P+k5M/9+pf+5OTP+Lf/+f+jz8z+Rf/p7/uF/+nf+Ynv9U/9W/+3vdGv+Xv8Pyf+mWn//M/dnjny7/tv/q91//JL1v8Pf/uH/m//lG/6Df4qd/qt/qT2t/1zX/85/2Zf3r2b/y7f/qf8Bv/Bf/yn/p7/x//6tUfOfozf/Xv9dvO/6b/4m/6tZ+8XfwDf/jlv/63/WF3f8Xv9Du++k+++7fv/2Z/+X/2l/7pe6M/49f/nf7zB7/N+e//q37hr8j/2Z/5x/+R5+2P/Zb/y7/1m/9l/8if/tFP/2t/2v6f+eP/wuL3+vf+oj/jv7la/Dvz3/XX+g/+2Du7f/L2T/z5zz//0753/hPkAfwUeQD/CnkAv8Nv9lf/+7/8v3ryN179q39x8h/+Nn/Kn/XdP+3L3+ff+fd+g//ld3n1f6b/65/2p73+r/+Dv+jX+4v+uV//D/2N/7I7f8v/+sWvfDT65/7UX/gz/9TZH/Ob/XYnP/1b/r3r3/3P/M7xq//9z/nNfqtf6/SX/Fb/+m/0l/4Wv9Gf8M/+6f9anj599u/+S7/447/vF/6P9ZvLf/9/ePJ3/m5/5Ox3e/lJ9d/8Ze9+43/mV7z7r/+9v/+3fHHwx/8vf9fy9/uz/76/6dl/XBz+b7959UfU/+a/9K+++8/+yjdP/vz1r/4d/7I/9W/7K//XP3H/6A95MPrB3/O//xN/0b/wD/3Y3/Xv/3R155Nf4z/+/h/9n/w2/+7fRbrkr77zvb//b/pL/pZf/69887d/63f803/F4Z9/8Olv82tvf/oX/r1/z5//yV81+Uv+6p/+N/6ZP/O3/yv+jj/y1/vHftP5//4rRv/Zb3/8G/wWP/lr/ad/8ukf9ebq1737K36zv+Av+3O++/IP+nN/87Nf/x/8K/6vX/zZf/2f/5u//z/0z//5f8Hf+6t//9/yJ//Bv/Jv+At/kUYj/+efeVZ/93f5v35/ZaPJ3/TP/iXj/2X5m/9x/87/Nr33T/31/8Nfmv7n/+n5n//P/sP/21/1J/3Jb/+x2cPlH3n/N//T/pqzp7/qJ/7cP+d/+a1+i9/pcvwf/NVfffsPP/1t/5TF//pnH/zM7/fVf/Htn/lLf+nVp/f++3/7T7v4K7//Ovtbzv7gR7/Vf/73/R9/xG/2Py1/3z969z/8X/77v+yv/tv+yVd/b7b8df6qJ3/V3/Rf/Dbj3/Y//d72n/FP/rM/+Wf/2f/Z+cNf+Lb5n6/+87/u3/0P/oF/+J/4i/7df/fp3/KPnvw9/9Pf8ff9bX/13/rftX/1d/6JP2xU/bO/8Jdk//hf/zv91b/hx//8f/yf/E//y5/x233xb//nf++3Pvv3n9//Tf6LP/z3qNZ/x1+2e+/f+VP/3R/8Rn/GP/O7/A+f/k2v/oq/8y96svP0v/gTfucv/s3//L958Xv8GX/cV//Hj6f/8a/+Kw++/Wf8q//Ms9/z3/g95n/L8V/33Z9a/F6/8b/9W//2/9N/tv7Lft2//ve6/tsPnjx5mv4Dv/hf/D1+27/yT/+bP/k709/r7/9Fv/wv2PnH//s/69OHv2v11/wH//r/8C/8+3/UX/nPPLvzY9l/8W/8e//QX/lb/Gl/+q/137z5y3/3f+S3+l0/eqEc99Wf0b77bX/hn/9n/Sl/1/I3+ff+tD/47/23frff4V/9V5/8mv/3r/Hg+8d/1h/85/0OD/7q+fNnL5anz/+wP/aX/NX/1Mtf65/7Z/+Wf+N3Wv/6/+sfnvw3v/l/9yt+jV/rk//9s0d/0V/57hf/If/S/f/++uTHPr3zm/87P/0f/COffPSdP/hPenXn7/jTf8HH/9Jf+Mv+z5+anf/Df8Gd33f8/X/iDz39I/716jf7zj/5x13/T6//9v/2B//u7/vVb/WvvfnkF338X338F//v+//g7/Nv/DP//l/zE7/T6Nf7x//l5W/xq/6cf+wv+nf/k1/9j/wXf+yr3+fX+Kcm2b/1Oxz9ST/5S/6Uz77z6/+j/9hv+uSr/+Vv+S3yt5/f+/Umf/bv9Rf+i79/8m/9jr/oN/3PP3r7z/1lv/lv8+/8o//Kn/H3/Jt/yZs/rPxdfvqf+Lv/yr/y3/jz/5F//L9//u//Br/f4tXkZ/6pf+o/+8UnD/64nb/lX//zn279+md7v9Wf+Fsknz/91l/wh3zxm578VT/9e/6rv9tvPn/9r/5p57/T7/sT/+Tv+Pf+w3/qj/226S/+9/+xX/e3/fMO/8SfeP2f/sd/+dkv/BXj3+ofuPre//E/Xf8Jf+4f+Gv8vX/hr/pLf/J3+YdJ1f31/+C/dflLfvd/+ndylvgv+Uc+efDv/6J//+//J3+r/3Lxu/7G/8Pv9t9/+3/69t/4B/2Cv54WhOZP/rD/4g/b+k3+qyd/0H/5R/9Lf/jva1eK/oX5k1/5t/5jv+Xf8C/9p3/14Z/03b+7+Ivv/9jv+Ff9nr/iX/lz/tB7r//av+I7f+7dL3+nf+j5Pzb66lf+FrOz3/Pkv/3it/pP/p4/4//83Y/+hL//7Lt/7X/72b3f8s/4h/62f+2//rf+899s50/Ynvyvf+vu4up7v+j4z/rp/+rkX9j+PZPf4Y/5g3//3/xf+Qt+h//423/8b/8H/vrTf/lv/nWP/rXZj/2bv89v/NFvfPpb/9u/7tav/+/8Ff/Om7/q//x7/qvnv+4/8dve+aX/xYvf9G/7RX/Fr50vP/nH/7s/96P177XzB//WT3/pX/2b/Ga/5C/605N/9a98/X//Gr/Of/1Hvfk1/ujf6x/5+/7YP3v1u/0R/9lv+PoXHJ9958/9a7599NEf9sf8gX/Kn/P3/LO//h/0e51f/Of/8y/8W//z/3HvT/3j/pr/4F/+Rd/5O7/89tO/4pPf87f5nZp/939/9Lv9oX/N95/9uf/a7/57F3/6t3/jv7/9Bb/+L/xby/pf/SOPf+Ly+//Nf/EvL07+quVH/8Kv+C3/03/tL/iDfvovePO//rV/17/wL/1tv99P/I//wl/w7/+Vf/ev+pn/4b//5f/3r3Hvv/4neElu9w/8m/67//33+tPe/a2/3ld/4e/wx/3pv85vv/u7/m2/zQ/+oJ/8d37L3/9/+W+///v9ld998frf+52z//of/Z3+oP/g7/kH//j/46/8Rb/TH7X66KN/+vf41p/3y4q/7B8ef/cX/YpXf/nZT3/rX/qTf8Wv88v/zX/qv/xlz/7Kn/xLnzz/4l/+zX/9f+w7/+7n3/5nnvymv+s/8Z1/85/5VeP/5L/6O949+CdXd771d/4Lb/6yP/wv+SX/+Hcu/um/fvvv/Q+//Yv/1/bVH/Q7/u33v7j4ff7w3+7fuHfw4u7fM/pHfu//5G/5Z1/8679T/fC3f/4PPT1Y/BX/5t/91//tb/7EP238u37vF/2C3+mXPHz+7/1Ov9E/3P5ef/dv9Q/8x/u/Qfkr/6q//Lf8r36H3/9X/zZ/3e958Jf9K6PHf3Lx743+9t/rf/r7/tQ/6R/5Z//7v/cf/en/+c/8X/7If/TlH/oL/8Df5Z/9I/7sX+Ov/kP+j3/2j82yX/iH/ZXNP/K3Hf3116//iy9+8s+d/tm/afOP/fr/xdP2r/vz/o9/6w/9J37pv/7L/sOPf+bTf2z2z/3J/+Tr3/6P+o+On/6Vv/u/96f8O3/oH52c/ja/36/xP5z9Ouv/5v5/9w9M/vW/9Hd69urX/qW/2b/x779d/J7/yv/y9G/6Nf+Pj//73//h/3Lxj/5R6eE/8ae+/L2SP+3X+sv+vX/yv/vNvvVX/uDv/5W/xv/83T/i7/89dn76P/lV3/kvf9npv/s//L1/+Lv9f+6P/rfuvv1f/4d/4Ff8R7/yn/47f+xv+nf/hn/qP71+/rf9i9Xf95/+Kf/D2XcO/+l/7z/4T36/X6P68s2/+Y+9e/tP/8w/+dc+/S3Of8/f+Fc++3f/jsW//ff/YP/v+5NHHz188S/c/00u/ul/8dfZ+8N+4bNf5787ufOn/f2/87/6aPWtxR+4nv97//Ov8zu8+1d/33/2v/glr37jP+Yv/tsOVtu/0x/7L/9l+e/23/+C5n/9y7713/6jP/nn/ZZ/1v/y9vxw61/8m//hk62/+a85/W3+tr/3d/0Nrmd/1ctP/qZf87f+K3+/P/J7P/N3/LWP/4Pv/JZ/1e9QVb/1n/ff/AUPf7t/+Z/7pz7/53/q3/47/tBvvfnFv3j6d15U1S/6x/705Z/2l/wtv/bTX77//Qef/J+/y9/4ez37i/7+3+fPKp//euM/46/77/7xV3/S73B578Vv9Xf9pX/zb/zr/47/zk/+aX/ZHzj7iaM/6dH/vv6P/pzf6Lf5Q371n/nv/vVf/K1/8u//7/xef9w/dnbxW/7NB8/+yz/t3/qd/87vn/03v8Wvdfy7/W6/4l/+Lf7Xv+B3++3K36n4/F/8ZX9kfV3/j3/nr/sb/nl/x5/yt/wH/8lv9sf8ZW35C/7irS9+jf+dcuHfyv/gf/yT7/4pf8SvOXn6P/yin/zP/st/7Xf5LX/Bn/S3H370e/9Xf/hf/53f7X/9J3//2bvfeP5X/Zu/1qf/1r/5m/7tH9V/y+/6R/y7/8yP/6K/8c/7lX/sb/6rf/r598qr3/d69ot/3X/yx77z6jf9g4/+/V/6j/5lzd81+19+8T//R/91f/mPf/FH/Of/Mi0FfvXf/YV/8u/6+/5ny8vtP/tv+6uXd/+q7/zVT3/hP3h6/4uf+of++r/6f/ziN/7x/+tnfvVn/9j/+g/e/SX/4N/5n/yFv/Hv9X9AuP7AP58WdX+Xv+kH17/vg1/0a1z+9//6x//S1n/wtz/8H/+nL//vX+N3n+3937/Gf/Yn/uFXv+Efe/c3+o9/+9dX1/Xv9vSP+M/OfvPf7a//o/6pP/PNP/DH/+Wf5Mu/6Ttf/iF/zO/05B/61X/Nv/lPt3/f/1H/63/zP/Un/XZ/7K/9H/5D/8m/+Gv+uot719Of/At+81/89//3/+v/+e3/+Mf/nF/0y7/9d/zjf8ff/qfc/wPe/id/8dXfefbubO8f/89/jSfjv/rf/tbdy3/97/pr/66zL37Jn/IP/s7f/2f/i2/9Jr/OL/qP/tc/4Tf+G//Ef/7q07/j3/x7//Dv/vHjv/S3WP2Df8q/99tV//bFb7v3p7/9z/+489/33/slv+Hlf/eP/A3f/Z2++LMvz/6Z4tPf67e8PPuJf+OX/1k//Zv81r/JfzT/v/6a+W/19/9jv/x3+B/+jL/3yas/6PrX/9N3jsvf6n/6zf6LT//7xT/69m+4+Cvf/Frf/b0/nv+yv/yP+h2Tf7z+D4r8H/x3xv/Wv/9X/I8/809//8/80/+pv/8X/wv/w9/222T7f9rf889Mf8+tX/SPfO/3+z//9f/19e/5F57/Az/20//7X/87/E1/+sF3Xv/gj/jyF87/2JNn/2r2n/zbk+nv/qf+eb/bx+mP/2d/62/89/3uv8/9f/Z//SsW//J/9PDX+i/rP/Y3/a3+ifKf/33+8/J/WX7xt3xn8auSn/rF/8yv+Xe++uP/4uPDP/Ev//FXv/Ev/ZP+oD/6t0hf/5W/zejf+ouOD5eH/+N/9Pv++Z+ev/iPrl/d/dv/st/uF/213/sjd/7Tv+S//Olf9LfPfp/f/e/44n//T9t/8Fv/47/zP/4Tf+e//9H4d/w3/qk/4PFf9qf9On/XV//62Yv/7C/5g979Nz/1F+68/Cd/m39y68/+zqt/7F/48d/1D/tHPv333/53v8mv9Z88Wjz/+J//df+g3/hv+0P+tz/mH6v/zN/96b/4i/6r3+av/SV/y+nf8VP/w79y8R/+Ti+f/I6/6M/4vf64f+fPqSb/2pfn9/7w5K/6nX/Pv7z9M/7qv/7kwbef7ab/ye/2v/3af9RvsvVn3Pnj/oInb87Pxr/dr/mv/Oef/C5/1n/+L/znv93f8Rv+0X/n25/e/333fs0/YZl856tvnfwNv8Pf/d3Hr/6tX/4L//4v/7Zf8mve+S/vv/gH/vhvPUl/g1/vl/xl/+ef9zv99E//9i/+hubP/VX/5B/7f/2bh9d7T/76x3/q9W/wP33rj/+dl+1f+tM/+B1PD//E//17f+Czv7H9R//YrYP/62//p/7Ev/3jf/hXfPLbfj9/9Qf8bX/4r/ypP/pv/2P+93/l2//18X/01/zO/8A/8Bee/2W/7h/6W/0bv+34j/vJT/+Af/8X/ru/zy/5N/7sv/avfv5H/mWj3/0PO/hLvvWf/NN/0f/5U7/bD+68/kvu/Tvf/Vv+2D/jt/3d/927/9jez/y3n3711/zLH53+X7/y6L/9z7f/s7/73/07vrf47/7w3/Yv+JO+97t+56/f+pN+09f/yeV//zuc/3H/6cd7f9Nv8vo/Ov32b7c/+Z3+z9/vt3r8Xzz/6N9f/gv/0R9wefF//Pt/wz/+m/+Fv/Sf+s6f8G/f+50O/6k7v/ov+l3393/nT37FT//gq50/5N/8G3/j3/X69/m9/oHfZfGn/OrfaPd3vrO+8+1X/9Jnv+TXWv9XWzv/3l//7/1jf+rsT17+Lf/Qj735VXd+03/+u7/nn/Er2+988dmP/c4v/sjf70/6h+//dh//+O/9v/0z/8oftfNff6v+F35V/TO/4Z/wJ/+nv/zX/K/+tfuT2V/5l/2ev9Ef/h/+ia9/j3v/4O9w+S///v/oH/iL/ru/8cV/+A88/hf/xL/h75n+tZ/98/9g85f8yb/oP/zV4z/l9X/3u5j81ds/av2H/bp/8k8/2Ptf/vB/4JPf7D/5L/7MX+fzP+4P+ne3fupP+o9/g2//Rb/jn/Gnb/1LP/gX/uqL/+V/eFbv7f+jf3r2O7/e/c3+kd/rV/y+/+0/++P/6Kd//v/11/7+/8ff/4v+z7e/6//+M//5L/6ff99/8S/7S/7Gv+Dv/kVHv/3f9h/+ip/6v/6LP/G//X1+03/1v9z63/6Oi3/lJ777L/4f/8Bf+Bv9Oxf/+x//Bzaf/4q/7o/8r3/Zn/Yz3733X2/9tb/qD/8vfrf/7fxf+b9/jX/t7a/+c36Pv372e3z55/2l/8m//ReePf39/7nff++v/Ec//dP/r//+b/wf5v/X3/4n/Z9H9Z/4x57/kt/9t/o//qnmJ37XrX8+v/Od/e+cLH6Ls//pt/q3/9L//d84+eW/6p/5lf/J3/0Xnu3/exef/LnNb/j21fLf/tv/lcN/8Q959Uf8Sf/K57//3/Pn/K//+0//kQ//pH/qX/1Tn/xZ/+VPjf74R78i/Y3Pfquv/s7/+Rf/Lb/r7/uv/Oo/5k/+k/+qv/7f/eN+8Z/1G9bvvv9ga/uX/iv/4nf+hH/gX/zO6/m/8p/8pdfpzm/7m/7N3/v87m/3T/7X/8LfWv4nv+n3/vLv/56/4Kt/43f8LX67/Jf9vX/Xv/Ov/v6z3+FP/eov/z3f/G9//Omr/F/7k/+y3/4n/4vf9t3Bv//3/Ps//Uv+6L/gf/+7/vo/Y3vnt3/1e/0ps3/g1W/16/33f+/lr/13529+g7Pf5dmf9Zf/GX/695Z/1G/zP/3u3/rJP/7w0z/1D/h3fvJv+d3/iH//j/p9/py/6++s//Tf9nf/i69/y7/k4M/4R978bf/S3/l3Ln6rv+Bvu/8//5t/8l/xn/+r2V/yW/zTv+izX/2P/yP/+e/6n/8ev/D3+su//PbqV/9eH/9j/+Z/96/+y3/MT7766ruHf+5P/H5/3N/xT/0me3/K6//mW0d/4d/66jf4e/7L3/Fbv+3f8tv+a3/l7/Tkn/nL/r6f/u/+wn/j6I/57r/+N/xNf8t/9E//M3/Yv/ZH/6af/F3/zb/2t3zxrS9f/4rv/n7Z8Z/7+/6tv9//+Af+z7/H//nn/J0/87v+F5/+75e/+h+9+L/++YcXl//HL/3df/8/6lf+k//nP/Cn/M7/9v/14Fd+9tf+M7/6T/xnrj99/Hde/XO/8vCX/G3//X/4d/4V/82rv+3f+ONnv9Xf/n9c/9e/8jf9t/+Lv+13Pf39/8lf8Bf+ov/zL7h48lt99X9c/Ne/8u6//V/s/65Pf/9//D/4C5v/8y+YPvmt7v8fr//rX/ndf/s//Jf+8N/4X/yjf4/v/fv/4MUvfvJb/wc//j//Lv/Yb/b3/h6/ya/68//DX/4H/uBX/Y3b/+C//Pv9m3/77/+Tf9E//wf+cX/v3/nr/td/3l/6K/7gP/v/vFjm/8r/8Pj/+Jevt/7D3+T/+o0uL/+Ef/LP/d/+0Ks/+P/+Nf7U//r3//3/1b/uL3/xn/2vv+Iv/NPf/te/8n/9W/+a/+Of+lfr/+M/vt76C/7P/+Pv/lU/9X//Gv/y3/df/uO/49/5B/6lf+e/8zf+63/Dl6t/99/4pV/9V//bH/rnffa9/2lyfPh//xr/xe/xH/yNv/L3+PUP/7Sf/L9/jU/+579zevF//xq/xV8w/RV/4N/+X/2bv/5//D/+37/Gv/pnf/F//bO/8d//3cNf9rv9K//h//Yv/2//9b3/4Pf4Tf6P3//fuvr3j37FL/sH/qv/7l/e/5V/YPW//mn/9q98+28urtb/+j/59179/h//Nr/t3/7n/ra/9n/31a/99//Kv+h/283+lv/j8fbf/i//lVv/xz+9OPpf/rff8Pw//L/+wv/gT/sr/49f8vEv+C//1t9l75d+nxJ8//evsZf8s//H7/c//N3/4f/23cv/9Keu/5vv/lf/2n/69/zv/8c/82v/h39g9ctGf91/+I/9C//L3/dv/qO/+u//XX7F3/P6v/rX/oL//r9t7v6mP/Mrfo+9P+4v/Mc++yd/1Q/+9l9wVP1+v/jv/Bv/ub/7V/6L/+7/8c/8N//h//an/gdvL/6RP/f//jW++/f/l3/1l//bn/M//crq9/+zr//Hv+CvfEQS+H8++J/v/d+/xj/0f/6K/+m3/b9/jeZX/oF/79//X/5fv/Kfv/oD/5Py//41fq/v/+Lf5C/9H//jf/If+h/+w+8e/lV//3/59/2f/9zv/dl5+fv+Df/H83/w//63/x9f8DL6NzAAAA==" />
        <Entry handle="3" bytes="H4sIAAAAAAAEAO29B2AcSZYlJi9tynt/SvVK1+B0oQiAYBMk2JBAEOzBiM3mkuwdaUcjKasqgcplVmVdZhZAzO2dvPfee++999577733ujudTif33/8/XGZkAWz2zkrayZ4hgKrIHz9+fB8/ItI0uXv38e/6vZOnx2+Ov5ecr5fTtqiW6UXevjp+ejZrtu6kvzit83ZdL3/xR9msmH306KPd3d0d9xw8+HTno9FHK/7q092He3t7D+jvNqsJCH94cG/n3oO9+x/9ksNfQv0V51vt9SqvzreK5dNsdfbsTvq7fpZ+tF7O8vNimc8+uvOLV1mdL9vxLFv9/q/ypvhBvjWrpusFPptUs+txMRulu/s7/M8dBtrW1/TvL07pSX7s5h6kHTfHLz+mHb6eV1fH00mst96QR6lFYZR+dDFeNMvxtFp8RH/sHT+lRrsviAqWHulyXZZ3DqU/YIz/T7N2Ot/K7/xi/GE7vaqLNt/6+HGWzuv8/LOP5m27enT3ru3iroF/t4/VePf3+D1enj39TPv9hdlidfjV2ZvPvuDf3vCc0Nc6I/zh8YvPdh/eu7dzf+/Te7v8ycvPP/vi9YuTF2/k+9f0QjaZTs73Jwf370139u99Osv2du/tT/f2svPpg0/z8/sfpTLfn330+0/KbPn2o6PHxeIibeqpxX8yzmbNHg2CfoyXeXv35Oz13Qd3CXHv//fuPth5OP7p1cVH6VUxa+effUT0/Sid58XFvNU/spJ+OymL6Vv6vM5/14/SSVXP8vqzj+jLu0eP72ZHH4PSjqLTsmryLf7s7t3vf/8o/X8ABNybJ/cCAAA=" />
        <Entry handle="2" bytes="H4sIAAAAAAAEAO29B2AcSZYlJi9tynt/SvVK1+B0oQiAYBMk2JBAEOzBiM3mkuwdaUcjKasqgcplVmVdZhZAzO2dvPfee++999577733ujudTif33/8/XGZkAWz2zkrayZ4hgKrIHz9+fB8/Ij4/e3bwMPu9f43f5df4lb/Gr/Fr/IZ3/7Rf9n/933/Lb/Azf/Af8enf9T//Go/+sF/vD/27/9S//Z/+K/6Wv/9//+/+2Z/58/+Oen397/5xv8HOy+Jf/7f//X/iX/33/9Q/76/4i/7+P3L/9/8jfq8/+e//PR4f/al/6p/xl//9/8H/9n/8rQd/0F/0Y7tf/JV/x4vftP7z/tF/8p/9+/7+f+D8/Py/+u//5z/uT/xTR3/GP/K//R//93/+N/7Er3H+Z+f/+v/2P/7K/+u/+7d/0T/9tz/4qd/ne3/FP/UvPjp49Ev+/H/2l/wRf+a//K/+G//bP/ryx/74//D1T7y+/+03/9H/8Ct/5g/9Y/+Xf+dv+B/+l//13/2H/tB79+79WvN//G/9+/+JX7/9Z/6hv+nJr/HlX/yw/uP+7//7//6V/+zHb//Ef/Tf+E/++1/1f/xvP/MnTP7Uv+Xf+2/+/os7v/sv/PzZ2b/xr/4l//l/+c/v/zX/ya/43/+7ny5Xf9Ff8/v99t/9I/7Cv/Sv/C//tsf/9v/wf/8+/8Kv/C/+l//jN/6j/41f9m/96a//oD/j7bs/8lf+qv/ji987++P+6n/5d/9dP/pr/85/9Nf44s/5qT/k7/2n/q3/7h/8R//J//Ff+GP+3n/hv/iP/pM/6h/+p9ut+i/+NQ5mv+2f8x//iv/53/lL/vq/41f+6v/097j8y/7d/+g/+/f/5t/6B7/0D/vL/4q/evEH/yVf/eTv82//5aOXyz/0b/lb/44/+L/8P36b+V/2f//Dj3/PP/gfefHFy9/sq8vXf/U//x/+V//jr9P+7b/VH/13/TZbj3+/P2D6H/xP//c/+rdPvvhD/qzf+Qf/5D/2L/ybf/Qf+yfUv/SP/Gf/lb8zffDdX/1f/VW/xtkf9cnnv/fjiz/2V/2yv/RP+Rv+tV/j9d/89/7T//r3/px/4H/9136/8/PiX/6zf8Pf+E/9z3/Ff/QH/6Jf1Pyd/8x/+G/+B//Zn/9X/S1/91/8+/zRf/LJv/tXPfjl/+W/tv3owR/3p/15f+7f9m/+Wt//q/+Ff/M//Jf+/f/y3/7Xrh5/5+rTP++f+H3/1L/q1/0j/vFf9Y//pn/7P/ov/OV/09/zyR/w57+8WP/ff9fvNFv/Md85+71mf9Zfu/cTq1/5q/6Jv+/f+l+SX/Iv/IY/+Gt/jZ/4J//+f/Af/erP/tvW737mX/8vfsV32j/t8A/9G/6Gf/ynf5fRwd/2T/zEX/+3//2/x/Of+mv/ur/xr/mH/tXf5Orv/M//sfrJxe/7a+z+Plnz/f/qV/zf/9F/9l/+9X/j33py/OQP/ov/uf/z3y1/09d/3s7bX/Lr/jbf+g//uT/3v/hLft3/8V/9S3+nP/Pf/rP/7D/7weTtH/5H/DH/6t/0xV/+V9f/979+8u0/+m/6fb+f/Rrj+f/0v/2vv8Of9A/83//cvT/nL/sb7v3xf9Mv/1t++//if/yVf/8//s999vf9sv/gP//lf8vf+fe9fvN7f/zX/s+zX/Lnvf2T/84/65/+7/77//Dv+6f/uX/p7/wn/vX/7B99+vvNf9G//6/+7bt/7j/xR/1Jf9af/Rf8ZX/YH/ZHVn/qP/7b/rn/xVd/8F/6u/6qX+fX+PV/jf/71xiRKPwakIlf4zf4v3+Nv/w3+J2+/Tf9Rf/wH/ob/Jbf+n3/qb/pL/5H/8jf7Me/8+d9+2/+S/7xP/wP2fvpf++f+pv/0n/yT/gNfsFf9Sf/Y//0n/k3/nF/3i/48/69v+t/+Uv/2T9zZ/oP/Hl/8a/zO/4dn/4OD//sw3/sn/7qt/2JX/Gb/Uu/5x/w4ou/dvynpP/VH/Qvvfor/tW/cu+//PP/pj/zn/tz/vbf/H/b+zfeTl78Ln/Ir/nTT493fuU/8af/Vb/mn/30j/7X/+Xf6q/5d//K3/Sn/vZ/5S/7w36L3/2TX7L/d/zduz/+l/4mJ3/98//61/hlv8Y//O37v2j9X83/8v/0r5/+lb/pPP1D/qW//MWD9M//Tx7/R3/U3bu/zuRPPPlH/7Inf8/fVvyrf8kf80c/uvy9/um/s/6jl7/zX/Tj/+xv9V//pv/bt//Z32f157R/9S/8+//Q3/Dub3z8r/1P/+k/efHv/al/cfrv/MG/23/+3/3Vf9LVX/S//+k/9Zv+VT/z8smjl3e/9Uc8/0X/93+yP/31HvxOf94f9vIn/s4vf/3/+tf/6Pf6hx98Xv56xdmv/qN+4s79f/b7n/xnf+X9H/+P/qBfJ/mrTn+8/M1+i3/4x37P32jvn/7d/ra/6h/5De/+zB/wL/1BP/jLf93/5Z/4jf6lf+x/+iMO/+zf4Hf9J3/zP/jP+lt+0/2///f8S7+897f+V//yH/Y7/Fa/zt4/lFT7v/av+etW/9hf9JvuHvx1v+c/+hv9ur/enf/sT/rff43/5de5/w9/+/Vv8pv+Cf9H8+ve/y//sj/lO7/B7/rf/a6/4R+89y/8Qf/o0T//Zz35g3+zPyX9l3/33+SP2P9L/4U/81/6s/7VP+53/X3/tn/lN9r9l0iuHv3zv8Gv+c//Rr/hL9/7z/6Cn/lzPvrn9v7d3+gv/d2SP+o3+Jd/o9/6V/wBv+e/8Jf8geWfdPxn/1rnf/TTP/u/++de/TGP/qX9v/TX/qP/4L/rD/3Hfu36T5v8F8kf8Tv8Ib/O7id/2G/5J/xOv//4b/o1/sK/6df7v//pH/s1/pnfqHnycOsfevLr/sH/5H82+YN+zb/7P6t/vd/m1/7OT53/Ln/rn/WH/NV/xcFfNf2jftc/95f/xf/kr/2X/hl/zNPDf+ngd/z97n3xX/32/+3f+c+nv8Uf8+v9lf/Rr/mPffpX/VO/+5/5C3/9/+xv+WN+l9/tT1r9Eb/Rr/3P/Mv/7G/0yepfev67/Ev/1L9Z/i7f/o3+pT/yd/3vV9/+6x8d/Hb/zK/5m/wV/9W//Hv9Ln/5b/av/nO/1u5vl4z/ui/evfonfsO/7jf7iX9o7/f73/7gf+6f+vX+uv9l/GN/3J/3a/5R//i/99/9qS9+4V/ynxTfuXfnz3j1nd/o2//VX/xP/GP3fo+XZ7/LP/9//Bkv7vwFH/3D//mv/be++5s++bt+4f5//8v/1f/gIPt1Ptn6y55/57femf31v+Kf/uNGr7+48+Uf+X/+bT/4ovpTXjzK/qjty7/txV/5r/6R/9Zf9ldvX/2rb/+03W+P/rr/7eUf9NtePf+//6Nf+R/+ln/QP/rr/Y5/wr/26p/7hV/8j3/pH3n4t67u/Z3/6n+f/sn/wn/6pz347Du/x/85f/V3/6v/6e/7ez77rX6td7/Fj/344f/xt/zd/+qf/3dMf6Nf/0+fHv6q//qnv/eb/WF3/4Bf59f8J/7r4vf9g/7oX2P57/3Lv/adP/PP+oP/rn/1j/g1fu3f6D/+Lfbr3/S/+SMPfudf77/9hX/b3/pP/62/+nf6R37wn3369Df9tX6DX/5n/Uuf/3bZfPqP/MLf+g/6j/6QH/tNfrtf6x+/9zv9bT/xj/02X/z6u//Ef/Gf/lv1P/wb/lo7f+kf+9se/m9/6j9/9zeZ/zm/9r/1B/0R3/rv0l//9/urfr3f6s/7yT/6O6s/4Lf9F+b/ZPKv/MHbF//Ur/lj/87BP5b8Tr/Zr/e7/Vl/0O/4W/1Lv95v8JO/55/46e/0u/666X/0a+z/Xbv/yKe/53/8G/yGO//E+Hf6PX/d3+aP+7V+i9/m4Hf+Lcv/+Tdof+/Jb/8n/1G/zvj//pd+zz/od/81/tPf5a85+Cd/i+Td7/mLfqv/tPizD/6QX7D1B/xGv+Xf9x//xne+/Tv+Fv/Rv/S3/Zq/0R/0C37wb/06v+7fc/GP/8Jf/h//Bn/d2ydp+Qf82g//oF/jN9n9Df7d3+Yf+J/+8F/1R2//hu/+uR//Bf/mH/RHv/2j/uJf9z/5o57+1v/H8R9050/7j/6k1+nv+Wv+on/51z49+D3/xF/w7uS3+Vsu/pDfdPW7/pa/z//2B/1Ov+8f9PnW/h/8a++u/uDf6c/7X/+4l0/+0t/09/n2r/nrvvqPfpP5P3T8O/4f/9KP/25/SfZrXf5TX/6J736rP3h89Xf/s7/t7/3Rb/zRrzH7v5Pij/w1/q2/+Nf5b/+nX//H3/7NP/b7/THpb/bv/Uf/+dHj/+hP+PSP+j1/0+xf+s9/jb/r13z26/+e/+if89HB09/931l95zf/y9Lf8nf59l/5Y7/nP/Qnfv/P+Ycu/54/7Nf5Df+8sy9/v2fZb/Kf/kv5b/v7/cn/xx/6rb/vH/2TXv/ev/7vUO/8xu/+sN/1L/z7fqOnv9Ef9zf/ib/Jfzf5df+F/+jZb/Tv/HZ/6Pf/oT/41xr/W7/ur1u+/LGr/+7X+t7f+2/9Or/Jn/e7/iEX/9Ef9Et+6//t1/gN/oN/6J/d/pt+jd9o+if9/p9d/A5/+JcH/+qv9T/vnPyuqz/4j33yn/2uv8Nf/pv9wbu/73/0fPrmo9/sX/rXfr3f6ekf8If+fn/XX/Rb/B8v57/z0//oDznZWf8au3/UP/zmx//3X/P7v8OP/7W/9t/0D4//ir/n9/od/7g/5Ne9++f/18//+n/oD7r+r+rf4Md+73/so9/zT/5NLv+mH/+df5+Xf+3vd/o//cG/1eO9v/GX/22/5h/w3xZ/6N//O/wdf8GzP+Af+g3+uD/g19n9u37F3/RHLn78s/T3+rf/mX/jb/31Jv/Qr7c1+sX/1m/S/ul/61/07//nv+mz3+vf+Vf+nP/1b/urvvjrf/q7/+y/82/8Pf/r3/43/fF/fXnx67z9d/6gX+PXOPx/APjIyq0kCQAA" />
        <Entry handle="1" bytes="H4sIAAAAAAAEAO29B2AcSZYlJi9tynt/SvVK1+B0oQiAYBMk2JBAEOzBiM3mkuwdaUcjKasqgcplVmVdZhZAzO2dvPfee++999577733ujudTif33/8/XGZkAWz2zkrayZ4hgKrIHz9+fB8/ItI0uXv38e/6vZOnx2+Ov5ecr5fTtqiW6UXevjp+ejZrtu6kvzit83ZdL3/xR9msmH306KMHD3fsc2/3/sODj0Yfrfib+wd7n+7c36O/26wmGPzhwf7u/YPd3Y9+yeEvoe6K8632epVX51vF8mm2Ont2J/1dP0s/Wi9n+XmxzGcf3fnFq6zOl+14lq1+/1d5U/wg35pV0/UCn02q2fW4mI3Sg4NRem/3DoNs62v69xen9CQ/djN8acfN8cuPaXev59XV8XQS6as33lGq/Y/Sjy7Gi2Y5nlaLj+iPveOnaPSUCGBJkS7XZXnnUDoDuvj/NGun8638zi/GH7bHq7po862PH2fpvM7PP/to3rarR3fv2i7uGvh3eyiNd3+P3+Pl2dPPtNtfmC1Wh1+dvfnsC/7tDc8Gfa1zwR8ev/hs/97BwcP9hzsP+YOXn3/2xesXP/n0RL5+Te3vTR/s3cumeZbtPNjf2T3I8tn57t7DnenuwcPdbPrgo1Qm+rOPfv9JmS3ffnT0uFhcpE09tdhn42zW7NEQ6Md4mbd3T85e393d3b1LqAf/f7B3f3xRnH+UXhWzdv7ZRwcHH6XzvLiYE/R7ux+lWUm/nJTF9C19XOe/60fppKpnef3ZRzsfpXePHt/Njj4GnR09p2XV5Fv82d273//+Ufr/AAZ8dobvAgAA" />
        <Entry handle="0" bytes="H4sIAAAAAAAEAO29B2AcSZYlJi9tynt/SvVK1+B0oQiAYBMk2JBAEOzBiM3mkuwdaUcjKasqgcplVmVdZhZAzO2dvPfee++999577733ujudTif33/8/XGZkAWz2zkrayZ4hgKrIHz9+fB8/In7j5O7dx7/r906eHr85/t5vnFxmdTqtlm2+bJvf/8Gn6Wfpx4+bVbY8epylbVZf5O1nH/3+kzJbvv0ondf5+Wcfzdt29eju3YvxolmOp9Xi7s7x0x16du/u3n+493D3wXj39/hdf2G2WB3yPy/Pnn5278HB3sP9Pf77q7M3n33Bv71h8PT1wf7u/ft7u/zh8YvP7u99+ulDafzy88++eP3i4VdvPjp6U1+nT4rlxeO7x0eP7zKKHx8K/udzwXy5Lkv6qDhPt2bVdL2gMY0n1ew6/YW/MA0+GBez2GfjMl9etPP0KN258xsnv/g3Tn6MIX+2ymq0ss0J69Myx69Prs9mYV8E5g7h8Et+40QQWWaXxUXWVvU4W61+Mq+bolqOi+Usf/fl+dZH3y2WH905+mwH2FAvTf6srLI2/lKznjRtfQPAL16fnaYf3fnk/h0Cu6+jaOtr+he//VhxvvW7Crl+5mfS9nqVV+dbxfJptjp7dif97LP0ozVBOi+W+eyjO2jPL/3YrPxuXbT5Fkb2Yz/2S/BPXja5a8Agx0KnF9UsJ4SavG6PZz+dTemjb7/54vnWx9l5m9dP8oti+fHI5zmBqjCa9rrMx7OiWZXZ9WcfL6tl/rF8b8k8LavGxwX/n2btdL6VA2fGKMCYGvwS4PuL3af00fl6OW2JeKn9FG8OEuiLi/rsPEajX/xj3KHB7ophdYcHHJVkjB/YNiceek18TJzrxlbnWZsrd219BDb/SEZqWhNpl3kNitJ7XjfcqDcPxCP5cnYyL8rZloFwx2saJfePKcIRiv8SqI/vf//o/wG4R1M/RgQAAA==" />
      </ByteArrayCache>
      <TestRunConfiguration name="Local Test Run" id="215124b6-1c93-4e55-bd73-958b00a34403">
        <Description>This is a default test run configuration for a local test run.</Description>
        <Deployment runDeploymentRoot="C:\Users\rallen\Documents\Visual Studio 2008\Projects\GrabIt\TestResults\rallen_LVDVMRALLEN7 2010-01-14 21_22_10" />
        <TestTypeSpecific>
          <WebTestRunConfiguration testTypeId="4e7599fa-5ecb-43e9-a887-cd63cf72d207" />
        </TestTypeSpecific>
      </TestRunConfiguration>
    </WebTestResult>
    <TestResult executionId="b424645b-e6d9-4f92-9d60-9d422778f233" testId="cf63c8d7-fbbe-4ef2-87a9-4c414c1aeb9d" testName="WebTest1" computerName="LVDVMRALLEN7" duration="00:00:00" startTime="0001-01-01T00:00:00.0000000-07:00" endTime="0001-01-01T00:00:00.0000000-07:00" testType="4e7599fa-5ecb-43e9-a887-cd63cf72d207" outcome="NotExecuted" testListId="8c84fa94-04c1-424b-9868-57a2d4851a1d">
    </TestResult>
  </Results>
</TestRun>