<?xml version="1.0" encoding="UTF-8"?>
<TestRun id="96ab84f2-cff6-4692-b968-c39a422d584b" name="rallen@LVDVMRALLEN7 2010-01-14 21:21:31" runUser="CORP\rallen" xmlns="http://microsoft.com/schemas/VisualStudio/TeamTest/2006">
  <TestRunConfiguration name="Local Test Run" id="215124b6-1c93-4e55-bd73-958b00a34403">
    <Description>This is a default test run configuration for a local test run.</Description>
    <Deployment runDeploymentRoot="C:\Users\rallen\Documents\Visual Studio 2008\Projects\GrabIt\TestResults\rallen_LVDVMRALLEN7 2010-01-14 21_21_31" />
    <TestTypeSpecific />
  </TestRunConfiguration>
  <ResultSummary outcome="Failed">
    <Counters total="1" executed="1" error="0" failed="1" timeout="0" aborted="0" inconclusive="0" passedButRunAborted="0" notRunnable="0" notExecuted="0" disconnected="0" warning="0" passed="0" completed="0" inProgress="0" pending="0" />
  </ResultSummary>
  <Times creation="2010-01-14T21:21:31.7017313-07:00" queuing="2010-01-14T21:21:33.4696513-07:00" start="2010-01-14T21:21:33.7940313-07:00" finish="2010-01-14T21:21:37.5866313-07:00" />
  <TestDefinitions>
    <WebTest name="WebTest1" storage="c:\users\rallen\documents\visual studio 2008\projects\grabit\grabit_tests\webtest1.webtest" id="cf63c8d7-fbbe-4ef2-87a9-4c414c1aeb9d" persistedWebTest="77u/PD94bWwgdmVyc2lvbj0iMS4wIiBlbmNvZGluZz0iVVRGLTgiIHN0YW5kYWxvbmU9InllcyI/Pg0KPFdlYlRlc3QgTmFtZT0iV2ViVGVzdDEiIElkPSJjZjYzYzhkNy1mYmJlLTRlZjItODdhOS00YzQxNGMxYWViOWQiIE93bmVyPSIiIFByaW9yaXR5PSIwIiBFbmFibGVkPSJUcnVlIiBDc3NQcm9qZWN0U3RydWN0dXJlPSIiIENzc0l0ZXJhdGlvbj0iIiBUaW1lb3V0PSIwIiBXb3JrSXRlbUlkcz0iIiB4bWxucz0iaHR0cDovL21pY3Jvc29mdC5jb20vc2NoZW1hcy9WaXN1YWxTdHVkaW8vVGVhbVRlc3QvMjAwNiIgRGVzY3JpcHRpb249IiIgQ3JlZGVudGlhbFVzZXJOYW1lPSIiIENyZWRlbnRpYWxQYXNzd29yZD0iIiBQcmVBdXRoZW50aWNhdGU9IlRydWUiIFByb3h5PSIiIFN0b3BPbkVycm9yPSJGYWxzZSI+DQogIDxJdGVtcz4NCiAgICA8UmVxdWVzdCBNZXRob2Q9IkdFVCIgVmVyc2lvbj0iMS4xIiBVcmw9Imh0dHA6Ly9yYWQubXNuLmNvbS9BRFNBZENsaWVudDMxLmRsbCIgVGhpbmtUaW1lPSIwIiBUaW1lb3V0PSIzMDAiIFBhcnNlRGVwZW5kZW50UmVxdWVzdHM9IlRydWUiIEZvbGxvd1JlZGlyZWN0cz0iVHJ1ZSIgUmVjb3JkUmVzdWx0PSJUcnVlIiBDYWNoZT0iRmFsc2UiIFJlc3BvbnNlVGltZUdvYWw9IjAiIEVuY29kaW5nPSJpc28tODg1OS0xIiBFeHBlY3RlZEh0dHBTdGF0dXNDb2RlPSIwIiBFeHBlY3RlZFJlc3BvbnNlVXJsPSIiPg0KICAgICAgPFF1ZXJ5U3RyaW5nUGFyYW1ldGVycz4NCiAgICAgICAgPFF1ZXJ5U3RyaW5nUGFyYW1ldGVyIE5hbWU9IkdldFNBZCIgVmFsdWU9IiIgUmVjb3JkZWRWYWx1ZT0iIiBDb3JyZWxhdGlvbkJpbmRpbmc9IiIgVXJsRW5jb2RlPSJGYWxzZSIgVXNlVG9Hcm91cFJlc3VsdHM9IkZhbHNlIiAvPg0KICAgICAgICA8UXVlcnlTdHJpbmdQYXJhbWV0ZXIgTmFtZT0iRFBKUyIgVmFsdWU9IjQiIFJlY29yZGVkVmFsdWU9IjQiIENvcnJlbGF0aW9uQmluZGluZz0iIiBVcmxFbmNvZGU9IkZhbHNlIiBVc2VUb0dyb3VwUmVzdWx0cz0iRmFsc2UiIC8+DQogICAgICAgIDxRdWVyeVN0cmluZ1BhcmFtZXRlciBOYW1lPSJQTiIgVmFsdWU9Ik1TRlQiIFJlY29yZGVkVmFsdWU9Ik1TRlQiIENvcnJlbGF0aW9uQmluZGluZz0iIiBVcmxFbmNvZGU9IkZhbHNlIiBVc2VUb0dyb3VwUmVzdWx0cz0iRmFsc2UiIC8+DQogICAgICAgIDxRdWVyeVN0cmluZ1BhcmFtZXRlciBOYW1lPSJQRyIgVmFsdWU9Ik1TTjlVVCIgUmVjb3JkZWRWYWx1ZT0iTVNOOVVUIiBDb3JyZWxhdGlvbkJpbmRpbmc9IiIgVXJsRW5jb2RlPSJGYWxzZSIgVXNlVG9Hcm91cFJlc3VsdHM9IkZhbHNlIiAvPg0KICAgICAgICA8UXVlcnlTdHJpbmdQYXJhbWV0ZXIgTmFtZT0iQVAiIFZhbHVlPSIxNDAyIiBSZWNvcmRlZFZhbHVlPSIxNDAyIiBDb3JyZWxhdGlvbkJpbmRpbmc9IiIgVXJsRW5jb2RlPSJGYWxzZSIgVXNlVG9Hcm91cFJlc3VsdHM9IkZhbHNlIiAvPg0KICAgICAgPC9RdWVyeVN0cmluZ1BhcmFtZXRlcnM+DQogICAgPC9SZXF1ZXN0Pg0KICAgIDxSZXF1ZXN0IE1ldGhvZD0iR0VUIiBWZXJzaW9uPSIxLjEiIFVybD0iaHR0cDovL2EucmFkLm1zbi5jb20vQURTQWRDbGllbnQzMS5kbGwiIFRoaW5rVGltZT0iMCIgVGltZW91dD0iMzAwIiBQYXJzZURlcGVuZGVudFJlcXVlc3RzPSJUcnVlIiBGb2xsb3dSZWRpcmVjdHM9IlRydWUiIFJlY29yZFJlc3VsdD0iVHJ1ZSIgQ2FjaGU9IkZhbHNlIiBSZXNwb25zZVRpbWVHb2FsPSIwIiBFbmNvZGluZz0iaXNvLTg4NTktMSIgRXhwZWN0ZWRIdHRwU3RhdHVzQ29kZT0iMCIgRXhwZWN0ZWRSZXNwb25zZVVybD0iIj4NCiAgICAgIDxRdWVyeVN0cmluZ1BhcmFtZXRlcnM+DQogICAgICAgIDxRdWVyeVN0cmluZ1BhcmFtZXRlciBOYW1lPSJHZXRTQWQiIFZhbHVlPSIiIFJlY29yZGVkVmFsdWU9IiIgQ29ycmVsYXRpb25CaW5kaW5nPSIiIFVybEVuY29kZT0iRmFsc2UiIFVzZVRvR3JvdXBSZXN1bHRzPSJGYWxzZSIgLz4NCiAgICAgICAgPFF1ZXJ5U3RyaW5nUGFyYW1ldGVyIE5hbWU9IkRQSlMiIFZhbHVlPSI0IiBSZWNvcmRlZFZhbHVlPSI0IiBDb3JyZWxhdGlvbkJpbmRpbmc9IiIgVXJsRW5jb2RlPSJGYWxzZSIgVXNlVG9Hcm91cFJlc3VsdHM9IkZhbHNlIiAvPg0KICAgICAgICA8UXVlcnlTdHJpbmdQYXJhbWV0ZXIgTmFtZT0iUE4iIFZhbHVlPSJNU0ZUIiBSZWNvcmRlZFZhbHVlPSJNU0ZUIiBDb3JyZWxhdGlvbkJpbmRpbmc9IiIgVXJsRW5jb2RlPSJGYWxzZSIgVXNlVG9Hcm91cFJlc3VsdHM9IkZhbHNlIiAvPg0KICAgICAgICA8UXVlcnlTdHJpbmdQYXJhbWV0ZXIgTmFtZT0iUEciIFZhbHVlPSJNU05WREMiIFJlY29yZGVkVmFsdWU9Ik1TTlZEQyIgQ29ycmVsYXRpb25CaW5kaW5nPSIiIFVybEVuY29kZT0iRmFsc2UiIFVzZVRvR3JvdXBSZXN1bHRzPSJGYWxzZSIgLz4NCiAgICAgICAgPFF1ZXJ5U3RyaW5nUGFyYW1ldGVyIE5hbWU9IkFQIiBWYWx1ZT0iMTA3MSIgUmVjb3JkZWRWYWx1ZT0iMTA3MSIgQ29ycmVsYXRpb25CaW5kaW5nPSIiIFVybEVuY29kZT0iRmFsc2UiIFVzZVRvR3JvdXBSZXN1bHRzPSJGYWxzZSIgLz4NCiAgICAgIDwvUXVlcnlTdHJpbmdQYXJhbWV0ZXJzPg0KICAgIDwvUmVxdWVzdD4NCiAgICA8UmVxdWVzdCBNZXRob2Q9IkdFVCIgVmVyc2lvbj0iMS4xIiBVcmw9Imh0dHA6Ly9iLnJhZC5tc24uY29tL0FEU0FkQ2xpZW50MzEuZGxsIiBUaGlua1RpbWU9IjAiIFRpbWVvdXQ9IjMwMCIgUGFyc2VEZXBlbmRlbnRSZXF1ZXN0cz0iVHJ1ZSIgRm9sbG93UmVkaXJlY3RzPSJUcnVlIiBSZWNvcmRSZXN1bHQ9IlRydWUiIENhY2hlPSJGYWxzZSIgUmVzcG9uc2VUaW1lR29hbD0iMCIgRW5jb2Rpbmc9Imlzby04ODU5LTEiIEV4cGVjdGVkSHR0cFN0YXR1c0NvZGU9IjAiIEV4cGVjdGVkUmVzcG9uc2VVcmw9IiI+DQogICAgICA8UXVlcnlTdHJpbmdQYXJhbWV0ZXJzPg0KICAgICAgICA8UXVlcnlTdHJpbmdQYXJhbWV0ZXIgTmFtZT0iR2V0U0FkIiBWYWx1ZT0iIiBSZWNvcmRlZFZhbHVlPSIiIENvcnJlbGF0aW9uQmluZGluZz0iIiBVcmxFbmNvZGU9IkZhbHNlIiBVc2VUb0dyb3VwUmVzdWx0cz0iRmFsc2UiIC8+DQogICAgICAgIDxRdWVyeVN0cmluZ1BhcmFtZXRlciBOYW1lPSJEUEpTIiBWYWx1ZT0iNCIgUmVjb3JkZWRWYWx1ZT0iNCIgQ29ycmVsYXRpb25CaW5kaW5nPSIiIFVybEVuY29kZT0iRmFsc2UiIFVzZVRvR3JvdXBSZXN1bHRzPSJGYWxzZSIgLz4NCiAgICAgICAgPFF1ZXJ5U3RyaW5nUGFyYW1ldGVyIE5hbWU9IlBOIiBWYWx1ZT0iTVNGVCIgUmVjb3JkZWRWYWx1ZT0iTVNGVCIgQ29ycmVsYXRpb25CaW5kaW5nPSIiIFVybEVuY29kZT0iRmFsc2UiIFVzZVRvR3JvdXBSZXN1bHRzPSJGYWxzZSIgLz4NCiAgICAgICAgPFF1ZXJ5U3RyaW5nUGFyYW1ldGVyIE5hbWU9IlBHIiBWYWx1ZT0iTVNOQ05UIiBSZWNvcmRlZFZhbHVlPSJNU05DTlQiIENvcnJlbGF0aW9uQmluZGluZz0iIiBVcmxFbmNvZGU9IkZhbHNlIiBVc2VUb0dyb3VwUmVzdWx0cz0iRmFsc2UiIC8+DQogICAgICAgIDxRdWVyeVN0cmluZ1BhcmFtZXRlciBOYW1lPSJBUCIgVmFsdWU9IjE0NjMiIFJlY29yZGVkVmFsdWU9IjE0NjMiIENvcnJlbGF0aW9uQmluZGluZz0iIiBVcmxFbmNvZGU9IkZhbHNlIiBVc2VUb0dyb3VwUmVzdWx0cz0iRmFsc2UiIC8+DQogICAgICA8L1F1ZXJ5U3RyaW5nUGFyYW1ldGVycz4NCiAgICA8L1JlcXVlc3Q+DQogICAgPFJlcXVlc3QgTWV0aG9kPSJHRVQiIFZlcnNpb249IjEuMSIgVXJsPSJodHRwOi8vcmFkLm1zbi5jb20vQURTQWRDbGllbnQzMS5kbGwiIFRoaW5rVGltZT0iMCIgVGltZW91dD0iMzAwIiBQYXJzZURlcGVuZGVudFJlcXVlc3RzPSJUcnVlIiBGb2xsb3dSZWRpcmVjdHM9IlRydWUiIFJlY29yZFJlc3VsdD0iVHJ1ZSIgQ2FjaGU9IkZhbHNlIiBSZXNwb25zZVRpbWVHb2FsPSIwIiBFbmNvZGluZz0iaXNvLTg4NTktMSIgRXhwZWN0ZWRIdHRwU3RhdHVzQ29kZT0iMCIgRXhwZWN0ZWRSZXNwb25zZVVybD0iIj4NCiAgICAgIDxRdWVyeVN0cmluZ1BhcmFtZXRlcnM+DQogICAgICAgIDxRdWVyeVN0cmluZ1BhcmFtZXRlciBOYW1lPSJHZXRTQWQiIFZhbHVlPSIiIFJlY29yZGVkVmFsdWU9IiIgQ29ycmVsYXRpb25CaW5kaW5nPSIiIFVybEVuY29kZT0iRmFsc2UiIFVzZVRvR3JvdXBSZXN1bHRzPSJGYWxzZSIgLz4NCiAgICAgICAgPFF1ZXJ5U3RyaW5nUGFyYW1ldGVyIE5hbWU9IkRQSlMiIFZhbHVlPSI0IiBSZWNvcmRlZFZhbHVlPSI0IiBDb3JyZWxhdGlvbkJpbmRpbmc9IiIgVXJsRW5jb2RlPSJGYWxzZSIgVXNlVG9Hcm91cFJlc3VsdHM9IkZhbHNlIiAvPg0KICAgICAgICA8UXVlcnlTdHJpbmdQYXJhbWV0ZXIgTmFtZT0iUE4iIFZhbHVlPSJNU0ZUIiBSZWNvcmRlZFZhbHVlPSJNU0ZUIiBDb3JyZWxhdGlvbkJpbmRpbmc9IiIgVXJsRW5jb2RlPSJGYWxzZSIgVXNlVG9Hcm91cFJlc3VsdHM9IkZhbHNlIiAvPg0KICAgICAgICA8UXVlcnlTdHJpbmdQYXJhbWV0ZXIgTmFtZT0iUEciIFZhbHVlPSJNU05SRUMiIFJlY29yZGVkVmFsdWU9Ik1TTlJFQyIgQ29ycmVsYXRpb25CaW5kaW5nPSIiIFVybEVuY29kZT0iRmFsc2UiIFVzZVRvR3JvdXBSZXN1bHRzPSJGYWxzZSIgLz4NCiAgICAgICAgPFF1ZXJ5U3RyaW5nUGFyYW1ldGVyIE5hbWU9IkFQIiBWYWx1ZT0iMTA4OSIgUmVjb3JkZWRWYWx1ZT0iMTA4OSIgQ29ycmVsYXRpb25CaW5kaW5nPSIiIFVybEVuY29kZT0iRmFsc2UiIFVzZVRvR3JvdXBSZXN1bHRzPSJGYWxzZSIgLz4NCiAgICAgIDwvUXVlcnlTdHJpbmdQYXJhbWV0ZXJzPg0KICAgIDwvUmVxdWVzdD4NCiAgICA8UmVxdWVzdCBNZXRob2Q9IkdFVCIgVmVyc2lvbj0iMS4xIiBVcmw9Imh0dHA6Ly9hLnJhZC5tc24uY29tL0FEU0FkQ2xpZW50MzEuZGxsIiBUaGlua1RpbWU9IjAiIFRpbWVvdXQ9IjMwMCIgUGFyc2VEZXBlbmRlbnRSZXF1ZXN0cz0iVHJ1ZSIgRm9sbG93UmVkaXJlY3RzPSJUcnVlIiBSZWNvcmRSZXN1bHQ9IlRydWUiIENhY2hlPSJGYWxzZSIgUmVzcG9uc2VUaW1lR29hbD0iMCIgRW5jb2Rpbmc9Imlzby04ODU5LTEiIEV4cGVjdGVkSHR0cFN0YXR1c0NvZGU9IjAiIEV4cGVjdGVkUmVzcG9uc2VVcmw9IiI+DQogICAgICA8UXVlcnlTdHJpbmdQYXJhbWV0ZXJzPg0KICAgICAgICA8UXVlcnlTdHJpbmdQYXJhbWV0ZXIgTmFtZT0iR2V0U0FkIiBWYWx1ZT0iIiBSZWNvcmRlZFZhbHVlPSIiIENvcnJlbGF0aW9uQmluZGluZz0iIiBVcmxFbmNvZGU9IkZhbHNlIiBVc2VUb0dyb3VwUmVzdWx0cz0iRmFsc2UiIC8+DQogICAgICAgIDxRdWVyeVN0cmluZ1BhcmFtZXRlciBOYW1lPSJEUEpTIiBWYWx1ZT0iNCIgUmVjb3JkZWRWYWx1ZT0iNCIgQ29ycmVsYXRpb25CaW5kaW5nPSIiIFVybEVuY29kZT0iRmFsc2UiIFVzZVRvR3JvdXBSZXN1bHRzPSJGYWxzZSIgLz4NCiAgICAgICAgPFF1ZXJ5U3RyaW5nUGFyYW1ldGVyIE5hbWU9IlBOIiBWYWx1ZT0iTVNGVCIgUmVjb3JkZWRWYWx1ZT0iTVNGVCIgQ29ycmVsYXRpb25CaW5kaW5nPSIiIFVybEVuY29kZT0iRmFsc2UiIFVzZVRvR3JvdXBSZXN1bHRzPSJGYWxzZSIgLz4NCiAgICAgICAgPFF1ZXJ5U3RyaW5nUGFyYW1ldGVyIE5hbWU9IlBHIiBWYWx1ZT0iTVNOTU1MIiBSZWNvcmRlZFZhbHVlPSJNU05NTUwiIENvcnJlbGF0aW9uQmluZGluZz0iIiBVcmxFbmNvZGU9IkZhbHNlIiBVc2VUb0dyb3VwUmVzdWx0cz0iRmFsc2UiIC8+DQogICAgICAgIDxRdWVyeVN0cmluZ1BhcmFtZXRlciBOYW1lPSJBUCIgVmFsdWU9IjE0MDIiIFJlY29yZGVkVmFsdWU9IjE0MDIiIENvcnJlbGF0aW9uQmluZGluZz0iIiBVcmxFbmNvZGU9IkZhbHNlIiBVc2VUb0dyb3VwUmVzdWx0cz0iRmFsc2UiIC8+DQogICAgICA8L1F1ZXJ5U3RyaW5nUGFyYW1ldGVycz4NCiAgICA8L1JlcXVlc3Q+DQogICAgPFJlcXVlc3QgTWV0aG9kPSJHRVQiIFZlcnNpb249IjEuMSIgVXJsPSJodHRwOi8vYi5yYWQubXNuLmNvbS9BRFNBZENsaWVudDMxLmRsbCIgVGhpbmtUaW1lPSIwIiBUaW1lb3V0PSIzMDAiIFBhcnNlRGVwZW5kZW50UmVxdWVzdHM9IlRydWUiIEZvbGxvd1JlZGlyZWN0cz0iVHJ1ZSIgUmVjb3JkUmVzdWx0PSJUcnVlIiBDYWNoZT0iRmFsc2UiIFJlc3BvbnNlVGltZUdvYWw9IjAiIEVuY29kaW5nPSJpc28tODg1OS0xIiBFeHBlY3RlZEh0dHBTdGF0dXNDb2RlPSIwIiBFeHBlY3RlZFJlc3BvbnNlVXJsPSIiPg0KICAgICAgPFF1ZXJ5U3RyaW5nUGFyYW1ldGVycz4NCiAgICAgICAgPFF1ZXJ5U3RyaW5nUGFyYW1ldGVyIE5hbWU9IkdldFNBZCIgVmFsdWU9IiIgUmVjb3JkZWRWYWx1ZT0iIiBDb3JyZWxhdGlvbkJpbmRpbmc9IiIgVXJsRW5jb2RlPSJGYWxzZSIgVXNlVG9Hcm91cFJlc3VsdHM9IkZhbHNlIiAvPg0KICAgICAgICA8UXVlcnlTdHJpbmdQYXJhbWV0ZXIgTmFtZT0iRFBKUyIgVmFsdWU9IjQiIFJlY29yZGVkVmFsdWU9IjQiIENvcnJlbGF0aW9uQmluZGluZz0iIiBVcmxFbmNvZGU9IkZhbHNlIiBVc2VUb0dyb3VwUmVzdWx0cz0iRmFsc2UiIC8+DQogICAgICAgIDxRdWVyeVN0cmluZ1BhcmFtZXRlciBOYW1lPSJQTiIgVmFsdWU9Ik1TRlQiIFJlY29yZGVkVmFsdWU9Ik1TRlQiIENvcnJlbGF0aW9uQmluZGluZz0iIiBVcmxFbmNvZGU9IkZhbHNlIiBVc2VUb0dyb3VwUmVzdWx0cz0iRmFsc2UiIC8+DQogICAgICAgIDxRdWVyeVN0cmluZ1BhcmFtZXRlciBOYW1lPSJQRyIgVmFsdWU9Ik1TTk1NVCIgUmVjb3JkZWRWYWx1ZT0iTVNOTU1UIiBDb3JyZWxhdGlvbkJpbmRpbmc9IiIgVXJsRW5jb2RlPSJGYWxzZSIgVXNlVG9Hcm91cFJlc3VsdHM9IkZhbHNlIiAvPg0KICAgICAgICA8UXVlcnlTdHJpbmdQYXJhbWV0ZXIgTmFtZT0iQVAiIFZhbHVlPSIxNDAyIiBSZWNvcmRlZFZhbHVlPSIxNDAyIiBDb3JyZWxhdGlvbkJpbmRpbmc9IiIgVXJsRW5jb2RlPSJGYWxzZSIgVXNlVG9Hcm91cFJlc3VsdHM9IkZhbHNlIiAvPg0KICAgICAgPC9RdWVyeVN0cmluZ1BhcmFtZXRlcnM+DQogICAgPC9SZXF1ZXN0Pg0KICAgIDxSZXF1ZXN0IE1ldGhvZD0iR0VUIiBWZXJzaW9uPSIxLjEiIFVybD0iaHR0cDovL3JhZC5tc24uY29tL0FEU0FkQ2xpZW50MzEuZGxsIiBUaGlua1RpbWU9IjAiIFRpbWVvdXQ9IjMwMCIgUGFyc2VEZXBlbmRlbnRSZXF1ZXN0cz0iVHJ1ZSIgRm9sbG93UmVkaXJlY3RzPSJUcnVlIiBSZWNvcmRSZXN1bHQ9IlRydWUiIENhY2hlPSJGYWxzZSIgUmVzcG9uc2VUaW1lR29hbD0iMCIgRW5jb2Rpbmc9Imlzby04ODU5LTEiIEV4cGVjdGVkSHR0cFN0YXR1c0NvZGU9IjAiIEV4cGVjdGVkUmVzcG9uc2VVcmw9IiI+DQogICAgICA8UXVlcnlTdHJpbmdQYXJhbWV0ZXJzPg0KICAgICAgICA8UXVlcnlTdHJpbmdQYXJhbWV0ZXIgTmFtZT0iR2V0U0FkIiBWYWx1ZT0iIiBSZWNvcmRlZFZhbHVlPSIiIENvcnJlbGF0aW9uQmluZGluZz0iIiBVcmxFbmNvZGU9IkZhbHNlIiBVc2VUb0dyb3VwUmVzdWx0cz0iRmFsc2UiIC8+DQogICAgICAgIDxRdWVyeVN0cmluZ1BhcmFtZXRlciBOYW1lPSJEUEpTIiBWYWx1ZT0iNCIgUmVjb3JkZWRWYWx1ZT0iNCIgQ29ycmVsYXRpb25CaW5kaW5nPSIiIFVybEVuY29kZT0iRmFsc2UiIFVzZVRvR3JvdXBSZXN1bHRzPSJGYWxzZSIgLz4NCiAgICAgICAgPFF1ZXJ5U3RyaW5nUGFyYW1ldGVyIE5hbWU9IlBOIiBWYWx1ZT0iTVNGVCIgUmVjb3JkZWRWYWx1ZT0iTVNGVCIgQ29ycmVsYXRpb25CaW5kaW5nPSIiIFVybEVuY29kZT0iRmFsc2UiIFVzZVRvR3JvdXBSZXN1bHRzPSJGYWxzZSIgLz4NCiAgICAgICAgPFF1ZXJ5U3RyaW5nUGFyYW1ldGVyIE5hbWU9IlBHIiBWYWx1ZT0iTVNOU0YxIiBSZWNvcmRlZFZhbHVlPSJNU05TRjEiIENvcnJlbGF0aW9uQmluZGluZz0iIiBVcmxFbmNvZGU9IkZhbHNlIiBVc2VUb0dyb3VwUmVzdWx0cz0iRmFsc2UiIC8+DQogICAgICAgIDxRdWVyeVN0cmluZ1BhcmFtZXRlciBOYW1lPSJBUCIgVmFsdWU9IjE0MDIiIFJlY29yZGVkVmFsdWU9IjE0MDIiIENvcnJlbGF0aW9uQmluZGluZz0iIiBVcmxFbmNvZGU9IkZhbHNlIiBVc2VUb0dyb3VwUmVzdWx0cz0iRmFsc2UiIC8+DQogICAgICA8L1F1ZXJ5U3RyaW5nUGFyYW1ldGVycz4NCiAgICA8L1JlcXVlc3Q+DQogICAgPFJlcXVlc3QgTWV0aG9kPSJHRVQiIFZlcnNpb249IjEuMSIgVXJsPSJodHRwOi8vYS5yYWQubXNuLmNvbS9BRFNBZENsaWVudDMxLmRsbCIgVGhpbmtUaW1lPSIwIiBUaW1lb3V0PSIzMDAiIFBhcnNlRGVwZW5kZW50UmVxdWVzdHM9IlRydWUiIEZvbGxvd1JlZGlyZWN0cz0iVHJ1ZSIgUmVjb3JkUmVzdWx0PSJUcnVlIiBDYWNoZT0iRmFsc2UiIFJlc3BvbnNlVGltZUdvYWw9IjAiIEVuY29kaW5nPSJpc28tODg1OS0xIiBFeHBlY3RlZEh0dHBTdGF0dXNDb2RlPSIwIiBFeHBlY3RlZFJlc3BvbnNlVXJsPSIiPg0KICAgICAgPFF1ZXJ5U3RyaW5nUGFyYW1ldGVycz4NCiAgICAgICAgPFF1ZXJ5U3RyaW5nUGFyYW1ldGVyIE5hbWU9IkdldFNBZCIgVmFsdWU9IiIgUmVjb3JkZWRWYWx1ZT0iIiBDb3JyZWxhdGlvbkJpbmRpbmc9IiIgVXJsRW5jb2RlPSJGYWxzZSIgVXNlVG9Hcm91cFJlc3VsdHM9IkZhbHNlIiAvPg0KICAgICAgICA8UXVlcnlTdHJpbmdQYXJhbWV0ZXIgTmFtZT0iRFBKUyIgVmFsdWU9IjQiIFJlY29yZGVkVmFsdWU9IjQiIENvcnJlbGF0aW9uQmluZGluZz0iIiBVcmxFbmNvZGU9IkZhbHNlIiBVc2VUb0dyb3VwUmVzdWx0cz0iRmFsc2UiIC8+DQogICAgICAgIDxRdWVyeVN0cmluZ1BhcmFtZXRlciBOYW1lPSJQTiIgVmFsdWU9Ik1TRlQiIFJlY29yZGVkVmFsdWU9Ik1TRlQiIENvcnJlbGF0aW9uQmluZGluZz0iIiBVcmxFbmNvZGU9IkZhbHNlIiBVc2VUb0dyb3VwUmVzdWx0cz0iRmFsc2UiIC8+DQogICAgICAgIDxRdWVyeVN0cmluZ1BhcmFtZXRlciBOYW1lPSJQRyIgVmFsdWU9Ik1TTlNIMSIgUmVjb3JkZWRWYWx1ZT0iTVNOU0gxIiBDb3JyZWxhdGlvbkJpbmRpbmc9IiIgVXJsRW5jb2RlPSJGYWxzZSIgVXNlVG9Hcm91cFJlc3VsdHM9IkZhbHNlIiAvPg0KICAgICAgICA8UXVlcnlTdHJpbmdQYXJhbWV0ZXIgTmFtZT0iQVAiIFZhbHVlPSIxNDAyIiBSZWNvcmRlZFZhbHVlPSIxNDAyIiBDb3JyZWxhdGlvbkJpbmRpbmc9IiIgVXJsRW5jb2RlPSJGYWxzZSIgVXNlVG9Hcm91cFJlc3VsdHM9IkZhbHNlIiAvPg0KICAgICAgPC9RdWVyeVN0cmluZ1BhcmFtZXRlcnM+DQogICAgPC9SZXF1ZXN0Pg0KICAgIDxSZXF1ZXN0IE1ldGhvZD0iR0VUIiBWZXJzaW9uPSIxLjEiIFVybD0iaHR0cDovL2IucmFkLm1zbi5jb20vQURTQWRDbGllbnQzMS5kbGwiIFRoaW5rVGltZT0iMCIgVGltZW91dD0iMzAwIiBQYXJzZURlcGVuZGVudFJlcXVlc3RzPSJUcnVlIiBGb2xsb3dSZWRpcmVjdHM9IlRydWUiIFJlY29yZFJlc3VsdD0iVHJ1ZSIgQ2FjaGU9IkZhbHNlIiBSZXNwb25zZVRpbWVHb2FsPSIwIiBFbmNvZGluZz0iaXNvLTg4NTktMSIgRXhwZWN0ZWRIdHRwU3RhdHVzQ29kZT0iMCIgRXhwZWN0ZWRSZXNwb25zZVVybD0iIj4NCiAgICAgIDxRdWVyeVN0cmluZ1BhcmFtZXRlcnM+DQogICAgICAgIDxRdWVyeVN0cmluZ1BhcmFtZXRlciBOYW1lPSJHZXRTQWQiIFZhbHVlPSIiIFJlY29yZGVkVmFsdWU9IiIgQ29ycmVsYXRpb25CaW5kaW5nPSIiIFVybEVuY29kZT0iRmFsc2UiIFVzZVRvR3JvdXBSZXN1bHRzPSJGYWxzZSIgLz4NCiAgICAgICAgPFF1ZXJ5U3RyaW5nUGFyYW1ldGVyIE5hbWU9IkRQSlMiIFZhbHVlPSI0IiBSZWNvcmRlZFZhbHVlPSI0IiBDb3JyZWxhdGlvbkJpbmRpbmc9IiIgVXJsRW5jb2RlPSJGYWxzZSIgVXNlVG9Hcm91cFJlc3VsdHM9IkZhbHNlIiAvPg0KICAgICAgICA8UXVlcnlTdHJpbmdQYXJhbWV0ZXIgTmFtZT0iUE4iIFZhbHVlPSJNU0ZUIiBSZWNvcmRlZFZhbHVlPSJNU0ZUIiBDb3JyZWxhdGlvbkJpbmRpbmc9IiIgVXJsRW5jb2RlPSJGYWxzZSIgVXNlVG9Hcm91cFJlc3VsdHM9IkZhbHNlIiAvPg0KICAgICAgICA8UXVlcnlTdHJpbmdQYXJhbWV0ZXIgTmFtZT0iUEciIFZhbHVlPSJNU05TSDIiIFJlY29yZGVkVmFsdWU9Ik1TTlNIMiIgQ29ycmVsYXRpb25CaW5kaW5nPSIiIFVybEVuY29kZT0iRmFsc2UiIFVzZVRvR3JvdXBSZXN1bHRzPSJGYWxzZSIgLz4NCiAgICAgICAgPFF1ZXJ5U3RyaW5nUGFyYW1ldGVyIE5hbWU9IkFQIiBWYWx1ZT0iMTQwMiIgUmVjb3JkZWRWYWx1ZT0iMTQwMiIgQ29ycmVsYXRpb25CaW5kaW5nPSIiIFVybEVuY29kZT0iRmFsc2UiIFVzZVRvR3JvdXBSZXN1bHRzPSJGYWxzZSIgLz4NCiAgICAgIDwvUXVlcnlTdHJpbmdQYXJhbWV0ZXJzPg0KICAgIDwvUmVxdWVzdD4NCiAgICA8UmVxdWVzdCBNZXRob2Q9IkdFVCIgVmVyc2lvbj0iMS4xIiBVcmw9Imh0dHA6Ly9yYWQubXNuLmNvbS9BRFNBZENsaWVudDMxLmRsbCIgVGhpbmtUaW1lPSIwIiBUaW1lb3V0PSIzMDAiIFBhcnNlRGVwZW5kZW50UmVxdWVzdHM9IlRydWUiIEZvbGxvd1JlZGlyZWN0cz0iVHJ1ZSIgUmVjb3JkUmVzdWx0PSJUcnVlIiBDYWNoZT0iRmFsc2UiIFJlc3BvbnNlVGltZUdvYWw9IjAiIEVuY29kaW5nPSJpc28tODg1OS0xIiBFeHBlY3RlZEh0dHBTdGF0dXNDb2RlPSIwIiBFeHBlY3RlZFJlc3BvbnNlVXJsPSIiPg0KICAgICAgPFF1ZXJ5U3RyaW5nUGFyYW1ldGVycz4NCiAgICAgICAgPFF1ZXJ5U3RyaW5nUGFyYW1ldGVyIE5hbWU9IkdldFNBZCIgVmFsdWU9IiIgUmVjb3JkZWRWYWx1ZT0iIiBDb3JyZWxhdGlvbkJpbmRpbmc9IiIgVXJsRW5jb2RlPSJGYWxzZSIgVXNlVG9Hcm91cFJlc3VsdHM9IkZhbHNlIiAvPg0KICAgICAgICA8UXVlcnlTdHJpbmdQYXJhbWV0ZXIgTmFtZT0iRFBKUyIgVmFsdWU9IjQiIFJlY29yZGVkVmFsdWU9IjQiIENvcnJlbGF0aW9uQmluZGluZz0iIiBVcmxFbmNvZGU9IkZhbHNlIiBVc2VUb0dyb3VwUmVzdWx0cz0iRmFsc2UiIC8+DQogICAgICAgIDxRdWVyeVN0cmluZ1BhcmFtZXRlciBOYW1lPSJQTiIgVmFsdWU9Ik1TRlQiIFJlY29yZGVkVmFsdWU9Ik1TRlQiIENvcnJlbGF0aW9uQmluZGluZz0iIiBVcmxFbmNvZGU9IkZhbHNlIiBVc2VUb0dyb3VwUmVzdWx0cz0iRmFsc2UiIC8+DQogICAgICAgIDxRdWVyeVN0cmluZ1BhcmFtZXRlciBOYW1lPSJQRyIgVmFsdWU9Ik1TTlNIMyIgUmVjb3JkZWRWYWx1ZT0iTVNOU0gzIiBDb3JyZWxhdGlvbkJpbmRpbmc9IiIgVXJsRW5jb2RlPSJGYWxzZSIgVXNlVG9Hcm91cFJlc3VsdHM9IkZhbHNlIiAvPg0KICAgICAgICA8UXVlcnlTdHJpbmdQYXJhbWV0ZXIgTmFtZT0iQVAiIFZhbHVlPSIxNDAyIiBSZWNvcmRlZFZhbHVlPSIxNDAyIiBDb3JyZWxhdGlvbkJpbmRpbmc9IiIgVXJsRW5jb2RlPSJGYWxzZSIgVXNlVG9Hcm91cFJlc3VsdHM9IkZhbHNlIiAvPg0KICAgICAgPC9RdWVyeVN0cmluZ1BhcmFtZXRlcnM+DQogICAgPC9SZXF1ZXN0Pg0KICAgIDxSZXF1ZXN0IE1ldGhvZD0iR0VUIiBWZXJzaW9uPSIxLjEiIFVybD0iaHR0cDovL2EucmFkLm1zbi5jb20vQURTQWRDbGllbnQzMS5kbGwiIFRoaW5rVGltZT0iMCIgVGltZW91dD0iMzAwIiBQYXJzZURlcGVuZGVudFJlcXVlc3RzPSJUcnVlIiBGb2xsb3dSZWRpcmVjdHM9IlRydWUiIFJlY29yZFJlc3VsdD0iVHJ1ZSIgQ2FjaGU9IkZhbHNlIiBSZXNwb25zZVRpbWVHb2FsPSIwIiBFbmNvZGluZz0iaXNvLTg4NTktMSIgRXhwZWN0ZWRIdHRwU3RhdHVzQ29kZT0iMCIgRXhwZWN0ZWRSZXNwb25zZVVybD0iIj4NCiAgICAgIDxRdWVyeVN0cmluZ1BhcmFtZXRlcnM+DQogICAgICAgIDxRdWVyeVN0cmluZ1BhcmFtZXRlciBOYW1lPSJHZXRTQWQiIFZhbHVlPSIiIFJlY29yZGVkVmFsdWU9IiIgQ29ycmVsYXRpb25CaW5kaW5nPSIiIFVybEVuY29kZT0iRmFsc2UiIFVzZVRvR3JvdXBSZXN1bHRzPSJGYWxzZSIgLz4NCiAgICAgICAgPFF1ZXJ5U3RyaW5nUGFyYW1ldGVyIE5hbWU9IkRQSlMiIFZhbHVlPSI0IiBSZWNvcmRlZFZhbHVlPSI0IiBDb3JyZWxhdGlvbkJpbmRpbmc9IiIgVXJsRW5jb2RlPSJGYWxzZSIgVXNlVG9Hcm91cFJlc3VsdHM9IkZhbHNlIiAvPg0KICAgICAgICA8UXVlcnlTdHJpbmdQYXJhbWV0ZXIgTmFtZT0iUE4iIFZhbHVlPSJNU0ZUIiBSZWNvcmRlZFZhbHVlPSJNU0ZUIiBDb3JyZWxhdGlvbkJpbmRpbmc9IiIgVXJsRW5jb2RlPSJGYWxzZSIgVXNlVG9Hcm91cFJlc3VsdHM9IkZhbHNlIiAvPg0KICAgICAgICA8UXVlcnlTdHJpbmdQYXJhbWV0ZXIgTmFtZT0iUEciIFZhbHVlPSJNU05TSDQiIFJlY29yZGVkVmFsdWU9Ik1TTlNINCIgQ29ycmVsYXRpb25CaW5kaW5nPSIiIFVybEVuY29kZT0iRmFsc2UiIFVzZVRvR3JvdXBSZXN1bHRzPSJGYWxzZSIgLz4NCiAgICAgICAgPFF1ZXJ5U3RyaW5nUGFyYW1ldGVyIE5hbWU9IkFQIiBWYWx1ZT0iMTQwMiIgUmVjb3JkZWRWYWx1ZT0iMTQwMiIgQ29ycmVsYXRpb25CaW5kaW5nPSIiIFVybEVuY29kZT0iRmFsc2UiIFVzZVRvR3JvdXBSZXN1bHRzPSJGYWxzZSIgLz4NCiAgICAgIDwvUXVlcnlTdHJpbmdQYXJhbWV0ZXJzPg0KICAgIDwvUmVxdWVzdD4NCiAgICA8UmVxdWVzdCBNZXRob2Q9IkdFVCIgVmVyc2lvbj0iMS4xIiBVcmw9Imh0dHA6Ly9iLnJhZC5tc24uY29tL0FEU0FkQ2xpZW50MzEuZGxsIiBUaGlua1RpbWU9IjAiIFRpbWVvdXQ9IjMwMCIgUGFyc2VEZXBlbmRlbnRSZXF1ZXN0cz0iVHJ1ZSIgRm9sbG93UmVkaXJlY3RzPSJUcnVlIiBSZWNvcmRSZXN1bHQ9IlRydWUiIENhY2hlPSJGYWxzZSIgUmVzcG9uc2VUaW1lR29hbD0iMCIgRW5jb2Rpbmc9Imlzby04ODU5LTEiIEV4cGVjdGVkSHR0cFN0YXR1c0NvZGU9IjAiIEV4cGVjdGVkUmVzcG9uc2VVcmw9IiI+DQogICAgICA8UXVlcnlTdHJpbmdQYXJhbWV0ZXJzPg0KICAgICAgICA8UXVlcnlTdHJpbmdQYXJhbWV0ZXIgTmFtZT0iR2V0U0FkIiBWYWx1ZT0iIiBSZWNvcmRlZFZhbHVlPSIiIENvcnJlbGF0aW9uQmluZGluZz0iIiBVcmxFbmNvZGU9IkZhbHNlIiBVc2VUb0dyb3VwUmVzdWx0cz0iRmFsc2UiIC8+DQogICAgICAgIDxRdWVyeVN0cmluZ1BhcmFtZXRlciBOYW1lPSJEUEpTIiBWYWx1ZT0iNCIgUmVjb3JkZWRWYWx1ZT0iNCIgQ29ycmVsYXRpb25CaW5kaW5nPSIiIFVybEVuY29kZT0iRmFsc2UiIFVzZVRvR3JvdXBSZXN1bHRzPSJGYWxzZSIgLz4NCiAgICAgICAgPFF1ZXJ5U3RyaW5nUGFyYW1ldGVyIE5hbWU9IlBOIiBWYWx1ZT0iTVNGVCIgUmVjb3JkZWRWYWx1ZT0iTVNGVCIgQ29ycmVsYXRpb25CaW5kaW5nPSIiIFVybEVuY29kZT0iRmFsc2UiIFVzZVRvR3JvdXBSZXN1bHRzPSJGYWxzZSIgLz4NCiAgICAgICAgPFF1ZXJ5U3RyaW5nUGFyYW1ldGVyIE5hbWU9IlBHIiBWYWx1ZT0iTVNOU1VSIiBSZWNvcmRlZFZhbHVlPSJNU05TVVIiIENvcnJlbGF0aW9uQmluZGluZz0iIiBVcmxFbmNvZGU9IkZhbHNlIiBVc2VUb0dyb3VwUmVzdWx0cz0iRmFsc2UiIC8+DQogICAgICAgIDxRdWVyeVN0cmluZ1BhcmFtZXRlciBOYW1lPSJBUCIgVmFsdWU9IjE0MDIiIFJlY29yZGVkVmFsdWU9IjE0MDIiIENvcnJlbGF0aW9uQmluZGluZz0iIiBVcmxFbmNvZGU9IkZhbHNlIiBVc2VUb0dyb3VwUmVzdWx0cz0iRmFsc2UiIC8+DQogICAgICA8L1F1ZXJ5U3RyaW5nUGFyYW1ldGVycz4NCiAgICA8L1JlcXVlc3Q+DQogICAgPFJlcXVlc3QgTWV0aG9kPSJHRVQiIFZlcnNpb249IjEuMSIgVXJsPSJodHRwOi8vYW5hbHl0aWNzLmxpdmUuY29tL1N5bmMuaHRtbCIgVGhpbmtUaW1lPSIwIiBUaW1lb3V0PSIzMDAiIFBhcnNlRGVwZW5kZW50UmVxdWVzdHM9IlRydWUiIEZvbGxvd1JlZGlyZWN0cz0iVHJ1ZSIgUmVjb3JkUmVzdWx0PSJUcnVlIiBDYWNoZT0iRmFsc2UiIFJlc3BvbnNlVGltZUdvYWw9IjAiIEVuY29kaW5nPSJ1dGYtOCIgRXhwZWN0ZWRIdHRwU3RhdHVzQ29kZT0iMCIgRXhwZWN0ZWRSZXNwb25zZVVybD0iIj4NCiAgICAgIDxRdWVyeVN0cmluZ1BhcmFtZXRlcnM+DQogICAgICAgIDxRdWVyeVN0cmluZ1BhcmFtZXRlciBOYW1lPSJWIiBWYWx1ZT0iMzUyNSIgUmVjb3JkZWRWYWx1ZT0iMzUyNSIgQ29ycmVsYXRpb25CaW5kaW5nPSIiIFVybEVuY29kZT0iRmFsc2UiIFVzZVRvR3JvdXBSZXN1bHRzPSJGYWxzZSIgLz4NCiAgICAgICAgPFF1ZXJ5U3RyaW5nUGFyYW1ldGVyIE5hbWU9IkFRTlQiIFZhbHVlPSIxIiBSZWNvcmRlZFZhbHVlPSIxIiBDb3JyZWxhdGlvbkJpbmRpbmc9IiIgVXJsRW5jb2RlPSJGYWxzZSIgVXNlVG9Hcm91cFJlc3VsdHM9IkZhbHNlIiAvPg0KICAgICAgPC9RdWVyeVN0cmluZ1BhcmFtZXRlcnM+DQogICAgPC9SZXF1ZXN0Pg0KICAgIDxSZXF1ZXN0IE1ldGhvZD0iR0VUIiBWZXJzaW9uPSIxLjEiIFVybD0iaHR0cDovL2FuYWx5dGljcy5tc24uY29tL0luY2x1ZGUuaHRtbCIgVGhpbmtUaW1lPSI3IiBUaW1lb3V0PSIzMDAiIFBhcnNlRGVwZW5kZW50UmVxdWVzdHM9IlRydWUiIEZvbGxvd1JlZGlyZWN0cz0iVHJ1ZSIgUmVjb3JkUmVzdWx0PSJUcnVlIiBDYWNoZT0iRmFsc2UiIFJlc3BvbnNlVGltZUdvYWw9IjAiIEVuY29kaW5nPSJ1dGYtOCIgRXhwZWN0ZWRIdHRwU3RhdHVzQ29kZT0iMCIgRXhwZWN0ZWRSZXNwb25zZVVybD0iIiAvPg0KICAgIDxSZXF1ZXN0IE1ldGhvZD0iR0VUIiBWZXJzaW9uPSIxLjEiIFVybD0iaHR0cDovLzc0LjguMjQzLjEzMy8iIFRoaW5rVGltZT0iMCIgVGltZW91dD0iMzAwIiBQYXJzZURlcGVuZGVudFJlcXVlc3RzPSJUcnVlIiBGb2xsb3dSZWRpcmVjdHM9IlRydWUiIFJlY29yZFJlc3VsdD0iVHJ1ZSIgQ2FjaGU9IkZhbHNlIiBSZXNwb25zZVRpbWVHb2FsPSIwIiBFbmNvZGluZz0idXRmLTgiIEV4cGVjdGVkSHR0cFN0YXR1c0NvZGU9IjAiIEV4cGVjdGVkUmVzcG9uc2VVcmw9IiI+DQogICAgICA8Q29ycmVsYXRpb25FeHRyYWN0aW9uUnVsZXM+DQogICAgICAgIDxFeHRyYWN0aW9uUnVsZSBDbGFzc25hbWU9Ik1pY3Jvc29mdC5WaXN1YWxTdHVkaW8uVGVzdFRvb2xzLldlYlRlc3RpbmcuUnVsZXMuRXh0cmFjdFRleHQsIE1pY3Jvc29mdC5WaXN1YWxTdHVkaW8uUXVhbGl0eVRvb2xzLldlYlRlc3RGcmFtZXdvcmssIFZlcnNpb249OS4wLjAuMCwgQ3VsdHVyZT1uZXV0cmFsLCBQdWJsaWNLZXlUb2tlbj1iMDNmNWY3ZjExZDUwYTNhIiBWYXJpYWJsZU5hbWU9IlF1ZXJ5U3RyaW5nUGFyYW00LldTSVFUUCIgRGlzcGxheU5hbWU9IiIgRGVzY3JpcHRpb249IiI+DQogICAgICAgICAgPFJ1bGVQYXJhbWV0ZXJzPg0KICAgICAgICAgICAgPFJ1bGVQYXJhbWV0ZXIgTmFtZT0iU3RhcnRzV2l0aCIgVmFsdWU9Ij9XU0lRVFA9IiAvPg0KICAgICAgICAgICAgPFJ1bGVQYXJhbWV0ZXIgTmFtZT0iRW5kc1dpdGgiIFZhbHVlPSImcXVvdDsiIC8+DQogICAgICAgICAgICA8UnVsZVBhcmFtZXRlciBOYW1lPSJJbmRleCIgVmFsdWU9IjAiIC8+DQogICAgICAgICAgICA8UnVsZVBhcmFtZXRlciBOYW1lPSJJZ25vcmVDYXNlIiBWYWx1ZT0iRmFsc2UiIC8+DQogICAgICAgICAgICA8UnVsZVBhcmFtZXRlciBOYW1lPSJVc2VSZWd1bGFyRXhwcmVzc2lvbiIgVmFsdWU9IkZhbHNlIiAvPg0KICAgICAgICAgICAgPFJ1bGVQYXJhbWV0ZXIgTmFtZT0iSHRtbERlY29kZSIgVmFsdWU9IlRydWUiIC8+DQogICAgICAgICAgICA8UnVsZVBhcmFtZXRlciBOYW1lPSJSZXF1aXJlZCIgVmFsdWU9IkZhbHNlIiAvPg0KICAgICAgICAgIDwvUnVsZVBhcmFtZXRlcnM+DQogICAgICAgIDwvRXh0cmFjdGlvblJ1bGU+DQogICAgICAgIDxFeHRyYWN0aW9uUnVsZSBDbGFzc25hbWU9Ik1pY3Jvc29mdC5WaXN1YWxTdHVkaW8uVGVzdFRvb2xzLldlYlRlc3RpbmcuUnVsZXMuRXh0cmFjdFRleHQsIE1pY3Jvc29mdC5WaXN1YWxTdHVkaW8uUXVhbGl0eVRvb2xzLldlYlRlc3RGcmFtZXdvcmssIFZlcnNpb249OS4wLjAuMCwgQ3VsdHVyZT1uZXV0cmFsLCBQdWJsaWNLZXlUb2tlbj1iMDNmNWY3ZjExZDUwYTNhIiBWYXJpYWJsZU5hbWU9IlF1ZXJ5U3RyaW5nUGFyYW01LldTSVFUUCIgRGlzcGxheU5hbWU9IiIgRGVzY3JpcHRpb249IiI+DQogICAgICAgICAgPFJ1bGVQYXJhbWV0ZXJzPg0KICAgICAgICAgICAgPFJ1bGVQYXJhbWV0ZXIgTmFtZT0iU3RhcnRzV2l0aCIgVmFsdWU9Ij9XU0lRVFA9IiAvPg0KICAgICAgICAgICAgPFJ1bGVQYXJhbWV0ZXIgTmFtZT0iRW5kc1dpdGgiIFZhbHVlPSImcXVvdDsiIC8+DQogICAgICAgICAgICA8UnVsZVBhcmFtZXRlciBOYW1lPSJJbmRleCIgVmFsdWU9IjEiIC8+DQogICAgICAgICAgICA8UnVsZVBhcmFtZXRlciBOYW1lPSJJZ25vcmVDYXNlIiBWYWx1ZT0iRmFsc2UiIC8+DQogICAgICAgICAgICA8UnVsZVBhcmFtZXRlciBOYW1lPSJVc2VSZWd1bGFyRXhwcmVzc2lvbiIgVmFsdWU9IkZhbHNlIiAvPg0KICAgICAgICAgICAgPFJ1bGVQYXJhbWV0ZXIgTmFtZT0iSHRtbERlY29kZSIgVmFsdWU9IlRydWUiIC8+DQogICAgICAgICAgICA8UnVsZVBhcmFtZXRlciBOYW1lPSJSZXF1aXJlZCIgVmFsdWU9IkZhbHNlIiAvPg0KICAgICAgICAgIDwvUnVsZVBhcmFtZXRlcnM+DQogICAgICAgIDwvRXh0cmFjdGlvblJ1bGU+DQogICAgICA8L0NvcnJlbGF0aW9uRXh0cmFjdGlvblJ1bGVzPg0KICAgIDwvUmVxdWVzdD4NCiAgICA8UmVxdWVzdCBNZXRob2Q9IkdFVCIgVmVyc2lvbj0iMS4xIiBVcmw9Imh0dHA6Ly83NC44LjI0My4xMzMvQUxJUy9XVzQwMFIuSFRNIiBUaGlua1RpbWU9IjAiIFRpbWVvdXQ9IjMwMCIgUGFyc2VEZXBlbmRlbnRSZXF1ZXN0cz0iVHJ1ZSIgRm9sbG93UmVkaXJlY3RzPSJUcnVlIiBSZWNvcmRSZXN1bHQ9IlRydWUiIENhY2hlPSJGYWxzZSIgUmVzcG9uc2VUaW1lR29hbD0iMCIgRW5jb2Rpbmc9InV0Zi04IiBFeHBlY3RlZEh0dHBTdGF0dXNDb2RlPSIwIiBFeHBlY3RlZFJlc3BvbnNlVXJsPSIiPg0KICAgICAgPENvcnJlbGF0aW9uRXh0cmFjdGlvblJ1bGVzPg0KICAgICAgICA8RXh0cmFjdGlvblJ1bGUgQ2xhc3NuYW1lPSJNaWNyb3NvZnQuVmlzdWFsU3R1ZGlvLlRlc3RUb29scy5XZWJUZXN0aW5nLlJ1bGVzLkV4dHJhY3RUZXh0LCBNaWNyb3NvZnQuVmlzdWFsU3R1ZGlvLlF1YWxpdHlUb29scy5XZWJUZXN0RnJhbWV3b3JrLCBWZXJzaW9uPTkuMC4wLjAsIEN1bHR1cmU9bmV1dHJhbCwgUHVibGljS2V5VG9rZW49YjAzZjVmN2YxMWQ1MGEzYSIgVmFyaWFibGVOYW1lPSJRdWVyeVN0cmluZ1BhcmFtMy5XU0lRVFAiIERpc3BsYXlOYW1lPSIiIERlc2NyaXB0aW9uPSIiPg0KICAgICAgICAgIDxSdWxlUGFyYW1ldGVycz4NCiAgICAgICAgICAgIDxSdWxlUGFyYW1ldGVyIE5hbWU9IlN0YXJ0c1dpdGgiIFZhbHVlPSI/V1NJUVRQPSIgLz4NCiAgICAgICAgICAgIDxSdWxlUGFyYW1ldGVyIE5hbWU9IkVuZHNXaXRoIiBWYWx1ZT0iJnF1b3Q7IiAvPg0KICAgICAgICAgICAgPFJ1bGVQYXJhbWV0ZXIgTmFtZT0iSW5kZXgiIFZhbHVlPSIwIiAvPg0KICAgICAgICAgICAgPFJ1bGVQYXJhbWV0ZXIgTmFtZT0iSWdub3JlQ2FzZSIgVmFsdWU9IkZhbHNlIiAvPg0KICAgICAgICAgICAgPFJ1bGVQYXJhbWV0ZXIgTmFtZT0iVXNlUmVndWxhckV4cHJlc3Npb24iIFZhbHVlPSJGYWxzZSIgLz4NCiAgICAgICAgICAgIDxSdWxlUGFyYW1ldGVyIE5hbWU9Ikh0bWxEZWNvZGUiIFZhbHVlPSJUcnVlIiAvPg0KICAgICAgICAgICAgPFJ1bGVQYXJhbWV0ZXIgTmFtZT0iUmVxdWlyZWQiIFZhbHVlPSJGYWxzZSIgLz4NCiAgICAgICAgICA8L1J1bGVQYXJhbWV0ZXJzPg0KICAgICAgICA8L0V4dHJhY3Rpb25SdWxlPg0KICAgICAgPC9Db3JyZWxhdGlvbkV4dHJhY3Rpb25SdWxlcz4NCiAgICAgIDxRdWVyeVN0cmluZ1BhcmFtZXRlcnM+DQogICAgICAgIDxRdWVyeVN0cmluZ1BhcmFtZXRlciBOYW1lPSJXU0lRVFAiIFZhbHVlPSJTWTQwRiIgUmVjb3JkZWRWYWx1ZT0iU1k0MEYiIENvcnJlbGF0aW9uQmluZGluZz0ie3tRdWVyeVN0cmluZ1BhcmFtNC5XU0lRVFB9fSIgVXJsRW5jb2RlPSJGYWxzZSIgVXNlVG9Hcm91cFJlc3VsdHM9IkZhbHNlIiAvPg0KICAgICAgPC9RdWVyeVN0cmluZ1BhcmFtZXRlcnM+DQogICAgPC9SZXF1ZXN0Pg0KICAgIDxSZXF1ZXN0IE1ldGhvZD0iR0VUIiBWZXJzaW9uPSIxLjEiIFVybD0iaHR0cDovLzc0LjguMjQzLjEzMy9BTElTL1dXNDAwUi5IVE0iIFRoaW5rVGltZT0iMCIgVGltZW91dD0iMzAwIiBQYXJzZURlcGVuZGVudFJlcXVlc3RzPSJUcnVlIiBGb2xsb3dSZWRpcmVjdHM9IlRydWUiIFJlY29yZFJlc3VsdD0iVHJ1ZSIgQ2FjaGU9IkZhbHNlIiBSZXNwb25zZVRpbWVHb2FsPSIwIiBFbmNvZGluZz0idXRmLTgiIEV4cGVjdGVkSHR0cFN0YXR1c0NvZGU9IjAiIEV4cGVjdGVkUmVzcG9uc2VVcmw9IiI+DQogICAgICA8UXVlcnlTdHJpbmdQYXJhbWV0ZXJzPg0KICAgICAgICA8UXVlcnlTdHJpbmdQYXJhbWV0ZXIgTmFtZT0iV1NJUVRQIiBWYWx1ZT0iU1k0MFIiIFJlY29yZGVkVmFsdWU9IlNZNDBSIiBDb3JyZWxhdGlvbkJpbmRpbmc9Int7UXVlcnlTdHJpbmdQYXJhbTUuV1NJUVRQfX0iIFVybEVuY29kZT0iRmFsc2UiIFVzZVRvR3JvdXBSZXN1bHRzPSJGYWxzZSIgLz4NCiAgICAgIDwvUXVlcnlTdHJpbmdQYXJhbWV0ZXJzPg0KICAgIDwvUmVxdWVzdD4NCiAgICA8UmVxdWVzdCBNZXRob2Q9IkdFVCIgVmVyc2lvbj0iMS4xIiBVcmw9Imh0dHA6Ly83NC44LjI0My4xMzMvaHRtbC9GSVRDSEJSRy9Ob3RpY2VBLmh0bSIgVGhpbmtUaW1lPSIwIiBUaW1lb3V0PSIzMDAiIFBhcnNlRGVwZW5kZW50UmVxdWVzdHM9IlRydWUiIEZvbGxvd1JlZGlyZWN0cz0iVHJ1ZSIgUmVjb3JkUmVzdWx0PSJUcnVlIiBDYWNoZT0iRmFsc2UiIFJlc3BvbnNlVGltZUdvYWw9IjAiIEVuY29kaW5nPSJ1dGYtOCIgRXhwZWN0ZWRIdHRwU3RhdHVzQ29kZT0iMCIgRXhwZWN0ZWRSZXNwb25zZVVybD0iIiAvPg0KICAgIDxSZXF1ZXN0IE1ldGhvZD0iR0VUIiBWZXJzaW9uPSIxLjEiIFVybD0iaHR0cDovLzc0LjguMjQzLjEzMy9mYXZpY29uLmljbyIgVGhpbmtUaW1lPSIxIiBUaW1lb3V0PSIzMDAiIFBhcnNlRGVwZW5kZW50UmVxdWVzdHM9IlRydWUiIEZvbGxvd1JlZGlyZWN0cz0iVHJ1ZSIgUmVjb3JkUmVzdWx0PSJUcnVlIiBDYWNoZT0iRmFsc2UiIFJlc3BvbnNlVGltZUdvYWw9IjAiIEVuY29kaW5nPSJpc28tODg1OS0xIiBFeHBlY3RlZEh0dHBTdGF0dXNDb2RlPSIwIiBFeHBlY3RlZFJlc3BvbnNlVXJsPSIiIC8+DQogICAgPFJlcXVlc3QgTWV0aG9kPSJHRVQiIFZlcnNpb249IjEuMSIgVXJsPSJodHRwOi8vNzQuOC4yNDMuMTMzL0FMSVMvV1c0MDBSLkhUTSIgVGhpbmtUaW1lPSIyIiBUaW1lb3V0PSIzMDAiIFBhcnNlRGVwZW5kZW50UmVxdWVzdHM9IlRydWUiIEZvbGxvd1JlZGlyZWN0cz0iVHJ1ZSIgUmVjb3JkUmVzdWx0PSJUcnVlIiBDYWNoZT0iRmFsc2UiIFJlc3BvbnNlVGltZUdvYWw9IjAiIEVuY29kaW5nPSJpc28tODg1OS0xIiBFeHBlY3RlZEh0dHBTdGF0dXNDb2RlPSIwIiBFeHBlY3RlZFJlc3BvbnNlVXJsPSIiPg0KICAgICAgPENvcnJlbGF0aW9uRXh0cmFjdGlvblJ1bGVzPg0KICAgICAgICA8RXh0cmFjdGlvblJ1bGUgQ2xhc3NuYW1lPSJNaWNyb3NvZnQuVmlzdWFsU3R1ZGlvLlRlc3RUb29scy5XZWJUZXN0aW5nLlJ1bGVzLkV4dHJhY3RUZXh0LCBNaWNyb3NvZnQuVmlzdWFsU3R1ZGlvLlF1YWxpdHlUb29scy5XZWJUZXN0RnJhbWV3b3JrLCBWZXJzaW9uPTkuMC4wLjAsIEN1bHR1cmU9bmV1dHJhbCwgUHVibGljS2V5VG9rZW49YjAzZjVmN2YxMWQ1MGEzYSIgVmFyaWFibGVOYW1lPSJRdWVyeVN0cmluZ1BhcmFtMS5XU0lRVFAiIERpc3BsYXlOYW1lPSIiIERlc2NyaXB0aW9uPSIiPg0KICAgICAgICAgIDxSdWxlUGFyYW1ldGVycz4NCiAgICAgICAgICAgIDxSdWxlUGFyYW1ldGVyIE5hbWU9IlN0YXJ0c1dpdGgiIFZhbHVlPSI/V1NJUVRQPSIgLz4NCiAgICAgICAgICAgIDxSdWxlUGFyYW1ldGVyIE5hbWU9IkVuZHNXaXRoIiBWYWx1ZT0iJmFtcDsiIC8+DQogICAgICAgICAgICA8UnVsZVBhcmFtZXRlciBOYW1lPSJJbmRleCIgVmFsdWU9IjQiIC8+DQogICAgICAgICAgICA8UnVsZVBhcmFtZXRlciBOYW1lPSJJZ25vcmVDYXNlIiBWYWx1ZT0iRmFsc2UiIC8+DQogICAgICAgICAgICA8UnVsZVBhcmFtZXRlciBOYW1lPSJVc2VSZWd1bGFyRXhwcmVzc2lvbiIgVmFsdWU9IkZhbHNlIiAvPg0KICAgICAgICAgICAgPFJ1bGVQYXJhbWV0ZXIgTmFtZT0iSHRtbERlY29kZSIgVmFsdWU9IlRydWUiIC8+DQogICAgICAgICAgICA8UnVsZVBhcmFtZXRlciBOYW1lPSJSZXF1aXJlZCIgVmFsdWU9IkZhbHNlIiAvPg0KICAgICAgICAgIDwvUnVsZVBhcmFtZXRlcnM+DQogICAgICAgIDwvRXh0cmFjdGlvblJ1bGU+DQogICAgICAgIDxFeHRyYWN0aW9uUnVsZSBDbGFzc25hbWU9Ik1pY3Jvc29mdC5WaXN1YWxTdHVkaW8uVGVzdFRvb2xzLldlYlRlc3RpbmcuUnVsZXMuRXh0cmFjdFRleHQsIE1pY3Jvc29mdC5WaXN1YWxTdHVkaW8uUXVhbGl0eVRvb2xzLldlYlRlc3RGcmFtZXdvcmssIFZlcnNpb249OS4wLjAuMCwgQ3VsdHVyZT1uZXV0cmFsLCBQdWJsaWNLZXlUb2tlbj1iMDNmNWY3ZjExZDUwYTNhIiBWYXJpYWJsZU5hbWU9IlF1ZXJ5U3RyaW5nUGFyYW0yLldTS1lDRCIgRGlzcGxheU5hbWU9IiIgRGVzY3JpcHRpb249IiI+DQogICAgICAgICAgPFJ1bGVQYXJhbWV0ZXJzPg0KICAgICAgICAgICAgPFJ1bGVQYXJhbWV0ZXIgTmFtZT0iU3RhcnRzV2l0aCIgVmFsdWU9IiZhbXA7V1NLWUNEPSIgLz4NCiAgICAgICAgICAgIDxSdWxlUGFyYW1ldGVyIE5hbWU9IkVuZHNXaXRoIiBWYWx1ZT0iJnF1b3Q7IiAvPg0KICAgICAgICAgICAgPFJ1bGVQYXJhbWV0ZXIgTmFtZT0iSW5kZXgiIFZhbHVlPSI0IiAvPg0KICAgICAgICAgICAgPFJ1bGVQYXJhbWV0ZXIgTmFtZT0iSWdub3JlQ2FzZSIgVmFsdWU9IkZhbHNlIiAvPg0KICAgICAgICAgICAgPFJ1bGVQYXJhbWV0ZXIgTmFtZT0iVXNlUmVndWxhckV4cHJlc3Npb24iIFZhbHVlPSJGYWxzZSIgLz4NCiAgICAgICAgICAgIDxSdWxlUGFyYW1ldGVyIE5hbWU9Ikh0bWxEZWNvZGUiIFZhbHVlPSJUcnVlIiAvPg0KICAgICAgICAgICAgPFJ1bGVQYXJhbWV0ZXIgTmFtZT0iUmVxdWlyZWQiIFZhbHVlPSJGYWxzZSIgLz4NCiAgICAgICAgICA8L1J1bGVQYXJhbWV0ZXJzPg0KICAgICAgICA8L0V4dHJhY3Rpb25SdWxlPg0KICAgICAgPC9Db3JyZWxhdGlvbkV4dHJhY3Rpb25SdWxlcz4NCiAgICAgIDxRdWVyeVN0cmluZ1BhcmFtZXRlcnM+DQogICAgICAgIDxRdWVyeVN0cmluZ1BhcmFtZXRlciBOYW1lPSJXU0lRVFAiIFZhbHVlPSJTWTQwTCIgUmVjb3JkZWRWYWx1ZT0iU1k0MEwiIENvcnJlbGF0aW9uQmluZGluZz0ie3tRdWVyeVN0cmluZ1BhcmFtMy5XU0lRVFB9fSIgVXJsRW5jb2RlPSJGYWxzZSIgVXNlVG9Hcm91cFJlc3VsdHM9IkZhbHNlIiAvPg0KICAgICAgPC9RdWVyeVN0cmluZ1BhcmFtZXRlcnM+DQogICAgPC9SZXF1ZXN0Pg0KICAgIDxSZXF1ZXN0IE1ldGhvZD0iR0VUIiBWZXJzaW9uPSIxLjEiIFVybD0iaHR0cDovLzc0LjguMjQzLjEzMy9BTElTL1dXNDAwUi5IVE0iIFRoaW5rVGltZT0iNCIgVGltZW91dD0iMzAwIiBQYXJzZURlcGVuZGVudFJlcXVlc3RzPSJUcnVlIiBGb2xsb3dSZWRpcmVjdHM9IlRydWUiIFJlY29yZFJlc3VsdD0iVHJ1ZSIgQ2FjaGU9IkZhbHNlIiBSZXNwb25zZVRpbWVHb2FsPSIwIiBFbmNvZGluZz0iaXNvLTg4NTktMSIgRXhwZWN0ZWRIdHRwU3RhdHVzQ29kZT0iMCIgRXhwZWN0ZWRSZXNwb25zZVVybD0iIj4NCiAgICAgIDxFeHRyYWN0aW9uUnVsZXM+DQogICAgICAgIDxFeHRyYWN0aW9uUnVsZSBDbGFzc25hbWU9Ik1pY3Jvc29mdC5WaXN1YWxTdHVkaW8uVGVzdFRvb2xzLldlYlRlc3RpbmcuUnVsZXMuRXh0cmFjdEhpZGRlbkZpZWxkcywgTWljcm9zb2Z0LlZpc3VhbFN0dWRpby5RdWFsaXR5VG9vbHMuV2ViVGVzdEZyYW1ld29yaywgVmVyc2lvbj05LjAuMC4wLCBDdWx0dXJlPW5ldXRyYWwsIFB1YmxpY0tleVRva2VuPWIwM2Y1ZjdmMTFkNTBhM2EiIFZhcmlhYmxlTmFtZT0iMSIgRGlzcGxheU5hbWU9IkV4dHJhY3QgSGlkZGVuIEZpZWxkcyIgRGVzY3JpcHRpb249IkV4dHJhY3QgYWxsIGhpZGRlbiBmaWVsZHMgZnJvbSB0aGUgcmVzcG9uc2UgYW5kIHBsYWNlIHRoZW0gaW50byB0aGUgdGVzdCBjb250ZXh0LiI+DQogICAgICAgICAgPFJ1bGVQYXJhbWV0ZXJzPg0KICAgICAgICAgICAgPFJ1bGVQYXJhbWV0ZXIgTmFtZT0iUmVxdWlyZWQiIFZhbHVlPSJUcnVlIiAvPg0KICAgICAgICAgICAgPFJ1bGVQYXJhbWV0ZXIgTmFtZT0iSHRtbERlY29kZSIgVmFsdWU9IlRydWUiIC8+DQogICAgICAgICAgPC9SdWxlUGFyYW1ldGVycz4NCiAgICAgICAgPC9FeHRyYWN0aW9uUnVsZT4NCiAgICAgIDwvRXh0cmFjdGlvblJ1bGVzPg0KICAgICAgPENvcnJlbGF0aW9uRXh0cmFjdGlvblJ1bGVzPg0KICAgICAgICA8RXh0cmFjdGlvblJ1bGUgQ2xhc3NuYW1lPSJNaWNyb3NvZnQuVmlzdWFsU3R1ZGlvLlRlc3RUb29scy5XZWJUZXN0aW5nLlJ1bGVzLkV4dHJhY3RGb3JtRmllbGQsIE1pY3Jvc29mdC5WaXN1YWxTdHVkaW8uUXVhbGl0eVRvb2xzLldlYlRlc3RGcmFtZXdvcmssIFZlcnNpb249OS4wLjAuMCwgQ3VsdHVyZT1uZXV0cmFsLCBQdWJsaWNLZXlUb2tlbj1iMDNmNWY3ZjExZDUwYTNhIiBWYXJpYWJsZU5hbWU9IkZvcm1Qb3N0UGFyYW0xLlc5RkRUQSIgRGlzcGxheU5hbWU9IiIgRGVzY3JpcHRpb249IiI+DQogICAgICAgICAgPFJ1bGVQYXJhbWV0ZXJzPg0KICAgICAgICAgICAgPFJ1bGVQYXJhbWV0ZXIgTmFtZT0iTmFtZSIgVmFsdWU9Ilc5RkRUQSIgLz4NCiAgICAgICAgICAgIDxSdWxlUGFyYW1ldGVyIE5hbWU9Ikh0bWxEZWNvZGUiIFZhbHVlPSJUcnVlIiAvPg0KICAgICAgICAgICAgPFJ1bGVQYXJhbWV0ZXIgTmFtZT0iUmVxdWlyZWQiIFZhbHVlPSJGYWxzZSIgLz4NCiAgICAgICAgICA8L1J1bGVQYXJhbWV0ZXJzPg0KICAgICAgICA8L0V4dHJhY3Rpb25SdWxlPg0KICAgICAgICA8RXh0cmFjdGlvblJ1bGUgQ2xhc3NuYW1lPSJNaWNyb3NvZnQuVmlzdWFsU3R1ZGlvLlRlc3RUb29scy5XZWJUZXN0aW5nLlJ1bGVzLkV4dHJhY3RGb3JtRmllbGQsIE1pY3Jvc29mdC5WaXN1YWxTdHVkaW8uUXVhbGl0eVRvb2xzLldlYlRlc3RGcmFtZXdvcmssIFZlcnNpb249OS4wLjAuMCwgQ3VsdHVyZT1uZXV0cmFsLCBQdWJsaWNLZXlUb2tlbj1iMDNmNWY3ZjExZDUwYTNhIiBWYXJpYWJsZU5hbWU9IkZvcm1Qb3N0UGFyYW0yLlc5VERUQSIgRGlzcGxheU5hbWU9IiIgRGVzY3JpcHRpb249IiI+DQogICAgICAgICAgPFJ1bGVQYXJhbWV0ZXJzPg0KICAgICAgICAgICAgPFJ1bGVQYXJhbWV0ZXIgTmFtZT0iTmFtZSIgVmFsdWU9Ilc5VERUQSIgLz4NCiAgICAgICAgICAgIDxSdWxlUGFyYW1ldGVyIE5hbWU9Ikh0bWxEZWNvZGUiIFZhbHVlPSJUcnVlIiAvPg0KICAgICAgICAgICAgPFJ1bGVQYXJhbWV0ZXIgTmFtZT0iUmVxdWlyZWQiIFZhbHVlPSJGYWxzZSIgLz4NCiAgICAgICAgICA8L1J1bGVQYXJhbWV0ZXJzPg0KICAgICAgICA8L0V4dHJhY3Rpb25SdWxlPg0KICAgICAgICA8RXh0cmFjdGlvblJ1bGUgQ2xhc3NuYW1lPSJNaWNyb3NvZnQuVmlzdWFsU3R1ZGlvLlRlc3RUb29scy5XZWJUZXN0aW5nLlJ1bGVzLkV4dHJhY3RUZXh0LCBNaWNyb3NvZnQuVmlzdWFsU3R1ZGlvLlF1YWxpdHlUb29scy5XZWJUZXN0RnJhbWV3b3JrLCBWZXJzaW9uPTkuMC4wLjAsIEN1bHR1cmU9bmV1dHJhbCwgUHVibGljS2V5VG9rZW49YjAzZjVmN2YxMWQ1MGEzYSIgVmFyaWFibGVOYW1lPSJGb3JtUG9zdFBhcmFtMy5XOUFCUiIgRGlzcGxheU5hbWU9IiIgRGVzY3JpcHRpb249IiI+DQogICAgICAgICAgPFJ1bGVQYXJhbWV0ZXJzPg0KICAgICAgICAgICAgPFJ1bGVQYXJhbWV0ZXIgTmFtZT0iU3RhcnRzV2l0aCIgVmFsdWU9Imx1ZT0mcXVvdDsiIC8+DQogICAgICAgICAgICA8UnVsZVBhcmFtZXRlciBOYW1lPSJFbmRzV2l0aCIgVmFsdWU9IiZxdW90OyZndDsqQWwiIC8+DQogICAgICAgICAgICA8UnVsZVBhcmFtZXRlciBOYW1lPSJJbmRleCIgVmFsdWU9IjAiIC8+DQogICAgICAgICAgICA8UnVsZVBhcmFtZXRlciBOYW1lPSJJZ25vcmVDYXNlIiBWYWx1ZT0iRmFsc2UiIC8+DQogICAgICAgICAgICA8UnVsZVBhcmFtZXRlciBOYW1lPSJVc2VSZWd1bGFyRXhwcmVzc2lvbiIgVmFsdWU9IkZhbHNlIiAvPg0KICAgICAgICAgICAgPFJ1bGVQYXJhbWV0ZXIgTmFtZT0iSHRtbERlY29kZSIgVmFsdWU9IlRydWUiIC8+DQogICAgICAgICAgICA8UnVsZVBhcmFtZXRlciBOYW1lPSJSZXF1aXJlZCIgVmFsdWU9IkZhbHNlIiAvPg0KICAgICAgICAgIDwvUnVsZVBhcmFtZXRlcnM+DQogICAgICAgIDwvRXh0cmFjdGlvblJ1bGU+DQogICAgICAgIDxFeHRyYWN0aW9uUnVsZSBDbGFzc25hbWU9Ik1pY3Jvc29mdC5WaXN1YWxTdHVkaW8uVGVzdFRvb2xzLldlYlRlc3RpbmcuUnVsZXMuRXh0cmFjdFRleHQsIE1pY3Jvc29mdC5WaXN1YWxTdHVkaW8uUXVhbGl0eVRvb2xzLldlYlRlc3RGcmFtZXdvcmssIFZlcnNpb249OS4wLjAuMCwgQ3VsdHVyZT1uZXV0cmFsLCBQdWJsaWNLZXlUb2tlbj1iMDNmNWY3ZjExZDUwYTNhIiBWYXJpYWJsZU5hbWU9IkZvcm1Qb3N0UGFyYW00Llc5VE9XTiIgRGlzcGxheU5hbWU9IiIgRGVzY3JpcHRpb249IiI+DQogICAgICAgICAgPFJ1bGVQYXJhbWV0ZXJzPg0KICAgICAgICAgICAgPFJ1bGVQYXJhbWV0ZXIgTmFtZT0iU3RhcnRzV2l0aCIgVmFsdWU9Imx1ZT0mcXVvdDsiIC8+DQogICAgICAgICAgICA8UnVsZVBhcmFtZXRlciBOYW1lPSJFbmRzV2l0aCIgVmFsdWU9IiZxdW90OyZndDsqQWwiIC8+DQogICAgICAgICAgICA8UnVsZVBhcmFtZXRlciBOYW1lPSJJbmRleCIgVmFsdWU9IjAiIC8+DQogICAgICAgICAgICA8UnVsZVBhcmFtZXRlciBOYW1lPSJJZ25vcmVDYXNlIiBWYWx1ZT0iRmFsc2UiIC8+DQogICAgICAgICAgICA8UnVsZVBhcmFtZXRlciBOYW1lPSJVc2VSZWd1bGFyRXhwcmVzc2lvbiIgVmFsdWU9IkZhbHNlIiAvPg0KICAgICAgICAgICAgPFJ1bGVQYXJhbWV0ZXIgTmFtZT0iSHRtbERlY29kZSIgVmFsdWU9IlRydWUiIC8+DQogICAgICAgICAgICA8UnVsZVBhcmFtZXRlciBOYW1lPSJSZXF1aXJlZCIgVmFsdWU9IkZhbHNlIiAvPg0KICAgICAgICAgIDwvUnVsZVBhcmFtZXRlcnM+DQogICAgICAgIDwvRXh0cmFjdGlvblJ1bGU+DQogICAgICA8L0NvcnJlbGF0aW9uRXh0cmFjdGlvblJ1bGVzPg0KICAgICAgPFF1ZXJ5U3RyaW5nUGFyYW1ldGVycz4NCiAgICAgICAgPFF1ZXJ5U3RyaW5nUGFyYW1ldGVyIE5hbWU9IldTSVFUUCIgVmFsdWU9IkxSMDlEIiBSZWNvcmRlZFZhbHVlPSJMUjA5RCIgQ29ycmVsYXRpb25CaW5kaW5nPSJ7e1F1ZXJ5U3RyaW5nUGFyYW0xLldTSVFUUH19IiBVcmxFbmNvZGU9IkZhbHNlIiBVc2VUb0dyb3VwUmVzdWx0cz0iRmFsc2UiIC8+DQogICAgICAgIDxRdWVyeVN0cmluZ1BhcmFtZXRlciBOYW1lPSJXU0tZQ0QiIFZhbHVlPSJFIiBSZWNvcmRlZFZhbHVlPSJFIiBDb3JyZWxhdGlvbkJpbmRpbmc9Int7UXVlcnlTdHJpbmdQYXJhbTIuV1NLWUNEfX0iIFVybEVuY29kZT0iRmFsc2UiIFVzZVRvR3JvdXBSZXN1bHRzPSJGYWxzZSIgLz4NCiAgICAgIDwvUXVlcnlTdHJpbmdQYXJhbWV0ZXJzPg0KICAgIDwvUmVxdWVzdD4NCiAgICA8UmVxdWVzdCBNZXRob2Q9IlBPU1QiIFZlcnNpb249IjEuMSIgVXJsPSJodHRwOi8vNzQuOC4yNDMuMTMzL0FMSVMvV1c0MDBSLkhUTSIgVGhpbmtUaW1lPSIwIiBUaW1lb3V0PSIzMDAiIFBhcnNlRGVwZW5kZW50UmVxdWVzdHM9IlRydWUiIEZvbGxvd1JlZGlyZWN0cz0iVHJ1ZSIgUmVjb3JkUmVzdWx0PSJUcnVlIiBDYWNoZT0iRmFsc2UiIFJlc3BvbnNlVGltZUdvYWw9IjAiIEVuY29kaW5nPSJpc28tODg1OS0xIiBFeHBlY3RlZEh0dHBTdGF0dXNDb2RlPSIwIiBFeHBlY3RlZFJlc3BvbnNlVXJsPSIiPg0KICAgICAgPEZvcm1Qb3N0SHR0cEJvZHk+DQogICAgICAgIDxGb3JtUG9zdFBhcmFtZXRlciBOYW1lPSJXOUZEVEEiIFZhbHVlPSIwMTE0MjAxMCIgUmVjb3JkZWRWYWx1ZT0iMDExNDIwMTAiIENvcnJlbGF0aW9uQmluZGluZz0ie3tGb3JtUG9zdFBhcmFtMS5XOUZEVEF9fSIgVXJsRW5jb2RlPSJUcnVlIiAvPg0KICAgICAgICA8Rm9ybVBvc3RQYXJhbWV0ZXIgTmFtZT0iVzlURFRBIiBWYWx1ZT0iMDExNDIwMTAiIFJlY29yZGVkVmFsdWU9IjAxMTQyMDEwIiBDb3JyZWxhdGlvbkJpbmRpbmc9Int7Rm9ybVBvc3RQYXJhbTIuVzlURFRBfX0iIFVybEVuY29kZT0iVHJ1ZSIgLz4NCiAgICAgICAgPEZvcm1Qb3N0UGFyYW1ldGVyIE5hbWU9Ilc5QUJSIiBWYWx1ZT0iKkFMTCIgUmVjb3JkZWRWYWx1ZT0iKkFMTCIgQ29ycmVsYXRpb25CaW5kaW5nPSJ7e0Zvcm1Qb3N0UGFyYW0zLlc5QUJSfX0iIFVybEVuY29kZT0iVHJ1ZSIgLz4NCiAgICAgICAgPEZvcm1Qb3N0UGFyYW1ldGVyIE5hbWU9Ilc5VE9XTiIgVmFsdWU9IipBTEwiIFJlY29yZGVkVmFsdWU9IipBTEwiIENvcnJlbGF0aW9uQmluZGluZz0ie3tGb3JtUG9zdFBhcmFtNC5XOVRPV059fSIgVXJsRW5jb2RlPSJUcnVlIiAvPg0KICAgICAgICA8Rm9ybVBvc3RQYXJhbWV0ZXIgTmFtZT0iVzlGQyQiIFZhbHVlPSIiIFJlY29yZGVkVmFsdWU9IiIgQ29ycmVsYXRpb25CaW5kaW5nPSIiIFVybEVuY29kZT0iVHJ1ZSIgLz4NCiAgICAgICAgPEZvcm1Qb3N0UGFyYW1ldGVyIE5hbWU9Ilc5VEMkIiBWYWx1ZT0iIiBSZWNvcmRlZFZhbHVlPSIiIENvcnJlbGF0aW9uQmluZGluZz0iIiBVcmxFbmNvZGU9IlRydWUiIC8+DQogICAgICAgIDxGb3JtUG9zdFBhcmFtZXRlciBOYW1lPSJXU0hUTk0iIFZhbHVlPSJ7eyRISURERU4xLldTSFROTX19IiBSZWNvcmRlZFZhbHVlPSJXVzQxM1IwMCIgQ29ycmVsYXRpb25CaW5kaW5nPSIiIFVybEVuY29kZT0iVHJ1ZSIgLz4NCiAgICAgICAgPEZvcm1Qb3N0UGFyYW1ldGVyIE5hbWU9IldTSVFUUCIgVmFsdWU9Int7JEhJRERFTjEuV1NJUVRQfX0iIFJlY29yZGVkVmFsdWU9IkxSMTNBIiBDb3JyZWxhdGlvbkJpbmRpbmc9IiIgVXJsRW5jb2RlPSJUcnVlIiAvPg0KICAgICAgICA8Rm9ybVBvc3RQYXJhbWV0ZXIgTmFtZT0iV1NLWUNEIiBWYWx1ZT0ie3skSElEREVOMS5XU0tZQ0R9fSIgUmVjb3JkZWRWYWx1ZT0iRSIgQ29ycmVsYXRpb25CaW5kaW5nPSIiIFVybEVuY29kZT0iVHJ1ZSIgLz4NCiAgICAgIDwvRm9ybVBvc3RIdHRwQm9keT4NCiAgICA8L1JlcXVlc3Q+DQogIDwvSXRlbXM+DQogIDxWYWxpZGF0aW9uUnVsZXM+DQogICAgPFZhbGlkYXRpb25SdWxlIENsYXNzbmFtZT0iTWljcm9zb2Z0LlZpc3VhbFN0dWRpby5UZXN0VG9vbHMuV2ViVGVzdGluZy5SdWxlcy5WYWxpZGF0ZVJlc3BvbnNlVXJsLCBNaWNyb3NvZnQuVmlzdWFsU3R1ZGlvLlF1YWxpdHlUb29scy5XZWJUZXN0RnJhbWV3b3JrLCBWZXJzaW9uPTkuMC4wLjAsIEN1bHR1cmU9bmV1dHJhbCwgUHVibGljS2V5VG9rZW49YjAzZjVmN2YxMWQ1MGEzYSIgRGlzcGxheU5hbWU9IlJlc3BvbnNlIFVSTCIgRGVzY3JpcHRpb249IlZhbGlkYXRlcyB0aGF0IHRoZSByZXNwb25zZSBVUkwgYWZ0ZXIgcmVkaXJlY3RzIGFyZSBmb2xsb3dlZCBpcyB0aGUgc2FtZSBhcyB0aGUgcmVjb3JkZWQgcmVzcG9uc2UgVVJMLiAgUXVlcnlTdHJpbmcgcGFyYW1ldGVycyBhcmUgaWdub3JlZC4iIExldmVsPSJMb3ciIC8+DQogIDwvVmFsaWRhdGlvblJ1bGVzPg0KPC9XZWJUZXN0Pg==">
      <Css projectStructure="" iteration="" />
      <Owners>
        <Owner name="" />
      </Owners>
      <Execution id="005bfc2b-62ca-4053-8c1f-0b4ac424489d" />
    </WebTest>
  </TestDefinitions>
  <TestLists>
    <TestList name="Results Not in a List" id="8c84fa94-04c1-424b-9868-57a2d4851a1d" />
    <TestList name="All Loaded Results" id="19431567-8539-422a-85d7-44ee4e166bda" />
  </TestLists>
  <TestEntries>
    <TestEntry isTransparent="false" testId="cf63c8d7-fbbe-4ef2-87a9-4c414c1aeb9d" executionId="005bfc2b-62ca-4053-8c1f-0b4ac424489d" testListId="8c84fa94-04c1-424b-9868-57a2d4851a1d" />
  </TestEntries>
  <Results>
    <WebTestResult executionId="005bfc2b-62ca-4053-8c1f-0b4ac424489d" testId="cf63c8d7-fbbe-4ef2-87a9-4c414c1aeb9d" testName="WebTest1" computerName="LVDVMRALLEN7" duration="00:00:03.5025200" startTime="2010-01-14T21:21:33.8812513-07:00" endTime="2010-01-14T21:21:37.5435113-07:00" testType="4e7599fa-5ecb-43e9-a887-cd63cf72d207" outcome="Failed" testListId="8c84fa94-04c1-424b-9868-57a2d4851a1d">
      <Output>
        <ErrorInfo>
          <Message>4 primary requests and 0 dependant requests failed</Message>
        </ErrorInfo>
      </Output>
      <ByteArrayCache nextHandle="28">
        <Entry handle="27" bytes="H4sIAAAAAAAEAO29B2AcSZYlJi9tynt/SvVK1+B0oQiAYBMk2JBAEOzBiM3mkuwdaUcjKasqgcplVmVdZhZAzO2dvPfee++999577733ujudTif33/8/XGZkAWz2zkrayZ4hgKrIHz9+fB8/Ih7/rk+/PHnz+7w8Tb/95ovn6cuvnjw/O0k/2r579+z0zbO7d5++eSrf7I137t49ffHRUfIYfx89/vbp8VP6483Zm+enR/s7++mLqk2fVevl7PFd+TB5fJcbPX7y5dPfB+/tHnlt6K/k8cujN/M8rfNftM6bNp+lX716nt49zy6LabUc0z/pVdakS3rpHC+l1TJt50WTNnl9mdfjx3dfopNJNbs+enx33i7Ko+T/ATup3KvRAAAA" />
        <Entry handle="26" bytes="H4sIAAAAAAAEAO29B2AcSZYlJi9tynt/SvVK1+B0oQiAYBMk2JBAEOzBiM3mkuwdaUcjKasqgcplVmVdZhZAzO2dvPfee++999577733ujudTif33/8/XGZkAWz2zkrayZ4hgKrIHz9+fB8/Ih7P20WZvluUy+ZR9dlH63r5qJnO80XWbC+KaV011Xm7Pa0Wj6rz82Ka64+PfuNEXrm6xStXVT2zLzTt7i1eaRZZ3bbZRWPe++yjeduuHt29e3V1Nb66N67qi7tvXt19dXqyjQHs73x09Bsnv3HyeJ5nM/rt8SJvsxSvbOe/aF1cfnZSLdt82W6/uV7l6VT++OyjNn/X3sX7h+l0ntVN3n62brazZloUH1koy2yRf/ayri7OZvbN79KQxk+r6XpBf4UtP8+XeZ21Ve26+cIMMcV76e5uB/iXdXFRLG/zTlks36Z1Xn72rCjz7edF06bzOj//7KMXX745Ozk9/v3P6fPmLv4t6csx0Y7fa4u2zI8Aapo3bV6nL6q6naev8gtqVV+n1Xn6NM9nTfr4rjSld6pHrzELb7ILJhowbVbZNF/XxXvOoIzyo5Oivf7o7s8K6FVJbwvs33V7+3vFeXrR5umiqdKH3z96TFSgb1Lq1kwZTecqr9sib/AFvjlet/OqPjqeLYolaILZeHzXfq6t3uQL6qrNj4h+i6xEA/uRNnmeNe0QMO87bf0qvyyaoloe7eF7+5fprmqz8k2xyI/uc1f2T/3+pM6p59nR3s7uzvbO7vbu3pvde4/u7T7a2fkpvGC+91B7nV1ueMG10FdeZhdEo118J7/q52DKhsDgC/ndoERylE2Jxegt+dr7xLSpFqtseX30Op/WJATCf+08T+mLRbW8yrOynfOr2tDgXywNMvKrRbLOLupsNbeY2r97WH23aOevwWvU9t7DED/vO33vJ+lTzMfu7vj+pzuforn5CAx1d4CjHt8Fyz3+Xb+XL2fF+fe3t482seUVU9DTJik++6mqWhw9IWl9VrSP7+rf+t3rVV6SKrh43YLxTso8W6JJ+LG2/bzOFiQwnabBp9ryJ7OymNHfxxdZsSQ+EBm8azslvjg7/72/eH62vETLo/OsbHLut/uNvnF2sazq/IviXT5T/eveiXynbx2XV9l183peXb2EVM+rcpbXb0hTu5eHmyiMJ3V11eT18/wyL4+sKj2jfupl3p6+W5XUeb0PWEFTntTefLzvdD7PMJ7X7TXpYtKr58+r6dt8xrT+7CMexEep1+akWkPj797/9CODgA9hIwK/K/VOfVeTn86nLb08LbOmKWaffTQt6cejewf7B7sHOw+2T453Trf3957ubT95du/h9pN7946f7d67f3Ky//SjlNoXeVWtiyPiaIaEPhv0Tr+Qxf59H33rF0/yeXZZVPWjdV1u/bi0v5P+EiBnWvoIegCAK6F291spDwgUIbXYkhA16bfu0jer8RdNJRp1lJaF/9esuHR//sbJj/1iGu82A95eZTXR6NFHHx3S58TLZEIf7RRL99f2pGpbMhvjnZ2d3VXLX9Dbq4yNLXX/6KqYVVfbVb2aZ/zeOXHidlP8IH+0uzfekVf4s/NsUZTXjz6C8m3SF/lV+qpaZMuPDMxzwoVU5/bmxkSslRmDothWq23Sdo+ydVt5mJNDMG/taFxzGVHsjTI/D174OR3l70m95ympd/S/iyFzdwfj+8WSXJlxME2P+O90d7zH33p/mH7h1OW10uDR2PvmvKra+DerjNTxdlOtyeN5tAOkwEo+SsDxkfkADYRrPW4OZXx35/s+V2/g5zablLlj2zf4M+RdeC1EOnyRSiNL5FZakFaaZMuZzNNO58tpVUa+VNBVQ3rx0XXehJ+H4sIUms3IWDAzgeb3x/urNrW/uWZ1Zggc8Jf9+IPkbOe9ODBbNsV2mS0v1pi8H9/Z37GjN8wZ/3ZSzHovbtJddzWQoF8n1ew6xaufnb7Y/up1ym989jFN8nYBg0ImjznvY2lObCZa+DPDW/L5Sj+1bJGSqbxYfjbNAcRCJSO2zV88ki8+Pnq8PnpM3vESmpjb2PF4ZNxnMhJfkIKu89nHR9/67mn64svvpt8+/snT9Ltnz87SL1+8Pntz+i3yalbQ8/wv4NIP6uHu6kPRvB2OHx+9IUePpGj3EeKB9Ioiws8+qpYfHfFn7Mh7H9qIBTOlXx/J73idcB6IZGLD/KEN8btFWaYTCjTLqsln6Xey5Rpe7u7BKIXnnZKM/Zzi9+WkAd8uidREry8onCKMnlNgQuB/L9IJ6dPs+ucUQe78Fy4nzerwm0bha0lT/xWOV+v1Eor2Y4uqILlZwu6ShtDfoFr0V2Qhjn7j5P8BHRgZjY8RAAA=" />
        <Entry handle="25" bytes="H4sIAAAAAAAEAO29B2AcSZYlJi9tynt/SvVK1+B0oQiAYBMk2JBAEOzBiM3mkuwdaUcjKasqgcplVmVdZhZAzO2dvPfee++999577733ujudTif33/8/XGZkAWz2zkrayZ4hgKrIHz9+fB8/Ih5/+80Xz49+4+RxW7RlTr98t6qnedPmdfqiqtt5+iq/KJq2vk6r8/Rpns8aanvXNH4838O/03xJLxy9medp9/WX60lZTNPXeVZP5+mqri7qbJEWTTpd1zW9Vl6n62V2mRVlNinzx3cF4Oro8fze0XfzNFtVZXVR/CBPz6s6zZbXabGcVsvLfFnkyym1167pxXt48e68XZRH/w/nt8rL1QAAAA==" />
        <Entry handle="24" bytes="H4sIAAAAAAAEAO29B2AcSZYlJi9tynt/SvVK1+B0oQiAYBMk2JBAEOzBiM3mkuwdaUcjKasqgcplVmVdZhZAzO2dvPfee++999577733ujudTif33/8/XGZkAWz2zkrayZ4hgKrIHz9+fB8/Ih7/rk+/PHnz+7w8Tb/95ovn6cuvnjw/O0k/2r579+z0zbO7d5++eSrf7I137t49ffHRUfIYfx89/vbp8VP6483Zm+enR/s799JnVT0pZrN8+fiufJg8vsuNHj/58unvg/d2j7w29Fdi/0y308l1Wq/LfJw8fnn0+1TrdFaly6pN59llnq7yelE0TVEt07ZKs+k0b5r0boI/50WTNnl9mdfjx3dfos9JNbs+enx33i7Ko+T/AStLIzXgAAAA" />
        <Entry handle="23" bytes="H4sIAAAAAAAEAO29B2AcSZYlJi9tynt/SvVK1+B0oQiAYBMk2JBAEOzBiM3mkuwdaUcjKasqgcplVmVdZhZAzO2dvPfee++999577733ujudTif33/8/XGZkAWz2zkrayZ4hgKrIHz9+fB8/Iu7eTU+q1XVdXMzbdG9n50H6RTGtq6Y6b+mLelXVWVtUy3GaHpdlys2atM6bvL7MZ+PfOPmNk63z9XKKNlt3fvFlVqfTqnpb5K/bulhepJ+ls2q6XuTLdiyfH6JJNp3mqzaffbtqCNpn6fc+GpfFZU5NFh+N0o/Gi2bpfjfo2E/eTap39o+snS3kq+8z6GL2+y/WxYyAfnT/wf1n947v7z779Hh///7eveNnz05PHz7ZP312/+nOye6Tj/gFtP7JrFzn9MpyXZb2w9N3KxpnQwMDsK0vvjp7+tmdre/tbD/Mtn9wvP1T3//F9/Z+yR0Bkr9bvcov8neAkV+l9Du9vRVCucMtazT7Imunc2prXhvn7/Lplk+4O4fFebrlGt/5xT6e7vPv7X3/8Jegqfe1jCP9hb/QEuN3lY9kfq6K5ay6AukJkvwxLqupTPOcPmY8L7OymGmj86xs8sPzqk63mMT00c4h/XgcTuS4zJcX7Rwd/672dWr3ySfouAuuywf0RQDte8X3XZfN2Qy03T2U38KOtV/5Dp2BHm6U4+k8q49b/xNFdJvfuAPyBPD0hUgf5pXYgCZ1nr09/CU5/R5829br/PCX/BKeJe9zfe3OL67zdl0vD3+Jk52n1SIrmOs+YjYIZsdgcpTuyHziwzfV23wJSQqbNquyaLc+Gn8k7ORaOiB7d35xt9NDkln8/tlH4Zzvypz3oOgUB2A+ITjjj9JPvNaYUCKDpyLytiVWB9rt9Sqvzo0E6Oc8MR+tl7P8vFjms4/S36P74qOQYJ8Ad5KpgiTus2d1MUp3dtPvZEvSa3u76c7OI/5f+vkXbw7TVdbOP7t7+NFhRz+BACzqQN7Izyedjmkcd7buHP4/H0RQtjwFAAA=" />
        <Entry handle="22" bytes="H4sIAAAAAAAEAO29B2AcSZYlJi9tynt/SvVK1+B0oQiAYBMk2JBAEOzBiM3mkuwdaUcjKasqgcplVmVdZhZAzO2dvPfee++999577733ujudTif33/8/XGZkAWz2zkrayZ4hgKrIHz9+fB8/Ih7/rk+/PHnz+7w8TeftokxffvXk+dlJ+tH23bvfvXdy9+7TN0/T3/vbb754nu6Od9I3dbZsiraolll59+7pi4/Sj+Ztu3p09+7V1dX46t64qi/uvnl19x1g7eJl/XW79d4cz9rZR0e/cfKYe3y3KJfNZxE4uw8fPpTXP0q5dZ7N6GdKz+O2aMv86PX1cvr4rvxODe5qi8eTanbNLR83q2zJzdKz5bRcz/Lm8V3+TL6d1sWqTdvrVf7ZR23+rr3709llJp9+lDb19LOP7t7NCOPrtpg246ydLdrxtFrcfc1NmrtX5bfzcpXX459ufo/isy++Onv60RF1wN9+rS7K4jLf0MPxi04Pj+/qWGnwRKij3zj5fwCnYnsY0AEAAA==" />
        <Entry handle="21" bytes="H4sIAAAAAAAEAO29B2AcSZYlJi9tynt/SvVK1+B0oQiAYBMk2JBAEOzBiM3mkuwdaUcjKasqgcplVmVdZhZAzO2dvPfee++999577733ujudTif33/8/XGZkAWz2zkrayZ4hgKrIHz9+fB8/Iu7eTU+q1XVdXMzbdG9n50H6RTGtq6Y6b+mLelXVWVtUy3GaHpdlys2atM6bvL7MZ+PfOPmNk63z9XKKNlt3fvFlVqfTqnpb5K/bulhepJ+ls2q6XuTLdiyfH6JJNp3mqzaffbtqCNpn6fc+GpfFZU5NFh+N0o/Gi2bpfjfo2E/eTap39o+snS3kq+8z6GL2+y/WxYyAfvTg3v6z44PTnf3d/af7909OD/ZPHuwc7B3fP/70ycHuvScf8Qto/ZNZuc7pleW6LO2Hp+9WNM6GBgZgW198dfb0sztb39vZfpht/+B4+6e+/4vv7f2SOwIkf7d6lV/k7wAjv0rpd3p7K4Ryh1vWaPZF1k7n1Na8Ns7f5dMtn3B3DovzdMs1vvOLfTzd59/b+/7hL0FT72sZR/oLf6Elxu8qH8n8XBXLWXUF0hMk+WNcVlOZ5jl9zHheZmUx00bnWdnkh+dVnW4xiemjnUP68TicyHGZLy/aOTr+Xe3r1O6TT9BxF1yXD+iLANr3iu+7LpuzGWi7eyi/hR1rv/IdOgM93CjH03lWH7f+J4roNr9xB+QJ4OkLkT7MK7EBTeo8e3v4S3L6Pfi2rdf54S/5JTxL3uf62p1fXOftul4e/hInO0+rRVYw133EbBDMjsHkKN2R+cSHb6q3+RKSFDZtVmXRbn00/kjYybV0QPbu/OJup4cks/j9s4/COd+VOe9B0SkOwHxCcMYfpZ94rTGhRAZPReRtS6wOtNvrVV6dGwnQz3liPlovZ/l5scxnH6W/R/fFRyHBPgHuJFMFSdxnz+pilO7spt/JlqTX9nbTnZ1H/L/08y/eHKarrJ1/dvfwo8OOfgIBWNSBvJGfTzod0zjubN05/H8AKjv/ODwFAAA=" />
        <Entry handle="20" bytes="H4sIAAAAAAAEAO29B2AcSZYlJi9tynt/SvVK1+B0oQiAYBMk2JBAEOzBiM3mkuwdaUcjKasqgcplVmVdZhZAzO2dvPfee++999577733ujudTif33/8/XGZkAWz2zkrayZ4hgKrIHz9+fB8/Iu7eTU+q1XVdXMzbdG9n50H6RTGtq6Y6b+mLelXVWVtUy3GaHpdlys2atM6bvL7MZ+PfOPmNk63z9XKKNunWnV98mdXptKreFvnrti6WF+ln6ayarhf5sh3L54dokk2n+arNZ9+uGgL3Wfq9j8ZlcZlTk8VHo/Sj8aJZut8NPvaTd5Pqnf0ja2cL+er7DLqY/f7ZspgR0OW6LM1Hy2zlf4IWp+9WNI4GiH+WfrR1/OLLF58df3Zn63s72w+z7fPj7Wff/8X39n7Jna3f47NfePrZnY/0xWr5k1m5zn1oBNwDBmgvjl9+tvWTnwHU+Puf0Ose0E9+4cln2skPjrd/6vfd/v1/t+9/cucXfjdog14Pf+Z3016pg16n+bvVq/wif4fP8quUficctsKB3eGWNZp9kbXTObU1r43zd/l0y5+qO4fFebrlGt/5xf5g3eff2/v+4S+J9x4Q4s7h1+7YG6/X7y71y3Pwkj7f8pATqqS/8Bfayf9d5SMZf3Yab/8zP5NudV7wYIyL5Sx/9+W5e/FOevRZunNHgC4ZCYdo8D64LUBheRptrRh4zR0A239AeYsDSEaEIAjLlyJ2V/RCdQWJor7kj3FZTUV85/QxY3KZlcVMG51nZZMfnld1usViQh/tHNKPx6F8jst8edHOgdrval+ndp98go674LriTV8E0L5XfN912ZzNwEK7h/Jb2LH2K9+hM4zZjXI8nWf1cet/oohu8xt3QNMAnr4Q6cO8EhvQpM6zt8Tx9HvwbVuv88Nf8kt+CbDyPtfX7vziOm/X9VJYVtj9abXICtY2H/H8BbNjMDmi6eX5xIdvqrf5EgoybNqsyqLd+mj8kfCBa+mA7N35xd1OD0kV4/fPPgrnfFfmvAdFpzgA8wnBGX+UfuK1xoQSGTzNn7ctiTXQbq9XeXVupF0/54n5aE3sfV4s89lH6e/RffFRSLBPgDvpj4I0y2fP6mKU7uym38mWZK92d9KdnUf8v/TzL94cpqusnX929/AjIyDEtMvTO7+4Y4RADlb4GIrRAZ900DjkqV0yjCwOA3peQUCI+xB+CdmPO4f/D712I2llBwAA" />
        <Entry handle="19" bytes="H4sIAAAAAAAEAO29B2AcSZYlJi9tynt/SvVK1+B0oQiAYBMk2JBAEOzBiM3mkuwdaUcjKasqgcplVmVdZhZAzO2dvPfee++999577733ujudTif33/8/XGZkAWz2zkrayZ4hgKrIHz9+fB8/Ih7/rk+/PHnz+7w8TeftokxffvXk+dlJ+tH23bvfvXdy9+7TN0/T3/vbb754nu6Od9I3dbZsiraolll59+7pi4/Sj+Ztu3p09+7V1dX46t64qi/uvnl19x1g7eJl/XW79d4cz9rZR0e/cfKYe3y3KJfNZxE4uw8fPpTXP0q5dZ7N6GdKz+O2aMv86PX1cvr4rvxODe5qi8eTanbNLR83q2zJzdKXWZ0v28d3+RP5bloXqzZtr1f5Zx+1+bv27k9nl5l8+lHa1NPPPrp7NyN8r9ti2oyzdrZox9Nqcfc1N2nuXpXfzstVXo9/uvk9is+++Ors6UdH1AF/+7W6KIvLfEMPxy/6PRTndbbI02L22Ue//6JZPsNfEcj0FQM+W07L9SwfC1Wb9rokxH6wXSxn+btH27uH87y4mLePdlfvDq+KWTvn32ZFsyqz60fLapkfXhZNMSnKor1+NC9ms3x5CJQEDZ4EJT7NBvVx9P8AZyG/yF8CAAA=" />
        <Entry handle="18" bytes="H4sIAAAAAAAEAO29B2AcSZYlJi9tynt/SvVK1+B0oQiAYBMk2JBAEOzBiM3mkuwdaUcjKasqgcplVmVdZhZAzO2dvPfee++999577733ujudTif33/8/XGZkAWz2zkrayZ4hgKrIHz9+fB8/Ij4/e3bwMPs1f41f89f4Zb8Gnj+I//8H8Y8/iH/7h/6hf+gP+oP+oP+bPvi/f43/m3/83/wbPb/rr/p1fs1f49f4TX+NEd4EjF/j1/m1/qfTX+Pw/wEzEd4OVQAAAA==" />
        <Entry handle="17" bytes="H4sIAAAAAAAEAO29B2AcSZYlJi9tynt/SvVK1+B0oQiAYBMk2JBAEOzBiM3mkuwdaUcjKasqgcplVmVdZhZAzO2dvPfee++999577733ujudTif33/8/XGZkAWz2zkrayZ4hgKrIHz9+fB8/In7j5O7dx7/r906eHr85/t5vnBTnW+31Kq/Ot4rl02x19uxO+rt+ln60Xs7y82KZzz6684tXWZ0v2/EsW/3+r/Km+EG+Naum6wU+m1Sz63ExG6W79L87h7/kN07sV1d10eZbHz/O0nmdn3/20bxtV4/u3r0YL5rleFot7u4cP92hZ//u/b3dvU/vjXd/j9/j5dnTz+49ONh7uL//C7PF6vCrszeffcG/vcnqi7ylrw/u3Tv4dH+PPzx+8dm9g517D/Z2+M+Xn3/2xesXr7969VF69LhYXKRNPbX9TsbZrNmlzunHeJm3d+nn3d27O+bZ/f3tr+aTB3v7n44vivOP0qti1s4/+2j3o3SeFxfzln/NSvp5UhbTt7/wx+/tHX47r3P65d7hR+mkqmd5/dlHOx+ld48e382OPr5z6FFmWlZNvoWP7t79/veP/h9yKNVAkQEAAA==" />
        <Entry handle="16" bytes="H4sIAAAAAAAEAO29B2AcSZYlJi9tynt/SvVK1+B0oQiAYBMk2JBAEOzBiM3mkuwdaUcjKasqgcplVmVdZhZAzO2dvPfee++999577733ujudTif33/8/XGZkAWz2zkrayZ4hgKrIHz9+fB8/In7j5O7dx7/r906eHr85/t5vnFxmdTqtlm2+bJvff/fefvpZ+vHjZpUtjx5naZvVF3n72Ue//6TMlm8/Sud1fv7ZR/O2XT26e/divGiW42m1uLtz/HSHnv27u5/ee3iwtzPe/T1+11+YLVaH/M/Ls6effXpwcLC785D//urszWdf8G9vGDx9vbez++Dg4N4uf3r84rP7O/f36O978v7nn33x+sXrb+9/dHRSLS/qrF2XWVtUy+Z3Tffu76TPXp2epk/WTbHMmyY9yepZ8/ju8dHjuzyKjw9ljOdzHd1yXZb0WXGebs2q6XpBAx9Pqtl1+gt/YRp8MC5msc/GZb68aOfpUbpz5zdOfvFvnPyYgP5sldVoZtvT0E7LHL8+uT6bhZ0RnDuExC/5jRPBZJldFhdZW9XjbLX6ybxuaHjjYjnL3315vvXRd4vlR3eOPtsBOtRLkz8rq6yNv9SsJ01b3wDwi9dnp+lHdz65f4fA7usw2vqa/sVvP1acb/2uSrCf+Zm0vV7l1flWsXyarc6e3Uk/+yz9aE2gzonis4/u4AV+68dm5Xfros23MLQf+7Ffgn/yssldA4E5Fkq9qGY5odTkdXs8++lsSh99+80Xz7c+zs7bvH6SXxTLj0cBbwpcA6Vpr8t8PCuaVZldf/bxslrmH0sDS+ppWTU+Ovj/NGun860caDNSAdLU4JcA5V/sPqWPztfLKRgutZ/izWEifXFRn53H6PSLf4x7NOhdMbDeCIGl0o0xBPvmxEmviZ+Jgd3o6jxrc+WxrY/A7h/JWE1rIu8yr0FVes/vh1v1Z4N4JV/OTuZFOdsyMO74baM0/zHFOUL2XwJt8/3vH/0/SUYcknUEAAA=" />
        <Entry handle="15" bytes="H4sIAAAAAAAEAO29B2AcSZYlJi9tynt/SvVK1+B0oQiAYBMk2JBAEOzBiM3mkuwdaUcjKasqgcplVmVdZhZAzO2dvPfee++999577733ujudTif33/8/XGZkAWz2zkrayZ4hgKrIHz9+fB8/In7j5O7dx7/r906eHr85/t5vnFxmdTqtlm2+bJvf/97+vfSz9OPHzSpbHj3O0jarL/L2s49+/0mZLd9+lM7r/Pyzj+Ztu3p09+7FeNEsx9NqcXfn+OkOPXt3d+8/vL//cHe8+3v8rr8wW6wO+Z+XZ08/+3Rnd/fe/QP++6uzN599wb+9YfD09d7O7oODg3s7/Onxi88+fXDv4NOdvQcPBMDnn33x+sXrb9/76Oj1vFqlTVvVeZNeFe08nWbNfJJN3z6+e3z0+C7j/fGhjOp8ruNZrsuSPivO061ZNV0vaKjjSTW7Tn/hL0yDD8bFLPbZuMyXF9TXUbpz5zdOfvFvnPyYgP5sldVoZtvTYE7LHL8+uT6bhZ0RnDuExC/5jRPBZJldFhcZjWScrVY/mddNUS3HxXKWv/vyfOuj7xbLj+4cfbYDdKiXJn9WVlkbf6lZT5q2vgHgF6/PTtOP7nxy/w6B3ddhtPU1/Yvffqw43/pdlWA/8zNpe73Kq/OtYvk0W509u5N+9ln60ZpAnRfLfPbRHbzAb/3YrPxuXbT5Fob2Yz/2S/BPXja5ayAwx0KpF9UsJ5SavG6PZz+dTemjb7/54vnWx9l5m9dP8oti+fEo4EaBa6A07XWZj2dFsyqz688+XlbL/GNpYEk9LavGRwf/n2btdL6VA21GKkCaGvwSoPyL3af00fl6OW2JgKn9FG8OE+mLi/rsPEanX/xj3KNB74qB9UYILJVujCHYNydOek38TAzsRlfnWZsrj219BHb/SMZqWhN5l3kNqtJ7fj/cqj8bxCv5cnYyL8rZloFxx28bpfmPKc4Rsv8S6Jfvf//o/wEbzm4gZwQAAA==" />
        <Entry handle="14" bytes="H4sIAAAAAAAEAO29B2AcSZYlJi9tynt/SvVK1+B0oQiAYBMk2JBAEOzBiM3mkuwdaUcjKasqgcplVmVdZhZAzO2dvPfee++999577733ujudTif33/8/XGZkAWz2zkrayZ4hgKrIHz9+fB8/In7j5O7dx7/r906eHr85/t5vnFxmdTqtlm2+bJvffz/9LP34cbPKlkePs7TN6ou8/eyj339SZsu3H6XzOj//7KN5264e3b17MV40y/G0WtzdOX66Q8/u3d1P7z28//DT8e7v8bv+wmyxOuR/Xp49/ezTg3uf7uw+5L+/Onvz2Rf82xsGT1/v7ew+ODjYk++PX1Dzg0937t2//0AAfP7ZF69fvP723kdHJ/NiWv2+HzeP0mV+lTZZmadNe13mTfq77e6PHz5M+YV0vXp89/jo8V0ex8eHMsbzOY9uuS5L+qQ4T7dm1XS9oGGPJ9XsOv2FvzANPhgXs9hn4zJfXrTz9CjdufMbJ7/4N05+DIA/W2U1GtnWNLDTMsevT67PZmFXBOUOofBLfuNE8Fhml8VF1lb1OFutfjKvm6JajovlLH/35fnWR98tlh/dOfpsB8hQL03+rKyyNv5Ss540bX0DwC9en52mH9355P4dAruvg2jra/oXv/1Ycb71uzKxfuZn0vZ6lVfnW8XyabY6e3Yn/eyz9KM1ATovlvnsoztozu/82Kz8bl20+RYG9mM/9kvwT142uWsAiGOh0otqlhM6TV63x7Ofzqb00bfffPF86+PsvM3rJ/lFsfx45PGkwBQIPN3jWdGsyuz6s4+X1TL/WL62JJ6WVeMjgv9Ps3Y638qBMKMToEsNfgmQ/cXuU/rofL2ctkS41H6KN4eI88VFfXYeo88v/jHuzyB3xaA6YwOGSi3GDuyaE/e8Jv4llnUjq/OszZWvtj4Ce38k4zStiazLvAY16T3XC7fpzgDxRr6ckUiVsy3z/h3XMkrpH1NsI8T+JdAr3//+0f8D/w8yLl8EAAA=" />
        <Entry handle="13" bytes="H4sIAAAAAAAEAO29B2AcSZYlJi9tynt/SvVK1+B0oQiAYBMk2JBAEOzBiM3mkuwdaUcjKasqgcplVmVdZhZAzO2dvPfee++999577733ujudTif33/8/XGZkAWz2zkrayZ4hgKrIHz9+fB8/In7j5O7dx7/r906eHr85/t5vnFxmdTqtlm2+bJvf/176Wfrx42aVLY8eZ2mb1Rd5+9lHv/+kzJZvP0rndX7+2Ufztl09unv3YrxoluNptbi7c/x0h57du7uf3nt4/+DBePf3+F1/YbZYHfI/L8+efvbpg4cP7h3c57+/Onvz2Rf82xsGT1/v7ew+ODjYO+BPj198tntwsPPpwaef3vtUIHz+2RevX7z+9u5HR2+KOp+l1Xn6JC+WFyn/+Xukb+rr9Nmr1+mbapZd/66P7x4fPX7y6ujxXR7Hx4cyxvM5j265Lkv6pDhPt2bVdL2gYY8n1ew6/YW/MA0+GBez2GfjMl9etPP0KN258xsnv/g3Tn4MgD9bZTUa2dY0sNMyx69Prs9mYVcE5Q6h8Et+40TwWGaXxUXWVvU4W61+Mq+bolqOi+Usf/fl+dZH3y2WH905+mwHyFAvTf6srLI2/lKznjRtfQPAL16fnaYf3fnk/h0Cu6+DaOtr+he//VhxvvW7MrF+5mfS9nqVV+dbxfJptjp7dif97LP0ozUBOi+W+eyjO2jO7/zYrPxuXbT5Fgb2Yz/2S/BPXja5awCIY6HSi2qWEzpNXrfHs5/OpvTRt9988Xzr4+y8zesn+UWx/Hjk8aTAFAhNe13m41nRrMrs+rOPl9Uy/1i+tiSellXjI4L/T7N2Ot/KgTCjE6BLDX4JkP3F7lP66Hy9nLZEuNR+ijeHiPPFRX12HqPPL/4x7s8gd8WgOmMDhkotxg7smhP3vCb+JZZ1I6vzrM2Vr7Y+Ant/JOM0rYmsy7wGNek91wu36c4A8Ua+nJ3Mi3K2Zd6/41pGKf1jim2E2L8EeuX73z/6fwCNSSaDXwQAAA==" />
        <Entry handle="12" bytes="H4sIAAAAAAAEAO29B2AcSZYlJi9tynt/SvVK1+B0oQiAYBMk2JBAEOzBiM3mkuwdaUcjKasqgcplVmVdZhZAzO2dvPfee++999577733ujudTif33/8/XGZkAWz2zkrayZ4hgKrIHz9+fB8/Iv7vf+v//o9+jd/sO8/Onv0av+av9Wv8GjP679f4v/+7X+M3f7qevr3+NX7NX+PX+TV+Df7of/g1fpPjWTXJf43ZP0Sf/Jr/97/7a/xhv8avefvn13LPr20f8x1//Wv639zy+b//oV/jN/8Nfo1nv8azX/vX/M1/jV/rN/81f+3f/Nf8v/+xX+Ov+jV+jV+LYf8a5vmx5Nf79X+DX/vX+XV/w1/z1/g1f51f2//mN/h1ft1f79f/NX/tH/s1fq3kN/s1fo1f/9f4NQnqr/nr/Tq/Pr77NX+tXxvf/ga/+W/xW/4av+uPffRb/da/ze7xT/z4b5tkf/Dv9rv/T7/oL96r7/121Ouv+Wv9ur/2r/Xr/Dq/trxE7/zmv86v8bv+Fr/ur7f7W/76xx/9RPZb/Qa/6A/e+63/5Cc//hf/za8m9Y/9y//x//yH/CP3frfZ6W/z2/7f/86v8Rv92r8mof1r/+a/xu/xa7zc/cMX/8Ov8e//rv/Xr/XrfvlX/mX/1u/7l/8+69e/0x//G/1Bv/7f2z79Pf7n9A/81z77P3/wZ/2qizf7f8Xjv/YfS/+c7/x2f9Vf+ct/q8//6j/q9/sL/9c/8cUf8mv+9//SH/gn/o2/5utfNR3/x7/ut//Rxf/xm/ynD//c/+47/+Tvcf/P+FeXX/6X/8OXb//i3zX/a56++Bt2/+ff+Kd+m+//XX/BV3/pX/b3/i5HP/iL/rzv/Jr/zpPf/Ogv/nf/1X/p7/7P/v3/+9f4RX/qnzn+93/tv+cf/h3u/Bq7v/3f+VP/0h/3Wx/t/af/7vPHv+f/UP9jf+PVndXZy/r3/Vv+qn/21/8d8//4f/zt/927v/bv/mP/yH/3t3/+p/8Zf8J/+Kd8+lv87b/2b/lr/C3/9V/xF330vyx/k88+/YlXf+T8o2/9GuPXf9Bf9eqP/mNWd7/84rf9+/7Ud3/bt7b/uT/4n5v9Fr/3v/Sf/2//8f+4+Lf+jk/+pOnf+9//l7/wL//9/pU/5d5//df8+b/p/5ptH+Wf/N3/3Kf/8slP/pl/4b85/70O/7C2+L3/nv/u9fyP+I/+u+//r6M/+t+5d/zr/SV/zF/9h3zrL//X/v5/7ODOv/PRV49+3b/5P/nrCfd//6//y//2v/93+6t+63/x3v/xi179qj/xT1j8vff//b//X/+jXv4Ln/26v/7v//t+vvMX/uH/QPO/nPzxv+h3+lv+mXt/z+/2b9x9+Fv+xf/cP/HP/YP/5i/77e78yt+4/if/jWcPZv/gt5//23/2v/3t/33rp//E3+bX+0/+rd/m9/mrv/13J7M//Xf953/RHz751qPJnz7+g/+2v+Dv+vP+u9/l1/wLf7e/60/7dSf/7PKfuPM//qd/w+8w/ok/4x/+U/7iv3X22/yTf82/+3f+hvceLX/yD/0zVr/yt/0N7/1xf9dPzf7cvfJXvPg3/oHPf53dP+HNH/Tf/LaPfu/pr/Xtf+H3/hPnf+Gv//v+n//sp//Cw//5f/8v/9z/8if+ne9+6y//2/+r0U999hv/tVt/0h/5N//z//Hf/Hz2y99d/Buf/uRf/he9/V/+pf/0d/tjn/65n33/1/3z/6k/97//ze/8e7/GX/nf/g5fPp99+w/7Lf+r3T/0D/ytqv/od/mf/6/f7+//w/7iP2v2Y3/FwS/Yefr00W/6d/6df+fV//C7/E+/6e/3T/zYx3/D7/6r/vpHH/2rf+V//it+r1/rj/pdf/2f/le2fsVfvf4LfsO/5G998egH/+zv+Fv9d//ib/SvX/6Jyb/0m18e/f7JX/3Jv/1v/k3/2YOTX+t3/hd+n7/o3/0bfve/Y//v+b1/t61v/1V/1ZPmd/n3/8jFn/Abvv3n/5t/4T9c/W7/9mf/2u+V/np/2F968Bv9Rf/7b/lT3/1Xf5M/+R/9v7b/nf/q+ou/9bf5Z9pPD/6yf/73//xfTf6y6b/xP/6Xf9lv/+nf9vf95Ku/5td698c+3/9L/sM/6g/4r//u3+j1P/DVy1/rt/srf8u/5teqnvz2f/bf+Tc8/Td/9V/703/+9Pf8x1/8OX/TT/zUd//y3/Ff/fX+0v/+X/wn/9fi0//+L/vWv/NH/y5fzP+1V7/i9/vzz37732L37n/+4nf/Z/6R/+J/2/5N/tp/5s5f9Df/Xl/M/7pf/v3f+Lf77ui7f9df/vtM/ti/5vSnH/7C//Hv++v+j//y+9U//VeNf+ZP+Ikye/57/iO/5n/9/X/8n/hnq71//3/46D/5vT767/6gT37n4z/yH/u/f40/7H//wfQ/+e1+5dt/6z//O/7d/+sv+O3/0z/+9/+JL/+13/Qv+p2P/8b/+b/9w/+S//JP2P3L/tl/9ttf/A/Nb/Y7/OH/wF969q+d/4Hbv/+ffv3b/PU//dvc3/o3//W/+p99+Td/qzj4U/+E3+0X/xn//b/78Lf8i/7zqx/7aP1b/WZ3f5+/8tf+9/O/49/78T+xSNK/4N2//of+8U+fnf1rv+Yv/+ze/zb5bf+zX3D42/ynf/sXv/jv+23P//a//c/+h/+4f+nXT36j57/nP5f+9L/2gz/ub/74F/8vv8ef++Yf+G32/sc/8b/7I94+/4P/s7/ur/hX67/7v/1bf9N73/pD/rV/4s/+9/+Oyb/2m/zHv+y//+Lsz7z6zl/3n/5T57/Zr1f/J5/9pb/+b/J6nf7DX/0J/9I/8a1/7Jf8nj/1G/3YX/OP/Tl/9z88/c/+yX/xt/217//Mf/C3/kn/6o/9M3/MX/N7/9I//3/+H3/mn/jbfrvnf8wf/fv9Hc9/r//59z+dfrz+RX/xw+3/9as//E/+W7/19979+/+g7Hf7V75z/84f9Pz/+i3+6N/zP/+nf/y3+/Uf/8+/T/1b/hd/4n96dfZf/oX/5N/4u2/99v/CP/6b/Ym/Y/viJ/7Dq//zT/8Xf7vVv/XZt/69//D3/uNf/+/T3/x3fvEn/IW/6Cf//p/6i/7Lf/2/+uv/kG//jn/PH/OL/q//5V/7a45+4slv+4/9MX/c7Hf4tY4Oft9f9Af8fn/+z/ySf/Af+sW//t/26/9fk1/wt0//y9/xX/3jfv/f+u/79//z/+53/L3+jOM/fuuffPgn/5a/4W/8e3znz8n/wle/++s7f9zJ3/0H/aLRVx8vfuPf8uVf8hO/3/Yf+o8d/kEn/+Bf9Rv84C//+/7UX/lr/yf/4m/zt/5Uvfinfun/8mf/n/f/nqv/4v/+NX6vP/wP+Oiv+ufepv/7L/9H/9d/85988P1/f/1Tnz/97Lf/a379/+yzz//FX/8P/PX+r3/3r9v7+/6w3+kv/Nav/J1/k1+V7Xy6+l//1j/x//wH1l/+8X/q7/rH/C1f/GZ/2z+4uPuDP+3Hr37dX+PH/7Uf+62mv9Ov8Y9/9Et+z1/ya/x+T/7vX6N+95P/yRd/4x/x3//x+W/0t7/5M/773+a7oy9+65/a+T1f/gd/2OgvvHfyx9796f/5J/6iv+C/aX63/+b4X/oH/v3f7fw3yP6NP+2//n1/s//67/nv327/Z4u/4NHf8Jf9q3/Yd//Kf+3f++6zSfvP/jP/3Hd2/6jHT/7F/3xU/yO/3k/8sr/6t/sVv8Hf+2d+9NG3/sDdF3/J8q94/b/+6v/sz/hf/s7f4c989/f+Pb/l/7CzvPdPbv/m2f1Xv91PvPk13vz0X5T+GsUf8uLf+OS/+jt+t8M/8u853/99/+r//tf+d3//P/qvWD/8j542n/7gV/62//R/90/8+9/7u//Dl3/4Yvqu/V/aX/GH//lv/tp/5dU/cfLL/tZ/9rf+l5Lt6V/yL/xJf99Hv9/rH//Xd3/XX+M/yH7Xs3/23/rv/+9fo/xT7la/9Pgn/tvf8+/+k7/8nx/8xf/oH7b7z/35f+3f9Rskf9iv91v91tPvfPe/+PX/hp3/4Lf8x/6e//H3+P3+l2/9af/gzu/+P//7v+4v/9UPf/37f/t/8z//Nv/bv/srfuN/7I/69tO/+y84++/+tO2//eDX+zt+4V/1B/3Fv82v/id+3d/q9J9dJ3d+x3/9d/zPfo+/+/B//Du3/9Wf/veXB//q//j7futX/X4Pl//pn/+fvC3+tX/pF/7EP/WH7e3+Ab/v+tf5tf/kf7z5p/+uX/Ef3vtD3v6Oi3/6rx//jp/+0W9ezf+b3+B3+Pt/zR//5X/CX/r4dP27/EH/1w/+y8VXf+Cf+4+d/05/yl/3lyR/9t/3F5xdnv8T639m61f8N7/rm3/gz/gb/uuLX+vlr/ziz/0z/+F//19Lpj/4e/+uP/M/vPsHX492/47//Jf8or/tX/zk1/215v/c3/xHHP35/9Zv/g//lX/j3/by/B/7A37m3/8/8n/68ld972/7g//7f+kn/6I/6D/8g3/jP+n/+Fv/j7/pF979ff70f3fv7/zOy7/tv7n/lz76e5/8Ln/Hq7+2/Rv/qe9+/Gf/2B/2nT/nj/knv/Ng+Xf/u3/9v/uv3/9Tf+2/5C/6xX/SP/Gb/oGnv98/+k/9Hb/gi7/jn/x7/+d/9r/9/j/69k/5i8//zvWf8umP/1V/zb1f98f/9bO/6lf8Y7/F//qv/JfLv/t//73+t//gd/xTvvVb/y+/22/6E//Vs+nun/HuD/vj/oBf6z//NX/XX/o3/CW/5r/z4s//Pf+Sj37Xf/Xf/Rv/yr/u43/if/hPPv29fse/63/5a/+Eg1/+n/7us7f/+y/4+5//4X/b3/z0F5/+4I/Z+8P+9L/zF65/jd/z23/wX/sT/8Lf90f8pquPf+I3/QNf/qaf1H/kf3y0/x/+3bMv/pJf/Bv/LcVP/NXf3/utP/kd/8B/57/7K//zf/M3+dW/3n9w9cV/8W/8Q+O//E/J/qo/8E/+6X/x//itpr/8++X/9i9v/a6/3x/wr/9tb543v9vv/W/828/+kj/22//b//Zn/a//9advf6N/+A/53X/8J/+6H//en/RX/53f/sPv/JZf7G79+r/nb/r7/9mf/Zt/+v/4K3/bf3P3f/wzf4t/8RfX/8vzP+Vv/TOLb/30P/Rn/HN/0j/39pf9pv/Tb7f3B/w7n/5vf/HZ4k/71l/yB6d/+a/xy3/yV333W//7xR/zg2b+N/46f9qvu/p9/653/+vk3/l3/pT1f/onf/WvTV79Fr/xf/g3/Puff/K7/E3//D/02/zxjyZ/ye83+d3+pl/jx/7+//3X+XP+0//+X/3n/93/8df9nf6JX/LX/F6/85+9/sV/w+/8BxT/ye/957z6N/6nf/BX/NZ/1R/5RfPTX9UH/2b19/3Pf+/3//H/7g//R/7+f+mPO/rT/4U/8uVvNfrsL7t4/rf+i7t/8B/9v7z+7P6f9eIn/rv/6af/wT/+z/r+X/TX/Qvf/1u+9ef9kY9/8V9++u9e/Pr/1ezbf8p//Xc9/09Ofrtf44tf/ff87x//A//Mn//XffpL/sWf/v3L//VX/l53fu1f9Zf+Bbt/8b/4f/5T/8wf+M/tTv/t3/GX/KvFt85+k9/9t/oVf9Gv9af9Q7/Of/FXPvw7P/nLfyb9K//7n/ixf/Jv/fE/4nw0++TX+2N+5z/qL/oDfp/jH/yh9d/47/3Nv+mv+DV+uz9o9Zv8Fb/5//mH/kt//N/xn3z/Xzn923/w6/1Vv/X/8eXf8Nv/nfM/cPkH/TN/y9/xx/wWv/T3/51e/h6/7b/c/JaP//h/9pc/3Dv86Nlf+Oz03/0zt/66P/tP/xN+8Pk//b/9ez/2Rz356/7o3/vbv+3f9ejHDr/4l37tv+jX/2t+/H/4b1d/29/yP/8F/+M/ufh9foeT5VdP/uQ/7Y/9y/61/E/9bX7fv/p/+sc+/iM/X/+Sv+f+//wL/onmr/w/j/7Q3/QP+Gf+vf/9tzj6zX+Pw/P/+rf7q//8f/R/+Yte/66/7fdm//J/94f+5X/St37PX+N3+e9/4lv/2x/zF1a/6F97/mv/jb/fH/pPvrj79/8vb/+Df/0v+XuufvHv8Lf/Oi9/cvwf/Q7f+YN+69/3X/6j83/lP//87/6z/ss/9jes/93Fn/X3/8Pf+Zf+pbtffPl//xofffdXr37L//vX+Lt+/a38L1r9J3//3/VP/2N/2+cn/+T/+Lf/3U9/wa/16/zY7/3P/e//3f/xSf0rPq5+jV/34jf+qb/+x3/B/1z/2N93+oN/679Mf/3Vr/iv/sN/6+6fUv1v/+Ff+J/8R7/o39//85o/5b//lcm/9F98tVz8pb/lP3r/k9/zXzubjn7623/y8T/3b/5Wf+Gf/r/9O//e//R3X337x3/yz/gn/uPf7u//ddvf8i95/n/91j/9J/7xv+7qz/kv2+Ovfut/6OlPbP12T3/wf/0Lf9nOr/93/o//zdHf+8f+vn/tf/sH/9Rf8N//Ho+yP+T//jX+zn/zN8v/vv/jT3hy/+rT3/v+3v/x4Lv/6m8/2v09/sxff+/8s+/dn/+H/+Sv2voP//a9reI3fPStvyj/9f/a5b/wL/2P/+Pvfvpffvk7fP9XXf0T/+Z/cPC3/Xv/YPFL/vW/9I//G37x7/L6L//xz/6L3+9f/KX/4U/+A//WT/3Kn/zT//rf9Pnvsfo//5ejB//g53//P/vr/2u/ZGf0V/+Np+tf/Jv+vb/Xv/RffPlfH1z/Fb/3/q/9v/05T//Y3/h/+Rv+z7/+Vzz7zsXrxX/yl/wHu3/fH/vf/Gd//T/9u/zL/8Nv/vf+9r/h7/GffesnXvzn//Kv/q1/m//hD/j3/9m/6H9YHu/9zH/7u/z3zb2TxUfXv/HRX3/xW3y+82//ur/3zvif+tP/g9/gL/3V/9mv+8Wzv6L8h36H5ekv+8PufHKv/Mf+ij8l+T+/e/yn/DF/4V/xy/+p83v7//Uf90/s/x9/y9/5B83/vj/jz/r3/upf88/7L//HX/Hr/ndP/rAf/w3+qv/kX/yX/vpXv+LX/W+W/8Xv9e7Nq7/n8O86+eN+6tu/3V/x7upf+FfmT3+jv+tP+2t+/H/58t9+8Kf+3X/mb/4P/i+/x93/5f7/8F//gX/77/Mf/LO/4N/5Nz77u/7yP+efe/4n/55/y1/xX/z4H/43PD377Zb/6N/27PdM/um/8vd6tPilP/Fv/XcPvn352d97/r13f8Pv9odd/er//T+4/2f+Xvd+s8V/89/8wf/Wn/xX/Xq/4cvv/qt/xr//D//MH/i9f+a/efnLft8/96/56vdZfPrtyey3+d5v+Rs8fPW9v+67v92P/Ya/1S/5qT/vt3j06xzf/VM+/R3+sLd/Zflv/02/9+/71/zbf/Kf/wtf/8m/9h/14md+1//1N77+T5e/V/GfffH3/lO/+b//3x/+6X/Ks3/jr//b//jfduef+0Pmf/Ly1/vv/uN//zf+3f6Yr/64/+Zf+b3v/Dr/8dmv/oP/nH+h2P7e7LN/av3Jv/If/fXJn/+7/en/++Qn/8iPftMnxe/7a/01H/+v/8dx8TN/1r998K/+Jf/L7/znPv2f/7X/6t/5tX/DX/vx//G7/4XF3/4b/uDZavcv+0N+8R/4RzW/9/3pP/WH3P3Tftf//OW3/sXf7Dffuforfv1vlf/b41/7T/v9/6e32//Ov/Dv/mmnf+dv+Mf+4B//9//Uv+O/++h//yv+oC9/w50/5vVf9sf/4GTvqz8o/9f/3vX/8s/9Fr/oz/3+f/tf/Q5v3/6xf+Qf/5/+D//Vf/f3/Br/0G9/+OK3+/aPffLfvz4t/5b9f6v6B0Y7/8Hh3/vX/rd/8u/09/yl/9Z/u/c7Pv38d/5tfr/f5I/9Df6Zv/vp3//w73n4l//e/+7v9c//7f/6f/eb/3d/+b3i3ce/0X/2n/y+f2j+Uw9nf8tv8mZZ/y5/2+/7y36Xf+f8v87/se3f63/50/++v/3v/g/LxfK/+MW/6+/wj/66//w/8+/+vt//zn/xf/z127/4Txz9Md/56b/4yf/8f/3Ff+kff/1Hj/+Gv+xv+x2zP/pP+Td+n+lP7J7/yX/pH/f3PP01/qDf4Z/9zq/3F//lb//yv+cP+Hv+rv/kT8//9H/mH/wLXtR7f8Fv+/f+RtM/t/wFP/hP/sHf/Lf+6b/lX7/z6/0Nf9Nf8Kf8wX/tX/B/XF999Vf9Pn/0b3P6S//rvzf/c/+23/7X+Yk33/nWn/Tlr/W3/N+/xk//pX/HP/fP/qZ/0m/17539jn/QX5n/K9/5M/7Z//vX+DM//s6d3/xfu/NX/jf3/4Y/b179XQf/zt4//bfs/NS/9Hf+6//ar/X2//41/vZf6+8v/oK9P+NX/UPzf2Hxi/7FP+Cf/R8P//Nf/LtN3/3tv9/Ou+uLP/0n/432d/z3/9u/47/8rf63v/Of+7eP/v7Xv+Gdrb//3/itT/6mP/aLf/h3evj8N//yn/rq1/nHf/1/8O/4/f/mv+D0H/0//sTpf/73/+o/6R/+dX/l7/Qf/A9//b/yLxw++5OXf8av/+53mNb/5u7l3/uf/cm/wy95/JdPfu9/9ncuf+Lo4d/5Z/51/8PBf/f3/dQ/8U//Zb/Xr/72f1b8cX/O8/Pf83f7l//d3/zv+Pt/q1/zT/jbf92/9vj3/LHf60/7v378F/5pv+ryF/3Pv90X/8vv9K8u/ot/5h9f/Lv/+8/8yv/uT/1DHvxOf8p/9mfP/u9f46/8Xf7av+8/3bn/ux//mf/WL23+4V/5n/6r/+Pj3/+f/xX/xuK3+qnf9F//N3/ZP/Sv/pn/+f/9a9z93/7Tf/5/+hd/94u/6Zdlf/2v9df/xfPrX/TL/73PX/9V/9x/8Lf8sz/zz/+C//b3++OXP/Ur/vK/9u/6e3+j3/Dv2Pv29cXbP+5f2v3OX/1r/Mw/lP0uf9lnv+Hv/+7P+zev/+d/8I/4D//c//lX/9mLX/n2d/43/rm/6PM/+fDP/1f+5/1ymv7pef2dP/Uv+5PuT37xf/r9v+I3/tV/6p//V/wXv/u73+1v/zP+sj98/1/+y3/Fr/FLnv0pv/7fcPGb/Op/8Tf6zq/8/n989zdonv+y43/pb/2Vf9a/8Af/8T/5u/9t/8yf8Yf/rn/B9/+AP+Cjv+tf/etmf+gv/Pv/hd/h9E/7a9f/xV/+343+rL/rt/ln/qz/5q/6lX/V//k7/xO/wX/45/yq6k969wf+O//Cv/rPl7/6T2r+2E9+57/m7Z//G/9lf9m/WP7N/96db/3y9J//uPyr6r/sd/gtfvKv/E3+vNfVv/3gN/1d/73F8tf5c/f/1t/3d1v/1L/+6/zhf9K/9Cf8Pb/ty3/2r/qvf99Xv8v/8X9+9p3/be9fb/6If+XLv/3X/iv+h3/xr/327/Of//e/+Z/xX3/v9Pu/ydOdf7P67sP/9uo/+/f+jr/ln/rb/tDpx+mv+o//zHt/5V/z4OU/8fG/9zu9/uV/7R/3P/wff++f/X/+pf9B/dl/8W/8Xi+++AP/9v/g3/vb1r/y1/z3/pTf8z/5K/6ix2//veTsD/hN/py/+Z/76/+D//5//ev/1n/mb/q3fu9P/97f4Bf+nX/sv/cb/Mpf56tvHf/av+qPP/pd/ozf4Nf9K/7b7/8z/8u/+Mf94B//v3+N3+wP+Xt+77uHv95v+af/5J/9b83+0h//9/7jq//lf/5rv/qb/9q/5PiP/I//uj9+Vn717R/M/ry9xb/zN/xz/+R3fuL1L/yfkp/44u0f+Yd+7+wf/5nv/yN/x4vjX/8PbP7Ov+nfWfxOf/Nf/Sf856Of/IV/xl+0M/mdf58vfoNf/yce/dX/xu/49//Jf9f/8v3/5L+tfvC93/5/+Mt/q99+/3zye/7yvyj9Q//Vf/Wv+Nbfd/g7/f2v/4Hf9++++Iu//Lf/u7/jr/k//8tf96/6F3/PP+5f/Wv+9+d/7W/2p/6Lv+y/+e9/6d//W/+WyR/76/5a93/73/dv+CW/zb/w2y7+y4e/z9bFbzj+j09/299v++/4736nP+Q3/Xt+w//+//rFk3e//M/7/O/4Mz/+8v+a/n7f+82rf+Nv+7V++9/p13h0/k/8Zb9N+xf8ykX1O5zO/rhf77948Af84/f+hj/8j/ipv/8H6/Wvf/T3/7q/5l/x2/znv/5v/D/+5F9/dO8X/6n//E/8p5/+4J/8M3+bH/x55ye/379/98Ef+r/8Dr/yL/pfnp3/Jn/xP/gvXpz+9f9I/sv/6j/+z76e/Rd/0vy7y3/vb/uxv/jXf3G8evjkH/zVf+l//A88/w//t39s8Y8c/tjf/uf/I7/dX/G3Ft/7u9e/+z//y3/iH997M/r20z/lx36Di//6p37ij/gFj6//7v/5n/29/tcv/svv/b6/4cXsT9v6V3+7b//2f/bv8If9zb9G8uY3/e/+4T/87579Gf/0n/gn/U4fL578PRe/1R/ze/x2V//H//6df/m/mP86f9zf+vvv/07fOf/Wx//9v/Af/Y3Pi61/Zvq3H/5Tf/KfuvW7/kv/xK/5m/2aH/+P//3f+fF//qvX/9pv8E++/b2+9xd/8qb4TZ5/9hedrn+Lf+0HP/Htf+pf++P+2t/vH/7s7/nv/s3f5n/4/F/72/7l3/q3/zf+oLO/5i/4C/6Sv/s/evk//zN/23/wa/8pv8fv+jv9wfk//vZ3+db/2H7xyy5ej5+M9s6uf+r7f8Ff/5f8h//h3/mdP+rP+PMXf83venL1u2/9wtN/9N/6M8d/5V/+O/1J/9FvfPzpt3+tf/TzP/5XffYf/eo/9L/8mfp3PPxrf/XhH/iX/12/8W9x/G//bX/6P/+P/N+/xk+enZ/9Rv/mo9/gj0//+F/+1/0Wv82v/C2/91v+gf/u5PGvP/sH3/5Rf8CfcTL6wdmf+vv+Mfu/w3/2h8//nD/irz9989M/9Vuc/SVf/K2/6o/5t/+VXzX/M37VxdFv/fz/+qv/7r//7zwe/Ya/4nf7N//r//iP/vK3vvjHm3/j1/s3/9ff40//P4//9/Qv+P3/gV/9e/wupEr+3P/1L/hdfvn/9cf+gX/93/k7/oH/ww/+yH/ltzv8d/7+/fm/+df+T//qn/9Lf/v/5K/+7/7p//B//+lf8D9enR794Jf/gb/0d/89fv0/8+Dv+ZW/x1/7m178Tn/yb/dnPvz1/trf5lf+379G9uf/MdW/ffKb/dZ/wreKv+qv+nsnk1/yT/2vf9rn/8gf/H/+er/H//Dr/k7/yv/5d3//2R/1z//m//5/9/b4X/0P/qO/+bNf47/+zr/007/ir/7H//7/6H/7jf68/2Z79Fu8Xuy++sHv8Gu+/KXpH/OH/k+/3t+1ePtv/B4/+Jf+ut/wp375XzD9Hz99/h//2P/272795//rJ//YP/Lb//Rf8Ye3f+r/9vJ3+96v/A3u/XH7v/gv+y2++ujP+g3a32brt/tD/7tf63f6u//Do//p8Z/9Tz1++3v8CVd/0b/5P/25v+jX/s4//7v9EYv9rX/o/u+186/82O/31/yjo7/p2eL/+ujf3r7+VnW4+u//qd9t/Js/+dW/xz/2t/0u/+yf/Ze2P578yn/+L7j+X/6+6y//7uxP+p3+mf/sN/ryF/z5f+Pv/mz8+//YX3L2t/yLv9+b/C/5Lf/Ev/m7v8ev/Vv8d3/T3/gfffzn/lPjP/cP+u93f98/+Z/+1f/Y08//zZOf+Q3/wf/lV/8ef8cf/8cu/rTDs1+d/fH/ypP/8t/63/+JP+R3+lO2/og/5zfe2vsrvvUPfP9v/u+++/h/+S/+69/zj/uVf/of/Fv983/Q65e/5Itf8ov+sp9+/Mf/Zz/5jz589uf/Xb/s8E/6ZRd/5Zf3/678b/pT/vc3/8v/9Lf99b/Ft369n/o7f+2Hv9af/R/8mr/rf/5jv+7R//mn/Cavf60/e+/xy7//6R/zO/16f8t/8fvN/5df+m//nad/2xe/21/xO/72/+mf+ff+9f/cX/Xj93+Tv+Jv/+t+ydajv/7z59/5O45+zX/8/B/4xX/TX302zfO/5L/6Xf+IP+BP+LP/vP/71/idml/8T/0ms3/jvycn6S9o/5frw7/u/3h+P/v3/6n2V/8Wv82f+K/87X/02X/97o/5W/6W3+UX/8rf/0/4o/7Mv+WfGj09/Hu//bf+7c9/zX/tP/3X/5N/9X/4+J/6d/+wf+l/+Dv+l/uvPvrLfuy3+yN+/c8+/5f+0H/97Z/xW/zz/8lf8LD6Lf/dnd/ht/9Df63f86/6v3+NL//TP/p3+u4nl3/S03/j//xT/7OP/+Rf+e1/71f9Y7/13/Dn/zn/1v4/+/y/+Vt/sH35E7/9n/OX/Sd//O/3d/3E7/bv/eRf8W+n//Ov/+P/0vdGf/KL3+8PefUrzv/zXzD/ZX/kJ3/Mb3Lv7/iHv/U7/rH/1F/2p/yPv8+PlX/To3/mT/ydf4e/5Pf8r/66P6f5jX7NX+/v+ncv/tMXv+Pf+Qf+t3/Fn/QH/VX/zOvf83f/R3+tv+43/af+kONf8Bf9Jz/xD/1+n/+y3/RP+3N/wV/+5T/wf/xJ/8t/8Df/Ov/EX/avLP+BX/Pv/b2n//pP/Lf/9K/87/+z3/vzv+Lv+0vXT/+5v/T43m/1vd/0T09/5X/9r/43oz/zX/g9ftH/9fJ/vvj1/92/89/9zX7lq9/xP/wr/64f/7u/ev0b/Ms//pud/Rr/1G/wu/8tf/Uv+Lt++t/+me/9E1d//T/ye/9Wv90/8hdl//2v8Vv83n/Qr/fmv9r7VX/A3/F71//27/SX/ga/0V+7+58f/cl/0L/xm/6qP/Pqv//sj//Lf/lX/+GT/f/53/u7//yfrP/t3+2//nMv//l/78//T/6H3/oHV/mf/NU/8odMfqe/8OVf9euvftO/+w/c+rd/2f/5H/75//N/dfEX/sx/MP29z/+Q3U/+yfTVv/Pr/WG/w5/zdPTv/D5/z0//kl//33v7dnl079/63f+tv/7v+PP/yW//LX9b/d/8d29+q1/4p//Vn/3aL98kf9wf/oPf6Hf91vqns7/7yX/yJ/w2/+v//Wv8q3/Zr/rtvv03/71/7P/yv/7xv9u/81Nvf53/+Xd7/Ev+kP8q/eP/s9/yf/1fr//BP/DLP/D7//z/+Z9e/4If+z//y//69/+/f42/6Rfc+2v/5r/ov/kf/89f+Cf8h9Vff/+Pf/SD//qf+bN+4z/i31z837/Gf/VHvv0fP/6X/q///sX/8Bf/lX/nf/Cv/7VfFf/7L3n7b/7W/8Av3vv2f/9rf/Yn/T6rs1/4d/7UP/1nvvlq73f/5PU/t3/2D31r8kc//aP+mOR3/Af/ql/+3/+3/+a/+6//if/gv3P8i//m/+Cn/rk/+F/+7/+Dv/gP+gNe/KnP/6zf/Mt/5m//537zP+L3u9uWf/fv/of/s/d+g3/lvzn6w/7gP/fXePvirzn+53/wu/y+D//+X/itP//v+J//+7//N/lt/sMHz/7sX5T8qb/b4k/7fX7d7L+Y/GWv/rvf6j/c/6k7/+zHv8mr5//Yr7n7m/xFf/KTP+pP+8d/s51f8V8e/Yq/9b//b/+eX3L6H/z72fp32vstfov5j69//D/+c/7z/+2PefAv/s47f+Tyb/v7/92v9v+r737n7Z/w1/yT/+Wf/N/+L3/Db139Zx/v/QO/6A/9k/6Y3/N7v+t/+e/+k9/5tf7EO7/yn/yr/pIf/K9//G/1Kj29+PHf/adGf+0f+M8mf/mdv/Bv+b1/i/Zf/of/99/pz/8jvjj5U/6DvX/3r/+V/8Lof/7Ht/+2f+V3ffSf/Im/8A/6U77zVz/5tYt/Zf43fOuv+/V+n3/t1/h3/+nLf/P/qP703/rv+X1+m//g8+nv+Cf/d39Skvy12z/5l/wFv/x32/s7nv2lj3/JP3fVXv5539n+B/7np//4zrf/kd/vP/2t/4Ctyz/rj/3Lfq3P/tF/6w/4X//r//G/+ev/i3/v1/pd/vrr3+F3/13/2v/6J/633+H/+KXvmn/r7/4d7/+Nf/vf9nc8+7v+jVd/35/+1/27/+l3/oN//xf+O7/NP/cP/2a/Z/kbfut3/6P+7F/nT/nvy//h+J9O/sr/5D//wW/1l//e/81v+0/8zSd/19O/8jf9wR/zr/7jf+4f8a+uZv/2f/yn/JK/5+Sv+sf+kL/l2Y/9tb/Oq2d/26/3l/0aP/3o1/yj/67//PK7n/4Xh3/2/r/3rV/xN/5Pf/XD32jy7/6bv/t/+8f9h4//2D/wd/unf8/f89f++/+73/dPPTv/7K/5rX7PP/9v+N7v9Ov8l7/Zb/KXvNz6E7/87h/5u/zP4//+/l/z+3/v5KN/81fNTn7HP/DX+8d+y/q/+Dd+4p/6A4o3/+q/tlP9Dw+nJz/z+/x768U/+6f/kf/s//zf/Gt/3z83+mefvfozf8nu3/pn/3a/zu7//t//kv/lX/ht/74Hf9Pnf8/x+d/w+/8t7/6H3/3X+yN/7V/wxcVf/u0/+s/9i/7o3+9n/vz/5M//e5Y//nb9T/1nf+e3//v//P7f1p795P/8+/4a/9Lv9Tv+IX/9sx/71j9wvven/3b/7n/6D3zv+g/8Z4/+0OWfUPzH9d/zn//lv8X+q7P68//0+Jf9o7/WL/v7f6ff4Q/+Q/6dO5dX//W/+M/8fX/Uz/zj3/uN/6w/6l/8p0e/6um/8Gv8tf9k/Zf8n/9T+/LX/rd+69/yT/sP/sP/+L/56//jv/d3/jv+w7/r5Bf8kxeLi9+l/c3+jH/qb/qLXv5g6/fc+jX+4d//7/mnz//c3+1v/Lt/40//iU9/45e/8d4/9S/9IY/+1R/7ff/QZ//w1v9y+H9+/G//Dr/kd/vF/8Cf+Lf86t/sz/j2P/Diz3/8By7+1//43/wr/7v//n/9r/+r//vX+Nf+wb/1v/mdf+lf8A/+BX/hn/hP/F3/xd/1G1yffedXH/09f/5v+1c2//EXnx393v/b7/wv/oF/8n/6u/59/9fl//W71L/8f/lV3/mx3/Rf+aV//y/+wx79crKnv8eL3+I3+OfK333/Tzz57v/0F/+jv9P3/4P/5fLzX7H+G/7Cf+Iv+Qv/3T/iN/uPR//j7/5v/+l/0pv/eu9P+Zf+/T/+n6v2/74nz7/zJ/3Kqz/57/lbf4u/+W/4rcqvfu2/6sf+lN/1D/pLfs1f8Wv8Gn/U+p//i/7Tf36d/inrX+/P/p23/+9f4w//8vf/3/+j//vX+I+/+zv9dYs/+Vdu/1v/xy/5r//kv+hfJwfnj/8///m/+3f6Q/7pf+Lqq3/wT/qp//GX/8qdP+dPn/wbf/dfcu9P+UP/7L/v9d/4+bf/4d/+zvM/5A/9/f7Rz771X/8Wv+Y/3v5Js//sN/pn/5nfJPkNfuwf+5v+h9/g4a/zO/0dh3/Cr/eLf/Xfc+fub/6//uO/28mv+N3+u//9J17+37/GJ/eS+3de/+G/37d/p/Nfuv27/b5/3/96+V/89Ce/4k/+nX75/A/7wb/3N/2K5K/4S//6X++32fv9t/7Cv+j3WP2nf+Tv9Jf9Ef/hne883P2z0j/jF/+1F3/LP/Un/ZO/y29R/SefPv5PfuGf9qf+Yf/0v/pP7f6rf8JvMP3Ff+Tv+b/+Woe/5N/7u774P/+Yv/B3W/zT2d/1m3/+O//rf9of/Kf/Jn/t2W//z/yp/9KjN7/pn/Dr/L2/5B+8/puvHv8m/2d1+d/8Ob/m7/Q3/znfHf0NP378v/3Xf8A/mPwnf8K/9PbP/ev+ut/3v/sb/tlf8p2/42/7A/+4/+rf+O/++7/xr/mLH/3d/9zv/utkP/mX/Mt/3e/z7/yGHz35lb/B3/cnz4/v/AN/6o/9PX/Qt/+3P+7/evgn/Hb/6X/8N/273/4N/uk/6Z/4hb/Lb/Hv/5e/5Z/+N365/O1/5R91/fv+w3/5f/a3/H1P/uwfv9r/v77/Z/1nz//P9cHv8jtM7v8F/8W/9favmv/qF3/8P/WD3/fbf9jf94Pf4vrv+60//6k/+V/653+jv/Qfe/Wn/JLf6b9rnu79x/W//2f/cX9J8Xf9zb/Vb/Xf/xq/GcnV68O/95/93y7+u3/73/7b/vXf/9/4H3+Hf+zod/gjm7/73/wb/rRf+Gdlf+vf8u/8fr/HX/3v3f21iuz//O3+lWeX/+K//z/89//rP/yv/quv/8S/4Hf8E//gy3/n3/v0N53/Nf/H+X9++Rtefu/X3Xn5r/yK3/5X/ya//+/81/5+1R/7+a/6fX7Bv/z7/OKLP/Jv/j2P9/+4/+pP2/11/5znTx//I3/0v3bwrey3+Jk/+xf8ql/0D/zjv+if+8v+hN/wr/j9/+unf/G/c/9P+Lsv//03f/X//Wt8+oM/+v88fvF77/zM/P8Y/6v5u3d/yP1/7ZOP/4HP/9Xf8W/7yy7++t/nD03a//qv/I9/378p/bt/xSf/9J9dXPxh//q3ftl63nz2/QfJP3X2T/z986+e/zV/wVd/2W/8+1/vzf6sP/n3/3f/49P1D375f3X8K378P3pZ/l4nv9F/tfyr/9Xf62d+k7/oW7/GX/V//J7/4t/wW/6qX/hf/mn/7PzX/df/1s//tjcv/8gn99/85N/z+/zxv8dv/ge/2/mf/7Nf+pv/5X/7v/lnTP6mP/2rj//VqhjdO/lD/pit3/gnP/rb/7T/8l/4hb/VP/Nn/c4Hv+xP/bt/z9/8v3q586f9yb/F7r9ztvt3/WXt//WdP/nLf23rX/uL/rff4jf9h/6Ao52/6D/8wya/9z91783f/rv9RYs/8C/743+Hv/0Hb+781P/+rz7+A//vf/v/Acd39jOgIAAA" />
        <Entry handle="11" bytes="H4sIAAAAAAAEAO29B2AcSZYlJi9tynt/SvVK1+B0oQiAYBMk2JBAEOzBiM3mkuwdaUcjKasqgcplVmVdZhZAzO2dvPfee++999577733ujudTif33/8/XGZkAWz2zkrayZ4hgKrIHz9+fB8/ItI0uXv38e/6vZOnx2+Ov5ecr5fTtqiW6UXevjp+ejZrtu6kvzit83ZdL3/xR9msmH306KPd3R3vebi3e/DR6KMVf/Xpg4cP7h3s099tVhMQ/nBvd3d/f/fB/ke/5PCXUIfF+VZ7vcqr861i+TRbnT27k/6un6UfrZez/LxY5rOP7vziVVbny3Y8y1a//6u8KX6Qb82q6XqBzybV7HpczEbpgx38/w6DbOtr+vcXp/QkP3YzfGnHzfHLj2l3r+fV1fF0EumrP+JRqgiM0o8uxotmOZ5Wi4/oj73jp9Rk9wWRwBIjXa7L8s6h9AZ88f9p1k7nW/mdX4w/bJdXddHmWx8/ztJ5nZ9/9tG8bVeP7t61Xdw18O/2cRrv/h6/x8uzp59pv78wW6wOvzp789kX/NsbnhD62kwHf3r84rO9nXv3Dj7dvbd7wJ+8/PyzL16/eP1sV75/TW/M9qaf7mTZTn6w82D//mQ32zuYTdDrg3uz/ezTnY9Sme3PPvr9J2W2fPvR0eNicZE29dQOIJs1ezQG+jFe5u3dk7PXd+/v3SUQ3v/p773d8U+vLj5Kr4pZO//sowcEep4XF/NWfs9K+uWkLKZv02/ndf67fpROqnqW1599RF/ePXp8Nzv6GHR29JyWVZNv8Wd3737/+0fp/wO3j2f78gIAAA==" />
        <Entry handle="10" bytes="H4sIAAAAAAAEAO29B2AcSZYlJi9tynt/SvVK1+B0oQiAYBMk2JBAEOzBiM3mkuwdaUcjKasqgcplVmVdZhZAzO2dvPfee++999577733ujudTif33/8/XGZkAWz2zkrayZ4hgKrIHz9+fB8/In7j5O7dx7/r906eHr85/t5vnFxmdTqtlm2+bJvff+/hbvpZ+vHjZpUtjx5naZvVF3n72Ue//6TMlm8/Sud1fv7ZR/O2XT26e/divGiW42m1uLtz/HSHnvt3dz+99/DTnXvj3d/jd/2F2WJ1yP+8PHv62acHD+k54L+/Onvz2Rf82xsGT18f3NvZ+fTTXf7w+MVnu/f3dvce7D/ckfc//+yL1y+++OLNR0dfnp/n9aP08ZOjL6q6vcgu8sd3nxylddbmTbqdHjdpWV2lWYMW98b3P/3d0+OXr9BkjE9enZ58+eppir+ff/nd1+P0d6NuR4R4el7VabUsr9PfbXd07+Dh3UX1+O7x0eO7TIePD3/jpDhPt5bZZXGRtVU9zlarn8zrpqiW42I5y999eb710XeL5Ud3jj7bSX/hL0xXWd3kz8oqa9PfOIm/16wnTVvfAPOL12en6Ud3Prl/5w4BOvps/85vnPzi3zhJO09bX/c/jLTrPudzTPhnhC1N/nhWTdcL/JKV5ffsH5Nqdj0uZt8/vBlccb71uwrI9Gd+Ju1CsKP6eJatzs4/vpN+9lm6vXvnZri3GEn3mZXfrYs237pzC7R/yc1N8rLJb271NfAUco1lBl5Us5yo1OR1ezz76WxKH337zRfPwUIfZ+dtXj/JL4rlx6NAXG8zwu6jvTbtdZmPZ0WzKrPrzz5eVsv841tAi9Ar8tE0a6fzrTwyvbcg06bpo75+CebjF7tG9NH5ejltSXbcq7/YMuAVfxASjV6x30/LqpG+7t79/veP/h+LKnL4IAUAAA==" />
        <Entry handle="9" bytes="H4sIAAAAAAAEAO29B2AcSZYlJi9tynt/SvVK1+B0oQiAYBMk2JBAEOzBiM3mkuwdaUcjKasqgcplVmVdZhZAzO2dvPfee++999577733ujudTif33/8/XGZkAWz2zkrayZ4hgKrIHz9+fB8/Iv7oly8+/42T3yH5NX6NX+M3Pvv201f089fE/3+DX5v+3fpn9/9e+vFrv3z+5vT//r//77/yH/sd/yl817568frX+D3/i3/rnP5Izp4ev3n3503/APr91/o1fs1v/41/2S+i336Ns9MXT/+GJ3/AH/L/AHqDJSRfAAAA" />
        <Entry handle="8" bytes="H4sIAAAAAAAEAO29B2AcSZYlJi9tynt/SvVK1+B0oQiAYBMk2JBAEOzBiM3mkuwdaUcjKasqgcplVmVdZhZAzO2dvPfee++999577733ujudTif33/8/XGZkAWz2zkrayZ4hgKrIHz9+fB8/Iv7vf+v//o9+jd/sO8/Onv0av+av9Wv8GjP679f4v/+7X+M3f7qevr3+NX7NX+PX+TV+jV/jDn30P/wav8nxrJrkv8bsH6JPfs3/+9/9Nf6wX+M3+g1+g9/gx36D3+jHfuw3+s1/wx/7DX/z3+o3/Y1+o9/0t/ptf4vf4rf6LX6L3/a3+c1/q9/yt/ytfvPf5rf5HX7H3/l3/B1+mx//8V/4C3/8x/fwHNjn1/yNfsPf8Df6TX6j3/Q3/o1/09/qN/lNfpPf6rf6TX+z3+w3/a1+J3rvt/wtf6cf/x1+G3p+hx9PP/qdf+ff+aMUr//CX7izM97ZcQD+73/o1/jNf4Nf4xf8Gu9+7V/zo1/j1/rNf81f+zf/Nf/vf+zX+JN+jV/j1/q1f81f89f8Nezz6/36v8av8+v+2r/mr/Vr/hq/Nv3PfU4D+bV/nV/r1/31fjP6+Wv/2r/mr/vr/Aa/nnz7a/5av/av82v85r/u7/pb/Hq7xz/x0W/5W2W/6E/e+4P/5SevJj/+W//6f/M/XP8tJ7/N6/3f9jent36tX+fX/XUswF/z1/jNf63f9dc+/onf4tfZzf7ij37LP/hvfvXr/k//8G/1f/87v8ZvRN3+Wr/5r/2b/xq/x6/x0//G07/g9/knp2e//G/8Mr/7h/7tZ//eb/wn/m3/61f/3p9b//n/5HeWv8Pf8c9+7/f6vb71C/+N3+fs3/0b/4E/42fWf99v9Vf99H/yZ/9d/80f/Kd+79/8LS7/oL/9b/iVv8G3Xn768V/5i/6aJ7/GH/J7/at323/oi5d/2V/9u56lf9kf+4c8+s1++u/9U/+c6m/+zv/6B/+Kf+kv/bN/1T/1K979fb/RL/zP/5F/+Hfd/qcun/zRn7z69f+pf+fVb/KfbP/+P/2f/Q9n/+ej3+b3+O3+rX9u9jvcPfjn/uC/+Tf6y3+3v+xP//P/zn/tD/3pxxe/7H/9I37qlz38tf7d/2nnX/nOr07+6f/r37/7P/91v2L2t/7mT/7Lf/bd53/M9t9d/4Hbf+Pk1Z+a/8yv9w/+4G/5uPmd/pL/7Z/7lX9W9lc1k2//5r/LL/pb2z/or39w76/853/p//1r/JKL//Lzj5rf5Q//R75Y/OV/w+/1R3/v83/+1b/3i07+r8U/+uVf+L3vHvyjv9av8df+wj/7r3v4X/wt/+5f+Et+1+9v/2u//1/e/sU/9vv+jZ/+B/nv/fiXfvZ3/yn/9p/whz969bf8ab/rP/5r/uK/+if/p1/4f/2y1/f+2Xur3/rOv/Y0+6v+pr/+//418n/kz/xdfo+3//ST6q/8B/7K//RPP/jun/P8j/1v/6Q/9Xf6B6a//qvZ77Z8/Xv+8f/wZ//5Z/P8P/j+n/Sn7v06v9Gbp+Pf98/6q//cj/+F3+c7v8Piya9e/knrv/jf+20/+n1P/uR/4c84+bd/p3/tX/sn/qh/+OWP/Zp/89/wn/+f/9r/8Lfv/vTzH/yuf+qnf9/v9rv9Fl/8Qf/an/ovJb/tP/q//E5/3f/xz/5vZ390/mf/xKeP/8q/9C/c/dv/zl/0d/+Dv/Uf9Qv/z5/+G/+H5U8+f1y+e/5b/GH/wqt/9K/5HX7nP/6//5/+z9/9q0/+yn/yt3jxa/7rf8e/e/37/4O/4e7o/N1/9uuefffjX/of/8//VPVn/Fr/3p/y+i/50/6RJ3/yH/jfvPpT/8C/5G/7n/6+P/M3/3PPfvnd7/9j/81f8ZOf/l2//i/9D/+aP+1/+wUP7j76oye/w5/633z0l3/ye33nXxpt/Um/53ezf/Xv+Gv+pv/h5Mf+1N/rz/3uLyi/+kNe/kWv2v/mTzn8o/66P/QXrfb/ssPv/I8Xv/xXn/3Yv/O3r37Vf/8H/e9/QvaP/nF/zC9+8zf8Zn/ZH736S/+ZX+sfOfl2+5v89/918n+tP/nev/xv/vn/yrpY/pf/yr/3b3x+78XqP/7O3/Sd3/vP+iNf/uW/3j9Q/wd/8fFn//uffPLX/pP/xcMX09/hl/91k//5j/s9f81Xv9vRb/CL/pU/93f+S49/yevnyZ/+e/9Tf9A/Mv7pf/x3+3v/8b/0T/9PXv/J/+Q/+k8+/N//tH/7j/lFD3/dP/af+I3/1F/2Wy7/m79194/7Hz750//+P33nL/hnftvsL/8zvp89+vXLX/PfO/qn/q79q1d/wd/yX/6dyV/8r/wbf+Bv88/9Y//pb/Zv/fL/5s/8Xf/r/+Bv/ehf/am/9if+kl//l/75v+Rv/5v/tD/6T7v6s7O/5Rf84f9kuvcvnf0G/+Y/81O/8tf6ff+73/Eq2furj/+8//lP/Gf/xt/q4ZPHb3/HP+3Zl39S/vtnz/+pP+2/fvp77Cz+vT9s+W/9kn/yO7/17/dr3/vk1/mr/ofJ7/yTP/n0b8r/xesHzeRP/78O/7e/49/9q//rL/6YP+0f+y/+87/0z3zxG9R/5v948i9Mr3+9/H/7u/7L33/vo9/9j7r76e+x/WPf+S3+gr//f29/57/95P+8+F2TX/Br/pP/87/wL/5x/9D6dfaXH/4Zv81/8ne++1P/p7/il3zn1/kv/+df+U//Ji//y9/sn/insr/zv/in/8l/8p/4G578df/ob/zjb//o2e/4B/03f+8Xb/7Pf+IfOfunp7/Dn/5b/+7/5B/wp//VX/xuv+9f/Rv+2L/3+d9+ePrbvvmrfr9f68mTX/IX/Zd/xHd+9e/1Zy7+h+1/4Z97/j88/bv+qN/ki2/9dvXZn3D/n/7z/tN/+s/6O37qN/mn/5Q/7Hf9S/7S/+js7Hf7q3/Pn/7BL/8bfvN/55/9X/64f+TV3/7XPP0r/6n/4D/+r/6w3+Sv/OK3+NN+5U/8rxf/969x8Cv+2v/z9/qnfsXV//Ev3v3n/9v/7e8/+jN/5b/xL/7O//ev8fv+8n/m//z1/5n/pfpP/5f/8e/5v3+NP/EP/BP/09/n1/1L/tGv/qn/7R/+S3/r/+Cf/e8++nj1b//b//7/9U//Yz/9r/+2u3/5w7/zL/qpn5j+FaOfnP74m51/53tf/t2/xu/2ByZ/+r/xl7/9S+vf7xf953/9f/vX/5/f/wP/73/7/wG8ss1VKQYAAA==" />
        <Entry handle="7" bytes="H4sIAAAAAAAEAO29B2AcSZYlJi9tynt/SvVK1+B0oQiAYBMk2JBAEOzBiM3mkuwdaUcjKasqgcplVmVdZhZAzO2dvPfee++999577733ujudTif33/8/XGZkAWz2zkrayZ4hgKrIHz9+fB8/ItI0uXv38e/6vZOnx2+Ov5ecr5fTtqiW6UXevjp+ejZrtu6kvzit83ZdL3/xR9msmH306KODHffsfvrgwacfjT5a8Teffrp3sPtwh/5us5pg8Ie7Ow/29h7u7n70Sw5/CfVXnG+116u8Ot8qlk+z1dmzO+nv+ln60Xo5y8+LZT776M4vXmV1vmzHs2z1+7/Km+IH+dasmq4X+GxSza7HxWyU7u7tjNJ7O3cYZltf07+/OKUn+bGbO5B23By//Jj293peXR1PJ5HOeiMepQaBUfrRxXjRLMfTavER/bF3/BSNnhMNLDXS5bos7xxKb8AX/59m7XS+ld/5xfjDdnlVF22+9fHjLJ3X+flnH83bdvXo7l3bxV0D/24Pp/Hu7/F7vDx7+pl2+wuzxerwq7M3n33Bv73hCaGvzXTwp8cvPtvdu39wcLD76f19/uTl55998frFF188l+9f0xuTvft7uw927z+Y7p3v37t/72G2N5nsHRzce7Cf0cc7H6Uy25999PtPymz59qOjx8XiIm3qqcU/G2ezZo8GQT/Gy7y9e3L2+u69B3cJd+//9+7e3/10/NOri4/Sq2LWzj/7iIj8UTrPi4s5Qb9Hv2cl/XJSFtO36bfzOv9dP0onVT3L688+oi/vHj2+mx19fOewR84ePrPxVVPNmKL5YpLP7h5M8unDye7OwYMHs/uzB+ezB9Od88mn+afZp/d2791/cPfB3r3xvXsH4/bt+MG9d7v7dx3hFC2H6a4bwEdp016X+WcfzYpmVWbXj5bVMj8Erh+DI9zMT8uqybf4s7t3v//9o/T/ATy8Y/2cAwAA" />
        <Entry handle="6" bytes="H4sIAAAAAAAEAO29B2AcSZYlJi9tynt/SvVK1+B0oQiAYBMk2JBAEOzBiM3mkuwdaUcjKasqgcplVmVdZhZAzO2dvPfee++999577733ujudTif33/8/XGZkAWz2zkrayZ4hgKrIHz9+fB8/Iv7vf+v//o9+jd/sO8/Onv0av+av9Wv8GjP679f4v/+7X+M3f7qevr3+NX7NX+PX+TV+jV9jlz76H36N3+R4Vk3yX2P2D9Env+b//e/+Gn/Yr/Eb/Hp46N/f4Df6DX793+A3+k1+w9/gN/gNf5Pf7Df+jX+T3/g3/s1+89/oN6HnN/rNf7Pf8rf6rX+r3/I3++1/+9/xd/ztf/vf/Xf73X633/2OfX7NH/sNfoMfS37sN0yS3/A3+Y3ov98Cr/wWv9Vv8pv8pr/Jb/Jb/Q6/xW9Gz2/xO/y2v91v/Vv/1r/db/s7/U6/w+/wO/1OP/7jH/34jzsA//c/9Gv85r/Br/G//5qjX/vX/OjX+LV+81/z1/7Nf83/+x/7Nf7RX+PX+LV+7V+Tnl/DPL/ur/dr/Dq//q/9a/2avwF99mv7X6Dlr/Pr/pq/3m/2a/yav/av/Wv+Or/2r/ub/4Y/9uv9er82ffxr/tq/zq/xm/+6v8Xvuvtb/nrHH/1WP5H9or1/9Q/+k//mf/nJqz/lx1//oX/rn/Zbf/XbfPrr/8X/8OTeX/rmH1v/4b/t5/Uf8rf8I7/b/dM//Sf/53/lZP93f/YfN0/zX/hH/CV/6p/xmxOkX+vX/nV/3V/3NzD9/pq/1m/+a/+uu7/F8U9kf/Kv84v+5o9+y3t/8L/8H9e/1V/8D+89eTX5dX/r/+kv+fE/5Q9p/u9/59f4jX7tX5NG9Gv/5r/G7/Fr/Eu/avpnXP+i/+t7/+g/8H/9gt/wbzz89Xb/rv/6n5j9UX/Un/1rffRR+vf8NX/9b/O/f/zP/Ie7/+n/tfUv/uo//eGX/83f8Zv+ip/58g9O9v6oP/23+ANm//nRT/6qP/F3+Z+f/YH/3t/4R/4z/8df9i998if8x7/oH/qxv++P+eQ3+Av/pb/kX/z7fvN/5+PfdPWX/I1//u/z5f4v++f+if/sr9r93SZ/1fef/Bv/2h/67z/9r37qr/nv//PkW5/+B2e/zb/zt/yX3/1Dfq9P/8l/8u+++lN/7z+u+Z3/0f/0Tzn8A/6G3/HP/9P/+K2tP/Mf/KO//Uf+Bf/5n/2nvvj0N/3Tsm/nf+M/8e36d/zBV7/4D0n/nb/mX/nFf9+v+Av+3D/xD/zN/8S/7+/4yz76S/+Fgz/mr/6rf6+f/Gfbu1/8zD9x/F/83Vuf7P1e/9E/9N/9Nn/p7/DpH/3flX/7F//CX/zX/MS/+kv/9z/zyT/2i/6af/3v/UV/9T968ad//9e88/f99b/N7/4r/+STiy/+zz/8t/vj/9n/48/evvu7/KZ/wuH//qf9Mf/4//1r/MVnv91f9S/+k09/qz9z/zes/9g/8Tf/6P/+Nfb/hz/2v/yJP/RPHP36f9wv/GuKv/13/g0//f5//t/8W7/0P3n1O/9eb3/p//nH/S+Xv8Uv/nv/iD/sPx9/ZYjy1/4zv+9f+8t+m9/jP/nj/sC/+8nOv/cf/UH/2/SX/WF//J/8N/wZv/B/+C3u/t7/418//j8P7l79gb/0b3vyi/6cv+YP/LUf/0f/0X/1b073/oKLfzj78f/izy/+uPLZn/vs333za2R/8+/41yz+rR8/+1f+5//p1zv5q3Z/n+PTf+uP+rf+kh/81n9Rs/5Xj37lL/kr/vr/8tX+v/u7/ZF//b/y1R/z6peW//rvVxV/x+6f+Gf++qd/yq/9D/4Ov93v8+qw+Ns/nX/5nT/tj/6d/qT//Z/IHv0XT//oxZ/xe/2f/035T/0Of8nv/hv8wzt/zu//Z5z9G6t/6vO/b+vv/Zlf8df+dcf/wtmn/9uf/YN/4S/57LM/+58/ffCH/Ilvt0/+id3f/i/79Ue/+s/9p/75u3/n3/9L/5i/9d+e/uI/9pf+459967999fd85863fref+fv+xt/3z/vz/vJP/93/pP7v/ua//x//Byd/wZ/+4p/9Hf+97/2vd/7r7/7Uv/RX/ia/45/8H/2nf+nf+0dP7/ypf9a/8nts/9Pf/iPSP/a/Of6xH3vw7z/+Zx5t/9l/yt/5N3zni3/vF/3EP/93/K//2cXv/Gc8+Lv+zv/u9b/yV5su/rXv/pl/059y78/7u//MP/S3+vx3/LNO/tPjo7/px/7Yn/7Jp7/fn/h3/y1/7z/zn5c/8cue3f1dk0/e/jF/0q/+m3/h079l68Hv+gevfuvf6ur3/tt+yT/7y/+19fY//h+c/o//5u//W/w+f9+f//j7f9af/Xvkf/z/sP2rf6tf/tdc/t7/wX/yH/7NX37nb/tF/9h/evR7/Zef/+If/32//erf/w3+8L94/C/9pX/YH/W7/nu/18t/8G/9s36zv+X3/Yd+4r/8m36L3+fb/8Nv+xv/w09+528f53/L//b23/lrHjz/o66v7v8jj/7DP3H0+/3vP/bndzH+16+vfu0/5J/6X/7p+3uH2bdmf+d/8k/+2X/5b/YP/cu/wb/73/6Be//GL9t6/sf9jr/Zw8e/ze/7k//k7/YvvP5bH/+vf9q/8Zf8Md/+S//av+wn/75/7W/5K/6dX/D3Pnjz5m//ew7+m3/+f/nNDkfVL6r+rb/yL3/9t/wTv/K3+T//mB989bc2v8n2X/eL/4UHf9x//tv9rR/9+KN/5vv/8N//yb/xr//rb37F1p/5lx09+UN/yx//5/7lv+RfmP3+f8Af/K//wj9+/K2/JDlr/6d/8685+yv+q49/+j9bPvsP/6z/9uMv/7k/89/9s/5ag6dB/K//9Nes/8Wd//J3r/+5v+6TnT/x9X//j/3Zv/Wb3/jH/vzf69/44j/Y+mt+5eG//h/+GTuj3T/on/2r/5Pf7p/9z9P/7Hf64/7dF+lf8qf8+r/Oj/1m/8z/+vTv/q2v/+rlZ3/8n/un/NLf8U//vf+Tv/3id/rXf6O/0aBr8P+pp7/097u4/8/9M799+TL7Xf/hP+pP/Gf+iH/6o7/0j/ojfnL7i3/n3/kb/86/4h/9fX/Tj/6D3++3+pv+kbr5+Nf9zf+Jn/ozfuOfXv8t/+rf9E//w7/Lb3//d/2p/2vxi7/6u37ZP/vn/OP/3tvf5k/5n7/6Vx9/+tv/yu4k/u2/07NP7/2+f/of908//Yfu/Vl/4e/6K3/N/zn9137wm/+Tf+pP/mV//1//F73665/95//D7/sLfub3/cW/+b9z+egf+Xh28snBb/x7/PW/5Xd+v//zd/6df+v/4i//E377X/KP/el/7F9//Kv+wj/2xb/5q/6X/37PcO4bw8rzv+8f/Z3/jX/kk/rh9/+41x/v/hX/yu/9m/0Wf8G/8r/+7b/5F//YH/2Dw3/uz/qH/sk/78/4n/+9v/x3eL6Tn1189Hckn3316vvf+jP/m3/11T/6G/2Lj//cv+Du//57/aNf/Cl/w+Pf6KpHl7/g7m//W3z8rSf/9H/8P/3Jv+xf+f3+nv/st/7PPv+dft0v/pNf49t/79+5/pnP7v95z3/R7/xn/Oq/5J/5/Ldc/dM//sf8Pr/j6Vf/zS/8H3/b9Q/+nPU/9Df8Zxe/7m/zX/wHf/n3/953f9qvVnBfvfuNfuYv/kv/sN/h4MG/+pdv/5LLv/+v+T/f/N+/xm/5K//E//bf/NueTh/+K7/fx3/G/7X1f/7m/8yTv/af+bs++wv/4//56NfZ+hf+9P/6O7/lP/P0Hzxd/f5/7X/yM7/GTzTN7/mb/w3/8env//Du7/M/Hf2xv+Xhr/49/4vv/q7JNPtT/uf/4L/56//Ov+hX/rUf/YW/3e/0Wy3+zn/5v/zX/ob/+U/56//133b5p/3y//qP/LP/y4cf/eK/5U++//f/bv/a9K/8Rb/545/+K/+of+xP+nN+/K/6I/6X//6jv+O//ZWf/Bl/439T/13/4X/y13zvv1r/+Pkfs/N7jX717/nH/6f/WfnrT3/HP/5P/GM+evrj/+Vv8i8e/fHZv/uH/+b/2eo/+XZx+dOv769+5h/63f72o9/zH/81/rY/5M8//O/+tOyv+91OfsPf8dvf/9ff/FX/9Z/2t/yj/87v+9f/E7/HH/tb/B2/+b/X/mPH2T/29/8df/lf91f/x1/81ae/8J+8PPiL/4n971W/7n/9P331a//n7/6qn/pP/urP97/3R/8h/84/+/vNfuYv/7G/7bf/Y/+d3+Hf+1N+zUf/9P/xN/3yv2b9i/7Q13/i//1rfPuv+cnXf3r2rf/r3/i1/5m/7d/7L/7p3/M3/51+r7/4b/ur/+afOPyjf+Xf999s/9O/079T/n3/4fg///Ne/drf/+3+7dO//Sd+8Nv9oj/wL/kH8t/gL3j2X/6vf9Rf9sf8T//973j3q3/sy9e/9H/8RcUf+NHv+rv+xX/uL/ivfre/6i/7o/+mP/gf/t6v+mP+2F/503/v1Z/38Zv/9lf+pf/sn/Gn/aXP/upfufvv/rnVL/+j/+ff/9W/+5P/6/4ff/+3nv39//G//fk/uXP9j/32f+Nf/5/9sX/Av/aHv/hTyva/+b8u//ff/8/6B/+dv+DLf+Sv/ek//5/+p2f/zT/16s/4T/6Cn/6jfs0/9XvJv/uD7/5OT5Lfs3rx3/6Ff+Ff99f+DT/xk//MX/O3/5O/8f/57/2bf/i/+Id969/9l/+vj/+t/+s//eP/j3/yL/1d/u9f4/Tf+2d/xbfe/PX/5K/xp/1f/9fnf/qv+nt/l1+zaf7F3/ZP/YP+nb3/+H/6p//hd7/Fv/v6O3df/If3r/6VX/c7//Nf82c8+U//8K9+qz/tb/1y9Bv/Rn/335s8/Pd+o/ns+X/0N/1VJ//Ob3T27X/qz335b/xFH/3lv/LRT/4D/8v/ePCf/q4Xf+tv/J/9zv/AL5j9neen17/nv3ny5321s/+b/87FX7f4l3/lf3v4V/9+89M/9q/5u/6cd3/Af/tn/Pav/vw/bf/58urP+PPf/jm/66z+DX/7P+9v+yd/pz/hv/rb/uu/5m979vQP+6PSv+N/2v5F//m//ff95f/s7/uP/Xt/1b89/VN/o//0YPz3lY8e/b6vfucf/8t/7Vf//m/5S/7qX+8v3/8v/9h/bPxXfPXH/qu/wz/+rz9+++df/Qm/yX/5H/2RW7/Ob/CvvKkXs598/Qf8IfO/ausvezL/zqOrf/ev+GN+2W/74D/+W3/fv/s3+zX/hV/w8j/7W/6P/+q/+vX/pj/3ty7/xZ/883/Dv+nVv/FT/8Jf8/o7v/qnr3/Fb/mX/t4/8Y9//mf8B//qq3/xP/9VXz6897f/pvvf+SOSf+fTv/nf/uknv9a/86u/2v+Fv/pf+SN/fJZN/u4/4fG/94f+Vf/Y6td/+ee9+erpq1/r6f/8E9/9JeM3f8mf8Fv9VX/mT9z5ff/4f373xfjv+u4vKP/lH3/xn/8m3/9nv/Nf/MK/5fM/48/7jx//osnf9k9/mn555/f/iT//X63/nf/716j/vv/lV+5m/95//u/9Fb/H7p/e/I6Hv+v+f/bX/nN/x3/9O/yuqy++ffY33/3t/uDXv+Tib7/zl1cXf+1f/ae8e3Zn+h//E3/B6D9Y/4L/uPn1fvzP/Fv/kV/22//6v+zdf/0n/+t/9L/w+Bf+EVt/+d/6ncd/1F9b/QN/25e/4Z/0n/8mv+/v86f8rhf/wQ9+pz/jz/tt/uY/7N/9O37Lzz49/Kl/5tt/8F/56q/4H/6cf+6nf+IfryafPf9Lf9X0D10+/N/e/vm7v+DX/3N/hz/4n/69/6jf7u/+J/6Nn/rd/pL6JP0TftO//c4/cPnR3/JrJv/N7/jH/1d/7+N//p/565s/67/8d/60P/7Zn/pjz777tx/+oj/5r7r81o//4uWdv//wT/+z3vwVf/h/+L/+4f/67/tTqy9f/Dk/+Q/+qXf/qP/6z/zFf+Z/98/9UX/fP/nJ7/YfnS3+hX/mf3r8B330h9f7/8lv/Pf81c/+7j/0k3/mz/6rX/yzv8nFn/7bffG3/Sb/1L/66jf/2/+W713+YS/+zi/O79/5K//Y3+Xl//F7PS2+9dW7v+MXf/4PfHX1Z/yi3/nPHP2+/9D/cfEP/2Z/xfQf/1v/5j/lD/xH/66//I/6mf/9J/+L3+iPfVj+a//eH3f5v33x7fXzX/Ny++/8ff/6f+Xv/Tf+iH/tb3z1T/xlv/v6n0l+q7OPf99P/sK/7U9//X98+R/8Hn/jT/43f+X/9hf+fX/g7/f3//jv9Ff+27/yL/3lX975JV/9w7/0b/yj/6df8yd/2fh/2n39O//9f9rvc3j3l/7r3/3T/oG/5j/6B7/7j/1vv8bf+Dv9O//lb/prf+vf/Re//av+29/7b/y9vvhr/5R//7f5v/7R/2b0T371T23/L8+2/6ydPzb9/T/7K/6tP7b8I9t//sH/+b/v/rFvT37j8S/7/X/nH3z1k3/m9d/+Gzc/8ed8+Y//JX/13/hLLj/6wW/1L/+Jb36z6tW//Zu9+m/+9n/in9n9/l/50//B3p/67x//ub/D29npdz79t3+fwz/zL/+37v1Hf8hf8nf9J3/UX/nX/Cs/9TO/+if+i7/s83e/2V/6Z/1dn/5XP/WvLv7jP/s//8f/hNN/7Ht//J/x1z7/LV/+7X/Dn/7f/QfP/tzv/rb17/5v/Gu/9X/3l/3Vf8Nv9nd9/0/57T7673+vX/Qb/8wnf89fX7/5S/+5v2bnT//pP+PXKP+Owxd/51/8N/7Yf/7vfPE3/lG/9Lf6r36///3VX9r8nv/hp//+i9/h7/3X/qTf8L/9UycP/+MXf8F/f/BPH/xnn/7Rd77/9D/49f6ev+/T7/+KP+eX/Z5/17/w9E//C/7qv+ff+Xv+nf/rd3z7b3x5/5PRf/+v/xsHv8ff9Le8+9bf/j/+Bv/pf/5n3P3WL/oPv7f3v/xXR//J3b/6W3/z/e3t/+x/+NN/jTvTP/Wf3H386d/1G/wh//nf++f+A//Jf/eXlP/Aq9/ht/1i+ZNPv/r9/vzDb13+tT/12R/1zzfp7/f7/OCv+dP/2d/w//x3/kVop1/xZ3zy6V/7X/zuP/OPpX/FZ3/+4d/wB/6r3/qv2z/2H/vVv/0/9n9l//ev8U/8Ho/+h/y/efTv/uV/7D/89M/9DU5/t3/ul/xPPzj7Nf7sX+Nv+eP/6/n9v+S//gf+/t/rX/nbkr/h5J/54g/69f615rfO//Env+iP/N7iv/jT/tRf9En1R//h/+rf+9P/1r/wO/1uf+r6r/lr/vnzP2L+3x/+af/o3/Tid/hF//Sf/Z/94X/533vnk7/5H13+RW9+l9/x3b/9i3/Ff/pb/4a/4F+YLH/h7/Kb/25/+2/7u/7O/3b9O/8asz/9x/+ef+fP+ON/7B/9nb//u739W/6g36b63RZ/6u/7E7/NP/X7/rq/xuJv+q1+2zdn/9jTX+P3+v7vefXdv/PhH/qt/+avPvifPvnDfr1/9U9c/T7/yZ/1KPmX/9I/4S96e/hHf+v3/dPf/jN7/+Gnv/Uf+5f+NX/FP/df/1nf+21/k6Pf48/5E5Jf9PLH/8k/69/9L37y1Uffrt5++k/809n3/5M/5q/9W/+Kf+DZf/5f/Zb/1tvf/bf/fZe/y6/7b/6C7Ff9Rn/HD/6d9d/R/nF/5K/5d/zjv+Ef80n9O/+5r5f/7B/+/J84/QXnn/+O/+6fNftLP/0v/qCvnv1RP/aX/9bf/2z5F/9Vf8nf8K/91b/L3T/pj/mN/o5/9t9Y/GG/6Nf823+N3/XN+id+39/yt/ytT36Lf+XPTf7r7+x96/J/+UXtX/v2D5//Tld/5u4f8M/+CX9n+ud//Dv/8b/gk8Xjf/Yf+U3Pfv3f+tf8L3/qya/7L33x3//Ef/Dn/7P/3V//Z/0j/+nf/M/9jn/84z/mP/1N/9Jf+G++/eP+57/vd168+IM+/9e++H2e/TMf/+Lf/5f8hr/4k/v/6z//p+z8en/e6hf8wn+n+Ds+/6P+pT/p10z2fq0/dHb/33+1/Mnz09/8d/9rz7/99/zR/1r+F63+2fW/t/6bfsv7/9erv37rV/6Rh237Jxz+er80e/s7/TX17Df6y//QX/9vPf3jf53f5dc5/vj3/vzNH/zVn/7b/JPf/t3/1e/81b/Nv/uX/6b/7B/wN/9d/9wf8M//J3/ff/un/E7/6m/2g7/kj/q3/+bf4eUnf3X+/Sd/4tZf8wv/zz/2b/3L/oD/cm/yy/7GT/6S2f/+az3+Tfb/1T/+z/wN2k//mn/1Dzr+RV/8s2//zTu/z9kv+3N/8i//B/6GP+bv+fJv+Mt+r//5Nzr+W7Z/8h/8Y/6tv/zvLP+SL3/tf/v3/cP+9keT/+Uf/T/+rXuf17/fd3/bPyb7L/+3Yvvf+0N+r/Z7v+7e+eHo7//LP/2F//6jv+1X/ht/9T/yj/zH/8vu7/xP7/8tv/ef+Dv9fv/p3rN/96/4y/7Vn8le7v96/8o/9kf9VX/1X3n+z/+1x7/DP/0vzH7803/2n/m3/tHVv//H/+W/+W/1G//zv8O/+ep3/zf+99/yl/wWf/g/98t+n/bf+5n/9Te6+nf+uH93+2/7V/+A//Qf+UP/+u+Vv+en/+5f93f8Pf/Kn5j9N3/3r/dv/DV/39/63/3+v+Vf9zNHn775537Hv+6v/euP/+l/+r/7H/f+5z/6z/rk/N/68/+8X2PxW//Y7/R7jf+0v+Xf/Lte/07/zNmf/2v94t/4wW/94//06nf8bf6gX3xn59/+e/6dP+SP+os//r1/s+9WP/WrL/+ls+vf/k/94//WP6n47+/85X9S+Wv+Rb/OP/A3/KXlH/Vr/Pf/7t/8yd/35/0Pr773Yu9X/1N/1a/4u/6L7b/jNznM/55f9Of/mr9lU/0NX/3lv/1vffDX/TV//1/4x/5Gf8F/9A9nu3/8P/Vn/g67v8e/8z//97uf/DH/8a/1t/0B5//Qn/qDX+f+R3/l75j99L/7733nx//sf/wf/ZP+1xe/79969fTqf6l/87/jT/6Lv0r/nH/00fqv/envZ7/oZ/Lvte1f8lf/H3/jn/yf/h4//sf/93/Ln/vb/P7bv+u/Uf5Wv8Gzf6f8M37yj7yq//6//8//Z/6Bu3/o33L/NyI/d//X+un/9O/6Tf/ev+vypz/9xy+v/7S/9Hf/L773l/0Zf+af8Pv+T7/xr799/Av/zY++9fbX+XP+hMXOf/dX/c9/3r/+u/5Of9df90f/Wtt/w5/wY8vf8W/45//ov+Nf+0/HD37jP/vP+kf/xN/wr/uf/vm/60/9g773J/3xv/1/nV5951t/8O8z/uQvv6y++Kvf/A7//H/2Z/8rf8h/9Sf9hk/+kf3/9ItH/87fkfxlv8EXf8+v8+v+5WflX/Nn/g3P/7PZ3/y7/tNf/KXf+U//qr9qUu4t/ppv/cXf+8P+gC/+in/tv/odfuJPbv7IP/wf/4m/8id/h7/wj/3p3zH/0//5P/uLs/Fv+Iv+jN/+1/7oP/qf/uD/4Ft/8t/2Uz/4Kz77/m/71d//3/xz/9Xv/X/8QX/TP/OX/qO7f93B2eKfP/5HnmZ/+vp76b/0l/3UH/bdv/6v/vSXvzz+F//zl3/+R+++//nf9tf+8Y/+1Rd/++qLX/Mv/yt/zz+o/RP+sX/lz/0t/q7/46//k/6T//nv+g/+7X/7n/ndf/kf+Z/8Br/1X/4bFn/nH/OdP/M//M69/3Dvt/uXHz3+b/6B/+m//Zm//df6yZ/4v37/P+E//Yf/5D9+dufZ7/nX/fa/66/xd/1R/07ym33009//5K+v/r1/9yf/7uZ3+eMe/3tXf/P/+Rf9pr/zpwcP/8n0d2u/+Merl3/RrzH/3l+y/sF/8Dv/aX/Xf3H1rf/0N/yd/rLf+6tf44t/+Nf4bZ9/7+/4gx/8YT/xjx7/K3/Gk9/9b/hj/7k/+y/48S9/tz/s1/8d1r/b7/prf/Hr/ZV/5D/+i/79X+PPe/J7/Y+H/8of9yt+37/tz/nB7/eb/N31f/6//gV/+X/6lzz4o/74R7/w7/71fuoXf++/+o+29vO/9t/5o//43+n4+3/ub/ydf/zv+Nf+3v/r4//xd/k3/5L/4T//hX/vb/QH/OZ/0D/5O3/rL/mN/45/5y/4w/6mX/Qb/82/RfPF//rTX/3Fv8t/8kv/5//zB7/yd/nb/phf9D8/yv6SP3vxV//vv8uf9sf+37/GH/sH/Kv/969R/dH/0+/61d/9L/2Nf1zxF66bf+mv/Zm/7M4v/96v9w/+6p/58g9Kfud/4Y/91/+o3/C//Rv+gl/y3/75/8aj9lce/DXN0V/5l331D1Z/6N/4u01/p3/pf/szvvpz/7d/7Mdn//XTJ//t//5b/SvJv/QH/X3/xb9U3E9/+e/3p/6qv+on/r5/7+K3nfzi+e//j/7lxT/za5986+Dv+Gv/pn/88X/+nf/8l/7ev+ivv/7z/9jv/A0/s/XdP/Qv/OfOf/Lzf/rv+j9X09/1F/1lf8Of/Fv9q//APzbb+gd+nb/6j/0vfv0/+Ff+u7/Zf/z3/va/2Z//G/8Z6d//Z/wbX33x5//nf8n/9g+8Ofji7/r3HvyHxR/5Ey//7MU//7v+G//hv/7vfn/v5W//h/72f9cf9Bv8Bm+vfuvf8q/7q/78f/2v/1P+l5/5a/7y3/13/1PzX/TL/r5/5+HxP/5f/lZ/8+/wO/+Wf/KfWPwTf8Y/89/8rnf/kH/zL/uvf5O/7A/7Jfm/cPXbffTr/HF/x2/0367+mX/mj25+t9/td/77f+zFb/cr3/1Z/8Uf9k/8s4u/IPnP/otPP/lr/8l/9S/71y//7ctv/Wv/8be2/pk/+j/6m2a/21/4x2z/7X/s2T9575P//GeWv+Sf+2v/h99r9e/9MX/0ev0v/ys/9fds//t/9b/wEz/xd//E7/zFf/KDn/lHT3/dv/47v9fWP/ob/pWTn8z/+f/hL/7st/pt/68f/+//yL/gq6/+7Z9c/yVfffnr/D6/3R/4T/8bL77z8MGf9ef+4b/l+dP/7df/m36dP/309/h1//l/4I//BX/YX/hvv/rV//JXv+0/8uf+Nn/1r/2d3/6v/Df+g8Nf/DMf/e2/9Fv/9p/5T/4bv/P/8X//Gv/rd//Yf/2//0v37v/fv8bRP7R88/IP/onH9//TH/s//y227r/6T9n+Y/6av/2X/fr/57/xT+LP/7r9u/+Bf+IX/R5/5i+f/rK/4b/4zf7qV3/d7/mH/a/Ppr/Z9C//93/mX/r1/64/87/+/f6X6q//I3/sF/47v9enP/iD/4Q//0/9JT/+e/4B/+H66o/6K/6xF//1b/HfPf0f//p7f/v/+vaf+02S3/zv/u3/8t//5fJ3+Gt+8a/3Tx/998VBuT/6ndI/8jf6zX/z3/y3/je/evQv/LZnv8W/nPz1//x/9+jP+Af/xD/kj/llv2NV/9O//Zf/wz/72a/6x748/x//lL/6V/8t/+Iv/UW/5b/99/5nf+1P/tW/39v8LzyeNv9F/nv8vaNf+V/+5p/9uf/Ad/5K2/Kv/6m//P7f/Mt/mwdH56/tO3/NL/3v/tb/8M97+r8uf9W3/vW/5vX3fpf/f7z8h/6fv+4/+3/e+VW/4x//O/5tP/MX/jt/+3/z2e9w8O998vv/kb/ku//jT/773/n9/7H/+9f4t36Pv+L19z77/m/8h/++v+DgfLf+M//13/e3/W/+t7/w1/it7v15v8X/+I/9sq9+y//hJ178xP/+V/8h/+fv/1v+R7/WH/nLfvCLy/v/0/9+/4/863/5x//O3/sv/J2f/7ef/82/8rf7Bx/+E6//pH//T/0b/oZv/fp/+Ks/6xcl/+lvvPfv/lV/yR+w9Yd99o//D1/9JlX5B/1v/9TW7/vb/km//G/4z//H75bPfp+/7u/9I774W8rf7I/5Lf7iv2b7f/2vv/e9v+uv/n3/yu9/6y/8M/7K83/2j/lz/9p/4s1f/Bf9p3/ZR3/H4fz33/1zv/Pf/r5P/pV/5/vf/uv+2v/qu3/U3U++/ef8nb/7L/6nZunpL0re/kXJ2b/+W3z//0r+9t/r993/1/6CP/13/NO/8/f95m9/6z/vF/1v3/nNsz/5H/hDvv3vnv8594t//2/7O373/+qv/XV/t//0N/xbfof/6NH3zv7c/+bv/HP/lj/kH/svfr1/+Nf9O37Xv+c/+kv+u5fzP+Wf+Wv/o7/97/t3/oH/6/f68X/st/lTf6e/4uO//Tf9oz76q//j079+94/72yb/7l/yb/0x/8O/+6f86e2z++vFP/3dv++Xffar/46/+ld+cv+/yJ78yb/VH/vL/ohf/iv/za/mv+zX/Q2Wf/XbX/7qt939Q37L/+7f/em/5WfyL/+z3/1f/R/+9fHf8NUs/93/8/0/6Ld4/eIXf+fd33P2Wx/+Z3/md/7bv/j3efjR3zs+qe7f/f5f9rf8kf/ci7/y5A/4w/7a//DN0+/8soM/+Xd+/Xf+iX/5L/3Pv/Pb/Xt/YvYn/P5/8P/6B/0vv/gnLn//v//3+5/+0L/0t/un/pL/4J/5L/+R37r5p3//7/zKt//Bb/qr//q/8Df8C3+Dr/7V//of/C3/u4M/8J/933d/1b/Z/Ab/6u//b/+nT/7Lvb/j6Z/5k39O+0f+o4tf8Ae/+ssf/JI/75dMfuUf+dlv/te/+qf/vF/65/4bf+cv+/Hf969+9Ze/uvqjX/3lW//nX/ZP/6m/7Z/++/3C73/629VPz/+W3+J3+Oq3XP74n/hrfPt3/V3/nT//9G/5G+s/aPlX/z6//t4/8p/9fc9+xz/rz/7PH/5h/9rf+o/9z7//H/yb/yeX3/ojf6uXs9/hr/ibf9sfPG6/Ov33/t7/5p/7C6r/ovwt8l/0t/zuf+vv/k/8jv/Y/1r8Y//Ip7/5q+tPxn/2H/Rn/r6/49/+T776376a/8Y/9Zfn/2PzJ/zSx3/0b/cL/p1/9i/77d/9Xf/Sf3H0m/345N/7s/7Pv+p/+Hfu/tj3f90Xv0uz/G/+xrt//sO/6W/+6//25Pf6Tb49/eTBL/jv/oo/5eCf+jP+sZcnv+1/8jf/bv/4X/q3/Ol/3vFX//7f+vf9en/zq7/53/5d5v/eP3n/7/q9/vB3j/6uv/nPq/6Bf+33/uv/gf/l2wd/w2/4X3/6vfm/+uSLf/urv+R3/3v+w/Vf/cf+94d/4oM/83/64o/9aPnP/bP/6T/0l/yWf82v8dP/w1/2k1/8F8u/6nf/Jd86+Y+/82v/nn/17/OX/sV/wX/+d+z83r/TJ7/5zt7f2vxlv86f/wv/h+O/6en01aNv/d+/xm/0p/3Jv+P/fPX9x/f/hY8PmuTFH/PLftlv/+53+hf+hh/79x7tffTffPqg/Mv/myevT/6u//nHtv/KL//C37P4FZ9s/ZPN5w/z8+z3/o3+3N/8H33wyZ3f/Pf4W37sf/r1fr2/9dd/9l/8OX/8y9/q8lf84n//3/j9vv0v5g//yN/2D/tnXvz5v92L3/fBd57/mr/Ob/v7rn7n//jH/+N/4+9J0l/xJ/96/+ZP/Zr/zF/+nT/t16Hp+jW/9eav/j2/8+r/+vj/+of/z70/t/i9/re/8Ff/+r/8n/k1/0QKav8ADmr/msf/3h/7f/5x//tv/s/e/YNf/Y3/y5/5rz9nMf6t/8k/58/+N3/sb/kVf8Of+O//PT/5+/31P/mP/epP/ql//V/5e36/P3Lx8M/+Ox/8o//Gv/rHVr/DP/bH/off+b3/8b//d/nt937Lv+/Vv/LLzv/df+g//5NP77/7R6uXf+yXv+r81e87+XX/rZ/+1l/6S/+b8nf76/7OnX/1j/tzX33x1Rd/y5v/+H94uvx33iz+q39z79Hv97f9+9/6+x5//yf+5T/1z/nT/8rf6t//3f+T9T/9u/2y/X/pJ/6Wu6e/5E/Z/r12vvvn/Jbp0+Pf/enf8+63+Vv/ugf3/rM/4F+8+K3+z7/sH63/j99y+0/4tX7qP/mjvn/nX/47/rzpf/Hbvfsz/4nyD7/8S/6Kf/Hor61Ozv6+f/2Lv/nP+bv+mr/1xV/wL/8tv/Zv8Zvt/y3/yd/22Z3Z73/62/zRn/ymydvVr/hT/sff/d/5a3/PX/Rv/xG/42/xenX5P3zvLz/7ff/d3/hvevmv/+O/6Lf8a37Xv/3tm+U/+mLvl/4br+vf9nf6O36X+pf9Pn/UP/13/c9/0a/xu/9Tf/rlq+/8PX/rv/ff/25/zqvv/DsHf8P/9ZuN/9Jf9Af+aT/59G98+PEf+7v9L//cP/On/HHP/szf++lv/e/89J/7D/673/+3/pNP/9m/++wP+UNmv8Hknyn/47/t9/hjit/y7/m9/o6/tv5rFr/1F3/7t3/Zr/PP/qLf8pNPvvO//bPTN//Vr/H03/6Pf/e/5rf4nb9a/WF/X/Zv/Z3/w7/0q37Vqz/2d3v6W//YP3L9O/1Jf/9v+Hf8Vz/2K//bv+3v/vVe/fuf/sO/0e/8ZpX8r7/Xb/H7/W2/z59w/z/K/57/6a/8Lf6G468+/yWX/9D//Wusd//j5j9O/qovf+ZfWv5Ff9Rf+7f8m3//b/YP/zF/xPYf/P3/c/3L/rk/4+/5nR/9ZX9h9o//X9/7l//Ef+Hv/bOe/Ln/wL9w9Df/4n/0L/ij/pU/3gn53j/95/0Jf+6/yUL+5m/97X/zf/Q/+fg//+P/9jZ99oOz/T82/93yv2V9+ltf/f5f1P/wxS/68/7pP+7i7h91/bv8Mf97+f1/7Nf5C+4tf9O/+nf9r7/zl/2Pv85f+0//QY9+nX/3D/kj/u2/5I/+g3/3f/knLr/1rfEv/6nf+7/4BbM/+4/9p/f/td3yP/49F3/37/Of7v/uv/A//Qf+m88Xx6flH7P1Jzz67q/4Xf/Dv7Z5+Df8Ts//wX/qH/1t3vyVf/Bvd2f8+a+xO5v9OX/Hv/ybffKH/Nd/+b/603/Hr/tX/hX/2q/7T1z/4l/zd7j3P/2l/8lf/Lf/Nt/9P/651Z/wL/0d/+P/9Qf8Bv/13U//3j/j7m83+1V/3i/8Df6yv2P0T//u89/6+/Pf/OX3movf+9V/O/v+n/YLf4+D//Qve/Gn/2bTf/q3+59/pz/pn/1Vv/Wv8Xv/I//Zm6/efXnyh/2nl//K3/Hjv+Zv8Xd+9ZN/96//ePIn/+W/tL3+vf+L32T3n/+j/rs/4x/+LZ5e/vK/+s/99r/8d333v/0TX/5LXy7/m1/jH/qPd/7hP3H07elf8icc/H3zrX90/o/8+9Xf/tc/evAr/9p/9t8a/W5/1PZ/+rv8E//45a99+FN/RPnp8z/kr/zr53/kd6r/6ju/1e/7L/0Nn/3mf2T2z/3jj/67v+O3/8n//J/8tf+TP/Q/+q//hD/yt/+ZP6j6R7/3K/60P/Iv+/Tf/G1/1X9x+IN/91d9+nb8d/1jf+R/9Iv+4b/iV39+/uuu/vDf8T/9RX/uv/Vnvtj6df+VP+jT/+vX//W3fvzv/Pi3/83/oz9y9kf9Jjv/9l+69ef+Xd9+8vc8/mf+9l/4O539Uf/K75X93b/BP/qH/LKt/+rH/qv13/53HfwOf3J58i/91X/7ne//Bb/4Tzj4r37Tsz/0d/23/8Z/+Kd/5t/6n//xv3Fe/GPfO/j7vvtH/Fc//ev+Rcff/td/y/Xv8yf/87/2n1h+fPTJp7/wq//1z/2HHvz2v+Nv2f5Of9yfMv78d/03/t1/5y/56T/nj/rFf8Y/8D/9pn//b/K7/ZG/9y89+Y3/nl8+ef3H/dd/0J+8//TPefPnfvR7/TF/zfbf8d3f6h/7T/6VH/znr36j9p/6q/7r3+ef+pd+0b+2+Cu//G1f/L3fO//f/+q7O3/gs7/8v/zob6Ow7Df/r3/je7/73/5r/5aLv+V3+21/x+//vf/k3/sf/eV/1u/7H2//lX/z7H/4yd8k+7v/+j/3T52cLH69p3/A8uE//fGf/uzkr/6Lvv2b/+1Pnv47Z3/nX/x7rt7+5n/0H/BnfZp+Pv9P/tQ/4Vk6+3V/6sHf+E/8wn/91/9r/obvr79V/dd/9e/4m//Rf9jzP+/gN/9P/7Tzf/qv+s/+1TT5d89/6p/+O355UvwW23/NH/2vHv/b/+XB//Lb/RH/2c/8vr/y9/+nfuyzX+93+A1/g1/2N/9B39v7U/6c//A3+/X+z7/t9d/w5LvfK/6GL5v/4Xebjv6uvzn/5/O/6i//9Kf/pn/r9/vko+X+7/uL1v/Ev/nqdxz/Jn/Sv/b3f/VvL/62X/ur7/x+1Z/7H//9H/1ev/l//Pzd7/o3/Ra/+z+1+IvT8vvTv33/0cv/7Y94evib/xq/4fL/+mP+up/5VX/Cn7D3r/zMb/8n/Qd/1O4/958e/EZ/13/96/yd/8SPP/3x3/6//AP/k9/6Tzt7+af+3b/n/Td/+ey//LP+kF/2x/1T/8SXf/y//Z/f+01+0d/1G/1Vzy6/83f8yf/bH/bv/pd/9e/0n/wR/8av+Kn/+q/516vf/p9/+b/8279++o//0Z/8Ef/un/i3/Kl/2q/5e393+rv8xv/S7/c7/mH/6dv2e7/o11i3v98f9Nmrv/w7v9arP/N//j3+19/0v/7T/l3jnb38jf68v/RXvP51//d/4ON/6Ne9/C9+vX/pf17+jX/dT9x9+PbPvPNL3kie8/vNP/5//kH/7q/4r/7O/+k3+Xf+iv/lr/+r/8q/Y/u3/berf+6P/LHf9Xf5Xf/mv/73+k/+9D/68J/9u3/ml/91/+Sfs/5r907Hf9k//bv+Hb/f3/VjD37JP7td/Fd/9bfu/E1/77fv/sU/WPzfv8YffvF3/6//2u/3r53967/bT/77L/738T/yq//0f+xfP/vHf/WLf/T3+23+sL/j3/slf/fuL/iP/4I/4/lv/Tv9K3/H3/I3/Mtf/fXJp39y+6+/+o8uv/dXno5frP7wP+TX+L2Wz773O/9Rf80fSpD+9eKPSf7S/+nHf69f9x/8zf+2f+2v/nv+13/31X/zF/0rf9hf/ff/gva79x/+9f/axS/5Xf+qv+0P/99/i//z/r/+Z/3Vf/sPfvCTf+mvkXz33/0l//Qv/e9/7/t/1/902v4Vv2z8H/0bb/7mT8/+9CefLD/7xy//mX/pb/jL//W/60+7uvNLk+ov+rv/un+weHK+91f9Yz/9X/ynf83f8fFvePm3/w+/NLn61n/3R/8ud/6un/izn/x2i2/9hn/Mn3v/e//ax3/kX/l3/Wm/6VbyH/+vn/7Jv+7f8uYJrU0d/oq/YvxHf7f4E979HVtnq7/gl3z/b/9z//4/+cHvs/XP/fr/8n/xL/+Zjy//1b/q7//Wg7/hX/iPf+Mf/KH/afu9xX//7//F/8g/+jf/+//SX/UX/adv/+YffPJm/Jc/v/PiP93/6//O3+/j53/GP/63LH/qH/yD/q//evqPkFP2G/8Z/9Hf9+/8Kb/7H1X9Vb/4j/3pH/9n/+9f49//zf/PX/YfJ3/P9+/9tdUf+Xf9x//3rzH+q88/+ZV/w3/96/zXf+9/95/+t7/t3/fwv/rjt/7Vq3/7n/w37r5r/uXf4V8f/dn/1H/99//iP3Bv///4Jw6a3+6P/t/+1F/0Uz/2P/8Ff9yLv+T7p7+g/HNePf3+//qv/75/0+89utj+T3/7f2zy2z/76G/6c3/L69/+7h/3n/7h/80f9ff85B/95q958T/9Yf/H+DsPf9V3H/4x38ovvvOn/Bd/5X/wj/8D/8nf8m/9UX/Tv/sb/d3/cPPX/Fq/YOe3+Vf+7vZf+qN/s1/0r/6Of8g/9u/9vX/Ls9/xJ/6dsxfZ7375D/13/+1/+o//aR/9bv/ywR/15/yK3/XfJ0f23/nbv/On/Xqz/+P3/Y3+vb97dvEvrP+Jf3r2/Z/6R/+ZyfSPP1v8Ez95+L/8u8t/Yf/X+i+/Opj/vb/Ff/O3/8//1N/1M3/Y6o/+c//Z3+vP+Md+7+XxH/wP/+P/3J/wn07+m1/jr/0X/szf+F/7Rf/as3/in/lDfvwf/Gv/jr/tv/nTfr3L/+6v+Cv//t/6//g76t/rP/8tTn7Tv+Pf/e3+6D/uwfnpv/zVv/KX/Me/6Df9Y/+2X/G9ye/96g+f/k//27f/lN/17/ovnv5RH93/Xf/UT1f1v/0nf/y37f3Ev/5vv/qtf6fv/s5f/NTf/vv85pf/3b/b/hs//fK3/4n/9G/6b37z3+m//0f+u3/iD/jb/8Q/6Zf/eb/OX/0b/6m/6F/7u8Z/y7/69/7U+tf513/r9W/2Z/71f+l18W8V/9tf9Wf9Xf/L85/6Y/+isz/73cV//uzdr/Fb/22/7fSPHX30vX/ixW//G/+Zf//f8hf8NS9/g7/5d/+PJvVf/b/8Q//cnzH/Rf/hn/jv/F6/y72/9p/8N/+Tv/Mf+bd+zb/hH3n0dyQf/X5//R8x/TN/6h/9M+78pT/zW/0l/+vkZ37Rv/Ivf/ff+d9+8K/9xF/46b/5V/zvf9qv9zOvftFf9+CP+sW/7Z/yS48+/y1/4z/gd/sjf9Hr3y//L36Dn/o3/oh/6o99+sf+1X/w7/q3/rmHv/xv/tOv/77f67f4n/+Pv+/v/m3/gVf/xJ93/bf8A19c/2u/5Jf94Pf6x//Tv/Txr/Vvbv2bX/1x7Z/+1/+i7/w733r52/+zv/+P/8LfY/s3+1vu/Q7N9i84/HX+04Nf9Zc8/2t/839i76/6M3/Dv+4P/yv+z9/x05f/xN988OYX/Zff+cHnnz/57X78N1vt/Sc7d5Jp8yf/xN/2b/ydn/0OX735e6p/+adBpl/+b+40R9/9v/79raOv/sJf6+pXlv/4f/y//oJ/+r//A//YL37qV4//zz/jX/+7F3/H5C+d/s7/xV+x9/f/Xf/+n/QnHP31v9l/8vv/Ub/6r/rff7O/tPnd/+vf5t//9f6lv+fP/DX/nT/q7/zrf70hB/TPtA7o3/Az/8h//pc+/gf+5r/9//41/pfvffcfeGWCxr/ql935a55d3/3f/tHf7H/6i/6Kv/yv+/d/r7/8r/5f7335/K+tP/urfqL4z/6BP+z7v/vf/BM/ePWr/8x/8S/6mX/5t/pd/rj6e08/H/19v+f/8bv919/5e/+U/T/uP33x0b/1xW/1Y69/8Lt+/B/8NX/Dn/Kf/Sd/zvd/3X/+j/oD/5D/6K9886/+T188+Dd/y4uL/+1P+Hv/xb/t+Jf849d/UfZ7/Hb/7dX4v/o7/+6f+Vd/t1/2p/w5f9Nv8xt96/O//5/+09/82//e7/e3/GD/b/41/9DRX/dP/NO/7e/39370rcXvVf6eL/6X13/G7/ynbv0rZ//Zi9/1n/rkL/pjkt/9T/71/qk7f8/f/vv90smXk3/1t/6/f40/7zv/e/sXf3b4n975Pf7Pb/1OP/Uzf/uf9JeM/+J/78/4d7//H/x0+18++92yZ//+/r/2P/+7k/bOb/sfvPjT/4Z/6d2d0d/1+/27v/vZ8fGDB4s/6pN//5N/dTb/nf/kP+3pf3v0n/x7f+Y/8Pcf/Tr/1V8zzf/Kz/+df+N/+J3/sv9h/WN/zT+5/SdO/5O/6zf8+I8//41Wf+hvXf5Vf8zf8Pd873/97z/5G/+G8Z/z2/0To79s9tv/5r/h7//qL/lrlr/mv/1L/v79/+X3/l+/9xt/Z+v87335Z/69//5f8y//rv/u7/qP/Zr/4Os/4sf+w+//tT/13Rf/2l/0n//tf81f/jf/dn/hq7/sr/wrJ2317s7q7/utPv2HXv/e/92v++Y/+HP/13/lH/v3fvxfmf0pv+Ev/Xf/or+g+fv+zL/97R/6J/4W288e/em/xb/xX/2P/9I/ffAP/vevfqfjv/mv+qM++oX/7ffW87/3X/2ri7/iq7/4L/gPf+KL7/3XP/Vn/YJXd/6Ov+b3/GP+8L/7t/w3r6qnq2//0X9M9lv+pb/f//1r/B//yF/xC8p/7JPvPPtL3/53//a/9Pf/Vr/pb/PH7Hzv9D/4Y67+1/y77bd+4k/7i/7X0W/0e/xz//R3/rHf7e/456/2/nPrn/7lv8PyVx/87//4//ib/ODHv/ef/6kHf/+Dv7H6L579hX/WP/Un/C6/+e8xWvy1f/Gvde9fOfvLvnfnx7f/1L9m66/9e/73t3/Gb3j4x/0Xz6cPf+bkn/o/vvuvTv6H9Hf7n//c1S85+02/893f92voyr/68B95cXH/T3l7559/9Av/8z/ob/4j/sN/+r/7h/6Y3/RvevCH/GN/7KO/4h/9o//2f/Sr7z/7c7/1f/3+f+Gf9488zf/Lf+uP+N//sl/vr3z8/b/rd/j4X/qD/vh/4R/5pz79n/+uP/qvvP6vfue/+u/4+/7FP/zj//z53/ovf++/+PV+x3/q7/ljt/+uP/SP/48O/vr93/z+31b/Zn/Bb/UL/50v/rE/9j/6a179T79odu9bv9vv+/v9gb9LUv7kX/ydP/K3/wP+ooN/9je+vPyTz/7L3+kX7f8R/8Jf/Zfc/c743/k1//Q/YfYXHr39S//Yf/zyr2uL7X/sT7/z+/82/8HJ7q99b/GH/Ia/2ad/wi/8y7/7m1/916d/0d/3d/8L17/ZPzH59/+L3+Cf+uO+mLz+g//kz1/+eb/7H/VH/M9/7R/3G04++mN+jb+nfPsfPv2r/61/bPZb/nX/6b3/7vP1v/GXfecP+5dPfpvf//oP+3V+2xf/wv/86373j3j0J/1GT//6v/23+Qf+1uST3b/5T/5tf+0/a/3HvfwHfqM/9I/+jX/iH/5Tfp1/9Y/67//C3+tXfHH1U3/QX/x7/Pe/6z/9Z/3ZxW/0O/6xd/6tP/Zbv+G//J/9Rn/Jr/NbLn7s7/7xf+TXKf75j//m3/z51a/4O17/Vn9Cdf1n5me/0y/9+0a//R/6a/2+/8P9v+Dzb//Df8rOH/+PvvmF//A/+Zudvfuj/t7/7pPj3/a3/cf+kHf/9m/2d//J/9tP/5P5n/AP/3nbo7/9r/qx36w9ePSvH8z/qBf/7e/24s//2//9/+2L3+POv/l7/aZ/3m9X/26/zj998Df/d9//0//tX+MvefIf/yV/39/wv/1Dv9tfMk7/mr/iX/uLfqNp/Wf/0lkx+yf+gF/0L/1Zf84Xf+j/MftF/+Qf8rv9oZPf87f81j//h335R/xVf8bhL//v/o7/4Pf9u/+F3/0v/Kd/j18z+zt/lz9k/Jv/+sVv+af8K3/Hf/LgL3nz+tf75//2w//md370T/6Dv//uvT/xN/4N/6Z//B/6z//4v+GT//G/+UUf3fnpP+WX/SlfPPpbft3RH/af/CXlv/9m978b/U5/6O/zW/4TF3/F3/1b/50/9Yf9Fn/Gb/lH/UOPv/3so8l/9ff80m/97v/+3pu/6PF/9rf847/8L7yb/H6//4//2B/11/3jW3/cP/Qn/pO/19/1m3zyx3x7d7b4u/7yP/nt3/ai+udO/oR/9eGfV/+i/3jyU//Mf/Gf/ZZ/3keLv+W7/9if9Nv9Zp+9+Lf/+J9aJ9Xv9Zf/Kf/rf/ri4O++828/+58e5n9gOvpj/5Gz3/LJ79b+rr/xb/Cn/OaX/+33/v2f/LuP/tNXf+UXf/7Hf+bf8jf8df/b8Z/4p/zDv9vv95vv/Dr/87/zT/+uyX/+T/5uv9/f8d/8Wr/Hv/Cv/KK//s753/z9P/2f/E9+q3+uef5Pff53/VO/8F/9fX/b3+rPLX7H5s0f8X+u/vv/+e/47p/5q/7NH/+N/+l/6b/4j/+x+jf/TX+nf7X82z/5o/7Vv/xPbf/Tv/0v/1fyv/3pb/Gb/O3/6L/68pft/om/zdHv/Zv8Lvf/1D/73/pnfsHv8Xf+aU9/m9/xq9/yX/r1f/t/6Xf96hf+o//uj/0G/+sv/Nf//a/+5t/7//h7/9aP/8V/cXLvWf0L/onH//y/94f9t3/P37z8nf6gf+OLv3b7L/qT/4I//6Pf8U/5lf/a3/Zr/nv/4tE/+If8kt/7nzr+o369f+hvefX7PP+D/tT/7E/4a35666/7DZPlb/D7/xPNH/lL/5j/5n98NPstnv1R/9Yvunz0n/17/9in//V3fs+9P+k3+M549b89/aP+lf/6vx3/9Wf/0u9+svdn/UX/zC84/Q1/l39u9y/Nn/+CP/83/xP+oT/+z/3r/6BPxz+9+uf/sX/rX/oVL3/5X/93/OW/77Of+p1/m3/4v/jBn/3j/+wv/Kf+wD/xs6vf9J/83/789b/9D/6Dv+cP/vR/8V/4x/6gf+2PpDWu3/X87A/93f6y3+sn/+K/5b/76s1/+3v9R7/NP/nZs7/in/wHf3rxT/6zv8+/9ONf/OT/9snv+hetf+rVb/kv/3Uv/7b/dvHt7/yb/8EnP/17HfwTf9Qv+VN+/Z0nv+if3st/xz/ur/utT3+fX/z98s+5/id/h/Tf/tf/teTkX/rb/vV/9l/+vf/wP/yP/E1G3/2L/+bf+R/4HX/Rf/ZX/bX/yB/01zw4+u1/u3/vr/9rJ7/8X/p1/psBS/lL/+r/iC3lX/w7/SN/35O//b/7jcf/4X/+O/+b/9Jf8n+we//3kHv/a/wX3/2Hfvuf+a3L2X/+f/wGn/4O/+S/8einzv+BP/Vfe/L7tW/+5r/q7Jd87/S3Pvx7X/3B/+gPnv4W1e//+/ydb37Pf/f7f23+H/6X2/ee/3H/2R/xB/9tv/VPvPrX/qo//7f5i/b+zT/iv/7D1qef/qnf+YW//Lf4/X/7r777V/zd39n/Q6vkX/qv/s2v/vHf+o9Ppr/VH/lo9gt2t/7r3+0/+Kv//V/2V/2hy7/rn/kLjpL/9tX9o0fJH/ML//a//w/97hc/s/VX/KO/+V/28Vf/5W/2S/7m37b6Tf+x7b9gcfmP/sU//fFv8Hf9EX/kX/y3/9evPnp5+st+i7/9n/nn/9nPHv/C/+r/+Dd/7//y937X/Pd/8Z/xb3719q/+b/6Hf+dP+Mt/+f/8rz7+q+u/5Z/9W/7S33b8n/w5f8S//Z3VT7x8/Pv/I+O/cO+Xz/+pP+3Nn1j81v/D3/8r/sP/+rs71Ze/7h/8b/0af+abF/9J+bu8+Ov/0t/tuy/+9H/39d+c/8uf/l2/7JP/pvor/p3v7fyvP/6H/DF/wz/+7/xRf+63/oNPH935i//df/5//Dd/y9/69zz+4r/9W/7o//QfP/je5Uftr/xvn0+/98f+LX/F7/OdP+M/TP/UxUe/7n//d/7gq+kf90nz+//2V//6v/y7/W5/+3//0//Tf/6//sr/9qf/mL/kP5rV6/Pf/1/4n1/+Oft/xz/+5d/zp/8F/8jpt/+TP/Zv/onf63//vX7qz3z46/7bR3/u7/e3/jZ/yj+6/FU/+OT3e/Zjv2/9H5/8Ht//hf/7u7/xP/h7/+z/IZZs+Wt/9z91p/0P/v5/8M/+Hf7z7/zOf+E/9Xf/Uf9wvvfP/xp/13/2G/wpv9sfmv+S3+353/biL/rT/45/+81P/413ftnT36T6R/7mP+ef/It/jYO/5jf5W4rJ4l/+O/6mf+A/+dt/JaVh/9D1nSdHn/0Fs3/uv/xXx9XWf/qf/Z2/xW/0B1z/Gz/xV/zqe3sH/8kf92et/7n/4JPf+W/4o/6MF3/OX37vz9nb+Qv+yD/sHzn6s0/Of42zq1/4E3/Bn//vjP/jf/LX/Nt+rV/n1301+9t/h//gP/jb57/+P/On//mzh3/hn/2//N7L6Z/6W/32/9ifcO+3+xP/1Bd/6B8++v4Pfot/5nf9bX/df+If+7G/5N/6Y//i6j/4O/6d6+Lv/qvn7/6Lv/DX+/3u/G9/1C/7XX7LP+2P+l++PfuNf+I3+92Sv+PB//wn/db3f+H/+ffOf+Nnf/nvmv2tf/bvs/jH/5H/6J94fPFv/ucP/vn/+o/96OVf+osu/u7f6NdYP/4TvvVnL756/Tf9Ff/Z3/6n/N0Xv+o/vP/HnL/5I579+F/7J/wx/+wv+/Gdf+yv/kv+iuN/rP1Npj/z20z/8r/+L/3Jv/x3+3dnf9H+t/70P/93ufdf/qI/9d7ozh/3V/5u/+Uv/k3uH/ym/9R/99//cb/Nf/7n/E8/9dmLj36t3/0PevODf+b0Fy/f/ud/3l/x+Se/7n+594u+s/9H/C6fvvzT/8of/2P/oa3f7e6vffff+4d/6+Tf+Or7f9Xf+5N/0P1Xf8u/8L3pjx/+1n/kn/rH/9F/6m/0Zx/9q3/K3r/4na/+qOe/4a/8k//6v/RP+al/6d958pv/gt/2j8//7bf/8l/1M//yP9d8NP33n/5h/+6//Xf/Cf/oP/mX/G3/zR/2i/74f+eLf/P3//32ftGbP+T3ePPrP/vX/8Pf8/G/9pf9UX/fv/jP/fa/0Z/zv/xn2R/xb7z65E/99Wb/5O/Y/qd/1ulv95c9/m3+8H/5d/348A/4/f6H8R9794///Xd+5t/+8/75v/9P+GLnL9n7Lx7v3fun/vF/9G+5/CN/u0//3HGa/oon//s/87/+D3d/z9/0t/7k/u//t/1G/97ln/8n/bKf+A+Lf678r//lP+2j3+tP+Jf+7t/4T/uZX+d3+87v+t9v/yl3/4Tf+I9cP/jX/+7/41/85/+lP/XOH/in/um/6O/6O37Zd/68j//3f/63/V3e/P7/5Lv/8N/+Z//dq+V/8/I3/RV3dv+Fn/7n7v9zz/+RP+Wf3d39E/+Bf3T3j/8vfv83737/+Zcvv5j/0X9S80f91G/+l/46r37Fv1v8C3/Qn/6tN3/R737nD/wt/+9f4w/4v/7sL/62v/z/+PL//EP/9/zX+AP/jP/s/m/5p+78K7/f9z79Dz79XX+LX/0Plb+s+PHf9c4/92c8/Wf/4i9+qz/17/5X/tD/4ic+/cv+rl/5yR/wu/6d6/IX/c+/wb/82U/8T8e/+Sf/xNGv8bf9FcuPv3/29s/9A7/61f/z3/47/fhv+/sc/cJf/eLT0d/7J/7Pv9ev83f9gt/tv/4n/9N/75e8+h//3ZOzt7/in/0DftW/+18//rN+z99r/Cv+g7//X//+f/vi355/+c8s/vDs/m/4ne8c/+LFm//wye/3n/99f+rfk/zzf8cf3n7vz/gfd7/12Vd/7J/yp2XL3/if+A0n//zf929Xpz/457b/mf/8n/2TX/+567/2H//d/5S/6C/eyr9z/Uf9z3/aH/PFv/x3/GHLv/av/Pv/5b/1lzz6j/6m3+vH/rb/9Pf+C/7t2Rd/1b//v5a/35/+t//m//gf8J9O/6E/+c/9u/77P/33/Zk/9a/7O//tv/Xv+vP/m6N/Llv+r7/XH/2X/D6/+Ff8Lf/+H/1Pf+/qz//+3/Vfn83+rv/1z/uvv/+3//R3/48/7F/5+z+r/9T/48s/8jf40/+Rb/3Yb/HXrP/o11/+wZ/8nb/h6f/+g9/ir/9L53/0+t85+1d/3z/hP/lj/t5/8y/52/7rs/xP/rP/+X/6v/yzPvs3/rV/73vL3/mP+fv/rz/n7/5t/5pvbf0d/8Nf8iv/2v/yN/4tL/6Cv/9//1/+mV89+Sv/wp/44/b/nv9+9pd/6y/7O9I/6rf4a373X/lXfvGDjz6p/oaP/o6/8enf++lf/1N/zL/1p//zv/Inf9N/6G//M/+Y3+e3PvzP/6u//qd/p3/zb/9T/6ft/L/+V//j3/90/rfeW/8Dfwyt5hy5DMFP/BX/49/6J/51v9//9F/+JffvzP6577PT/Jf/KX/QP/H6d77723/y3Ys/55/9k/+Df+Xv2P5N/pC/46e++xeXX/03v9Fv9+6fKv/T//m/++Pe/cn/+K/5ZxyPPrrzk9/66uN3L/7Z//hv+e1/oz/0f/lTf6OtZ3/er/0n/RO/z/+W/65/8Ff/0p/4h12++tW/7V/+1av/9fRveLVq8vu//Z/yn/9Z/9wf9uwX3/ud/9xv/R+vnv02/2b+nXu/8Z/86d/xP599deefnn3++cG3/qsf/3N/yz/iL/tz/oa/9++o/oY/7df6xe/+vT/2+Rd/zL85evIb/Kpf7494/Hd8ns5/vX/p/r/9h/9tv+Cfz55Wf+2//rfXF7/xZ3/s/D//J37sJ/6t//G/bbZ/13/ku5Pk1/51/or/9Hf7vf7i3/Ivv/zl/8Gf/9Mvf+w3+Y/+i7/nH/2J/+uP/5v+rb+p+rv+2T/uP//P9v6rv+6v/LH/+jf4E/f+qYd/+T/6u7/6nX/qF/+7v8Vfe/af3//T/tU/7uE/8zf/EYf//B9699nbu7/7n/Eb/Q6/TvH3l3/LP/Xpd36tP+oP+c6D36v663+tf+Bbf9Ff8idv/8mf/jV/w3/2nV9z+/8Y/aqP7/yTf/fiD3/4J/ydv+t/8jv9bX/Qm1/yJz/7h//Xv23vz/t4/6/40z/95X/KX/Er/to/69/4ZX/XH/Xf/ja//t1/YvG37P2if3z0p/4JB8vf5Y9bPvrvJvd+91/xj/01f9u/8OLTX/Mfu/eb/8Z//vrN03/3P/wb//i/51/9R//qv/S3/XV/m3/mL/mr/uo/cO8P+n3/yf8z/cf/0Z/+dX6jX+cn/5K/6c/5qeo//y0/+eiv+TP/uF/0R1/9jd/51+/94//Zn/g7/Ae/+/Vy7yT/x6//4N/pL/1H/tPlX/2n/jH/afUb/gb/1W/zl27/Jd/+exd/z5/317z87f+B13/Gr/qT/4u/+N4f848c/wn/3quf+ee+/0/909/9nR7+Bn/Ov3fn+a/95V+9/ff873/8y3+5/N6f8jf+AX/T3/3n/W5bf/O/+mv/1r/y3/ojdn7fX3Lxp/yuf9sf9mLrf/p79/6Yj/7sv+b//Gf/1X/9O7/27/EL3uz+1r/1f/5n/HG/+PBf/nV+33/+9/pFv9bjP+g/fvTP/syzf/b33Prv/pVP/87Tv+qP+6N++9/n+3/jn/jP/slf/p0nz9u/8X//c//qv2Hrfx79mz/56Hv/8z/5b7z4O/79X/1X/wN/+a/xZ/wHv8lP/Wff+wt+5u/+nX7j33nxnxz/M0d/3f/8vae/xs/8pauf+FNXv86rf+wv/WvP//f2r341oG9+zf/yN/h3/sjxH/DvN3/dX/7rPfxrrn6z3+fXfPuv/g3/0d/xq3/FL/sFf9Wf9zf+wU//g7/rf5v/A7/Jr/HXf+cv+c1/on77dvT3fvy7/9Z/92/ze/6Tf+XVF+u/5Xf4t3+b//X07/yzv/r1/8A//yf/09/4X/vqZ37D/+Jf/59/8W/0r5xNft8/4Z/5fX+jRf47/tb/za9e/FF/yUff+n2+9bd+8e//lv/Cv/3dX/NPfvGn/9Tf/lv/na9+vPwb/penP/W//cSv8yeP/s6nf8Mf+1s8/Mv/+L/t9/+N3/13u//o//zTX/zfv8bv9mf8az/+J/zn/9xf9qu/9e//m1eXf9U/efe//9Yf+w/+FX/jl8tv7//Mj6V/7eIP+a/+m9/rf3v2zx7/xd/+T49+k981+Ws++kP/qsM/6Z/8J774e9/+0z/+b/2zv8Pst//q7/jH/sY/7HuHf/5/87/9Xn/nP/r7ffXVsz/sD/9N3v7+89/j1z2/QwL87G/7B3763/qn/7dP9n/nf5akufid/s8/Yvl3Yr3mz/5fYy7EX/17/cKJ5P7+hPM//8d/+3/2+o/7006P/9Tf5Df6s3+j3+Kv+Ms+/x1m/96v++b7v/rVX11/ufd3//N/39/72+7/d/f+sP/03/wty3/55bf/yMmf+62/9+xv+f4/+1/8xN/9i6b/wh/zf9xZ/KV/81/2d5T/wL/yP/zCf++3/rV/679z/dv8PZ/+u+Xf8Rvv/1r/7uKP+Q1+jb/kN/ij/pjf59f5iU8/+ohUwe/1R/5R/9C/+C/8sj/2V/1VP/H7/3r/+T/55Ae/1+LP+CP+1d/5N//uv/sbj7f+3F/5L/1zv+DLB5/u/05v/+zmH/87f5ff8t/9d/+cP+Bf/RP+qV/3l/wXf87HP/nyd3n525e/wX8/+f4v/lf++P/s4U8+/+/+1H/7t03/o9/v3b/wH3/04v73/+S/7Ad//X+7/v1OP/rNn/5e/+bv8289/19/4nf4nf6k//gX/oa/+1/9p/3Jv+a/+fI3/Dd//d/iyb992b78Nf7nx//8n/UvPPvFn9z91n/w6/wB9/7E9j/5U7f/3PHv9lf8Dn/Kf/sn/M+v/9i/7I/+R8r93+7ffv2Df/N3Gv11f+vTfyHd+xN2/uzH/8Hsd/4L/9H8+7/JP/er/5rt+/9Y+ef+a//NX/E3/E1//Z/8W//mD36fP+bZb/rZ+Pf6LfM/4jf/Vb/oH/zP/7KHv+a/+ov+2u3/86/7Z578Sb/qT/+P/4Pv/3NH/94f8ftPf63/9tW/95/8s+X//C/8Zn/ff/IH/mPr3/pX//ZX/8Yf9Fv+0f/Cf1n/2/O/61/9p/+n6ee/0Z/9D97/M36fr/6Mg19V/hPl//k3/Uanv9Hv+/0f/JY/GP+5L4vf95/9c//U3+70V1Xf/oP/3H/iP/vzfpPD1b89/3d/g7/il734x88f/k5/0O/8T/19zVf/7t/92zZ/68E/MPsTvvgdf90/Yv5vFb/3H/CH/Jb/yF//t33nd/vrf62/7E/4q771B/0Nf9q//Td/68/9ff/qz/7QB7/PH/nP/vN/13/xN/yuf8TOH/57/VG/27/937z5A5d/8e/+W/8Pf8m/9Dtd/2Xr//MvePrrzH//V6NHqy/KX//6T370h/01f/jf9HeO/5m/9E/5w//Mf+jzf+aXPf7tdv6mZ//YL/gX/rXf+w/7E3/Df+FP/ef/rH/gf/tLR7/+3/6X/2NXf+Pv/Xe+/i3/rP/h4voP/mP+2z/r6sf/kD/kD/3df+w//3V+8o/+jf/e5J/+O1/+4b/VL/5j/vT/9ekvePtn/NP/5J/2v/7u/+vv9Hsd/Kt/0n+487v9h//Gb/Gn/FV/26/x+/yrf+ufPDv/Xf+Md//Wr0p+jS8W/+Xv88f+NT/x6G/8Hf7a//of/s3/41//N/4d/9e/7Lf4H/70/+YP+w/m/+Lf++v/rn/27/SHTH+nP+T/uv9H/M+/zr/6u/3Ce7/jH/Pf/hE//V998vf80b//7m/8u/3R/9q/88f+Hf/c650/+7/7Y/+4v/9P+p1+t79z+jf8Vf/D7/Fr/ps/9rf/D3/In/eH/8T3//zf6rf95J/6+/7JP/Of+W2+c/757/SDP/5P/ck/5tf6k5Odv+T3/fQvfPDVf/EP/Wu/+fOnf8d//z/89b/mf//v/RuLH//P/orf5if+471/9uEf80/+I5P96fd+w//kD/1HP/7fin/85W/59OPf91/68z/6a/+Bv+DBn3X9Z5yf/nW//b/4i/6U3/fv/ZN+3z8l+83/7Y/+qf/0O/UfPFr9d//H8S8a/TF/8N/6l/+2P/36d/y3nv/yP+pfPPmTDj6f/FP3L582f9B//el/+of9PX/UP5ec/lF/+uW///YfW/5+/9w/km6V/9Ff+qee/vV/+9tf8B9t/YW/8e/9rz363X73P/OP+Hvu/reXy7/o1/pPmz/vH/uxP/LPvje6++DRT776Df/7x//s9t/047/GL1z9Zb/5p7/W/Dt/8/iXLD79/h/yZ/wlj//MP+ufO/uz/rPf6D/7K3+/P+U/+zT/O3693/zsL/ktfvdf+3L0Rz36id/nkz/hT16t/8r1T/9vk4d/9D+QPPhftv7X5hf9G/v/8Ppg+dnf+Mdkxe/86uh3/ek3/+H6H/jf//s/5B/54h/79upP/uOez//Hf+8v/J1+Zu+P+4//wr/6o/Gdj/7H//o7v+Yf8pd/50/7df7qV3/5r3lHQ8vFX373P/kD/7vf5V/d+k3+pu/9nd+q/9s//zf89fbu/t+/xl/0yX/+m/1jn//3v9Of+Ec+/b3+3Hf/2x/xu/zzs7u/cusHv8W3fr+/5t2nX/x3R3/Mv/3qb/zHP/ndX/61u//Cv771+Dt/w+jXHv0N/9iv/tN/0d87/m9+p3/2z/3Nv/XL8j/wN56f/rp/8r//+5d/zJ/71/5Df/r/+Tv8ih/82n/Yn/EvH5d/2l/z1/zJ/8sf8Gf8LY++87v/x3/nV7/0Vzz4Hf6Sv+Rf+Se+/w/8Vn/ErP0N/5B/8PLPTf7LP/SLMv+Vv82/8Tf+mf/Nv/lx8p/9UX/+b/s3/jV///f/9N/iXz75c/6M//53+YPffvob/7P/8d3Tt5//F3/67/dj/9tv87f+Qf/zz/zrv/wn//4/4Zf+ow++91/9k//l9/+5X/HFf3jxu/zef/9//C8+LZ5Ztfmv/eV/6q4Jt37Tf/5P+f3/yH/m7/6n/+Tf9xf+ZZ//k//s+s88LX/PP+Af/pP+pL9x/Vvf/erhb7v95/7z/8s/N/oTd07+u+bP/53/6r/3j/mx/+T3+Ev/tbf/4V/5z/97f/vZf/Ab/Gd/9x/5Y3/U6vf5p1+c3/vLHv1v59+f/Yb/7h/17T/zJ37D//0v/7ef/hr/8L/02/6Ov9un//xv9gf948s/5o/923/r3/rBX/Kv/Mzzv+GTX/8v+C9+4r/4sef/6C99/c+f/Qn/2Z/y7B//t05++7/i6U/9m7Px7/iH/Cdbf+J3/q/f+u753vl4+vv8CW//2f/jH/i7/uar3+nf+7O//E/+u1/5m/3hT/7n03/+/Df+S3/6N/4t/oe7v/UPfo1/7fvrv+N7D/6C3cVf8Y9/8U/+xi+fPn313zz9a//m3/y3+Ku//c//x//Jp7/6b7nY+Vd/0Vd/8590/h/9Jb/W3/dH/fW/67f+hl/25IvP/p1/4Xe5+PjP+od/2ds/+/f5V/6y7/yRf3T1h/2z49/jd/5TftG/V/3m//rv/Q/8m7/0d/3r/7Xnn179lovmT/mL//RPp7/ek5P/6cf/s/8p+43/ib/sz/lLfu1/7tf6s3/DP+h7P/mrq1/yy3+9vzIpn/9xv+jP/HX/oz/5d/rX/rDvL17+4W9+7Hv7f8/Vb/DVb/P3/hvZ77JV/3q/RfMLf+rpb3T8Z2S/xfyfrsd/9fP/7PfN/4g/4WT2u/9r+W/7RyQ/+cnyez/1h/2yz/eO/rXf5198+k//Mz/95rfb/fP+iNfnh7/J7/VH/PU//u+d/6K/+ad+zT/wJ//GxceXyV/yl//Jv8Uf9G/9udd/5tk/XPzDe7O/7dFH3/5rfv2//Dc9+179X/9u37v75N/8e/7pi7M/+U/4c//Cn/7d/pH87/7t/9d/9lvL32v9B5//jn/Sr/lP/L4f/9S/8Z/+xgf/y/w/+WN+4T92/Pd8VK7/s6v//Nv/2N9X/8I/7H999vov/bH/6cHv/wt+rfTfevX8D/q1fsmv8yt+n3/+7/ziz/kz/rVf99/6+/71f7b5yx78Fr/wJz/5W37n3/23+XN+289/4k/5/f+aO7/kr/2bL3/33+6v+2//9L/p3/6Zf/Fb//H0n/kzf/u/7/d68bff+R0Xf+h//7v/23/Z5R/xj/5xXxa/45/1C//y3/Pf/1v/wa/+0s+2dn7vv+8vOPl4/3ed1b/pgz//z/tbvv9bnd/73Ue/9/Hvtv/t/+hv+A3/gPPf4bt/z9/26/35r/6W/2Lvp+s/5+32n/mn/y5/+m/+q/7rP+6f+d3+zJ/6+F//m//Yf/sP+s//6N/179r6/Mf/yPr3+4V/2v/89/yg/sv+6V/1+S+qZh//Cz/z4//xk/pv+3f/hl/z8f/2z7Trv+vXOPnHvvrN/9W/6O/5a/+VP/ev+o0//csnZ/9c8wf/mb//H/qn3/tF/8f4J37ln7x394t3v+CnH/z2f8rP/Aa/4+ST/+i7/83+ncXf/zvO/4vv/9F/8m959Mfnf8vW33T9S/66v/U3/Hd/wb/94Fd//9/7n/++r/6j3/Rv/6V3/8Cf/IP+tZ/+yfPr4otf9of+Dv/Li7OP//PTxe5/f7b+I/+dX/+3+3V+j//9F/9Bf90/+Lu8+mv/sP/p3/ojl//+n/5XvPwtoEhUd9z5O/60f/CP/r9/jb/pD3z+F/12D79Y/DN/1+/xr//PR7/G1i998ZufXD9/9d8d/J2/xf/wrf/9T/9r/76/6h/8P777Y1iL/sN/q/S3/YP+3F90/9f83f/o3+Yv/t1f/WNbf8lfvv51//bVn/KH/ya/zz929U/81v/N3b/hF/zhf+NfNP97f+Knf+w/Of2L/trf5H/4S0Z/d/sfHv/2zfr3L/79P/qnPvrn/pU//rf7vV/8/f/tl0d/1R/6d/4Hf/u/+0f/h3/tb/A7P/87Xv59f+6T/6M5/a9O3/x+/8kv/+pfOfzXi++f/7H/4N/yh81+7I/53/++f+vP+d/+6X/99/jPf5N//K/96b//p37LX7f9LD38T779F/xWb371v/bFT/4nf/tv/Jf9Jf/tb/WP/ybF7//Tv8eve7H43/6Bn/7fP/mp33b/7t/+u/whf+u/8X/8/vd/yW/9N07/wr/pL/3rf/n0l/0N/8UPbEC1/5daVfPTr/7pP+vvqX6///Cf++OLf+Lfvf5bC1IEqzfPf+w3+8P+sD/ln/ndKE306u9/81e/+fP/o9/tzxv/5Ml/8V/9l7//4u//6cX9f/s/+S0erP+uP+qv/ptO//V/f/29f/Mv/JP/1r/wvzn7/X/bP/I/+9a/9/x/2Fv+/r/rH/on/Dd/w8lv98f/Vn/Hn3Y2+hN/rYPkd/urJ//NX/P7/bt/Tdb8Xf/CH/An/PK/7vVf88tGj3/RP/evffuX/M1/70//HX/Z7/VX/Gt/y7/0Wx89+xf+wL/6d/+Z3+93+ZP+6v/l0+b/PPvkP/mf/o8//Hf+a/77F3/ML/+7f7Of+kXJ858o/7JP/6i//+nVq79z/bf/Hf/VT/0a3/2n/u1/8Vf8bn/jH/uP/i/eu3/p3/77Pf43frd/6s/87f/63/fbz7b/wb/qzeuf+Dvu/sI//c3f/Av/1C/+6n/1b/mDfmsH+0uL99Zf96v+5v/5b8pn+Z/yh80XB7/6v/ij/rK/6t998jf8Dv/2p3/DP/YX/0vXf+Fv/+j1zp80+yd+6bf/5NPf/if+gj/hT0x/4d/y7J//l37z3/343337H/y7v/hv+/V/D0eAn/nj/7z/+9d49Z3/7e/7PX7Xz3/6ZfL7/IIX//Ts38v+y7/7L0z/1X/5T/rH/8q/9I+7PPt1/7Wnu18Vf/LfM/7T/sN/5U+f/Kaj2f/8N/1bf/Bv+Gf9bn/773Dw4+Xf8Sf/J9t/2Kt/+m//vb/6/ZN/dfs7v8ZvGx/j1q/xB/+R//wf/Uf/trtnu6en6e/9P//mP/Zb/qXT3+Dvnf/7Q2by1/7z/upf8T1i4rv/0B/+W/+3L5ev21/6x/7Hv+Xf/Wt965c+/eSv+P2/9RN/5B/6O5f/9e/+T/2fP/2D9e/8l/27/8pf8w//3f/Fr1t/9N/89f/sk9/n8M/4t9/8Ef/ur/xq9jN//Js/7k/7o/70r776yf/mb//3/7Jf9I//N3/J3/hL/9K/8rf5yf/yp36b723/vf/Hv/P3/TO/xX//P/ybv95H//W/8/tf/o2/yZ/0W33xr5fTJ3/2t/+b3/bv+Hf+h0/+lr/mj/4Pr06vft2/9jf/3qPvv/1T/97Tt//OX9/c/7cX//79j0a/xi/4Nx//k//mH/JvH/4nf+cv/9b//lsUf/G//Rv+rb/73/l3zvf/nl/5x07+9X/sd/tb/vu/6vE//b1/+q//5776L/7w//Uv/et+1T/42/7zFGT837/Gn/0//sPjP/9P+4P+zT/6v/gb/5K/7U/4pf/IXyAxh5+23P8//8Kj3+iXffLR2+W95adHv/Oj//vX+Gtf/RnP//F/9R/81d/7VX/yX/rL/sTf9r/6E/7AP/iv/WP/l/Jf+AV/7H/zr/9Dnz1a/B2/8q/59/7YX/7n/lf/3N2//O/5pW/+1b/z3z/4A/+n/+3//J1+r3f/xi+7/A/+rP+G4oh//m/5k/7Wv+lv/bf/vX/jo9/xH//W87/sD/un/9g8/+mf/PST7Hcd/fl/wPnr3/Wv+vu/89P/47/+8epv+E//k9/md/9F5+/+oX/2H/hL/tO/6T/7F+e//fLHn/8tp7/W3h/5O32x/ENOf9Fv/Xv9O3/h7/+f/13/4t/3n/7nhx8l//Vv/lc9ePR7/lp3tv+7dPxRcvWbf/IX/su/9z94MPu/f41/7nf7Vd/5tR/8vvt/587L7/25v9bv91f9Df/5s9F3/+c/4Z/54//if/p3+LN+3T/+d/rf/uZ/8fTvevGH/Ne/zt/z03/Jb7n6VZPf91/9k//nv/H0n/oX/sg/6hf997/Gf/rv/NnzP3xv9584/cd+3/3f6l/5i/6G3/V3WP4P/+o/6UH+C08n/8d//Kf+37/Gzp/6n2/9Ou/+vn/gP/2v/tnf+PRP+i9+1//ub/uo/l3+6X9h+p/8Rb/23b/0v9j9nfd2y7/h1/ov/qLf7Pf7P/+NP+vhv/kb/2Z/0X86/Zt/s39ldPWn/el/xV80fvbxV396/jf/6T/2h3/+G5V/1B/05M//6um//+zoj/nHf9U/+vH/lX38z7z53z/5bf/L3+gv/FV/2F945/f8DS8/Pf4f/9bf/k/6E37LP+5fGD39M773h3zrP/0Xfvo/Ovh3/4Ct/+TP/WOe/hl/01/z1/zl//3v9+//5391/uuc/4v/1Hf+qbM//Df/H/7h3+rPzf/mxX85/VN/t2/v/ju/9o//K9/5sfV//f0/8y/5PRzi3/olv/Uf+8v+iC//j3/kyz/tL/qtfp///H87+F9Xv/uf/o8efvJb/N7/7j//x/x73/3d/sx/5o8Y/eKf+bP++z/4zz74i363rf84+a+//9/8mX//r/8X/th/9W/91cf//G/2n33xp/0bv/7/9af/Zd85+ZP+/P/k9/rk71n8N//R3/2P/se/uPjWR//V7/av/0t/zwOPWL/L7/Hf/Zd/5t6f8Mf+qt/iz/3d/6Vf8Dsc/Hf/9q/z99z9a5/8NX/Bv/wP/Lvjf+bXfPeLftPf6fn/9fJ/fvHFn/1v/UV/55/wu3/+e/7yPy89//ziF/3tv+Wv+L3++t/xzau/48//5dt/3P4/+ud+6/G3f9M/4tPf6387PfoX//g/+Y+d/W1fjv+1yT/8V/92/3Xx+vf5U/6Df/e75//Ov/xL/5h/7Is/+k/6p//vX+PPOvtf/nRHypfJ73L6j/z4//Kf/SP/+G959/S/+L0/+RN+4Z/zu/7Hx7/7H/G3HD5Kfu/f+6tf9N//4Ad/7//49/w9/8vf8fB/+33/jRd/66/7K37bn7xY/Onf+vG/eXb/r/8X0t/wX/nH/o3H/9nv/ns9ePtX/e73Hc3+hr/5+nL/9/mN/6kf+7t//R/72/+eX/tvnR38O//3r7H1G/1rXz3e/zX/mD/9W0Mmc/y//B//1W/3f333H/7r/untnRe/5x/31/+xf0T6l5+fXP7lf+Nv8vnv8xf9LX/27/pL/sq/4S/5r771m/2Nf/CrP+g//fd+9z/2n/1j/52PPn/zj3661fyav9Fv/Zv/Dr/Xb/yvXf7r/9zf8NV/8Gv+rcl3fsM/afKX/hO/+jf9deb/Wf5XP/1zfsPf4e/+T/77L/793/G/+bd++f/+p/3UX5//sf/e+d/9r//EP/+dP+1P+LHRf/C7/Bf/yK/+vf+R3/rf+m1+2bf+7b3Vf/TP/Jl/+d3f+a/8nZ/e/W3+o29972f+m9/kv/v7/tx/ub7+zf+pv+df/vy/+0d/57/oN/89f4vrv+NP++df/bN/bfHfvfhjfvU/9/nHv+1v++DHzg8/Ovy7/si/7Pf5z5/8xPo3/MP+ml939rf8Nn/9v/67Z3/9X/P3/s3/0X94/Z/8A3/u/zH+0//y1b/z73z/Hx7/1F/w+J/9w//YP638ib/zd/rit/h9fse/8jf+l/6t7O+sfsnhv/7q473f80/+c/7Z//TP//Tf+kP/2P/owb/7G5d/xK/+K/76P+nf/8l/4+Rv+t/mv+/f/fpXnX7vD/wF//Kjx//kb/xHTP6OH2t/o7/qD/rbfp3v/8M73/sb/5e3f93v970/5F+Y/d3f+c5f/Hd+/Gv/xf/pr3j2P85f/aL/+9f4z99+9t2/sf0nf9u/+T//R69/j//5j/9Tfq3Hv82/8fSfPP0jfp0/6d0f8Xf8Xn/Kf/1b/bKv3v5xP/NPJL/Xf/pb/9H//J/6T3zn1/jkr3r5x/82/8xHT/+ob/2dX/xTf9vf/kf+0j9w51/4J/6X/+Hlj33/P/9LPm6env3r6//i7/8bkr/kb/zj/7pf8nf8dX/n0W/0L/zk7/QbLv68P+8v/Xv+3Z/e+jvmf8B/+Vv96b/TRz/x9Nf5TX/Hr/6bn/g7/4G//l8f7Z39m7/tP/VX/Ge//F/507764j/9c3/6L/it/7ly61/43f+Vf/b3Sz75a3/Jn/aXVP/Mnb/x13tWPP1n7v3uv2N++vs9OPvbfuLZ//ab/8EHs9/kd/8f/tr/8O9ffzobZ3/yP/Vb/vV/29/6W/2Jv/Bv+HP+iT/t112f7/xBf8Of/O/O/t1/5c+//z/+af/rP5vX/8N/cPLPf7n19/3Xf8H3/94/5Pd5/r1/MflLkv/+9/ru1m/+V/xO5//G7/WD3/dv+Uv+msXf/2f8m79s/vB//Td+0W/3q/6W3+9n/pG3f8Mv/OLf/PdWv9mv8+3/Lf2p5e/57//Kf/vxJ7/fb3HyH/+Cw7e7v/8/+uf+i7/r3zX7Zc//jvmP/6Nv/8R89e/+z3/d3/s3/i1/wj/6B/65b3+f5b/47zx78Jf8+e3f/ubP/+Qf/Pjf/qO/9+f8J3/Pb/Sn/DXfyy+2xVH6a/+7yz/h97/333+8+/ef/3EHf8DJH3D6P/+ef95/+9v9Ff/Z7/4f/j7Fb/ob/5e/4/f/mD/sr/mj/4Of+iv+nPN/47/79b/6T/7rf+1P+Xf+8n/wD/7kryt+06d/0r/2V/3nf/F/cfYb/y0v/pDf+u/57rf+9B//8//kv6v+H/ee/Be/wV+y+C0ejH7zw6f57/c3/Y3f+RPbX/zHPvtrf9k/+uWjf/QP+WW/yW/54g/5936nX/cnfrff73/5K/6dg3/zsDlJ/6Df/td68+JP/fX++V/yJ//B2z/5H/9d//VP/V+nxXf+s+//5L/133/69/zpf9wvOfwv/sY/7/f46J/8U//qX/4//jn/wOr/+GN/wYs/53f5tf7F/678v/7s/+X3+2UXf/Xv/U/+q//AT/+qf/R/GV0/+gtf/Kq/9r/8Tf+pv/k/+6//4v/pd/m3/u3/895/9vf/F//iq7/5T/wrf+Zf/2V/5H/2e/8v66M//5d991/4Xf7k6T/9r578R7/H3/y3/u8X//Qv/uf/gr98+ruY9/4b29lf8Uf+Q3/g9OKX/4t/yq/8cz/7zj9h3/vX/verf/73P/ilp3/ix1/8pn/Q//VP/Iv/9V/4u/+Pn/5gAMlf8//84//Cf/Xo9/oPyl/xyW9n33v9X/+H93/mP/5Vv83jP3//6Nf+1b/j7/FX/Myf+ff92//NT+7a9/5KO5z5z/z6/+unf+DzX3X3+m/91/66qX3vSzOc9l/6335TQwajmX5b2+w3/N9/n3/ud/n2P/D6v/8L/93D3/biP/mf/p3/47u/7R/9V774448+/Xf/nV/xX/yR/9Dd/2z70f928Yf8Db/Xf3D0n0z/+b/wD/5H/rjiF/3Zi79qlPxhf9Rf+ruuV//kT//mf8M//6f/4v/sz/t3Vv94/Sf9kr/iv/pnLn+9//3P/Hf+nkf/7if3/4k/8J8+/d//xf/tryBp/QN/y//kr/xP/sFf+9/4lX/N/9z+kl/0y376F/2bf/mrP+3f/pN/5m/71//Nf2de/IZ/9ps3v+X93/bsey//19/1b/l31//7v/4v/c1/3j+ffvv3++f+sfZ5+9v9eb/Z7/a7/v6v/s7tf/+/+Re+9x/+37/Gu//71/j0r/tN/+9f4+qXffIf/rb//f/9a/zEH/m7/G3/0nd/x3/+F/7xf/H5X/Jb7P9VX3z0D//Wv+fv9nt99Cd+b/KXX05/53/uL939s7/8z/+Tv+sv+qvGv8WT32r155z+a1/8pX/O3/BH/e1/wS/8v3+NX/1f/AO//P/+Nf7Dr/6H3+Pv/D8//z3+tn8pq/+PP+sP/d3/9T/tN/1n//yt//xfWL/5d5/8gz/xZ/zhT/6bP+hf+uj3+dY/M6l/k2/9cX/0P/uP/it/5++5+pe/+Gf/u/bv+N3/jvJf+XM/efDl//Ur/4s3BO2f+VP+zX/or/ip+4/+zf9h/49+ee+P+uP+iE+2/rWXxW/8Y7/zxZ/wnT/mu7/hb//XfOv3+fTl7/qfj/7RX/jr/dl/xld/xZ/4R/1zr/74y9+x/t//pH/4Lz/86C/571/8599q/8Z/8+/5z/6L//FX/6e/6t/9q3+Xe7/z0b/3J+b/+b/y6K/+R/7Sv+wP+y/qX/Tj4x88/O0/+vcP0//hv/4Hf+rv/cteFC//7T//j/tL337rcvdv/3v/jH/99/mD/u9f41/8Xf6Nf/C3/Ev/53/3//zuf/Sv/03/9f/+n/8f/+E/+BPrf/uv/D/P/om/69/8H3+X/6Aa7f5nv95P/uLm5d/2P/3mf8dP/Pm/wR/19/yN+ff+wzz/u/+r5f2D37f49N/601//PX/6L/k//8Nf+Qf+Ay9/7B/8E/7vX+N3+J+/+z//X7/Hr/7W3/lT/93f+Jv+QX/Gn7/3r/9vxR9/9Qt+7z/p3/uDnvy6/+6/8snf/8lff/fv/Pv+wP/iwf/+5/9f+ff+t1/xxU//FfsPf9vf+s//8uTPP/jL/8fkX/uLf/9f8Ff/z//Nr/wt9v+IX/nP/ie/9V/95B/47PV/+q/9Y69+x//w7h/1k3958r/9ii//xNe/+bern/kHftef+tM++U//9aPPnp/+rn////K//eE//fJv/BPf/G+/Yve3+uZe+2v+wD/6V/+Tv+K/+Rv/yb/2T/y//sr/+9f47v/2D/7Mf/h//g6/7Lf4iZd/2d98vfxP/q6/8P/+t/8f2XKDJZZOAAA=" />
        <Entry handle="5" bytes="H4sIAAAAAAAEAO29B2AcSZYlJi9tynt/SvVK1+B0oQiAYBMk2JBAEOzBiM3mkuwdaUcjKasqgcplVmVdZhZAzO2dvPfee++999577733ujudTif33/8/XGZkAWz2zkrayZ4hgKrIHz9+fB8/ItI0uXv38e/6vZOnx2+Ov5ecr5fTtqiW6UXevjp+ejZrtu6kvzit83ZdL3/xR9msmH306KO9Hffs7h7s7X00+mjF33z66cOH9z+9R3+3WU0w+MODe/f3HhzsfPRLDn8JdVecb7XXq7w63yqWT7PV2bM76e/6WfrRejnLz4tlPvvozi9eZXW+bMezbPX7v8qb4gf51qyarhf4bFLNrsfFbJTe29kZpXv3d+4w0La+pn9/cUpP8mM39yDtuDl++THt8PW8ujqeTiK99UY8Si0Go/Sji/GiWY6n1eIj+mPv+ClavSAiWHKky3VZ3jmU7oAw/j/N2ul8K7/zi/GH7fOqLtp86+PHWTqv8/PPPpq37erR3bu2i7sG/t0eUuPd3+P3eHn29DPt9hdmi9XhV2dvPvuCf3vDM0Jf63zwh8cvPtvd29/bu7+/c/+AP3n5+WdfvH7x6vREvn+NF7L84acHB/dn+f3Z/nT3If12MN2ZHtzbmZzv3p/mH6Uy25999PtPymz59qOjx8XiIm3qqUU/mzV7NAL6MV7m7d2Ts9d37316lxD3/n/vLnUy/unVxUfpVTFr5599RCT+KJ3nxcWcYBOpP0qzkn47KYvp2/TbeZ3/rh+lk6qe5fVnH9GXd48e382OPgadHT2nZdXkW/zZ3bvf//5R+v8A09AsyvMCAAA=" />
        <Entry handle="4" bytes="H4sIAAAAAAAEAO29B2AcSZYlJi9tynt/SvVK1+B0oQiAYBMk2JBAEOzBiM3mkuwdaUcjKasqgcplVmVdZhZAzO2dvPfee++999577733ujudTif33/8/XGZkAWz2zkrayZ4hgKrIHz9+fB8/Iv7vf+v//o9+jd/sO8/Onv0av+av9Wv8GjP679f4v/+7X+M3f7qevr3+NX7NX+PX+TV+jV/jJX30P/wav8nxrJrkv8bsH6JPfs3/+9/9Nf6wX+PXss+vjf//Or82/vl1fx08v+6v9+vy8+v9er/+r/8b/Pq//q/3Yz+WJD/2Y79R+Pyav/av/Wv/ur/Or/tjv96v92O/8W/4Y7/hb/yb/ib0/Ka/KX+nP34j/RF//u9/6Nf4zX+DX+OP+zX+uF/71/zNf41f6zf/NX/t3/zX/L//sV/j7yIEf71f+9f8NX8N9/y6v96v/xv8GCH3aya/5q/xa/66wVc0bML21/71f7Nf49f8dQihX+vX/vV+rV/v1//1fv1f49f4tX5NGsyv92v85r/+7/pb/Aa7v+XxR7/VT2S/aO/Hf+s/+Lf5k5/8K7/bb/tjf/Hf/Oren/qTv90//B9P/pD9B6/f/G1/+y98dv6b/xq/JgH4dX79X/fX/fV/nV+bYf8avzn9/bvu/hbHP5H9ur/oD/6T/+KPfstf73/6m//hf3nvP37147/Vb/0/P5nUr3+33+ZP+Uv+lnv/SLP/f/87v8Zv9Gv/mjSMX/s3/zV+j1/jL/p1/pW/+OIv/g1/uni1/Zf+5d/+e3797/xmf+ev/4+++Pbfc9z+Z9v/9V/8G57/n/t/1e/9X7/8+/7DJ7/Zf/g//Et/2IN/6Q/b/13f/QN/z28xoh//4G/80W/75/wWv9s/89OP/qu//G/8o/+3i9/pO//AP3dd/XnF7Pdf/ZG/yU/e+/Gdv/KP+6v+hH/79/n9/v5f/f3TX/ydP3F//tP/6Z/wz/57V//nwd+w/HN+i7/ij/yz/7d/48vfrP4Lin9y7+Nf92/97f6zX/E7vP07/rTf+u/9Hf7uL/6wv+af/fV+9W/wR/4tv++DP+dnfuK3/Zf+1e/8yQ9/39/1D5/8e3/pH/zLfvLHfvX3fv//5F///ifX/+Jv/e/++F/zm/xz1e/02/75f/9f/tv8qX//7/fxf/vn1a9/z1/z3/8Pf9vlf/ZbfP9bv/nnf/z/cfHVP/P7/vVfvP7TH/3yo0f/xPT5P/vwp/7tv3j1Z/zC3af/9Bd/62f/zq/6w/78xT+Y/e0v/oH/9g/6o/+ev+YX/ukflXt/7k//d3/onX+6+qv/q+l/8rc/uPxbL/71/+R/+uf+vD/xe7/D7/Vf/Lcv/+17v+qP+u1+rWf/+O/11/wl63/1D/mt/oV/7m949x/+45/87f/JH/PiW//o9R/5p/3P/8ST32Pn4t/+R3/T3/cnd+v/6NP/7o/5wbf+i7/sb/lHF9/9U/7a3+Sffnf2X/5+nx/+xF/xL738g/+Y3/zX/ecvfufm//41fof/8uH/+tv+If/G//z73/2fnx//g//C//Tv/aLf/Rd+9kv+hH9w989a/j7fffan/PI//A/+6Nf+W36fz//t3/azv/J3vPuL/rZf97f4jbf+4eTgf/7lv/ff2vxzH/1O/9R//8/+0eP/62//s3/i9/s1f9Hf+b369eQP+AO+/Vc9+fbf+61vlX/1X/m7vf71/9l/4Df6h//j/+zv+8v/6T/v1/6tv/ef/ncf3/9b/7Ff9fmv9Tv/GS9+x7e/Q/Mn/Vnv/twnH/3Uv3tv8Z1P/qk//w/6Jf/yH/30H/vN/pSPf/DmX/kDvzX9C3/5+v/4n3/14+q/+B//5z/zf737X/wm/+H/+Hv8Hf/3r3H3l3z5r/zK//vX+Jv/h//jV/+Sv+f7f/WnW//y31L8Uyezf+V3/Y3/1Ce/7Z87//bf9+bLv/Xbf/gf85f8kj/nt7i7/7v+wtc/8W9+NfvtX/99v+4/+vc9+Cf/gYP6/7z7u375z81+q9/vJ/6zf2P1q5O/5x/743/RL/51f4u/5m+Z/9v/xu/1i178umd/xy/5S/6qP+g/+yv/5avf7w/5XX/hr/qf/4fH/8Vf8GP/0N/9e/3R//Hsrz/8T//3J//p7/R/ffr6o9F/+9Vf8qf9iWf/+H/59/337bf/5L//r/j27N/8lX/V71r+5n/Qn/anX7383X7i7h/7d/8m//ev8Uf/3b/lb/Sf/XXf/9eWv/LH/s4/dvFr/AZ/1Pd+8X/9z/8G/+nf/2/9VX/Nv/oP/3v/7h/6D/5zv87Z//yv/il3/s3/7Df+TX7N//T//jV+u/9i9D//cf/F7/43/xe/7l/2+A/9DX7yj/5LL//KP+7Hf6NffJ4efPaf/65/5O//d/ySj/7u/+Cv/Q/+9H/87/lN/s/f8w///dZ/xm/5rTL9qe/+A3/zX/lv/FM//ea3/w3+qL/m3/3n/pzf8fyP+vZf9ff+Fh/9ii8+++jP/b+erP6J7/4z//af/z/+yY9/+z/u9/1fLn7bX/bZn/fH/dn/5fwvfVj8Hr/g7/1b7//pb8+a3yb9Hf/m3++Pv/OvPvun/sl/9/ovL/+de//+5a85+2tHF7/RP/X35f/Ji5/8Z3/Vk9/x37r6XZtPf7f/4Tf8Jx4X83/53vI/X/xp/9R/WV19+pv/VYe/zeEv+k/+3N/8X/+XT9f/5uEf9OZ7r/6V/+LlX/If/g7/96/xP4x/zX/z//41/q3/5h/83/+Ov+2//6N/qz/+P/sFP/VP/29v/7nlH/jP/M3/2p+Y/Rbf/ei/uP9nX/7uk3/n9/jqD/ziW//Fy3/ur/lb/rj5X/TLr3+NP/e3+Nbyk7/5D/mj/6g/Jf1NfrM//y9Y/EX/6e/wP/6G/83e+Bf8PXf+rl/Q/PO/5i/69X/7P+O//iz/4/+ZUfnv/pm/18N/5Df/bnLvD/kH/tW/95f+tb/bv/2//zX/9a/37i//6h/9K/+yk//tv3ryy+j/v+Ff/Bv+zh+d/if/xw/ozydP/6wvPv/+d8t/+m8dzf7eT/+R7/2rf8W333z3P/+nVn9++6//lot/6p//6rt/yeJfb3/X2T/3Vz//23/h4d738z/6D/ldd/+k+79Z+3v+Sf/Y7/tbff+P/s3+8B/7zX/p1h/7l3/7b/6dv/Wb/6n/6n/5/Kd/nevm9//Tf8Ff/Yf8sb/3P/ov/OZ/2PmP/Ze/22/5/I/+1l/0a/09v+xP2PoT/ul/7+nv95f9tX/5t//2P+LP+5O/9T//cX/v9j/yXz68+CPzT/+3P/9P/ec/+U3+rddf/NJf+z/7l7/1rb/jxec7v/tv/eb03/0lf9tf9fte/hl/x9/5d/wW//3/8N/95f/ev/vl/cv1n/df/glP/8g/783T/+EX/Zu/1R/3Z/6Vf83f8Kf9rs0f8mf9Zr/db/EH/yF/8a/5l/x3f9Vf/V/9VX/1X97+sXd+k3/qT/vV/8pf9vfVMxrMn/y7/iOvH/xG//qbP+qf+ju/+uqrf/+r9tFXf8jv+I/8y3/Ln/A77P3Hf+yfsP/H/P1/2e/5h/0h3/kL/pi/6g/7q/7YX/k3/rt/ebv9S/7av/g3KP+e3+yP+Gf/4t/g8m/8t//if+nve3n3b/32nzz5S37/yX/15J/82/6Bf/43OPuD/7X8X/7i+Xf/kd/33xz9Y3/T//FX/IJf/Ed/9+Gf92/+Ov9H/Sf8E0//iN/tH/wP/pXD/z758V/333vyx/z5//6f/+++vfOL/pt/57f61r/wZ/+V9/6iv+2P+jX+4D/26Jf+iub3+lP+tb/6N/invvPjL1fJ8hf9j7/jvT/2z3j4N/0V/8wffPJ7/CHZn0ZT//v89n/X//4b/hb/4X//xz3/g//g5e5vmH/19Pf7j7//v/7rf/jyD3zyZ/+df8Dskz/jj/4dd3/t3/b/yn+Hv3D7r/5df+Lf+h2mv+D/+Ht/21/wO/7Dn/6q6rf+/v/yv/xnf/v+n/VPHP5J/9g/+d8/q/7B/+HvePUX/EH/zD/9+y/+lt9l8Q/+jb/F+O/97373v+UH1b/x3/55/8gf/u8t2u+8/tOe/6Gf/sMf/dv/Rfsr/7B/5tPf4q9++m/8a7/O8a/9C/66X/wv/w8/8Z8+u/pj63/i43/sL/s/Pvne83/ux//B0+vf9N/fGn9+/Xv9+7/47z/+Df/2P6z8o//5P7L9rf7Df/n17/vf//0n1U/9C1fPf88/9O/a/qv/iX/h7/+jf8V1/p31f/r5r5X/yf/2f/db/oH/9N/1a/950z/n3/2Pf4vqD5h9+lv99L97+frtL/nH/4Df5Xc9+YUv//xf46tf+Cufbv+pf/Hy6K/6e/7m//zv/Ef+1z/s7W/wZ/3Rs99k8Q/+xr/6t/reX/sH/rP/2v4//ev8cf/2oz/vd/1P//j/8uHv+bf/6cd/5r/0+p/7a37JT9V/xj/+b/7Sv+nf+c3LP+P33P+XfodfPf8b/qJf+YOr9l+/evgrfuOj7279MX/af3b82/8Ri7/r4b/7h/yp2T/7u1/+2B/3B/149i/+5Z//zb/gz/mX/pp/4sV3f6uvJle//b/+u//S6ntF9Sf8Hv/DL/n+ev+f+G//80fzv/CvuPO7/xt/wbN/8pf+ZX9V8g+e/8XN7/C3Fz+x95f9nn/qH/ft1b+7+kV/wn8+/hd+sz//2Z/1u+3+s3/gP/39f/GTP/DP/AP/uHf/5O/4b/z+/+nf9R88/cf/gZM//p/7O/7I8bPf63f/X/6YX/ab/1rf/u/+w7/pj//7/86rN29+q+//7a+v/rm3P/HH/cLf/Q/+Y/+kfz9Z/O1//qO/5U/79j/1d/79n/8Pv9f/dPJHFf/mH7r7zzW/6s/4W9P/7PHLv+V3/Gf/zf/+9H/9B//eJ/X3/qo/+Tt7f9Fv+Yf8B//1v/P9v+qv/Tv+3bd/3t/9l/9zv8bd3/KvSf/m3+UX//XrP/yP/+1/i9/g4Nt/3G/yn7/8Xf+d/+gv/hP+q1/37/kj61/4q5d/b/V3fvG//op/4y/61t7f8t/9X4/e/O7/4m/3H/0L9Xc/+o8f/9J//y9tT/+sf+/zv/aTv/LP+fgPSR/9NX/D0V+f/CV/4R/wx/yNP/2t6r/+e97+4f989uTP+2t+pz9o/a/86fdeTX78p//c7/6D//nf+M/+xr/5n/Gb/1N/1y9s/4X/9r/7W5rf5a/4M87+p3//r178lvO/9n/9xX/uL/nf/6q//F/8r77c+fwHf/7rP/1f+2Mm9T/4G/59f8k/+g//m//d/zb5X/6ZH9/6y5q/6rM/9q/4xa//03//1/w3/9h/9f/+NX6Tv/Kf/LP+3X/2V/6Rv1/yu/313/qN/5iHv++rf+8//Vf+gT82/Sv+5n/yv6j+zn/53zn5pb/jn/t//vl/4x80/t//zORP/gv/lePf9/nv/jv9I9v//X/7K//r//pv+JP/6L/qv/1L/p7vjP7QH/sn3/2H/+j1wy9/l586/1//x9M/6t/48Ud/8/f3/po/rfwnft0/6Rf9Q//Y97/8s777X5z+9//9V7/g7/lf/px/7ZN//e/+B36r/+aPOv0X/qLv/WO/03/0q3+bf+a3vvOP/Ol/95/3G/0Jv9G/+5v8dn/98R/7e7/5z/6DX/zqr/+L/7M/87d/8bv8Jv/E3/4XL36Ls9/t7/lzs+Wj/X+n/Gv+lT/p7zj8+M1///t/9e++ePCb//nj73/6r/52/1r6P/wjL//x/+2//Hf+1H9m98//177/T/9Rn/0l37n/H//m/8Ef/H/9/n/fP/S3/jkHf/Tizzmt/+bvn/6mf9Vv/qd+O/nr/8df9Sf/2J/5W/6Vv/p3/1/fnlz9rndf/kv/6h/7+u4/mvyFu//OX7v1R/znf/rvUv4Du1/+hb9h8xte/Kfbf+bHv++//OAX/Xn/0/M7f9d/cL/9v/6xn/7X/qE/ZvffXP9+f9Qf9cWv/ec/+Inf5I/9Zd/66b/wz/1f/tL//S/6O/6wP+fPrz/+Xf+l//F//vE/+j/6K3+f3+8PPP/pP+l/+St+g1//L/8H/oV//Kv/5T//Z/7WP3f8T/zMH/pnPvrF/8PZn3vnH//3/v3rf+X16p/+pd96+tf8tX/ji7/y1/wN/qh/bOe3+3X/lD9573f78/6ZP//3+M//l8Nm/Pwf/L9/jd/23v/9a/xd/+bb3/6//Rf/r9/uD/zvfpf/+U/5B375f/l//xpP/8E/7Vf/I3/EV3/7b/Ppnzj66X/nV/02v8Wv81v/45N7T//rv+gv+UvuXP4h3/rv/pi/+t/83tm/9sf92v/UH3TwH/1V099y9Gu0f8d/+lf8C+Pi2fm3fp3f9K/6k/7G09N/9z/5c/7of+5v/ot+8Kf9sY+/9Yf/8v/xX/juP/r6H/n7Tn/wN/2nv/cf+nv/vf/Bf3bn/It/8t2Lv/1PTtt/9L84fvMf/pK/57/9PX7xb37wE3/0v/tbHP4hf/vf/if/Yf/Nb/43/Yl/zNPmH//Lfsv/4ug3L9M/7PUv2P6n/7sf/yemf+3zP+wHZ7/7v/Uf/l+/+f/49ItP/6O3f+Ov9w/9Bn/iL/ryL/2P//KP/8Wf+JV/+O/57/2Sf/zf+40Xv2HyG/3Kv/C/n/8N9V/8R/zaf+L032r/2N/tj6v/g9/mN/ud/sJv/b4/efZ7/rH/5U/81k//t6uf/t++/+//9r/NX/Lr/JoXe7/Js/8z/W3+ox9L/qJ/6a/4Hf+J/+x/+PU/+7f+6rM/793v/I//fYs/8z97vPizftVvv/jqL/hP/qx/+j//u3/9f/k//iuLl//8T/89//ev8bf8gy//uX/jL/zub/1n/En/1Gd/4Vf/1pu//Rf++d/5ZR//I7/dL/p3/96/+e99/Rtv/Xef/dV/0n/8z/2Cv/K3+l/+2j/8p3/R7/s//K1/6k//Z7///Y8++8/Lh3/7P/PRv3fxO/2iv/s3//jv+Hf/+D8n+R//5bPf9j/6e/7av+fv/at/6p/5m//qF2/+qX/0t/gNHk8mL37H3clf+VP/7j/x5//jn937LX5mdfUb/02/+h/95E/8pb/W3n/9W/wlH338xf/1z09+neOfevXf/g1/y7/xr/yWf8H/Ofsv/5Pf7u4/t/hz/or/8I+p/so/8t/6u/+sP/TP+qL6M37fv/9P+k9/6f3/8l+cffw7/Ft/6+r/OvvH/+y/4J+tDuryD/sH/pKTn578Zb/LF7/93/mb/t2/7S+7/G/+3T/1J/7aV//Fwf/27OO/9r//6v/4x/7VP/y3/Pv+o7/q1/+vv/u//Myn//1/+D/8H+u/N/+zZv/+x3/F3/XxX/1X/+O/0y/7z//8v/y3/qW/+T++/U//XX/9P5E++PW2/qG/7I/95L/+7crD7/3K3/8X/Sm/1ff/1L/y7/r7v/vf/xuv/+x6+RPJH/G3/7O/9kf/2z/1R372m/4P3/307/yVf8sf9YePfs/f+A/67X7h//77ffc/++5vWI/+vP8y/QGx4b+w92u++pv+5r/rT/wPfpvnf82f8N//WX/fr/PP/kN//h/yR/2hv+rTF//Bv/703/lHfpu/7+/8s/7dZOdf/dYv+qee/p+f/Vl/6P/47/w3+3/t93/qX/9lv9t/8vkv/Q//kOber/q/vv/L/vXf+refHfwJx2//mMf/7qfr3/ztt87+qFe/+X/xq//sP+0f+Jd+6d/wH/3iP+RP+Ws+uvvP/h3/7d/3O/529S/97quf+vg3f/zH/tP/VPlPPJz+OX/yL/rkv/2n/vif+IUP/4jfrv3L/ovf+U+8/uif/J1mf9cv3P5Dv//P/MP1f/03/PX/6eLNr/4P/rs/68vf6Orp7//y9W+9+Lf+/j/sD/n7f6uv7n/rv/kHP3mw8zf+5F92+u3f6PEXf/BvsvOf/G7/7R//O1xN/ri/+h/5+PmfcLD8P//oP/Hv/SeW//P3ijcPf+enf87v9Vf9gv/w3/jJ5/M/5/pvXP/N7eE/9Cf/1od/0D/2p/4P3//9v/fvvf4bf81H9W/xR/9Tf9zf+Yv/9fV36r/yx3/7X+/HJz/z7o96+Pf+iX/W3/yf/4IH/+Rf92v9Tf/Nf/6P/03/9Ku/+3f/R3+753/Xb3r21ce/xh/8myWP7tz9R/N//cv7/+fR//THfu/P/uN/6g/+zf+1f/In/qFf9I//a//u7/HP/Uu/3t++9WdM/9iDxT/wn/+tf9Df/Ts8+M3+y0/+rLM/eu8XL/6N7/xR9//nz/7k3+fX+x8nf+jyz/1Hvv/H/8rkzm/28dWLv/B3bv/Lf++v+2WfVL/bb/b49/y7f+Z3bBb/9T/84M/8/X7Dn/p7/tk/7zf5NX+3X/Sv/KJ/7q/5jf/QP+QP+U9/2W/9b/7in3j58s/73X/3f3f91b/7N/wV/8E/9hvWv94/9Nt+Unz28gff/Zf+zD/pt/lj7/7jf8Jv92f8Jpe/6+vf7eqf/y3/7pe/zW/3R/93f9Qf+29mv/r+n/k3/sQ//gt+jb/2j9ktvvpP/qk/9s/5y3/x3/dP/4nf/h/+vV/0J/5Of+sv/o1/5el///v/O3//X/z9f/Wv/BW/4j/4Bd/6i375H/iP/RXP/+u/8t/8n3/D//If+Hf+7v/tbz/4z/7hjxZvv/XX/p9/yem//fTf/zNmf9gf+z+9eXn6b/wd/0H6T1S/8o/5S/+qb+/+Vz/5N/7Z937xn3y9/Z8//ev+jF/11/0F/8w/+kf/p7/l5fN/4vf+43/84xd/wb/6e/7T3/pr0vLv/wP/ur/mL/+f/5V/90/+y/6OX/Ef/KJ/9Rf+R3/Jv/hH7v+Tf9L19A86+IP/vX//t/wz/tR//pf8xK/3Wf13/l9/529+//f65/7Y3+ef+iX/ya//i/+P3+qvHS1//9XRf178e//2L//n/uPXv+vf9S/9Pd+995/+o7/eb3z5K3/Lv//3/d3+6/81Xf6Fv/Tf+af/rdP/5h/4L7/7K3/vk7/84Hdq/phf8PSfn+7+0//w5J/6v3+Nv/fX/qt/2d/8O/0ez3/t/+k3/41/5f/2v//Xv+6Pv/ob/uC/8O/Y2vvN/sq/7j/7a//c/+Of/mUHf+fjP/QP/Z8X3/pf/6Vf9J9/79+4++zX/VU/+f0/+RePfvOPfvCnfJ5/uf6/f43/5O13/+mtP/i3/9d++9/yL/sDR7+0rv+q6z//yf/8B//zf94v/2f/s9/67f/1H/6b/0v7f9z/wV/zp/42d/6q//q/+beaf+pX/Rsf/+H/23/7Dz/+7Zf/xm/2H6Y/8Xs0+Z/9h/3pf+Pv86/823/Eb/m7/AfNt5/9O3/hP/fTf8nf+zf893/It36t8h+oZvPv/vXr6+vf+Zf+vn/Y0++9/rXaP/HH/sX/9c/7N/6a/+jNX/nij09+/Rd/0f/4p/4ZP/N//h0f/XP/4p/wf/yVf9t//Nf9kb/jv7j3O/2OD/6xv+rHP3v7rf/rZ/7J85/6x3+79G/5rf6cP/u//xP/m9/gj/7oN/8fvvOH/SVP/5K/9+3f/uf/37/GnT/8v/vpn/jjv/3i6a/3a/wGf/7vPf2d//3f+eFf8d2/8+//0//uP/7kx55O/rO/+zf+xx/9qqfX/+Lqn/zj/+jf8C/8t/+jf+Gf+9Zv+3f9iY+/+KX/9d+/vvx3L/++f+H//jW+/Fv+z3/wfzz6Hf6Gv333t/03q59++3/9rv/2L//f/vJ/6P/8/X/db/1Nv8ef+Zf863/fP/gb/Lf/0C/+B+789f/z3Z1/9t9v/pz/Oj9//T/8N//zv/Mb3vnb/oTf8r94/sf9lbOjX/an/va/4D85/vj3/egXffXb/mt/53/4k//AX/23/kW/7t/3j+/+9t/5Rb/+b/T7/EH/yg9+veS3/fhvfPmr/ua93+3X+PZ/3fwxf+hv87/+nQ+/+tv+2v/uz/g3vvj3/7n/+9eo/tvyv/jtH//qf+BfnfxLV7/98q/9d36Nj/7C+u31kz/80W/2m/2Vv/lv98f9Qf/sD/6Ff+2v/tafsvcn15d/9T/7n57++X/Z3/Cb/S8v/pgv/rg/+7f+rf63v/Qvf/37/se/7d/62/3l/8jf/vG//hf9fn/o//Cb/SV/xn/w9/7Cv/mX/uV/6W/wy37HO3/Qr/OXv3z47/zUy4v/6rv/3l/xl/3xf/27P/UP+hN+58l3fqfd3/8f+Kf+kD/qL1z+ncu/9a8++f1/7Pf+k3/n//Mf/Pf+ro//wf/o7/mPL3/BH/f3/LZv63/9x/+Vv+HLP2Nv78//j//A3+6fOftNd/62//V//ov+/jt/2Ktf9Df/qqs3T//tX/Ib5v/Nn3/06B/7b//1n/zN/73/6z//i87/uD/hf/2Vf/mvv//P/vf/3PXf82/90T/xi/7D3/6v/Eemf+N/fvlvPD/41SRBf81P/xP/3I89b//EP/Kff/Z3P5r+9//Y//FbP/gv9n/8//qd/7PXP3H4W/wVv/snv9t/8R/+6b/JyX/11/6fv+E/8Lf/HX/kP3r3v/jWn/M3/bN/0Se/yR8+uTo6uf5Nd/+l3df/yU//Hf/n3/ndq9/8b/vLft1f8Mt/4rf+Lf7tn3jz1YMv/8R/+2+4/CP/p3/6P/nuD/7B3//lF3/mryqn/+zbf/63X377D/hjfuvfqvk//86jf+RP+2V/wF/4r/zx47/67/6zf/DmP/37/tR/6+hf/9Y/+t/+eX/Xr/nv/NJ//P6vuvwXRn/fn/kL/vHP/8H/5qO7/8Nl8d//Kf/j7/yP3S1/z//9N/lv/tOTv+ej/+Gv/q//67/lv/zr/qOn+dFf3jQ7s4/+ivGv/fy3+yd+52/9q3/nv10//vSn/9vf6s/8u0//yz/5d/zqf/j9v/qd//Wrf/W//xf/9O/85c1fcPKX/Q3rf/C3+Mu2/rt/7pf/ur/sH/znvvu7/1OP/+p/6vf5U37bv/t3+G/+l+989a1f8e/8Rqff/pN/y//pf/2zf+v/69G//fu8/D/+/t/g9b//m/+7f/b/+Pv8t3/NP7D+fb68/uzP/S2nv3r36g/8t//q7xxu/TE/9jf82Jt/4h/6mT/zr3z+a/29f8zf/df+CX/p//IX/PZP/9xp/Q/8RX/J7/0P/Zq/9W9W/oLf5c9++uv+4tOn/9Af9ku//0//5r/5vd/2L/gL/sL/4jf+5//y19/5y/6Bv+4X7P03v/K/+LGf/OUP/7yf+Yu/8/fd/8fyv+kP/7f/wl/149/P/8n/8h/7+07+4Hv/xG/36/wjT/6eX/NPevVX/gv/zR/25D/9x39Z+f2/5I/4y57N/qg/5C//d/+uv+bf+sEPXv5d/8e//q+f/ORf9c/+en/cD/7+f/vX/Lv/57Pmn/vH/urr/ewv+R2v/rT/+Df9U36n139y9vgX/dEX/94v/B9+v//xd/6X/4m/6m/48/7zv/lv+uyf/yf+hH/0f/gN9v+tv+bH/9rf6bv5V//u4ukv+PP/vr/89/vrf+q3/R0e/9O//W/+l/+vf8q9w9/56vG/8of91//Ib33np/+V3/Ho1/7P/qT/4/f6Z9c/83bxT/8t/8nkb/gHv/fnf/ef+Rv+mr9++erX/5f2fvUf8cVf8mf/mn/tH/Vv/Sm/6T/6S/72i3/+4eP/8S9++tv/zX/F8e/+D/wl9/6r9W/xL/zvn/4vf9XT1Z+UTv+UefZv/uaL/+XP/J++P/+tp3d+53/8t/+f/oCDP/POdPyvfDb7mT/+1f0//vf6bf/xv+2P+av+sb/jF/9Tb37sy//71/jqH/h3/8q/8j/8a47e/jO/8X//i3/wl3zxn/9er+/9A7uf/f7f+Zv/1r//t/nl/83v+Uf+G7/jX/pr/7Jv/wZ/2z/+L/9mv/X6B//N3/+n/MF/zIPf6Dc+/PTf++q3/Cv//b/iq9/0x36TX//f+wu//LFf+x//fS5/7MWv/PjdX3jvdzi/+lfO/op/4ZPf/O/+6I/66aTc+29+07/kf/0f/uq/5a/5hf/1f/Pnr//L3/ar/+OP+UPK//jf/dt+s7/9typ+1R/0T/7B/8Mnf+Wf/9//Ntt/5J/6m/0Gf9Bf9uVf/lf+I3/pn1T9Oye/3kn17d/z9L/9O/7Pv//+evZjf89f/rv8J3/yf/eP/kd/8e+7+5ffWf3O//ev8bf/nv/HH/JH5as/8v7z3+Yff/W3/Iu/wx92+Ff+M3/Mf/qf/l1/4+l/9ff/t//A3/Hp//Xb/Yu/6k/8u1/96//Yn/AH/49f/oJfu/5X/71//l/8F/723/rf+V+/+8f+w3/GJ/9h8+8f/Me/zd/67z779p/0x/8eX/6tf+fsd/93F//Af/Yf5x//RV/+Fn/v7/vr/TX/3q/1g3/wn/lHf+f/8Z/4u3/Lrd/19M4f938efv53/kO/9b/y5j/8n7ffNL/Wr/jx3/lf+pP/+3/0P/rLf5//+MXnP/MPfflbb//iX/V7PJz937/G7/Pb7P9Vi3/7d3v0D//kn/5n/yG/0V+7+Av//n/vr/lPfvyn/+VfPP/2HzL9ZX/Rf/ft3+vFz+x/9Ovlv/cf8ivOHv663/o//rR/6t/8Ew8u/6WPfocHj37d/T978VH71Z+7e/Sn3P0r//Hf6Rf/3b/Hb/z8z//1/+pq8U+++Xv+5p/4q/+1/+lf/xv/0W//t29+m4P/8G/5t/a3/4ftP+TX+i0+/ht/evHX/z40+n/0V/2Sq//717j6v/743+Crf+vfefun/PTf++f8h//Ff3fxJ747TP/nX/mH7/wJ7f/8x/zC3/z3/pn//o/5N/61N//u7G/97/+Dt//3r/FPvfqv/v3iv/29ien+718j+yd+y3/n1/nNf/8/6zd7/eS3ev4//y6/+T/8C/+Xz3/35m/4iT/+7/gff6P/7f/+NV7/Hju/+Lf92/77P+df+6vr3/ng3/rPP/kn/qOtg+qfXv2W9W/15H/9Z3/J3/kv/WHZf/6//sZ//P0/Z/I7/Yv/5J/+m//Xf9c/+0/9vr/06Ht/wr/+pPzeH/+92dbu//Df/MO/5q/zE9Pnv8VXx7/V0//x6ZdffOs3/y//rIN///TBvX/8D//89W/yFyT/8e/9i//z3+Q3/I3/yeL3+8Ef8zv+CX/XX/Qv/VG/8rf/a/7k8b/71/wN/+2/+eSrT//6/+pX/Rt/7q/5P//HB4d/WPG3/HHLf/GPmV/8Z1cnf+i//u//jn/n+O8dzT75W/6zk/Zf+9f/pPyr3+ofOPw/2t/19/wd/5p/9vrvfnb6rf/r7/9r/tl/+yf/1t/57/3rz3dOlo//1nf/9P/6h9x78mv8U3/wX/PHfPrRH3J4+Zd89Av/9N/gf/8Lf9tf2v5Zf1L2jz1sLh7/e+9+4nf44p//L//83+3X+3d/q6+efvXRm6f/youf+MOe/2W/96/xX/5Bv/1f+fS3/81o5h78Vu/+6T/uuw9++//jP/gHjl7/ab/Xv/07/NXrf+RbP/gf/rP/+n/4DX+vv+/PfPkPfPXqf1j8tv/Sb/vL3v6Of+B/81f9A3/sL/oLXv34r/0v3fsf/puf+h1/v+/8o18t/+H/7t//r//nf+Ht7zo9+Hv/ptW3f/O/6d3vuvzX/uiT17/J71b/mb+8/Dt/+X/5u/7N2W+/+nf+vf/rF/2aX734177/v/4bl3/7f//ol/+K7/xav98v/DX+h1+T5vjF7u/+51387d97/bfu/Lk/9uCP3P3H/vM/9j/6Pf+bl7/t7/Z3/9P1z/wt/8Pv/B/9Yf90vvef/7f/7d/xj/+Ov/3lb/rZr/sffzX/pT/5b/5bTylm+Lf/jr/jZ/6SP++nv/rjf+///g/9O/7Lq//xk4c/yF/8wj/73/6Fv/SPWP5nf9o/9Rfv/v7/6cWf/pfv/uU/+R//53/Ww63kN72+n35v9Ye9/JdPv/rFv+0v+4X/4fJv+9P+4Otf88/9P37rr578c1/+Hd86/J/+hPy3//f+2D/jf/jxg7/k3rv//T/7/U5fv/qVv/mf+ff8Fn/33/LX/K9/TfU//epH7b+a/dov/uQ/+viv+vgn/pG/8w/8X/7lv/Q7f+Hv9B/+WX/AH/Xf/e+/Mv/7/t7yr/kT/4p/9O/5P/+Tv+df/PfP/odv/d+/xm+8c/R7/Nb573n/d/iZ2Xf+lMcf/2P3f6vf/urfeL31T/5V+W/8j/01v83Tl7/xL/7Tf6M///Tf/0f/vX+22f8f3nz/T19/75/9yz/5a/7Sn/zn3vy9/9DW7/lf/zt/9p9473/88/7exZ/z7X/iD/v3//R/5M4f8gf+L//6F//DX/gP/37td//vX2P81/3d2S/7H//ar/7t3/wvW/+ff/Dnf8//8clPt//rn/Kff/cf/k//yL/n//hzf8m/u/jrP/pr1n/pr2r/3n9w63/8Xxd/8W/yV//Pf9J/+Pu+/uov+59/ye/yJxz8i7/b//R//xp/0s9U/9npH/ib/Cf/29/2nV98dPqf/j6/x9/3D/4ZD97+fr/xn/6X/8yv8Rv8j/f2Hv/KX/Ppt//C3+z4/pNf9/gn/qU/7C/5Z/6Pv+QP/id/pv3N/o/V33fxC/7Z67/28J/6u3+XP/0n/qjnf/+vflzU/37yfP3rTX+Tv2X+j9W/8jc+/vS3/K9+t7/qr/3LZ+OLv/vv/r9+5n/+Dx/+w3/3Pzgu/q/Tf/hvyPLf93D1y3/hf/p//t6Pf4+ztz/xf/7jf8S/8+v85P/6M7/VH/lfHP0xv9+f89v/2L/5X/xxv+Uf+3f/qaM/9C98c/1r/1H/2h/zn/xZ/2fzp/2Wf8nv+3/+3md/7V/zJ/7m/8a//lN/0GL5V/wrf0n5i4vf+y++u/e8+q3+s//u4g/73b76Zf/++Lf88d/oP/3p8vf7Zb/Ln/Pv/1N/z2/5H//9d/7L3+tX/2Wf/45v/p3f80/4P//Df/1Xf/ov/VPr3+VP/BP+s3/i7/xb/4h/7H/6+89H/+S/ff5fHPzd//0/95ut/rDZr//3fPRfvv2j/vx/+j/Y+t7dN6f/6p/9m/xlf+Wvkf3Yl3/mP/UP/pm/xl/5+7x6/U//yX/87/nr/Nbtf/F3LXZe7P+6f8tv/rf+zv/k85949L//Sb/id/7JX/bH/Ol3furFm3/44z+ibP6HV//d9Mf+zT/qT/4D/so/P388H937k/f+x//uH/uPf/Xv96/9Vf/MP/rn//N/YnHwr12d/tg/+vv/M5/9VX/IH/23/Mm/8O/7B/76v/s3+63/9vk/+eO/ze/6t3708W//O//Bf9Zi7zecvvhr/9l/9se/e/wz/+tvsfc7/q//w489+JP+sT/4+pd/9Qv+l53/9G/4Y/62f/WP/A/Kvb/mL1s++iW/+e/b5F999cXf/4PLv+TtH/9r/pe/2Y//8j/ub/63/9w/9R8s/8R/6M5v/bv/53/oj/+Ff8fv9x/9pX9i+tf/zv/5377+rX/d8vv/0b//+R/STMu/8df80/Z+/V/vO3/UX/mLfo9/79/9Y/7yf/03/zXv/x2//P/8L//c3/vZj/8jH/3L/+lv/gd/Vv/jF3/3X/8P/DG/21/4V/3T/+LZP7X+jX6rp//Li7/nJ3/Hf/T3/c8///iXn2z/Uwf/xetf+Pf+lau/7V//m/6eP+YfrP/x33nxV/+mv/1/8rfez//jr/7Jf+Lv+Md/7/9g9Z9+/5+59zcf/lF/Vfa3/JXN//xP/03/4f/wP/xu//L3/usv/sq/8NX//ux//ui3+pmTP6T+1l/5xV/1H/7t/+Qf/ObfvP4N/of/9Is/9vyP/nv+iv/mL/tj/+X7f+xf/b03f+Pv/o/9pn/kPzw//eyjf2/1B/4xf/rfdfZ3nv0R/8F/9kf81f/63/rb/Q/tm6+e/tuf/v7/eFv/o//ZT/1rf13zb/25737m3/mX/4q/6GLr5e/9nz/8DX/Tv+gX/3H/0B+1/eAf/Mf/yT/691//gX/Zn/x7/BF//S85fPpP/Ku/z79Q7/03/9Qv/tOWxeuvFj++9Qcd3fmbmz9h9BO/7a/+u3/p7/D3/+PfffSfU8rxvyOL86/8mb98/p3/9r+c/767v/z+F79o9sf+9X/3q8//l7/v7P9o/7jf7L/6x//a3+s3+3f/lukf+r+N//jf9Tf5ib/2t/91/91f/Isv/8Q/8j/6qcd/1//w7C/5E3/8v/jtT37xL776W/7R6m/65X/Bm6vf/d/c/q/+9wfp+T+/+O//s3/1D/2fmrP/7KR+/E9X39n6+/7yf+qPX/z3/8Vvc/y/Hf7fv8bln/q//Gu/8hf/y//FP/uD6/+t+Qv+l+dv/6Rf9N/+zL/4439h9cd//t1/98/9zX/lb/Xn/trXf8riz/ynf8v8//zxN9v/6r/6b/7Hf9Xf+Wf8xF/9nZ/4g/7Jv/7yL15lO2f/8O/7d3z2Z/3df8p/+rf/G7/5t/772d95/7P/6J/7sb/pl/5tf+hf8hf/6n/oL/l3/oJ/+l/+sX/kV/+pv+T6X9z5236N/2t38uCf+l3+1z/xN//sk+8V9bf/j8fvfo1f8l/+Jv/Yv/H7XVx+/nb8D/7m3/vtf8u/7s/77/72f3r2az0Y/bF/92/9+/yJv/PLP/1v3v/iT/vnH/y7//nT/+2//RP+4IP/6o/6hygu/e/+43/n8s7k6bu//M/6H/7X//Df+nP/ry/+wvv/+08/n/4Ri1/6h3z/H/tV/8pf+Pf/Db/oN/l9/48/4u/+W/7MT7f/wL/rL/vywa/7i/+Y2V/+1a/7p5Wnxdnv+Se1v83+//1rfPG3/+n//M98/y/5t4s/9g/+bcu/9df/jf/gf337H399/fv+xB/xazz8rx/+KX/q//Fr/hH54//we7/0t/9fn/6vb8d/zX/xF/yrv+0/+bcc/dP3/5a/8K//9f/53+5vevpr3s3/oV/yL/9W/+Ff/K2/8Pf7x3/n7z35n/61X/jn/Ya/zb/14rNl/fIv/z2P//L0f/vVl3/l37v1P/3iP+JXffd3/rv+9D/8b/9N/8hf9Rv/E7/fX/fn/en/8h/9R/w5f8q3xn/p67e/559X/MMv/vn/89/4l37rz//l7375d/4Df/WXv9bv/zv9Cb/kH/iHf/e3P938U5/+9n/Y//L5P/iX/cd/3K/3H/5x/8vv9V99+vBn/th3f8Pf9/SP/nc/3fqb/8e//g/9pf/Ff/1v/dd/9//6K5Nfvv1nvtn7179zP31x70+6+388/AeLn/z1/+ff/cc+/c3/6N/5+uN/4J+9+09+63/7D3/df/I/+s4f9K/M/rPf4q/4P3/Dv/7PLX7nf/Bfe/fH/jsf/eZvvviV/8f9X/i//81/+J925zf6F37pv/+tz/66X+dv+I3+heOXf94/+OO/6k88+Hv+mcXfvPz23/RX/9hP/ht/y19b/PH/21/37Py3+B3/xKe/2Xf/6T/5+CdP/qan3/7j/sS/7fQ3+GP/zp/66d/mH/mj/viP/rtf49f8o/+t3f/or/lv/vVf9gv+gP/k7Gd+reWf+c+Mf0n59/6Gf/J/94/9HU/++/3f6vf7V3759h/1E5e//z/6P/yKf+0fXvzG/8v//Wv8xK/6q/6Jv+6P+B/+oT/y/3zd/I9/5f/2J2Z/59/4F/2BF7/Xr5r/j3/m//7HPP6vV/9dkvwVf8Gf83f+pn/DHzb+i/634tX4n/jlv+tvd/8v//Yf9+f8b/Mn+xdPnv6t/9hk+m/89r/x09Hf8l8sP/vj/5lf/Lf8B//D35H8Pv/sn/Dv/DH/65/68l//N37iX3/9b311+K/Ovvr9/t7y7/tr/7U/Lc1/s/+svPxf/7e/8l/9o/60P+vP+Mm//nf8J37wP/xG//Gf9UuP/+N/4Du//7/2Py/+0eef3f33/oT/47f4U+rv/6+/w/y//j//7Od/8p/65x9l/+F/+g/+k7/P7/Vf/b7/wT/2W37nD/uHR7/Tt7/9m//N//s/8L/8/X/rn/8bNr/iX/+jf7v/+C/7E5d/2Z/zD1V//a/6z//b33f6a/zT/83f8t/+vfd/g3/ld/h7i//mn/51vvW7/f3/yH/6B/yrJ3/XH/I//q//++LffPO3/9dv/vO/+bf8q3+7f+L3+Ef/hF9y8Cv/2t1f9Ow/+81/y71/6z/9X3/mz/i/fuv/+Mf+t+ruP/L3/i1/70//E/94+u2/5G/4Y3+H7/5rD36rX/M/uv/TB5/+s1/8Tf/W1vif+p0ffPX7/35/zx/5z/39x78gK7eeEDr/0b/4H3z/3/zO7/s3/i9/6i87+93+1l/3Ubn74H/+jf6R5S/6J/77e79Pnv3vv/0v+Nb//If+xN2v/v1/5uz43z79df+H//l//Ml/+eXfS371n376P/7W//GTv/wXP/pFf+1v+Qf9Rpd/03/6j/4J//g/81Of/FP/yPfq3+uP+Wv/nj/u7/gt/83f5K/9k6tv/T5bv+zPm/3jf+6n//a//RM/9ef+xv/Y05/5zX/rn/hu/sU/+G/96//637n3V/6i3/n1P/R3TH/8v/83Hv1WP/2nffz0v/7t/vDf6vFf8g/+1Vd/zMf/9J/3r/2O5//16O2/8sf8B//Ab/Vv/GWf/k+/xd5P/Oa/+e/8x/0rv+WXdw7/91/9rfRn/v5/5tGft//tX/Ovevi/1//437r8y/+JV3/Sz/wmv/2v+Kt+659Y/LMP/7pfevrP/M2/y1/11/0N8xe/87/+5/2u3/6fp//Xf/cXnv0Ov2F655c9/q/+xuni7/jz/9t//Zf+6//aX/uLH/0Bf/Q//4el/9if+mf8dn/Vr/jkn/rfPvovXv1Dv8af+/f+h7/Zz/xRf8k/+Q/+2b/+H/9f/O6Pz/+kv/8P/qWHf+pv/sf/qe3BH/BL/tt/+cF//zv/00e/8zr78l/7O37rC4pOmsmv/9N/4tFPNL/BP/AX/JW/6b/1Z737N+rf+bf8i//eP+Nv/Df+yT9r/Jf+Id/+T//m3+13+a/+wr/pv/2j/+Xf8C95/Ov8VZ/8u//+v/RP/pLv/wZ/x+/63T/7D/jHf5vL3+Xq7/y7fvXf+79W/+A/++//A//u//i/Vv/zr97/5f/YP/PxP/r7/qv/xn/8K/6lP/xf+V1+42+d/jv/wR/2R/3Df+Mf8Yf9+G/zD/wOb3780z/zX33y9C/6K/7gvX/nv/gz/opf6//+NX7wt/8Zuz/+B/2Nxd/1P//Bn/zGv2b59/81/+kf8gf9sX/Lf//v/xX/3K/9WyS/95/35j/4Z65/x3/qd/o3/7G/4bP/9L/5Z3/ml/67f/T/8kn6NyT/dPk3/4J/4W9YtH/iX1X8kb/b//Hn/yMvln/Vf/JX/J+HP/Zb/qL/4G85/8P/5n/14z9gnf0Jv/v/9dMzytr9rn/ef/Tnjh/8Lf/l7/E7/Q9/3fJ//t//t/Xf8ev/eo//jb/s4e/33X/yt/7Xml9+9g9n//Kv9+3/a/Zv/2v/x9/7f/y9/83f+2e9/pv+i/1/7lv/1B939V81f8Fv+he++jOX4/k/+4/+tqvv/8F/xm8/+bd/93/xjz36anb3l/2vP/57/Nnj/+gf+0f+u9/97/9t/pH/7qO/9bcY/fZ/6h97/rudffq//nfzP/EXffX7/aH/YP3Lf+t/7TfJ/+u3P9j/Nf/2P/pf/y1+7Dc52/3t/87f/C98fedP+7v/+Z/+y/6Jv/l/+pvLX+OfvPinf9//+9f45D/7vf/vX+O//1/+gH/z7/7t/v23/96r+dmv+7f+j6dvfuEfdfV7/g//4d/7d72e/Ie/5P969E//gvzX/I9//V83+w1/n9/p9zn+5/7EP/VP+Gt+g5N/erq7/Nd+4b/09m/4TbK//C/6H/7a/+VX/9f/zi/+E/7PB3u/9Rd/av6vvXv5y85/+W/48B978Ef+Ze1f/S//0X/cT/1Fv+hf/WOe/AF/3i/+p/6vF9/5p37RX/fjWz/1+PLv/1t+w+K71V/7J/3jv8ub7z7Z3/pvfsPf/T//706P/v2/95d+df/LP/On/tpP7v3av+VPjv+tP2jns9/1f/lvvvptv/pP/omdh//Rf/nfvf7uH/f4D/ynD/7B3/Sf2P2H/vZ/sv5t/q7/9X//N7f/9k8O/tX/+X/96y5+750/6T89/BXVH/vf/djTxRe/7he/7fK//1+//P7v8Wf9hf/i937Vb/6v/xq/yV/6h/43/1H9vyaf/Z3/67/++B/5x/6kf/SP/Mlv/Z7Tv/v7v/Dqj/ozzn7rv/Wv+aP+3T/lL/neP/q3fPoH/bX/2T/yu//6f/h/+Sf/kn/gH/uv/qNHf+y/s/iT/q4//zf8fT75a36Lv/j1P/sn/46P/sNf+JO//JO3f8Jf/8/+l7/hP3X4G73+6L/4C978s3/TR/P/6b/9vf7Hn/5zmrN/69/7T4s/efnmn/h1P/2y+C//3Xu/9f/2l/zFf+D3fr+/+5/5jx9d/m3/8ev/5jf/Tf/7f3j6P3782/8bf95f+iff+dN/9d/+2ekXv/Thmz/zz/zXfvl/9l/+LZ+++rf/hBd/yfIv+RN+i+Sv+QN/48//xtf/7F95Z/mb/L2v/4i/+zf4H7/7F/+x707/od/99//+r/vXPXr23YN/57c6+8fHv89n6Z/84NXv+Sf8Rx///n/zb/lX/H1/wi/9q/6L9U/v/27/2J/30Ue/6T/0p//tf+LW3/aH/YKTv+5P+zv/1P/o9/8N/rG/8g/9wX/529757r9w58kf8VuW3/6z//cHv+7f+Uv+48//wS8nv9vT/+Hf/Ok/77/88/6RP+7tb//nf/zd/+GP2/8zHv1N/+hv+bfvffrb7P3Zf8Sf9B//HX/e7/8L/8nf6qeOfov/6Tt/52/+H/0n/3byz/3K3/zP+k3+sj93/G/+e1/927/m3/4r/469r/63X/iX/ok/0Zz/+m/+nNM/8g+bXP1Gu9//PX6vv6X+7bK/4GH7n/x9f/p/XP063/1Lf/cHf9x/8If9Kb/52R/+S7//x87nn/wtf9WvPPpz/7t/4O8tvvWDP/XPfb1oftf/5d0f9H/+09N/5q/7K3/5P/YL/tZf9r0//3/6O//Q//TZj/2Jv+hP+zM++h1+rb/zzj/9k0/+nb/0D/nDkj/ibyz//n/kr/qr/82/psj/m6PFb/ff3PuT/oT/83f9m//Z3+bbD7//J48++l3+sv/j3/hP/qe/8w//s9+c/Ke//R//rb/p1Z+cfPGn/NI/6Bf+Z//jd//Bjz7+q39Q/JP/2uP/6OIOpTe+/c/+0t/nF9FLf/S/da/8X/+Hf37xm/6mf9fyr/83/rtf+0/8K/6hy7/5v/pXfsc/608t/9yf/AX//i/44+a/9H+//DP+kz/sN/yVyz+n/Ps//+f/kh/70/6pX/Mv/Ec+/c//1uU//1//o3/67/Nb/CM//rf9d//tsz/1cfmffvr2z/+rf+kf8U/81uu/7G/9+779D/7dX/42f8KbP/3VncUf/Pgv/vfe/oP/3B/9N9z/7PSfmxz/eX/rb/f42Y//rb/b//a//L3kFv/7/+XRv/7m6Oze3T/xl/0ff+tv/wf/qV/8XX9Z++N/2k/8Sf/7X/qn/Nb/xj/wk//cn/3fffe3/sM/evO7/9f/1d/zy//AL/+13/bv+Jf+6oNfM/29/uO/d/nw0T/bbP25P/hX/rjZ9/7d+vm7//Qf/bd/04Mv/75/5G/+a3/w0xf/1e/9f03/ju/907/hb3L43/3Rv+67v+bv/beKv/XFd37zf/v1Lzv8B/+S8V//d//5//Xf/mtNfuGXf+f/8Fdd/mnTr/6xv+w//K3/gOwf+gtO/udfZ/53PfvyT773G/8d/9ZXf8Vf/Gcfjf7D4h/4q/7CZz/9v/x2f/vf0/7Wb36X//Un7v/B/8Wf9Ff+1N/85/33f9Sf/c/9Eb/pP/F7/hY/9p/+Of/G//Jf/xN/2m/33V/v8I/9C/65X/sXXnz8P//Kv3A8/bv/wOInqj9p+s/813/7r/7XfqvF3/Vf/Z7fmv1LW3/P5Okf8q2/96O/5pf/a//tL50uLn7N3+Pu77n6Bb/nn/R/Hv6bh3/u9b//e337r/6r/oc/4be78w/+J//Cb/sn/aK/49ctvvW7v/rP/67tv+v+Z//FX/I7vf6zk+av+6P+zH/t9/wL/vq/9I/6q/+Of+Jfvvor/4r/8Deu/1rKtu++ev1nT/+M/+nf/a1O5lt/8G/wq3/nv+b19N/+rf/+f+63/09/r3/03/51//y/aP8v/c2m//q/cVr8Tv/uf/7dX/j8Z37zv/GP+G8O/4Y/5Y//A3f/k9/txe/4O/4nr7/1ex7/0dm/+7989Wv/Z3/6L/jBP/0ffO+/+JX/7a/1/b/h/D/P/43fOPm3/4n/+nd48of8LX/6f334d20//k+2foNv/a9/5tU/952/9n/5S75f/9SfdvHyz7/7u/5m/8q/8r/883/W7/R//sMn/+Bv+cf9Gr/uH/qf/C6/8f/2h/1jzfkv/sP+8/IX/dIHf/C/cv/X+lv/+L/5J/+r//5v+fX+3F/46/03//Q/+S88/7O/+Nu+/Qv/+B87+Et+4X/y43/C+nc//gX/8Bf3Hxz8Sf/eZ3/HX/NH/x3Hu7/4v/1rJs9+0X+cXBz8mVfzP+bf+cdPf/f/7Zf+JT/9W//K//O3/L9e/WX/7v/9a/zbv+BP/+V/7D/+Z/5G//Fv//ryf/nPvv1H/8b/1J/y0dmnP/7r/P3/+P/03//Ep1/8G7/16S/5seN/aP/Lf+an/pff77t/4O/40//Of/bt3+jZr/nL/qP/9Df5Q5J/5/v/7u/wt/3yP+7f/2XVX/h3H/0WD//K3+XHfuu/+e1P/dO/w1/09lf91dv/7V/29/0pP/lTv+8f8rv97u2f/6d851f+Hd//Z36//+Sv+RP+71/jW3/h3/A3/Of/zbd+k19n/V/9H5//+r/tv/nL/94/73tv//N//Lt/wnd/4o9+9Pv/I//e/n/5t/4mf8N//q9/95/97f65v/vv+t9+x7/jn/ut//Q/4Rf+c3/P2T/2L/0rP/Hg7FsP//5f+Nv/+B9z9j/8+O/1f/7Ev/0b/Oo//Qe/8C/8vf6Cf+lP+4t+wfF//vw3+97pZ7/Owz/h8Hurf+e//lv/83/91/gzfu8f+0+O/uqf/vV/rT/59/07/5xX/+G/9r3p+tNf+Wd/8rf8L3/3b/v7/93/7p/1yc6f85uv/+Q//tc8/id/6+8d/V///f/1E//2r/+f/4f/ym/74L/42376H3nzH9/54r/57R//2X/J7m/8O7349f/a8+T0T//z/uPf9eGv+bv8hjv/7j/2l/7Cv/uX/tV/zn/1P/1Of/BF/tv8gjt/3L96/8tP/tb/6t/7c8/u/J3/2W/+J/593/7j/57f9d/5w/7Qf+8f/M2/aH+n/+tP+oP+6N8iff1X/jajf+cvOj6sD3/Zf/TnXJf/3J//D/3P3/4H/o0/Kfs3/vjy4R/5O/9ej/7K33H0x/5uf/2f+kumxc/85P/1b/6Dv8M/8K/8rv/oD/6W3+HH/7Fv/QbjO+vf9Rf8x7/xn/zZ+t/4K/+qrbd/7Ns/7flffuenL37zP+lfyX6n+h//X3/9X3Pv8d/xV/ypv/wP+Yd+vX/n+JecfvTw9/pT/pKLv+uXJ3/N//5P/9Z/y7/w7zz/1f/kj/0av+Mv+jO++id++s+p/qZ/+rv/9h/3n/zByz/6X/8tF7/iN/xzmr/q+//Kb/7HffvRH/3Zr/mP/fpvfq/f+qN/4R95c342/u0ol/ZnFt/+P/7J8dXWP/43/b5f/D1/x196+o+mo/Xf9Lv+Fn/67/pv/rZXD5p/7Xtf/kH/47/+S/P/Lf1H/77/4i/4Jb/Dmz/s9/zNfqNfffarVv/t9/+qn7pu/rz/8L/57Pf/21//tn/GV7t/3n/xY3/Uf/t//pG/w29191/+rf+bv+qv/7H2V/+23/sPv/Pm9/hT/uvf/fxX/Uv/13/6V43+vtkf/2d9VTcvpt/6R37dv+3qk7/87/tffotP/+T8s9/5P/31/4433/+T/tI/5P+68/f89B+4/+f99E/8K6tv/c5/7T+x/Ov+xH+2+Dt/5g/9p37v+3/4//DJb/PPvP4Vf+Vv/Ef+z//tZ//SP/2n/vjp7/bn/ga/2W99+G/+5//e3/mr17/F//Lr3f+N/ujJ5NNH/+OTL3+bX/N//v5v9W/+2//Xx//prPy9fou//K/5x/6dv/Ef/NPP/45f+Wn22f/03T/7lz78sX/4p3+H3+Sf/Q//zem//9nrr36nf+EPf/Rv/JH/3PXTf+3X+Tt+/V/zb/0Fv+Lon/nr/up/83dYPfr2b/qv/En/x+/xz26/+I//3ce/w3/y1/zbv/BvWvyO/8bf9J/+Tv/Wn/A73fv9/6y//0/9bf/dr/7t3/aX/uNf/J/3/9H/5T/4/pPpn/zP/ru/+7/z139/8dd+9lf/h//Jn1D9w3/T3/nf/ftXn/5tl7/Pyad/yG/6L/07f//fldz5c36zv2v71/uvvv8Tv+Qf+/3+qL/wz/wr/rJ/+a98cPSbHf5WP/jr/tHf9r//6lf/Z9+982e8/Ft/8i/8Lf+av/2f/Gd/9x/87+u//m8d/9F/2J/5n/xxn/7e//bv9e/+Ov/db3H/3/un3/yxi//9p//TP/3f/WN+7X/sxV/69/5OR5/9Mb/1f/768R/xa//gj/5X/tYf2/0df+Xv/5/+dT8z/Ruf/il/8vN/96tf8W//Rr/vm//713jxN/xFPz76df7Zv+rX+ZN/9V/82/yBf9RP/JI/8E/+RX/jP/pf/4m/+gf/7X/+u/x9r9f/04/9qcU/Ov9313/pT/575Z/0566+m/8Wv/W//1v/tv/D93+dox97lhz/m7/q9/oXvvqb/tLjP/HPP/uFH326vfc3/KHL32X+C/+pP+bpt/7af/n+2e/x4t/6F549+7P+8S//xP2/649a/F5/7//11/2q//D/enf1f/2Gv/+//a/+Hv/EX/d7/JX/wet/8Cf/7l/9z/5r/8s/++f/g//lH/kH/kd/+//55/8u/+lP/i7/6v+49X/+1H/5P47+1X/2F7T/96/xF/yC//vX+EP+zf+1/QP/+N/7D/zy7/tLf8Xbv/Dv+zv+xD/jd/qP/8/y3/8V/8dvf/GrfwcB9RP/+9/+L/4Hv8/Hf/r/8R//z//8f/h//xp/2L/5v+7/hQ7W+N/4mb/uv/jqza/8W//sj/7C3/rZn/1//RN/zi95MP0/d/+dV3/C21/0K//kf/X3+7L+e//h//vX+Lv2/vCzT//7n/y3v/yvfrff+cH/Uf+z//v077/73/ydv8v1vb/z+nf+6//zv+2f/Wt/r3t/y9/65/z0f/ZX/42/7S/+I36v//nf+9vffucP2/qHnvyuf9C/9Rf/C3/xX739avyTv1n99lu/6if+i3/4b/mlv86/9e/+4nsfHTw/+D3+sd/6wf/16Hd//jv9Bu1f8vzP/+0f/5d//hd//G/+V/+q0V/9Jxz/fv/Vn/I7/cR3v7f9d/z7v/Fv/tv+jf/kL1n9+f/AX/c/f//HX/46X3z85z38Df6T3+P3u37+b/4BZ7/7x//Jb/nn/sHf+t9/OU3XT/7BF7/Wb/eH/Q7/+L93/sf9zf/B7/+3/7V/45/+Wxz+Z//02W/9W/5uv/uXv//fv/9v/z6n//4vuP7O3/d7/Hnjv/lXXfyuo2+/+ZevTn/R5a/4D/+Tv/Yv+9P/vBf/2PU//rs+vPun5P/F3/KX/f0f/dRf+Q/8VX/DX/U3/FO/+AdXH5V/7N/wp20l+T/0xZ/3K36954f/yvf/gC/+jr/gd/21vv+v/Z5/+q/7B/4Rf93k+B/7q/6yvbv/+59ODnv1dy7W7b9x+uin69/hN/sj/rDf9S/+DeZPNv7yD/7f//b/AxWKzl3cMQAA" />
        <Entry handle="3" bytes="H4sIAAAAAAAEAO29B2AcSZYlJi9tynt/SvVK1+B0oQiAYBMk2JBAEOzBiM3mkuwdaUcjKasqgcplVmVdZhZAzO2dvPfee++999577733ujudTif33/8/XGZkAWz2zkrayZ4hgKrIHz9+fB8/ItI0uXv38e/6vZOnx2+Ov5ecr5fTtqiW6UXevjp+ejZrtu6kvzit83ZdL3/xR9msmH306KO9Hfvs7uzuffrR6KMVf/Hp7sO9vb0H9Heb1QSCPzy4t3Pvwd79j37J4S+h3orzrfZ6lVfnW8XyabY6e3Yn/V0/Sz9aL2f5ebHMZx/d+cWrrM6X7XiWrX7/V3lT/CDfmlXT9QKfTarZ9biYjdLd/R3+5w4Dbetr+vcXp/QkP3ZzD9KOm+OXH9MOX8+rq+PpJNJbd8Cj1CIwSj+6GC+a5XhaLT6iP/aOn6LVC6KBpUa6XJflnUPpDfji/9Osnc638ju/GH/YLq/qos23Pn6cpfM6P//so3nbrh7dvWu7uGvg3+3iNN79PX6Pl2dPP9Nef2G2WB1+dfbmsy/4tzc8H/S1zgZ/ePzis917n+4+2Lv34L688PLzz754/eLkxRv5/jW9cJ7PHu5Pd+7lnx5k+/d3Hz7cnZ5/upt9evDp+WSyvzf5KJW5/uyj339SZsu3Hx09LhYXaVNPLfaTcTZr9mgI9GO8zNu7J2ev7+4f3CXUvf/fu/vpwf74p1cXH6VXxaydf/YRkfejdJ4XF/NW/8hK+u2kLKZv6fM6/10/SidVPcvrzz6iL+8ePb6bHX0MQjuCTsuqybf4s7t3v//9o/T/Adp9K2nyAgAA" />
        <Entry handle="2" bytes="H4sIAAAAAAAEAO29B2AcSZYlJi9tynt/SvVK1+B0oQiAYBMk2JBAEOzBiM3mkuwdaUcjKasqgcplVmVdZhZAzO2dvPfee++999577733ujudTif33/8/XGZkAWz2zkrayZ4hgKrIHz9+fB8/Ij4/e3bwMPu9f43f5df4lb/Gr/Fr/IZ3/7Rf9n/933/Lb/Azf/Af8enf9T//Go/+sF/vD/27/9S//Z/+K/6Wv/9//+/+2Z/58/+Oen397/5xv8HOy+Jf/7f//X/iX/33/9Q/76/4i/7+P3L/9/8jfq8/+e//PR4f/al/6p/xl//9/8H/9n/8rQd/0F/0Y7tf/JV/x4vftP7z/tF/8p/9+/7+f+D8/Py/+u//5z/uT/xTR3/GP/K//R//93/+N/7Er3H+Z+f/+v/2P/7K/+u/+7d/0T/9tz/4qd/ne3/FP/UvPjp49Ev+/H/2l/wRf+a//K/+G//bP/ryx/74//D1T7y+/+03/9H/8Ct/5g/9Y/+Xf+dv+B/+l//13/2H/tB79+79WvN//G/9+/+JX7/9Z/6hv+nJr/HlX/yw/uP+7//7//6V/+zHb//Ef/Tf+E/++1/1f/xvP/MnTP7Uv+Xf+2/+/os7v/sv/PzZ2b/xr/4l//l/+c/v/zX/ya/43/+7ny5Xf9Ff8/v99t/9I/7Cv/Sv/C//tsf/9v/wf/8+/8Kv/C/+l//jN/6j/41f9m/96a//oD/j7bs/8lf+qv/ji987++P+6n/5d/9dP/pr/85/9Nf44s/5qT/k7/2n/q3/7h/8R//J//Ff+GP+3n/hv/iP/pM/6h/+p9ut+i/+NQ5mv+2f8x//iv/53/lL/vq/41f+6v/097j8y/7d/+g/+/f/5t/6B7/0D/vL/4q/evEH/yVf/eTv82//5aOXyz/0b/lb/44/+L/8P36b+V/2f//Dj3/PP/gfefHFy9/sq8vXf/U//x/+V//jr9P+7b/VH/13/TZbj3+/P2D6H/xP//c/+rdPvvhD/qzf+Qf/5D/2L/ybf/Qf+yfUv/SP/Gf/lb8zffDdX/1f/VW/xtkf9cnnv/fjiz/2V/2yv/RP+Rv+tV/j9d/89/7T//r3/px/4H/9136/8/PiX/6zf8Pf+E/9z3/Ff/QH/6Jf1Pyd/8x/+G/+B//Zn/9X/S1/91/8+/zRf/LJv/tXPfjl/+W/tv3owR/3p/15f+7f9m/+Wt//q/+Ff/M//Jf+/f/y3/7Xrh5/5+rTP++f+H3/1L/q1/0j/vFf9Y//pn/7P/ov/OV/09/zyR/w57+8WP/ff9fvNFv/Md85+71mf9Zfu/cTq1/5q/6Jv+/f+l+SX/Iv/IY/+Gt/jZ/4J//+f/Af/erP/tvW737mX/8vfsV32j/t8A/9G/6Gf/ynf5fRwd/2T/zEX/+3//2/x/Of+mv/ur/xr/mH/tXf5Orv/M//sfrJxe/7a+z+Plnz/f/qV/zf/9F/9l/+9X/j33py/OQP/ov/uf/z3y1/09d/3s7bX/Lr/jbf+g//uT/3v/hLft3/8V/9S3+nP/Pf/rP/7D/7weTtH/5H/DH/6t/0xV/+V9f/979+8u0/+m/6fb+f/Rrj+f/0v/2vv8Of9A/83//cvT/nL/sb7v3xf9Mv/1t++//if/yVf/8//s999vf9sv/gP//lf8vf+fe9fvN7f/zX/s+zX/Lnvf2T/84/65/+7/77//Dv+6f/uX/p7/wn/vX/7B99+vvNf9G//6/+7bt/7j/xR/1Jf9af/Rf8ZX/YH/ZHVn/qP/7b/rn/xVd/8F/6u/6qX+fX+PV/jf/71xiRKPwakIlf4zf4v3+Nv/w3+J2+/Tf9Rf/wH/ob/Jbf+n3/qb/pL/5H/8jf7Me/8+d9+2/+S/7xP/wP2fvpf++f+pv/0n/yT/gNfsFf9Sf/Y//0n/k3/nF/3i/48/69v+t/+Uv/2T9zZ/oP/Hl/8a/zO/4dn/4OD//sw3/sn/7qt/2JX/Gb/Uu/5x/w4ou/dvynpP/VH/Qvvfor/tW/cu+//PP/pj/zn/tz/vbf/H/b+zfeTl78Ln/Ir/nTT493fuU/8af/Vb/mn/30j/7X/+Xf6q/5d//K3/Sn/vZ/5S/7w36L3/2TX7L/d/zduz/+l/4mJ3/98//61/hlv8Y//O37v2j9X83/8v/0r5/+lb/pPP1D/qW//MWD9M//Tx7/R3/U3bu/zuRPPPlH/7Inf8/fVvyrf8kf80c/uvy9/um/s/6jl7/zX/Tj/+xv9V//pv/bt//Z32f157R/9S/8+//Q3/Dub3z8r/1P/+k/efHv/al/cfrv/MG/23/+3/3Vf9LVX/S//+k/9Zv+VT/z8smjl3e/9Uc8/0X/93+yP/31HvxOf94f9vIn/s4vf/3/+tf/6Pf6hx98Xv56xdmv/qN+4s79f/b7n/xnf+X9H/+P/qBfJ/mrTn+8/M1+i3/4x37P32jvn/7d/ra/6h/5De/+zB/wL/1BP/jLf93/5Z/4jf6lf+x/+iMO/+zf4Hf9J3/zP/jP+lt+0/2///f8S7+897f+V//yH/Y7/Fa/zt4/lFT7v/av+etW/9hf9JvuHvx1v+c/+hv9ur/enf/sT/rff43/5de5/w9/+/Vv8pv+Cf9H8+ve/y//sj/lO7/B7/rf/a6/4R+89y/8Qf/o0T//Zz35g3+zPyX9l3/33+SP2P9L/4U/81/6s/7VP+53/X3/tn/lN9r9l0iuHv3zv8Gv+c//Rr/hL9/7z/6Cn/lzPvrn9v7d3+gv/d2SP+o3+Jd/o9/6V/wBv+e/8Jf8geWfdPxn/1rnf/TTP/u/++de/TGP/qX9v/TX/qP/4L/rD/3Hfu36T5v8F8kf8Tv8Ib/O7id/2G/5J/xOv//4b/o1/sK/6df7v//pH/s1/pnfqHnycOsfevLr/sH/5H82+YN+zb/7P6t/vd/m1/7OT53/Ln/rn/WH/NV/xcFfNf2jftc/95f/xf/kr/2X/hl/zNPDf+ngd/z97n3xX/32/+3f+c+nv8Uf8+v9lf/Rr/mPffpX/VO/+5/5C3/9/+xv+WN+l9/tT1r9Eb/Rr/3P/Mv/7G/0yepfev67/Ev/1L9Z/i7f/o3+pT/yd/3vV9/+6x8d/Hb/zK/5m/wV/9W//Hv9Ln/5b/av/nO/1u5vl4z/ui/evfonfsO/7jf7iX9o7/f73/7gf+6f+vX+uv9l/GN/3J/3a/5R//i/99/9qS9+4V/ynxTfuXfnz3j1nd/o2//VX/xP/GP3fo+XZ7/LP/9//Bkv7vwFH/3D//mv/be++5s++bt+4f5//8v/1f/gIPt1Ptn6y55/57femf31v+Kf/uNGr7+48+Uf+X/+bT/4ovpTXjzK/qjty7/txV/5r/6R/9Zf9ldvX/2rb/+03W+P/rr/7eUf9NtePf+//6Nf+R/+ln/QP/rr/Y5/wr/26p/7hV/8j3/pH3n4t67u/Z3/6n+f/sn/wn/6pz347Du/x/85f/V3/6v/6e/7ez77rX6td7/Fj/344f/xt/zd/+qf/3dMf6Nf/0+fHv6q//qnv/eb/WF3/4Bf59f8J/7r4vf9g/7oX2P57/3Lv/adP/PP+oP/rn/1j/g1fu3f6D/+Lfbr3/S/+SMPfudf77/9hX/b3/pP/62/+nf6R37wn3369Df9tX6DX/5n/Uuf/3bZfPqP/MLf+g/6j/6QH/tNfrtf6x+/9zv9bT/xj/02X/z6u//Ef/Gf/lv1P/wb/lo7f+kf+9se/m9/6j9/9zeZ/zm/9r/1B/0R3/rv0l//9/urfr3f6s/7yT/6O6s/4Lf9F+b/ZPKv/MHbF//Ur/lj/87BP5b8Tr/Zr/e7/Vl/0O/4W/1Lv95v8JO/55/46e/0u/666X/0a+z/Xbv/yKe/53/8G/yGO//E+Hf6PX/d3+aP+7V+i9/m4Hf+Lcv/+Tdof+/Jb/8n/1G/zvj//pd+zz/od/81/tPf5a85+Cd/i+Td7/mLfqv/tPizD/6QX7D1B/xGv+Xf9x//xne+/Tv+Fv/Rv/S3/Zq/0R/0C37wb/06v+7fc/GP/8Jf/h//Bn/d2ydp+Qf82g//oF/jN9n9Df7d3+Yf+J/+8F/1R2//hu/+uR//Bf/mH/RHv/2j/uJf9z/5o57+1v/H8R9050/7j/6k1+nv+Wv+on/51z49+D3/xF/w7uS3+Vsu/pDfdPW7/pa/z//2B/1Ov+8f9PnW/h/8a++u/uDf6c/7X/+4l0/+0t/09/n2r/nrvvqPfpP5P3T8O/4f/9KP/25/SfZrXf5TX/6J736rP3h89Xf/s7/t7/3Rb/zRrzH7v5Pij/w1/q2/+Nf5b/+nX//H3/7NP/b7/THpb/bv/Uf/+dHj/+hP+PSP+j1/0+xf+s9/jb/r13z26/+e/+if89HB09/931l95zf/y9Lf8nf59l/5Y7/nP/Qnfv/P+Ycu/54/7Nf5Df+8sy9/v2fZb/Kf/kv5b/v7/cn/xx/6rb/vH/2TXv/ev/7vUO/8xu/+sN/1L/z7fqOnv9Ef9zf/ib/Jfzf5df+F/+jZb/Tv/HZ/6Pf/oT/41xr/W7/ur1u+/LGr/+7X+t7f+2/9Or/Jn/e7/iEX/9Ef9Et+6//t1/gN/oN/6J/d/pt+jd9o+if9/p9d/A5/+JcH/+qv9T/vnPyuqz/4j33yn/2uv8Nf/pv9wbu/73/0fPrmo9/sX/rXfr3f6ekf8If+fn/XX/Rb/B8v57/z0//oDznZWf8au3/UP/zmx//3X/P7v8OP/7W/9t/0D4//ir/n9/od/7g/5Ne9++f/18//+n/oD7r+r+rf4Md+73/so9/zT/5NLv+mH/+df5+Xf+3vd/o//cG/1eO9v/GX/22/5h/w3xZ/6N//O/wdf8GzP+Af+g3+uD/g19n9u37F3/RHLn78s/T3+rf/mX/jb/31Jv/Qr7c1+sX/1m/S/ul/61/07//nv+mz3+vf+Vf+nP/1b/urvvjrf/q7/+y/82/8Pf/r3/43/fF/fXnx67z9d/6gX+PXOPx/APjIyq0kCQAA" />
        <Entry handle="1" bytes="H4sIAAAAAAAEAO29B2AcSZYlJi9tynt/SvVK1+B0oQiAYBMk2JBAEOzBiM3mkuwdaUcjKasqgcplVmVdZhZAzO2dvPfee++999577733ujudTif33/8/XGZkAWz2zkrayZ4hgKrIHz9+fB8/ItI0uXv38e/6vZOnx2+Ov5ecr5fTtqiW6UXevjp+ejZrtu6kvzit83ZdL3/xR9msmH306KMHD3fsc2/3/sODj0Yfrfib+wd7n+7c36O/26wmGPzhwf7u/YPd3Y9+yeEvoe6K8632epVX51vF8mm2Ont2J/1dP0s/Wi9n+XmxzGcf3fnFq6zOl+14lq1+/1d5U/wg35pV0/UCn02q2fW4mI3Sg4NRem/3DoNs62v69xen9CQ/djN8acfN8cuPaXev59XV8XQS6as33lGq/Y/Sjy7Gi2Y5nlaLj+iPveOnaPSUCGBJkS7XZXnnUDoDuvj/NGun8638zi/GH7bHq7po862PH2fpvM7PP/to3rarR3fv2i7uGvh3eyiNd3+P3+Pl2dPPtNtfmC1Wh1+dvfnsC/7tDc8Gfa1zwR8ev6A/dx5+urO/t88fvPz8sy9ev/jJpyfy9Wtqf35/uvMgm072Pr33cP/TB9Ps/s7sIDs/35/uHuQP7mcfpTLRn330+0/KbPn2o6PHxeIibeqpxT4bZ7Nmj4ZAP8bLvL17cvb67u7u7l1CPfj/g73744vi/KP0qpi1888+Ojj4KJ3nxcWcoN/b/SjNSvrlpCymb+njOv9dP0onVT3L688+2vkovXv0+G529DHo7Og5Lasm3+LP7t79/veP0v8Hw5Bvm+8CAAA=" />
        <Entry handle="0" bytes="H4sIAAAAAAAEAO29B2AcSZYlJi9tynt/SvVK1+B0oQiAYBMk2JBAEOzBiM3mkuwdaUcjKasqgcplVmVdZhZAzO2dvPfee++999577733ujudTif33/8/XGZkAWz2zkrayZ4hgKrIHz9+fB8/In7j5O7dx7/r906eHr85/t5vnFxmdTqtlm2+bJvf/8Gn6Wfpx4+bVbY8epylbVZf5O1nH/3+kzJbvv0ondf5+Wcfzdt29eju3YvxolmOp9Xi7s7x0x16du/u3n+493D3wXj39/hdf2G2WB3yPy/Pnn5278HB3sP9Pf77q7M3n33Bv71h8PT1wf7u/ft7u/zh8YvP7u3s7xzQG9L+5eefffH6xcOv3nx09Ka+Tp8Uy4vHd4+PHt9lLD8+lCGczwX55bos6aPiPN2aVdP1goY1nlSz6/QX/sI0+GBczGKfjct8edHO06N0585vnPzi3zj5MYb82Sqr0co2J8RPyxy/Prk+m4V9EZg7hMMv+Y0TQWSZXRYXWVvV42y1+sm8bopqOS6Ws/zdl+dbH323WH505+izHWBDvTT5s7LK2vhLzXrStPUNAL94fXaafnTnk/t3COy+jqKtr+lf/PZjxfnW7yrk+pmfSdvrVV6dbxXLp9nq7Nmd9LPP0o/WBOm8WOazj+6gPb/0Y7Pyu3XR5lsY2Y/92C/BP3nZ5K4BgxwLnV5Us5wQavK6PZ79dDalj7795ovnWx9n521eP8kviuXHI5/tBKrCaNrrMh/PimZVZteffbyslvnH8r0l87SsGh8X/H+atdP5Vg6cGaMAY2rwS4DvL3af0kfn6+W0JeKl9lO8OUigLy7qs/MYjX7xj3GHBrsrhtUdHnBUkjF+YNuceOg18TFxrhtbnWdtrty19RHY/CMZqWlNpF3mNShK73ndcKPePBCP5MvZybwoZ1sGwh2vaZTcP6YIRyj+S6BBvv/9o/8HOJy6w0kEAAA=" />
      </ByteArrayCache>
      <TestRunConfiguration name="Local Test Run" id="215124b6-1c93-4e55-bd73-958b00a34403">
        <Description>This is a default test run configuration for a local test run.</Description>
        <Deployment runDeploymentRoot="C:\Users\rallen\Documents\Visual Studio 2008\Projects\GrabIt\TestResults\rallen_LVDVMRALLEN7 2010-01-14 21_21_31" />
        <TestTypeSpecific>
          <WebTestRunConfiguration testTypeId="4e7599fa-5ecb-43e9-a887-cd63cf72d207" />
        </TestTypeSpecific>
      </TestRunConfiguration>
      <WebTestResultDetails>
        <WebTestResultIterations>
          <WebTestResultIteration iterationNumber="1">
            <WebTestResultGroup>
              <WebTestResultPage>
                <WebRequestResult exceptionMessage="" run="0" submitted="true" cached="false" isRedirectFollow="false" requestBodyBytesHandle="-2" responseBytesHandle="0">
                  <Request url="http://rad.msn.com/ADSAdClient31.dll?GetSAd=&amp;DPJS=4&amp;PN=MSFT&amp;PG=MSN9UT&amp;AP=1402" command="GET /ADSAdClient31.dll?GetSAd=&amp;DPJS=4&amp;PN=MSFT&amp;PG=MSN9UT&amp;AP=1402 HTTP/1.1" encoding="iso-8859-1">
                    <Headers>User-Agent : Mozilla/4.0 (compatible; MSIE 7.0; Windows NT 5.1)
Accept : */*
Accept-Language : en-US
Accept-Encoding : GZIP
Host : rad.msn.com
Connection : Keep-Alive
</Headers>
                  </Request>
                  <Response url="http://rad.msn.com/ADSAdClient31.dll?GetSAd=&amp;DPJS=4&amp;PN=MSFT&amp;PG=MSN9UT&amp;AP=1402" contentType="text/html; Charset=utf-8" statusLine="HTTP/1.1 200 OK" pageTime="0.159" time="0.159" statusCodeString="200 OK" contentLength="1097">
                    <Headers>Cteonnt-Length : 1097
Pragma : no-cache
Cache-Control : no-cache, must-revalidate
Content-Type : text/html; Charset=utf-8
Date : Fri, 15 Jan 2010 04:21:34 GMT
Expires : Fri, 01 Jan 1990 00:00:00 GMT
Set-Cookie : FC00=FB=; expires=Sun, 15-Jan-2012 12:00:00 GMT; domain=.rad.msn.com; path=/; HttpOnly,FC01=FB=; expires=Sun, 15-Jan-2012 12:00:00 GMT; domain=.rad.msn.com; path=/; HttpOnly,FC02=FB=; expires=Sun, 15-Jan-2012 12:00:00 GMT; domain=.rad.msn.com; path=/; HttpOnly,FC03=FB=; expires=Sun, 15-Jan-2012 12:00:00 GMT; domain=.rad.msn.com; path=/; HttpOnly,FC04=FB=; expires=Sun, 15-Jan-2012 12:00:00 GMT; domain=.rad.msn.com; path=/; HttpOnly,FC05=FB=; expires=Sun, 15-Jan-2012 12:00:00 GMT; domain=.rad.msn.com; path=/; HttpOnly,FC06=FB=; expires=Sun, 15-Jan-2012 12:00:00 GMT; domain=.rad.msn.com; path=/; HttpOnly,FC07=FB=; expires=Sun, 15-Jan-2012 12:00:00 GMT; domain=.rad.msn.com; path=/; HttpOnly,FC08=FB=; expires=Sun, 15-Jan-2012 12:00:00 GMT; domain=.rad.msn.com; path=/; HttpOnly,FC09=FB=; expires=Sun, 15-Jan-2012 12:00:00 GMT; domain=.rad.msn.com; path=/; HttpOnly,MSNADS=UM=; expires=Sun, 01-Jan-2006 12:00:00 GMT; domain=.msn.com; path=/; HttpOnly
Server : Microsoft-IIS/6.0
X-RADID : P3782942-T8415521-C1592917
Content-Encoding : gzip
Content-Length : 594
</Headers>
                  </Response>
                  <Context>
                    <Entry name="$TotalAgents" value="1" />
                    <Entry name="$ControllerName" value="LVDVMRALLEN7" />
                    <Entry name="$AgentName" value="LVDVMRALLEN7" />
                    <Entry name="$TestLogsDir" value="C:\Users\rallen\Documents\Visual Studio 2008\Projects\GrabIt\TestResults\rallen_LVDVMRALLEN7 2010-01-14 21_21_31\In\LVDVMRALLEN7" />
                    <Entry name="$TestDeploymentDir" value="C:\Users\rallen\Documents\Visual Studio 2008\Projects\GrabIt\TestResults\rallen_LVDVMRALLEN7 2010-01-14 21_21_31\Out" />
                    <Entry name="$AgentId" value="1" />
                    <Entry name="$AgentLoadDistributor" value="Microsoft.VisualStudio.TestTools.Execution.AgentLoadDistributor" />
                    <Entry name="$TestDir" value="C:\Users\rallen\Documents\Visual Studio 2008\Projects\GrabIt\TestResults\rallen_LVDVMRALLEN7 2010-01-14 21_21_31" />
                    <Entry name="$AgentWeighting" value="100" />
                    <Entry name="$WebTestIteration" value="1" />
                    <Entry name="$WebTestUserId" value="1" />
                  </Context>
                  <ValidationRuleResults>
                    <ValidationRuleResult message="Passed" ruleType="Validation" name="Response URL" />
                  </ValidationRuleResults>
                </WebRequestResult>
              </WebTestResultPage>
              <WebTestResultPage>
                <WebRequestResult exceptionMessage="" run="0" submitted="true" cached="false" isRedirectFollow="false" requestBodyBytesHandle="-2" responseBytesHandle="1">
                  <Request url="http://a.rad.msn.com/ADSAdClient31.dll?GetSAd=&amp;DPJS=4&amp;PN=MSFT&amp;PG=MSNVDC&amp;AP=1071" command="GET /ADSAdClient31.dll?GetSAd=&amp;DPJS=4&amp;PN=MSFT&amp;PG=MSNVDC&amp;AP=1071 HTTP/1.1" encoding="iso-8859-1">
                    <Headers>User-Agent : Mozilla/4.0 (compatible; MSIE 7.0; Windows NT 5.1)
Accept : */*
Accept-Language : en-US
Accept-Encoding : GZIP
Host : a.rad.msn.com
Cookie : FC00=FB=; FC01=FB=; FC02=FB=; FC03=FB=; FC04=FB=; FC05=FB=; FC06=FB=; FC07=FB=; FC08=FB=; FC09=FB=
Connection : Keep-Alive
</Headers>
                  </Request>
                  <Response url="http://a.rad.msn.com/ADSAdClient31.dll?GetSAd=&amp;DPJS=4&amp;PN=MSFT&amp;PG=MSNVDC&amp;AP=1071" contentType="text/html; Charset=utf-8" statusLine="HTTP/1.1 200 OK" pageTime="0.317" time="0.137" statusCodeString="200 OK" contentLength="751">
                    <Headers>Cteonnt-Length : 751
Pragma : no-cache
X-RADID : P5826052-T8415811-C79000000000031598
Content-Encoding : gzip
Content-Length : 477
Cache-Control : no-cache, must-revalidate
Content-Type : text/html; Charset=utf-8
Date : Fri, 15 Jan 2010 04:21:35 GMT
Expires : Fri, 01 Jan 1990 00:00:00 GMT
Server : Microsoft-IIS/6.0
</Headers>
                  </Response>
                  <Context>
                    <Entry name="$TotalAgents" value="1" />
                    <Entry name="$ControllerName" value="LVDVMRALLEN7" />
                    <Entry name="$AgentName" value="LVDVMRALLEN7" />
                    <Entry name="$TestLogsDir" value="C:\Users\rallen\Documents\Visual Studio 2008\Projects\GrabIt\TestResults\rallen_LVDVMRALLEN7 2010-01-14 21_21_31\In\LVDVMRALLEN7" />
                    <Entry name="$TestDeploymentDir" value="C:\Users\rallen\Documents\Visual Studio 2008\Projects\GrabIt\TestResults\rallen_LVDVMRALLEN7 2010-01-14 21_21_31\Out" />
                    <Entry name="$AgentId" value="1" />
                    <Entry name="$AgentLoadDistributor" value="Microsoft.VisualStudio.TestTools.Execution.AgentLoadDistributor" />
                    <Entry name="$TestDir" value="C:\Users\rallen\Documents\Visual Studio 2008\Projects\GrabIt\TestResults\rallen_LVDVMRALLEN7 2010-01-14 21_21_31" />
                    <Entry name="$AgentWeighting" value="100" />
                    <Entry name="$WebTestIteration" value="1" />
                    <Entry name="$WebTestUserId" value="1" />
                  </Context>
                  <DependantResults>
                    <WebRequestResult exceptionMessage="" run="0" submitted="true" cached="false" isRedirectFollow="false" requestBodyBytesHandle="-2" responseBytesHandle="2">
                      <Request url="http://a.ads2.msads.net/CIS/111/000/000/000/000/725.gif" command="GET /CIS/111/000/000/000/000/725.gif HTTP/1.1" encoding="iso-8859-1">
                        <Headers>Referer : http://a.rad.msn.com/ADSAdClient31.dll?GetSAd=&amp;DPJS=4&amp;PN=MSFT&amp;PG=MSNVDC&amp;AP=1071
User-Agent : Mozilla/4.0 (compatible; MSIE 7.0; Windows NT 5.1)
Accept : */*
Accept-Language : en-US
Accept-Encoding : GZIP
Host : a.ads2.msads.net
Connection : Keep-Alive
</Headers>
                      </Request>
                      <Response url="http://a.ads2.msads.net/CIS/111/000/000/000/000/725.gif" contentType="image/gif" statusLine="HTTP/1.1 200 OK" pageTime="NaN" time="0.175" statusCodeString="200 OK" contentLength="2340">
                        <Headers>Age : 1057683
Connection : keep-alive
Content-Length : 2340
Cache-Control : max-age=2592000
Content-Type : image/gif
Date : Fri, 15 Jan 2010 04:21:35 GMT
Expires : Mon, 01 Feb 2010 22:33:32 GMT
Server : Microsoft-IIS/7.0
X-AspNet-Version : 2.0.50727
X-Powered-By : ASP.NET
</Headers>
                      </Response>
                      <Context>
                        <Entry name="$TotalAgents" value="1" />
                        <Entry name="$ControllerName" value="LVDVMRALLEN7" />
                        <Entry name="$AgentName" value="LVDVMRALLEN7" />
                        <Entry name="$TestLogsDir" value="C:\Users\rallen\Documents\Visual Studio 2008\Projects\GrabIt\TestResults\rallen_LVDVMRALLEN7 2010-01-14 21_21_31\In\LVDVMRALLEN7" />
                        <Entry name="$TestDeploymentDir" value="C:\Users\rallen\Documents\Visual Studio 2008\Projects\GrabIt\TestResults\rallen_LVDVMRALLEN7 2010-01-14 21_21_31\Out" />
                        <Entry name="$AgentId" value="1" />
                        <Entry name="$AgentLoadDistributor" value="Microsoft.VisualStudio.TestTools.Execution.AgentLoadDistributor" />
                        <Entry name="$TestDir" value="C:\Users\rallen\Documents\Visual Studio 2008\Projects\GrabIt\TestResults\rallen_LVDVMRALLEN7 2010-01-14 21_21_31" />
                        <Entry name="$AgentWeighting" value="100" />
                        <Entry name="$WebTestIteration" value="1" />
                        <Entry name="$WebTestUserId" value="1" />
                      </Context>
                    </WebRequestResult>
                  </DependantResults>
                  <ValidationRuleResults>
                    <ValidationRuleResult message="Passed" ruleType="Validation" name="Response URL" />
                  </ValidationRuleResults>
                </WebRequestResult>
              </WebTestResultPage>
              <WebTestResultPage>
                <WebRequestResult exceptionMessage="" run="0" submitted="true" cached="false" isRedirectFollow="false" requestBodyBytesHandle="-2" responseBytesHandle="3">
                  <Request url="http://b.rad.msn.com/ADSAdClient31.dll?GetSAd=&amp;DPJS=4&amp;PN=MSFT&amp;PG=MSNCNT&amp;AP=1463" command="GET /ADSAdClient31.dll?GetSAd=&amp;DPJS=4&amp;PN=MSFT&amp;PG=MSNCNT&amp;AP=1463 HTTP/1.1" encoding="iso-8859-1">
                    <Headers>User-Agent : Mozilla/4.0 (compatible; MSIE 7.0; Windows NT 5.1)
Accept : */*
Accept-Language : en-US
Accept-Encoding : GZIP
Host : b.rad.msn.com
Cookie : FC00=FB=; FC01=FB=; FC02=FB=; FC03=FB=; FC04=FB=; FC05=FB=; FC06=FB=; FC07=FB=; FC08=FB=; FC09=FB=
Connection : Keep-Alive
</Headers>
                  </Request>
                  <Response url="http://b.rad.msn.com/ADSAdClient31.dll?GetSAd=&amp;DPJS=4&amp;PN=MSFT&amp;PG=MSNCNT&amp;AP=1463" contentType="text/html; Charset=utf-8" statusLine="HTTP/1.1 200 OK" pageTime="0.311" time="0.133" statusCodeString="200 OK" contentLength="754">
                    <Headers>Cteonnt-Length : 754
Pragma : no-cache
X-RADID : P6192227-T8303725-C2000000000010126
Content-Encoding : gzip
Content-Length : 478
Cache-Control : no-cache, must-revalidate
Content-Type : text/html; Charset=utf-8
Date : Fri, 15 Jan 2010 04:21:35 GMT
Expires : Fri, 01 Jan 1990 00:00:00 GMT
Server : Microsoft-IIS/6.0
</Headers>
                  </Response>
                  <Context>
                    <Entry name="$TotalAgents" value="1" />
                    <Entry name="$ControllerName" value="LVDVMRALLEN7" />
                    <Entry name="$AgentName" value="LVDVMRALLEN7" />
                    <Entry name="$TestLogsDir" value="C:\Users\rallen\Documents\Visual Studio 2008\Projects\GrabIt\TestResults\rallen_LVDVMRALLEN7 2010-01-14 21_21_31\In\LVDVMRALLEN7" />
                    <Entry name="$TestDeploymentDir" value="C:\Users\rallen\Documents\Visual Studio 2008\Projects\GrabIt\TestResults\rallen_LVDVMRALLEN7 2010-01-14 21_21_31\Out" />
                    <Entry name="$AgentId" value="1" />
                    <Entry name="$AgentLoadDistributor" value="Microsoft.VisualStudio.TestTools.Execution.AgentLoadDistributor" />
                    <Entry name="$TestDir" value="C:\Users\rallen\Documents\Visual Studio 2008\Projects\GrabIt\TestResults\rallen_LVDVMRALLEN7 2010-01-14 21_21_31" />
                    <Entry name="$AgentWeighting" value="100" />
                    <Entry name="$WebTestIteration" value="1" />
                    <Entry name="$WebTestUserId" value="1" />
                  </Context>
                  <DependantResults>
                    <WebRequestResult exceptionMessage="" run="0" submitted="true" cached="false" isRedirectFollow="false" requestBodyBytesHandle="-2" responseBytesHandle="4">
                      <Request url="http://b.ads2.msads.net/CIS/48/000/000/000/003/684.jpg" command="GET /CIS/48/000/000/000/003/684.jpg HTTP/1.1" encoding="iso-8859-1">
                        <Headers>Referer : http://b.rad.msn.com/ADSAdClient31.dll?GetSAd=&amp;DPJS=4&amp;PN=MSFT&amp;PG=MSNCNT&amp;AP=1463
User-Agent : Mozilla/4.0 (compatible; MSIE 7.0; Windows NT 5.1)
Accept : */*
Accept-Language : en-US
Accept-Encoding : GZIP
Host : b.ads2.msads.net
Connection : Keep-Alive
</Headers>
                      </Request>
                      <Response url="http://b.ads2.msads.net/CIS/48/000/000/000/003/684.jpg" contentType="image/jpeg" statusLine="HTTP/1.1 200 OK" pageTime="NaN" time="0.176" statusCodeString="200 OK" contentLength="12764">
                        <Headers>Age : 84016
Connection : keep-alive
Content-Length : 12764
Cache-Control : max-age=2592000
Content-Type : image/jpeg
Date : Fri, 15 Jan 2010 04:21:35 GMT
Expires : Sat, 13 Feb 2010 05:01:19 GMT
Server : Microsoft-IIS/7.0
X-AspNet-Version : 2.0.50727
X-Powered-By : ASP.NET
</Headers>
                      </Response>
                      <Context>
                        <Entry name="$TotalAgents" value="1" />
                        <Entry name="$ControllerName" value="LVDVMRALLEN7" />
                        <Entry name="$AgentName" value="LVDVMRALLEN7" />
                        <Entry name="$TestLogsDir" value="C:\Users\rallen\Documents\Visual Studio 2008\Projects\GrabIt\TestResults\rallen_LVDVMRALLEN7 2010-01-14 21_21_31\In\LVDVMRALLEN7" />
                        <Entry name="$TestDeploymentDir" value="C:\Users\rallen\Documents\Visual Studio 2008\Projects\GrabIt\TestResults\rallen_LVDVMRALLEN7 2010-01-14 21_21_31\Out" />
                        <Entry name="$AgentId" value="1" />
                        <Entry name="$AgentLoadDistributor" value="Microsoft.VisualStudio.TestTools.Execution.AgentLoadDistributor" />
                        <Entry name="$TestDir" value="C:\Users\rallen\Documents\Visual Studio 2008\Projects\GrabIt\TestResults\rallen_LVDVMRALLEN7 2010-01-14 21_21_31" />
                        <Entry name="$AgentWeighting" value="100" />
                        <Entry name="$WebTestIteration" value="1" />
                        <Entry name="$WebTestUserId" value="1" />
                      </Context>
                    </WebRequestResult>
                  </DependantResults>
                  <ValidationRuleResults>
                    <ValidationRuleResult message="Passed" ruleType="Validation" name="Response URL" />
                  </ValidationRuleResults>
                </WebRequestResult>
              </WebTestResultPage>
              <WebTestResultPage>
                <WebRequestResult exceptionMessage="" run="0" submitted="true" cached="false" isRedirectFollow="false" requestBodyBytesHandle="-2" responseBytesHandle="5">
                  <Request url="http://rad.msn.com/ADSAdClient31.dll?GetSAd=&amp;DPJS=4&amp;PN=MSFT&amp;PG=MSNREC&amp;AP=1089" command="GET /ADSAdClient31.dll?GetSAd=&amp;DPJS=4&amp;PN=MSFT&amp;PG=MSNREC&amp;AP=1089 HTTP/1.1" encoding="iso-8859-1">
                    <Headers>User-Agent : Mozilla/4.0 (compatible; MSIE 7.0; Windows NT 5.1)
Accept : */*
Accept-Language : en-US
Accept-Encoding : GZIP
Host : rad.msn.com
</Headers>
                  </Request>
                  <Response url="http://rad.msn.com/ADSAdClient31.dll?GetSAd=&amp;DPJS=4&amp;PN=MSFT&amp;PG=MSNREC&amp;AP=1089" contentType="text/html; Charset=utf-8" statusLine="HTTP/1.1 200 OK" pageTime="0.411" time="0.067" statusCodeString="200 OK" contentLength="755">
                    <Headers>Cteonnt-Length : 755
Pragma : no-cache
Cache-Control : no-cache, must-revalidate
Content-Type : text/html; Charset=utf-8
Date : Fri, 15 Jan 2010 04:21:35 GMT
Expires : Fri, 01 Jan 1990 00:00:00 GMT
Set-Cookie : FC00=FB=; expires=Sun, 15-Jan-2012 12:00:00 GMT; domain=.rad.msn.com; path=/; HttpOnly,FC01=FB=; expires=Sun, 15-Jan-2012 12:00:00 GMT; domain=.rad.msn.com; path=/; HttpOnly,FC02=FB=; expires=Sun, 15-Jan-2012 12:00:00 GMT; domain=.rad.msn.com; path=/; HttpOnly,FC03=FB=; expires=Sun, 15-Jan-2012 12:00:00 GMT; domain=.rad.msn.com; path=/; HttpOnly,FC04=FB=; expires=Sun, 15-Jan-2012 12:00:00 GMT; domain=.rad.msn.com; path=/; HttpOnly,FC05=FB=; expires=Sun, 15-Jan-2012 12:00:00 GMT; domain=.rad.msn.com; path=/; HttpOnly,FC06=FB=; expires=Sun, 15-Jan-2012 12:00:00 GMT; domain=.rad.msn.com; path=/; HttpOnly,FC07=FB=; expires=Sun, 15-Jan-2012 12:00:00 GMT; domain=.rad.msn.com; path=/; HttpOnly,FC08=FB=; expires=Sun, 15-Jan-2012 12:00:00 GMT; domain=.rad.msn.com; path=/; HttpOnly,FC09=FB=; expires=Sun, 15-Jan-2012 12:00:00 GMT; domain=.rad.msn.com; path=/; HttpOnly,MSNADS=UM=; expires=Sun, 01-Jan-2006 12:00:00 GMT; domain=.msn.com; path=/; HttpOnly
Server : Microsoft-IIS/6.0
X-RADID : P6699563-T8352780-C20000000000011822
Content-Encoding : gzip
Content-Length : 479
</Headers>
                  </Response>
                  <Context>
                    <Entry name="$TotalAgents" value="1" />
                    <Entry name="$ControllerName" value="LVDVMRALLEN7" />
                    <Entry name="$AgentName" value="LVDVMRALLEN7" />
                    <Entry name="$TestLogsDir" value="C:\Users\rallen\Documents\Visual Studio 2008\Projects\GrabIt\TestResults\rallen_LVDVMRALLEN7 2010-01-14 21_21_31\In\LVDVMRALLEN7" />
                    <Entry name="$TestDeploymentDir" value="C:\Users\rallen\Documents\Visual Studio 2008\Projects\GrabIt\TestResults\rallen_LVDVMRALLEN7 2010-01-14 21_21_31\Out" />
                    <Entry name="$AgentId" value="1" />
                    <Entry name="$AgentLoadDistributor" value="Microsoft.VisualStudio.TestTools.Execution.AgentLoadDistributor" />
                    <Entry name="$TestDir" value="C:\Users\rallen\Documents\Visual Studio 2008\Projects\GrabIt\TestResults\rallen_LVDVMRALLEN7 2010-01-14 21_21_31" />
                    <Entry name="$AgentWeighting" value="100" />
                    <Entry name="$WebTestIteration" value="1" />
                    <Entry name="$WebTestUserId" value="1" />
                  </Context>
                  <DependantResults>
                    <WebRequestResult exceptionMessage="" run="0" submitted="true" cached="false" isRedirectFollow="false" requestBodyBytesHandle="-2" responseBytesHandle="6">
                      <Request url="http://ads2.msads.net/CIS/36/000/000/000/003/688.jpg" command="GET /CIS/36/000/000/000/003/688.jpg HTTP/1.1" encoding="iso-8859-1">
                        <Headers>Referer : http://rad.msn.com/ADSAdClient31.dll?GetSAd=&amp;DPJS=4&amp;PN=MSFT&amp;PG=MSNREC&amp;AP=1089
User-Agent : Mozilla/4.0 (compatible; MSIE 7.0; Windows NT 5.1)
Accept : */*
Accept-Language : en-US
Accept-Encoding : GZIP
Host : ads2.msads.net
Connection : Keep-Alive
</Headers>
                      </Request>
                      <Response url="http://ads2.msads.net/CIS/36/000/000/000/003/688.jpg" contentType="image/jpeg" statusLine="HTTP/1.1 200 OK" pageTime="NaN" time="0.343" statusCodeString="200 OK" contentLength="20118">
                        <Headers>Age : 84089
Connection : keep-alive
Content-Length : 20118
Cache-Control : max-age=2592000
Content-Type : image/jpeg
Date : Fri, 15 Jan 2010 04:21:36 GMT
Expires : Sat, 13 Feb 2010 05:00:07 GMT
Server : Microsoft-IIS/7.0
X-AspNet-Version : 2.0.50727
X-Powered-By : ASP.NET
</Headers>
                      </Response>
                      <Context>
                        <Entry name="$TotalAgents" value="1" />
                        <Entry name="$ControllerName" value="LVDVMRALLEN7" />
                        <Entry name="$AgentName" value="LVDVMRALLEN7" />
                        <Entry name="$TestLogsDir" value="C:\Users\rallen\Documents\Visual Studio 2008\Projects\GrabIt\TestResults\rallen_LVDVMRALLEN7 2010-01-14 21_21_31\In\LVDVMRALLEN7" />
                        <Entry name="$TestDeploymentDir" value="C:\Users\rallen\Documents\Visual Studio 2008\Projects\GrabIt\TestResults\rallen_LVDVMRALLEN7 2010-01-14 21_21_31\Out" />
                        <Entry name="$AgentId" value="1" />
                        <Entry name="$AgentLoadDistributor" value="Microsoft.VisualStudio.TestTools.Execution.AgentLoadDistributor" />
                        <Entry name="$TestDir" value="C:\Users\rallen\Documents\Visual Studio 2008\Projects\GrabIt\TestResults\rallen_LVDVMRALLEN7 2010-01-14 21_21_31" />
                        <Entry name="$AgentWeighting" value="100" />
                        <Entry name="$WebTestIteration" value="1" />
                        <Entry name="$WebTestUserId" value="1" />
                      </Context>
                    </WebRequestResult>
                  </DependantResults>
                  <ValidationRuleResults>
                    <ValidationRuleResult message="Passed" ruleType="Validation" name="Response URL" />
                  </ValidationRuleResults>
                </WebRequestResult>
              </WebTestResultPage>
              <WebTestResultPage>
                <WebRequestResult exceptionMessage="" run="0" submitted="true" cached="false" isRedirectFollow="false" requestBodyBytesHandle="-2" responseBytesHandle="7">
                  <Request url="http://a.rad.msn.com/ADSAdClient31.dll?GetSAd=&amp;DPJS=4&amp;PN=MSFT&amp;PG=MSNMML&amp;AP=1402" command="GET /ADSAdClient31.dll?GetSAd=&amp;DPJS=4&amp;PN=MSFT&amp;PG=MSNMML&amp;AP=1402 HTTP/1.1" encoding="iso-8859-1">
                    <Headers>User-Agent : Mozilla/4.0 (compatible; MSIE 7.0; Windows NT 5.1)
Accept : */*
Accept-Language : en-US
Accept-Encoding : GZIP
Host : a.rad.msn.com
Cookie : FC00=FB=; FC01=FB=; FC02=FB=; FC03=FB=; FC04=FB=; FC05=FB=; FC06=FB=; FC07=FB=; FC08=FB=; FC09=FB=
</Headers>
                  </Request>
                  <Response url="http://a.rad.msn.com/ADSAdClient31.dll?GetSAd=&amp;DPJS=4&amp;PN=MSFT&amp;PG=MSNMML&amp;AP=1402" contentType="text/html; Charset=utf-8" statusLine="HTTP/1.1 200 OK" pageTime="0.267" time="0.067" statusCodeString="200 OK" contentLength="924">
                    <Headers>Cteonnt-Length : 924
Pragma : no-cache
X-RADID : P6628190-T10722911-C80000000000016776
Content-Encoding : gzip
Content-Length : 563
Cache-Control : no-cache, must-revalidate
Content-Type : text/html; Charset=utf-8
Date : Fri, 15 Jan 2010 04:21:36 GMT
Expires : Fri, 01 Jan 1990 00:00:00 GMT
Server : Microsoft-IIS/6.0
</Headers>
                  </Response>
                  <Context>
                    <Entry name="$TotalAgents" value="1" />
                    <Entry name="$ControllerName" value="LVDVMRALLEN7" />
                    <Entry name="$AgentName" value="LVDVMRALLEN7" />
                    <Entry name="$TestLogsDir" value="C:\Users\rallen\Documents\Visual Studio 2008\Projects\GrabIt\TestResults\rallen_LVDVMRALLEN7 2010-01-14 21_21_31\In\LVDVMRALLEN7" />
                    <Entry name="$TestDeploymentDir" value="C:\Users\rallen\Documents\Visual Studio 2008\Projects\GrabIt\TestResults\rallen_LVDVMRALLEN7 2010-01-14 21_21_31\Out" />
                    <Entry name="$AgentId" value="1" />
                    <Entry name="$AgentLoadDistributor" value="Microsoft.VisualStudio.TestTools.Execution.AgentLoadDistributor" />
                    <Entry name="$TestDir" value="C:\Users\rallen\Documents\Visual Studio 2008\Projects\GrabIt\TestResults\rallen_LVDVMRALLEN7 2010-01-14 21_21_31" />
                    <Entry name="$AgentWeighting" value="100" />
                    <Entry name="$WebTestIteration" value="1" />
                    <Entry name="$WebTestUserId" value="1" />
                  </Context>
                  <DependantResults>
                    <WebRequestResult exceptionMessage="" run="0" submitted="true" cached="false" isRedirectFollow="false" requestBodyBytesHandle="-2" responseBytesHandle="8">
                      <Request url="http://a.ads2.msads.net/CIS/37/000/000/000/003/516.jpg" command="GET /CIS/37/000/000/000/003/516.jpg HTTP/1.1" encoding="iso-8859-1">
                        <Headers>Referer : http://a.rad.msn.com/ADSAdClient31.dll?GetSAd=&amp;DPJS=4&amp;PN=MSFT&amp;PG=MSNMML&amp;AP=1402
User-Agent : Mozilla/4.0 (compatible; MSIE 7.0; Windows NT 5.1)
Accept : */*
Accept-Language : en-US
Accept-Encoding : GZIP
Host : a.ads2.msads.net
</Headers>
                      </Request>
                      <Response url="http://a.ads2.msads.net/CIS/37/000/000/000/003/516.jpg" contentType="image/jpeg" statusLine="HTTP/1.1 200 OK" pageTime="NaN" time="0.059" statusCodeString="200 OK" contentLength="1577">
                        <Headers>Age : 1207278
Connection : keep-alive
Content-Length : 1577
Cache-Control : max-age=2592000
Content-Type : image/jpeg
Date : Fri, 15 Jan 2010 04:21:36 GMT
Expires : Sun, 31 Jan 2010 05:00:18 GMT
Server : Microsoft-IIS/7.0
X-AspNet-Version : 2.0.50727
X-Powered-By : ASP.NET
</Headers>
                      </Response>
                      <Context>
                        <Entry name="$TotalAgents" value="1" />
                        <Entry name="$ControllerName" value="LVDVMRALLEN7" />
                        <Entry name="$AgentName" value="LVDVMRALLEN7" />
                        <Entry name="$TestLogsDir" value="C:\Users\rallen\Documents\Visual Studio 2008\Projects\GrabIt\TestResults\rallen_LVDVMRALLEN7 2010-01-14 21_21_31\In\LVDVMRALLEN7" />
                        <Entry name="$TestDeploymentDir" value="C:\Users\rallen\Documents\Visual Studio 2008\Projects\GrabIt\TestResults\rallen_LVDVMRALLEN7 2010-01-14 21_21_31\Out" />
                        <Entry name="$AgentId" value="1" />
                        <Entry name="$AgentLoadDistributor" value="Microsoft.VisualStudio.TestTools.Execution.AgentLoadDistributor" />
                        <Entry name="$TestDir" value="C:\Users\rallen\Documents\Visual Studio 2008\Projects\GrabIt\TestResults\rallen_LVDVMRALLEN7 2010-01-14 21_21_31" />
                        <Entry name="$AgentWeighting" value="100" />
                        <Entry name="$WebTestIteration" value="1" />
                        <Entry name="$WebTestUserId" value="1" />
                      </Context>
                    </WebRequestResult>
                    <WebRequestResult exceptionMessage="" run="0" submitted="true" cached="false" isRedirectFollow="true" requestBodyBytesHandle="-2" responseBytesHandle="9">
                      <Request url="http://ad.wsod.com/embed/8bec9b10877d5d7fd7c0fb6e6a631357/723.338.tk.73x14/1258881654" command="GET /media/x.png HTTP/1.1" encoding="iso-8859-1">
                        <Headers>User-Agent : Mozilla/4.0 (compatible; MSIE 7.0; Windows NT 5.1)
Accept : */*
Accept-Language : en-US
Accept-Encoding : GZIP
Referer : http://ad.wsod.com/embed/8bec9b10877d5d7fd7c0fb6e6a631357/723.338.tk.73x14/1258881654
Host : admedia.wsod.com
Connection : Keep-Alive
</Headers>
                      </Request>
                      <Response url="http://admedia.wsod.com/media/x.png" contentType="image/png" statusLine="HTTP/1.1 200 OK" pageTime="NaN" time="0.194" statusCodeString="200 OK" contentLength="95">
                        <Headers>Age : 1
Accept-Ranges : bytes
Content-Length : 95
Cache-Control : max-age=259200
Content-Type : image/png
Date : Fri, 15 Jan 2010 04:21:35 GMT
Expires : Mon, 18 Jan 2010 04:21:35 GMT
Last-Modified : Wed, 13 Nov 2002 20:28:02 GMT
Server : nginx/0.6.38
Via : 1.1 usmn02slh001 (jaguar/3.0-11)
</Headers>
                      </Response>
                      <Context>
                        <Entry name="$TotalAgents" value="1" />
                        <Entry name="$ControllerName" value="LVDVMRALLEN7" />
                        <Entry name="$AgentName" value="LVDVMRALLEN7" />
                        <Entry name="$TestLogsDir" value="C:\Users\rallen\Documents\Visual Studio 2008\Projects\GrabIt\TestResults\rallen_LVDVMRALLEN7 2010-01-14 21_21_31\In\LVDVMRALLEN7" />
                        <Entry name="$TestDeploymentDir" value="C:\Users\rallen\Documents\Visual Studio 2008\Projects\GrabIt\TestResults\rallen_LVDVMRALLEN7 2010-01-14 21_21_31\Out" />
                        <Entry name="$AgentId" value="1" />
                        <Entry name="$AgentLoadDistributor" value="Microsoft.VisualStudio.TestTools.Execution.AgentLoadDistributor" />
                        <Entry name="$TestDir" value="C:\Users\rallen\Documents\Visual Studio 2008\Projects\GrabIt\TestResults\rallen_LVDVMRALLEN7 2010-01-14 21_21_31" />
                        <Entry name="$AgentWeighting" value="100" />
                        <Entry name="$WebTestIteration" value="1" />
                        <Entry name="$WebTestUserId" value="1" />
                      </Context>
                    </WebRequestResult>
                  </DependantResults>
                  <ValidationRuleResults>
                    <ValidationRuleResult message="Passed" ruleType="Validation" name="Response URL" />
                  </ValidationRuleResults>
                </WebRequestResult>
              </WebTestResultPage>
              <WebTestResultPage>
                <WebRequestResult exceptionMessage="" run="0" submitted="true" cached="false" isRedirectFollow="false" requestBodyBytesHandle="-2" responseBytesHandle="10">
                  <Request url="http://b.rad.msn.com/ADSAdClient31.dll?GetSAd=&amp;DPJS=4&amp;PN=MSFT&amp;PG=MSNMMT&amp;AP=1402" command="GET /ADSAdClient31.dll?GetSAd=&amp;DPJS=4&amp;PN=MSFT&amp;PG=MSNMMT&amp;AP=1402 HTTP/1.1" encoding="iso-8859-1">
                    <Headers>User-Agent : Mozilla/4.0 (compatible; MSIE 7.0; Windows NT 5.1)
Accept : */*
Accept-Language : en-US
Accept-Encoding : GZIP
Host : b.rad.msn.com
Cookie : FC00=FB=; FC01=FB=; FC02=FB=; FC03=FB=; FC04=FB=; FC05=FB=; FC06=FB=; FC07=FB=; FC08=FB=; FC09=FB=
</Headers>
                  </Request>
                  <Response url="http://b.rad.msn.com/ADSAdClient31.dll?GetSAd=&amp;DPJS=4&amp;PN=MSFT&amp;PG=MSNMMT&amp;AP=1402" contentType="text/html; Charset=utf-8" statusLine="HTTP/1.1 200 OK" pageTime="0.06699999999999999" time="0.067" statusCodeString="200 OK" contentLength="1312">
                    <Headers>Cteonnt-Length : 1312
Pragma : no-cache
X-RADID : P6899998-T8300661-C1639603
Content-Encoding : gzip
Content-Length : 571
Cache-Control : no-cache, must-revalidate
Content-Type : text/html; Charset=utf-8
Date : Fri, 15 Jan 2010 04:21:36 GMT
Expires : Fri, 01 Jan 1990 00:00:00 GMT
Server : Microsoft-IIS/6.0
</Headers>
                  </Response>
                  <Context>
                    <Entry name="$TotalAgents" value="1" />
                    <Entry name="$ControllerName" value="LVDVMRALLEN7" />
                    <Entry name="$AgentName" value="LVDVMRALLEN7" />
                    <Entry name="$TestLogsDir" value="C:\Users\rallen\Documents\Visual Studio 2008\Projects\GrabIt\TestResults\rallen_LVDVMRALLEN7 2010-01-14 21_21_31\In\LVDVMRALLEN7" />
                    <Entry name="$TestDeploymentDir" value="C:\Users\rallen\Documents\Visual Studio 2008\Projects\GrabIt\TestResults\rallen_LVDVMRALLEN7 2010-01-14 21_21_31\Out" />
                    <Entry name="$AgentId" value="1" />
                    <Entry name="$AgentLoadDistributor" value="Microsoft.VisualStudio.TestTools.Execution.AgentLoadDistributor" />
                    <Entry name="$TestDir" value="C:\Users\rallen\Documents\Visual Studio 2008\Projects\GrabIt\TestResults\rallen_LVDVMRALLEN7 2010-01-14 21_21_31" />
                    <Entry name="$AgentWeighting" value="100" />
                    <Entry name="$WebTestIteration" value="1" />
                    <Entry name="$WebTestUserId" value="1" />
                  </Context>
                  <ValidationRuleResults>
                    <ValidationRuleResult message="Passed" ruleType="Validation" name="Response URL" />
                  </ValidationRuleResults>
                </WebRequestResult>
              </WebTestResultPage>
              <WebTestResultPage>
                <WebRequestResult exceptionMessage="" run="0" submitted="true" cached="false" isRedirectFollow="false" requestBodyBytesHandle="-2" responseBytesHandle="11">
                  <Request url="http://rad.msn.com/ADSAdClient31.dll?GetSAd=&amp;DPJS=4&amp;PN=MSFT&amp;PG=MSNSF1&amp;AP=1402" command="GET /ADSAdClient31.dll?GetSAd=&amp;DPJS=4&amp;PN=MSFT&amp;PG=MSNSF1&amp;AP=1402 HTTP/1.1" encoding="iso-8859-1">
                    <Headers>User-Agent : Mozilla/4.0 (compatible; MSIE 7.0; Windows NT 5.1)
Accept : */*
Accept-Language : en-US
Accept-Encoding : GZIP
Host : rad.msn.com
</Headers>
                  </Request>
                  <Response url="http://rad.msn.com/ADSAdClient31.dll?GetSAd=&amp;DPJS=4&amp;PN=MSFT&amp;PG=MSNSF1&amp;AP=1402" contentType="text/html; Charset=utf-8" statusLine="HTTP/1.1 200 OK" pageTime="0.125" time="0.067" statusCodeString="200 OK" contentLength="754">
                    <Headers>Cteonnt-Length : 754
Pragma : no-cache
Cache-Control : no-cache, must-revalidate
Content-Type : text/html; Charset=utf-8
Date : Fri, 15 Jan 2010 04:21:36 GMT
Expires : Fri, 01 Jan 1990 00:00:00 GMT
Set-Cookie : FC00=FB=; expires=Sun, 15-Jan-2012 12:00:00 GMT; domain=.rad.msn.com; path=/; HttpOnly,FC01=FB=; expires=Sun, 15-Jan-2012 12:00:00 GMT; domain=.rad.msn.com; path=/; HttpOnly,FC02=FB=; expires=Sun, 15-Jan-2012 12:00:00 GMT; domain=.rad.msn.com; path=/; HttpOnly,FC03=FB=; expires=Sun, 15-Jan-2012 12:00:00 GMT; domain=.rad.msn.com; path=/; HttpOnly,FC04=FB=; expires=Sun, 15-Jan-2012 12:00:00 GMT; domain=.rad.msn.com; path=/; HttpOnly,FC05=FB=; expires=Sun, 15-Jan-2012 12:00:00 GMT; domain=.rad.msn.com; path=/; HttpOnly,FC06=FB=; expires=Sun, 15-Jan-2012 12:00:00 GMT; domain=.rad.msn.com; path=/; HttpOnly,FC07=FB=; expires=Sun, 15-Jan-2012 12:00:00 GMT; domain=.rad.msn.com; path=/; HttpOnly,FC08=FB=; expires=Sun, 15-Jan-2012 12:00:00 GMT; domain=.rad.msn.com; path=/; HttpOnly,FC09=FB=; expires=Sun, 15-Jan-2012 12:00:00 GMT; domain=.rad.msn.com; path=/; HttpOnly,MSNADS=UM=; expires=Sun, 01-Jan-2006 12:00:00 GMT; domain=.msn.com; path=/; HttpOnly
Server : Microsoft-IIS/6.0
X-RADID : P6797384-T21144174-C110000000000009218
Content-Encoding : gzip
Content-Length : 474
</Headers>
                  </Response>
                  <Context>
                    <Entry name="$TotalAgents" value="1" />
                    <Entry name="$ControllerName" value="LVDVMRALLEN7" />
                    <Entry name="$AgentName" value="LVDVMRALLEN7" />
                    <Entry name="$TestLogsDir" value="C:\Users\rallen\Documents\Visual Studio 2008\Projects\GrabIt\TestResults\rallen_LVDVMRALLEN7 2010-01-14 21_21_31\In\LVDVMRALLEN7" />
                    <Entry name="$TestDeploymentDir" value="C:\Users\rallen\Documents\Visual Studio 2008\Projects\GrabIt\TestResults\rallen_LVDVMRALLEN7 2010-01-14 21_21_31\Out" />
                    <Entry name="$AgentId" value="1" />
                    <Entry name="$AgentLoadDistributor" value="Microsoft.VisualStudio.TestTools.Execution.AgentLoadDistributor" />
                    <Entry name="$TestDir" value="C:\Users\rallen\Documents\Visual Studio 2008\Projects\GrabIt\TestResults\rallen_LVDVMRALLEN7 2010-01-14 21_21_31" />
                    <Entry name="$AgentWeighting" value="100" />
                    <Entry name="$WebTestIteration" value="1" />
                    <Entry name="$WebTestUserId" value="1" />
                  </Context>
                  <DependantResults>
                    <WebRequestResult exceptionMessage="" run="0" submitted="true" cached="false" isRedirectFollow="false" requestBodyBytesHandle="-2" responseBytesHandle="12">
                      <Request url="http://ads2.msads.net/CIS/52/000/000/000/002/021.jpg" command="GET /CIS/52/000/000/000/002/021.jpg HTTP/1.1" encoding="iso-8859-1">
                        <Headers>Referer : http://rad.msn.com/ADSAdClient31.dll?GetSAd=&amp;DPJS=4&amp;PN=MSFT&amp;PG=MSNSF1&amp;AP=1402
User-Agent : Mozilla/4.0 (compatible; MSIE 7.0; Windows NT 5.1)
Accept : */*
Accept-Language : en-US
Accept-Encoding : GZIP
Host : ads2.msads.net
</Headers>
                      </Request>
                      <Response url="http://ads2.msads.net/CIS/52/000/000/000/002/021.jpg" contentType="image/jpeg" statusLine="HTTP/1.1 200 OK" pageTime="NaN" time="0.058" statusCodeString="200 OK" contentLength="8352">
                        <Headers>Age : 84094
Connection : keep-alive
Content-Length : 8352
Cache-Control : max-age=2592000
Content-Type : image/jpeg
Date : Fri, 15 Jan 2010 04:21:36 GMT
Expires : Sat, 13 Feb 2010 05:00:02 GMT
Server : Microsoft-IIS/7.0
X-AspNet-Version : 2.0.50727
X-Powered-By : ASP.NET
</Headers>
                      </Response>
                      <Context>
                        <Entry name="$TotalAgents" value="1" />
                        <Entry name="$ControllerName" value="LVDVMRALLEN7" />
                        <Entry name="$AgentName" value="LVDVMRALLEN7" />
                        <Entry name="$TestLogsDir" value="C:\Users\rallen\Documents\Visual Studio 2008\Projects\GrabIt\TestResults\rallen_LVDVMRALLEN7 2010-01-14 21_21_31\In\LVDVMRALLEN7" />
                        <Entry name="$TestDeploymentDir" value="C:\Users\rallen\Documents\Visual Studio 2008\Projects\GrabIt\TestResults\rallen_LVDVMRALLEN7 2010-01-14 21_21_31\Out" />
                        <Entry name="$AgentId" value="1" />
                        <Entry name="$AgentLoadDistributor" value="Microsoft.VisualStudio.TestTools.Execution.AgentLoadDistributor" />
                        <Entry name="$TestDir" value="C:\Users\rallen\Documents\Visual Studio 2008\Projects\GrabIt\TestResults\rallen_LVDVMRALLEN7 2010-01-14 21_21_31" />
                        <Entry name="$AgentWeighting" value="100" />
                        <Entry name="$WebTestIteration" value="1" />
                        <Entry name="$WebTestUserId" value="1" />
                      </Context>
                    </WebRequestResult>
                  </DependantResults>
                  <ValidationRuleResults>
                    <ValidationRuleResult message="Passed" ruleType="Validation" name="Response URL" />
                  </ValidationRuleResults>
                </WebRequestResult>
              </WebTestResultPage>
              <WebTestResultPage>
                <WebRequestResult exceptionMessage="" run="0" submitted="true" cached="false" isRedirectFollow="false" requestBodyBytesHandle="-2" responseBytesHandle="13">
                  <Request url="http://a.rad.msn.com/ADSAdClient31.dll?GetSAd=&amp;DPJS=4&amp;PN=MSFT&amp;PG=MSNSH1&amp;AP=1402" command="GET /ADSAdClient31.dll?GetSAd=&amp;DPJS=4&amp;PN=MSFT&amp;PG=MSNSH1&amp;AP=1402 HTTP/1.1" encoding="iso-8859-1">
                    <Headers>User-Agent : Mozilla/4.0 (compatible; MSIE 7.0; Windows NT 5.1)
Accept : */*
Accept-Language : en-US
Accept-Encoding : GZIP
Host : a.rad.msn.com
Cookie : FC00=FB=; FC01=FB=; FC02=FB=; FC03=FB=; FC04=FB=; FC05=FB=; FC06=FB=; FC07=FB=; FC08=FB=; FC09=FB=
</Headers>
                  </Request>
                  <Response url="http://a.rad.msn.com/ADSAdClient31.dll?GetSAd=&amp;DPJS=4&amp;PN=MSFT&amp;PG=MSNSH1&amp;AP=1402" contentType="text/html; Charset=utf-8" statusLine="HTTP/1.1 200 OK" pageTime="0.06699999999999999" time="0.067" statusCodeString="200 OK" contentLength="1119">
                    <Headers>Cteonnt-Length : 1119
Pragma : no-cache
X-RADID : P6797385-T20178828-C1639587
Content-Encoding : gzip
Content-Length : 617
Cache-Control : no-cache, must-revalidate
Content-Type : text/html; Charset=utf-8
Date : Fri, 15 Jan 2010 04:21:36 GMT
Expires : Fri, 01 Jan 1990 00:00:00 GMT
Server : Microsoft-IIS/6.0
</Headers>
                  </Response>
                  <Context>
                    <Entry name="$TotalAgents" value="1" />
                    <Entry name="$ControllerName" value="LVDVMRALLEN7" />
                    <Entry name="$AgentName" value="LVDVMRALLEN7" />
                    <Entry name="$TestLogsDir" value="C:\Users\rallen\Documents\Visual Studio 2008\Projects\GrabIt\TestResults\rallen_LVDVMRALLEN7 2010-01-14 21_21_31\In\LVDVMRALLEN7" />
                    <Entry name="$TestDeploymentDir" value="C:\Users\rallen\Documents\Visual Studio 2008\Projects\GrabIt\TestResults\rallen_LVDVMRALLEN7 2010-01-14 21_21_31\Out" />
                    <Entry name="$AgentId" value="1" />
                    <Entry name="$AgentLoadDistributor" value="Microsoft.VisualStudio.TestTools.Execution.AgentLoadDistributor" />
                    <Entry name="$TestDir" value="C:\Users\rallen\Documents\Visual Studio 2008\Projects\GrabIt\TestResults\rallen_LVDVMRALLEN7 2010-01-14 21_21_31" />
                    <Entry name="$AgentWeighting" value="100" />
                    <Entry name="$WebTestIteration" value="1" />
                    <Entry name="$WebTestUserId" value="1" />
                  </Context>
                  <ValidationRuleResults>
                    <ValidationRuleResult message="Passed" ruleType="Validation" name="Response URL" />
                  </ValidationRuleResults>
                </WebRequestResult>
              </WebTestResultPage>
              <WebTestResultPage>
                <WebRequestResult exceptionMessage="" run="0" submitted="true" cached="false" isRedirectFollow="false" requestBodyBytesHandle="-2" responseBytesHandle="14">
                  <Request url="http://b.rad.msn.com/ADSAdClient31.dll?GetSAd=&amp;DPJS=4&amp;PN=MSFT&amp;PG=MSNSH2&amp;AP=1402" command="GET /ADSAdClient31.dll?GetSAd=&amp;DPJS=4&amp;PN=MSFT&amp;PG=MSNSH2&amp;AP=1402 HTTP/1.1" encoding="iso-8859-1">
                    <Headers>User-Agent : Mozilla/4.0 (compatible; MSIE 7.0; Windows NT 5.1)
Accept : */*
Accept-Language : en-US
Accept-Encoding : GZIP
Host : b.rad.msn.com
Cookie : FC00=FB=; FC01=FB=; FC02=FB=; FC03=FB=; FC04=FB=; FC05=FB=; FC06=FB=; FC07=FB=; FC08=FB=; FC09=FB=
</Headers>
                  </Request>
                  <Response url="http://b.rad.msn.com/ADSAdClient31.dll?GetSAd=&amp;DPJS=4&amp;PN=MSFT&amp;PG=MSNSH2&amp;AP=1402" contentType="text/html; Charset=utf-8" statusLine="HTTP/1.1 200 OK" pageTime="0.068999999999999992" time="0.069" statusCodeString="200 OK" contentLength="1119">
                    <Headers>Cteonnt-Length : 1119
Pragma : no-cache
X-RADID : P6836019-T20178829-C1639596
Content-Encoding : gzip
Content-Length : 615
Cache-Control : no-cache, must-revalidate
Content-Type : text/html; Charset=utf-8
Date : Fri, 15 Jan 2010 04:21:36 GMT
Expires : Fri, 01 Jan 1990 00:00:00 GMT
Server : Microsoft-IIS/6.0
</Headers>
                  </Response>
                  <Context>
                    <Entry name="$TotalAgents" value="1" />
                    <Entry name="$ControllerName" value="LVDVMRALLEN7" />
                    <Entry name="$AgentName" value="LVDVMRALLEN7" />
                    <Entry name="$TestLogsDir" value="C:\Users\rallen\Documents\Visual Studio 2008\Projects\GrabIt\TestResults\rallen_LVDVMRALLEN7 2010-01-14 21_21_31\In\LVDVMRALLEN7" />
                    <Entry name="$TestDeploymentDir" value="C:\Users\rallen\Documents\Visual Studio 2008\Projects\GrabIt\TestResults\rallen_LVDVMRALLEN7 2010-01-14 21_21_31\Out" />
                    <Entry name="$AgentId" value="1" />
                    <Entry name="$AgentLoadDistributor" value="Microsoft.VisualStudio.TestTools.Execution.AgentLoadDistributor" />
                    <Entry name="$TestDir" value="C:\Users\rallen\Documents\Visual Studio 2008\Projects\GrabIt\TestResults\rallen_LVDVMRALLEN7 2010-01-14 21_21_31" />
                    <Entry name="$AgentWeighting" value="100" />
                    <Entry name="$WebTestIteration" value="1" />
                    <Entry name="$WebTestUserId" value="1" />
                  </Context>
                  <ValidationRuleResults>
                    <ValidationRuleResult message="Passed" ruleType="Validation" name="Response URL" />
                  </ValidationRuleResults>
                </WebRequestResult>
              </WebTestResultPage>
              <WebTestResultPage>
                <WebRequestResult exceptionMessage="" run="0" submitted="true" cached="false" isRedirectFollow="false" requestBodyBytesHandle="-2" responseBytesHandle="15">
                  <Request url="http://rad.msn.com/ADSAdClient31.dll?GetSAd=&amp;DPJS=4&amp;PN=MSFT&amp;PG=MSNSH3&amp;AP=1402" command="GET /ADSAdClient31.dll?GetSAd=&amp;DPJS=4&amp;PN=MSFT&amp;PG=MSNSH3&amp;AP=1402 HTTP/1.1" encoding="iso-8859-1">
                    <Headers>User-Agent : Mozilla/4.0 (compatible; MSIE 7.0; Windows NT 5.1)
Accept : */*
Accept-Language : en-US
Accept-Encoding : GZIP
Host : rad.msn.com
</Headers>
                  </Request>
                  <Response url="http://rad.msn.com/ADSAdClient31.dll?GetSAd=&amp;DPJS=4&amp;PN=MSFT&amp;PG=MSNSH3&amp;AP=1402" contentType="text/html; Charset=utf-8" statusLine="HTTP/1.1 200 OK" pageTime="0.06699999999999999" time="0.067" statusCodeString="200 OK" contentLength="1127">
                    <Headers>Cteonnt-Length : 1127
Pragma : no-cache
Cache-Control : no-cache, must-revalidate
Content-Type : text/html; Charset=utf-8
Date : Fri, 15 Jan 2010 04:21:36 GMT
Expires : Fri, 01 Jan 1990 00:00:00 GMT
Set-Cookie : FC00=FB=; expires=Sun, 15-Jan-2012 12:00:00 GMT; domain=.rad.msn.com; path=/; HttpOnly,FC01=FB=; expires=Sun, 15-Jan-2012 12:00:00 GMT; domain=.rad.msn.com; path=/; HttpOnly,FC02=FB=; expires=Sun, 15-Jan-2012 12:00:00 GMT; domain=.rad.msn.com; path=/; HttpOnly,FC03=FB=; expires=Sun, 15-Jan-2012 12:00:00 GMT; domain=.rad.msn.com; path=/; HttpOnly,FC04=FB=; expires=Sun, 15-Jan-2012 12:00:00 GMT; domain=.rad.msn.com; path=/; HttpOnly,FC05=FB=; expires=Sun, 15-Jan-2012 12:00:00 GMT; domain=.rad.msn.com; path=/; HttpOnly,FC06=FB=; expires=Sun, 15-Jan-2012 12:00:00 GMT; domain=.rad.msn.com; path=/; HttpOnly,FC07=FB=; expires=Sun, 15-Jan-2012 12:00:00 GMT; domain=.rad.msn.com; path=/; HttpOnly,FC08=FB=; expires=Sun, 15-Jan-2012 12:00:00 GMT; domain=.rad.msn.com; path=/; HttpOnly,FC09=FB=; expires=Sun, 15-Jan-2012 12:00:00 GMT; domain=.rad.msn.com; path=/; HttpOnly,MSNADS=UM=; expires=Sun, 01-Jan-2006 12:00:00 GMT; domain=.msn.com; path=/; HttpOnly
Server : Microsoft-IIS/6.0
X-RADID : P6011358-T20178830-C1595491
Content-Encoding : gzip
Content-Length : 608
</Headers>
                  </Response>
                  <Context>
                    <Entry name="$TotalAgents" value="1" />
                    <Entry name="$ControllerName" value="LVDVMRALLEN7" />
                    <Entry name="$AgentName" value="LVDVMRALLEN7" />
                    <Entry name="$TestLogsDir" value="C:\Users\rallen\Documents\Visual Studio 2008\Projects\GrabIt\TestResults\rallen_LVDVMRALLEN7 2010-01-14 21_21_31\In\LVDVMRALLEN7" />
                    <Entry name="$TestDeploymentDir" value="C:\Users\rallen\Documents\Visual Studio 2008\Projects\GrabIt\TestResults\rallen_LVDVMRALLEN7 2010-01-14 21_21_31\Out" />
                    <Entry name="$AgentId" value="1" />
                    <Entry name="$AgentLoadDistributor" value="Microsoft.VisualStudio.TestTools.Execution.AgentLoadDistributor" />
                    <Entry name="$TestDir" value="C:\Users\rallen\Documents\Visual Studio 2008\Projects\GrabIt\TestResults\rallen_LVDVMRALLEN7 2010-01-14 21_21_31" />
                    <Entry name="$AgentWeighting" value="100" />
                    <Entry name="$WebTestIteration" value="1" />
                    <Entry name="$WebTestUserId" value="1" />
                  </Context>
                  <ValidationRuleResults>
                    <ValidationRuleResult message="Passed" ruleType="Validation" name="Response URL" />
                  </ValidationRuleResults>
                </WebRequestResult>
              </WebTestResultPage>
              <WebTestResultPage>
                <WebRequestResult exceptionMessage="" run="0" submitted="true" cached="false" isRedirectFollow="false" requestBodyBytesHandle="-2" responseBytesHandle="16">
                  <Request url="http://a.rad.msn.com/ADSAdClient31.dll?GetSAd=&amp;DPJS=4&amp;PN=MSFT&amp;PG=MSNSH4&amp;AP=1402" command="GET /ADSAdClient31.dll?GetSAd=&amp;DPJS=4&amp;PN=MSFT&amp;PG=MSNSH4&amp;AP=1402 HTTP/1.1" encoding="iso-8859-1">
                    <Headers>User-Agent : Mozilla/4.0 (compatible; MSIE 7.0; Windows NT 5.1)
Accept : */*
Accept-Language : en-US
Accept-Encoding : GZIP
Host : a.rad.msn.com
Cookie : FC00=FB=; FC01=FB=; FC02=FB=; FC03=FB=; FC04=FB=; FC05=FB=; FC06=FB=; FC07=FB=; FC08=FB=; FC09=FB=
</Headers>
                  </Request>
                  <Response url="http://a.rad.msn.com/ADSAdClient31.dll?GetSAd=&amp;DPJS=4&amp;PN=MSFT&amp;PG=MSNSH4&amp;AP=1402" contentType="text/html; Charset=utf-8" statusLine="HTTP/1.1 200 OK" pageTime="0.06699999999999999" time="0.067" statusCodeString="200 OK" contentLength="1141">
                    <Headers>Cteonnt-Length : 1141
Pragma : no-cache
X-RADID : P6888109-T20178831-C1639820
Content-Encoding : gzip
Content-Length : 617
Cache-Control : no-cache, must-revalidate
Content-Type : text/html; Charset=utf-8
Date : Fri, 15 Jan 2010 04:21:37 GMT
Expires : Fri, 01 Jan 1990 00:00:00 GMT
Server : Microsoft-IIS/6.0
</Headers>
                  </Response>
                  <Context>
                    <Entry name="$TotalAgents" value="1" />
                    <Entry name="$ControllerName" value="LVDVMRALLEN7" />
                    <Entry name="$AgentName" value="LVDVMRALLEN7" />
                    <Entry name="$TestLogsDir" value="C:\Users\rallen\Documents\Visual Studio 2008\Projects\GrabIt\TestResults\rallen_LVDVMRALLEN7 2010-01-14 21_21_31\In\LVDVMRALLEN7" />
                    <Entry name="$TestDeploymentDir" value="C:\Users\rallen\Documents\Visual Studio 2008\Projects\GrabIt\TestResults\rallen_LVDVMRALLEN7 2010-01-14 21_21_31\Out" />
                    <Entry name="$AgentId" value="1" />
                    <Entry name="$AgentLoadDistributor" value="Microsoft.VisualStudio.TestTools.Execution.AgentLoadDistributor" />
                    <Entry name="$TestDir" value="C:\Users\rallen\Documents\Visual Studio 2008\Projects\GrabIt\TestResults\rallen_LVDVMRALLEN7 2010-01-14 21_21_31" />
                    <Entry name="$AgentWeighting" value="100" />
                    <Entry name="$WebTestIteration" value="1" />
                    <Entry name="$WebTestUserId" value="1" />
                  </Context>
                  <ValidationRuleResults>
                    <ValidationRuleResult message="Passed" ruleType="Validation" name="Response URL" />
                  </ValidationRuleResults>
                </WebRequestResult>
              </WebTestResultPage>
              <WebTestResultPage>
                <WebRequestResult exceptionMessage="" run="0" submitted="true" cached="false" isRedirectFollow="false" requestBodyBytesHandle="-2" responseBytesHandle="17">
                  <Request url="http://b.rad.msn.com/ADSAdClient31.dll?GetSAd=&amp;DPJS=4&amp;PN=MSFT&amp;PG=MSNSUR&amp;AP=1402" command="GET /ADSAdClient31.dll?GetSAd=&amp;DPJS=4&amp;PN=MSFT&amp;PG=MSNSUR&amp;AP=1402 HTTP/1.1" encoding="iso-8859-1">
                    <Headers>User-Agent : Mozilla/4.0 (compatible; MSIE 7.0; Windows NT 5.1)
Accept : */*
Accept-Language : en-US
Accept-Encoding : GZIP
Host : b.rad.msn.com
Cookie : FC00=FB=; FC01=FB=; FC02=FB=; FC03=FB=; FC04=FB=; FC05=FB=; FC06=FB=; FC07=FB=; FC08=FB=; FC09=FB=
</Headers>
                  </Request>
                  <Response url="http://b.rad.msn.com/ADSAdClient31.dll?GetSAd=&amp;DPJS=4&amp;PN=MSFT&amp;PG=MSNSUR&amp;AP=1402" contentType="text/html; Charset=utf-8" statusLine="HTTP/1.1 200 OK" pageTime="0.184" time="0.066" statusCodeString="200 OK" contentLength="401">
                    <Headers>Cteonnt-Length : 401
Pragma : no-cache
X-RADID : P3782944-T8338642-C521263
Content-Encoding : gzip
Content-Length : 321
Cache-Control : no-cache, must-revalidate
Content-Type : text/html; Charset=utf-8
Date : Fri, 15 Jan 2010 04:21:37 GMT
Expires : Fri, 01 Jan 1990 00:00:00 GMT
Server : Microsoft-IIS/6.0
</Headers>
                  </Response>
                  <Context>
                    <Entry name="$TotalAgents" value="1" />
                    <Entry name="$ControllerName" value="LVDVMRALLEN7" />
                    <Entry name="$AgentName" value="LVDVMRALLEN7" />
                    <Entry name="$TestLogsDir" value="C:\Users\rallen\Documents\Visual Studio 2008\Projects\GrabIt\TestResults\rallen_LVDVMRALLEN7 2010-01-14 21_21_31\In\LVDVMRALLEN7" />
                    <Entry name="$TestDeploymentDir" value="C:\Users\rallen\Documents\Visual Studio 2008\Projects\GrabIt\TestResults\rallen_LVDVMRALLEN7 2010-01-14 21_21_31\Out" />
                    <Entry name="$AgentId" value="1" />
                    <Entry name="$AgentLoadDistributor" value="Microsoft.VisualStudio.TestTools.Execution.AgentLoadDistributor" />
                    <Entry name="$TestDir" value="C:\Users\rallen\Documents\Visual Studio 2008\Projects\GrabIt\TestResults\rallen_LVDVMRALLEN7 2010-01-14 21_21_31" />
                    <Entry name="$AgentWeighting" value="100" />
                    <Entry name="$WebTestIteration" value="1" />
                    <Entry name="$WebTestUserId" value="1" />
                  </Context>
                  <DependantResults>
                    <WebRequestResult exceptionMessage="" run="0" submitted="true" cached="false" isRedirectFollow="false" requestBodyBytesHandle="-2" responseBytesHandle="18">
                      <Request url="http://b.ads1.msads.net/ads/1/0000000001_000000000000000017246.gif" command="GET /ads/1/0000000001_000000000000000017246.gif HTTP/1.1" encoding="iso-8859-1">
                        <Headers>Referer : http://b.rad.msn.com/ADSAdClient31.dll?GetSAd=&amp;DPJS=4&amp;PN=MSFT&amp;PG=MSNSUR&amp;AP=1402
User-Agent : Mozilla/4.0 (compatible; MSIE 7.0; Windows NT 5.1)
Accept : */*
Accept-Language : en-US
Accept-Encoding : GZIP
Host : b.ads1.msads.net
Connection : Keep-Alive
</Headers>
                      </Request>
                      <Response url="http://b.ads1.msads.net/ads/1/0000000001_000000000000000017246.gif" contentType="image/gif" statusLine="HTTP/1.1 200 OK" pageTime="NaN" time="0.118" statusCodeString="200 OK" contentLength="85">
                        <Headers>PICS-Label : (PICS-1.1 "http://www.rsac.org/ratingsv01.html" l comment "RSACi North America Server" by "inet@microsoft.com" r (n 0 s 0 v 0 l 0))
Age : 2617503
Connection : keep-alive
Accept-Ranges : bytes
Content-Length : 85
Cache-Control : max-age=31536000
Content-Type : image/gif
Date : Fri, 15 Jan 2010 04:21:37 GMT
Expires : Wed, 15 Dec 2010 21:16:34 GMT
Last-Modified : Tue, 15 Jul 2003 16:49:38 GMT
P3P : CP="BUS CUR CONo FIN IVDo ONL OUR PHY SAMo TELo"
Server : Microsoft-IIS/6.0
X-Powered-By : ASP.NET
</Headers>
                      </Response>
                      <Context>
                        <Entry name="$TotalAgents" value="1" />
                        <Entry name="$ControllerName" value="LVDVMRALLEN7" />
                        <Entry name="$AgentName" value="LVDVMRALLEN7" />
                        <Entry name="$TestLogsDir" value="C:\Users\rallen\Documents\Visual Studio 2008\Projects\GrabIt\TestResults\rallen_LVDVMRALLEN7 2010-01-14 21_21_31\In\LVDVMRALLEN7" />
                        <Entry name="$TestDeploymentDir" value="C:\Users\rallen\Documents\Visual Studio 2008\Projects\GrabIt\TestResults\rallen_LVDVMRALLEN7 2010-01-14 21_21_31\Out" />
                        <Entry name="$AgentId" value="1" />
                        <Entry name="$AgentLoadDistributor" value="Microsoft.VisualStudio.TestTools.Execution.AgentLoadDistributor" />
                        <Entry name="$TestDir" value="C:\Users\rallen\Documents\Visual Studio 2008\Projects\GrabIt\TestResults\rallen_LVDVMRALLEN7 2010-01-14 21_21_31" />
                        <Entry name="$AgentWeighting" value="100" />
                        <Entry name="$WebTestIteration" value="1" />
                        <Entry name="$WebTestUserId" value="1" />
                      </Context>
                    </WebRequestResult>
                  </DependantResults>
                  <ValidationRuleResults>
                    <ValidationRuleResult message="Passed" ruleType="Validation" name="Response URL" />
                  </ValidationRuleResults>
                </WebRequestResult>
              </WebTestResultPage>
              <WebTestResultPage>
                <WebRequestResult exceptionMessage="" run="0" submitted="true" cached="false" isRedirectFollow="false" requestBodyBytesHandle="-2" responseBytesHandle="19">
                  <Request url="http://analytics.live.com/Sync.html?V=3525&amp;AQNT=1" command="GET /Sync.html?V=3525&amp;AQNT=1 HTTP/1.1" encoding="utf-8">
                    <Headers>User-Agent : Mozilla/4.0 (compatible; MSIE 7.0; Windows NT 5.1)
Accept : */*
Accept-Language : en-US
Accept-Encoding : GZIP
Host : analytics.live.com
Connection : Keep-Alive
</Headers>
                  </Request>
                  <Response url="http://analytics.live.com/Sync.html?V=3525&amp;AQNT=1" contentType="text/html" statusLine="HTTP/1.1 200 OK" pageTime="0.254" time="0.154" statusCodeString="200 OK" contentLength="607">
                    <Headers>Content-Encoding : gzip
Vary : Accept-Encoding
Accept-Ranges : bytes
Content-Length : 361
Cache-Control : max-age=604800
Content-Type : text/html
Date : Fri, 15 Jan 2010 04:21:36 GMT
ETag : "80f5ad6e28e8c91:0"
Last-Modified : Mon, 08 Jun 2009 11:01:11 GMT
P3P : CP="BUS CUR CONo FIN IVDo ONL OUR PHY SAMo TELo", policyref="http://privacy.msn.com/w3c/p3p.xml"
Server : Microsoft-IIS/7.0
</Headers>
                  </Response>
                  <Context>
                    <Entry name="$TotalAgents" value="1" />
                    <Entry name="$ControllerName" value="LVDVMRALLEN7" />
                    <Entry name="$AgentName" value="LVDVMRALLEN7" />
                    <Entry name="$TestLogsDir" value="C:\Users\rallen\Documents\Visual Studio 2008\Projects\GrabIt\TestResults\rallen_LVDVMRALLEN7 2010-01-14 21_21_31\In\LVDVMRALLEN7" />
                    <Entry name="$TestDeploymentDir" value="C:\Users\rallen\Documents\Visual Studio 2008\Projects\GrabIt\TestResults\rallen_LVDVMRALLEN7 2010-01-14 21_21_31\Out" />
                    <Entry name="$AgentId" value="1" />
                    <Entry name="$AgentLoadDistributor" value="Microsoft.VisualStudio.TestTools.Execution.AgentLoadDistributor" />
                    <Entry name="$TestDir" value="C:\Users\rallen\Documents\Visual Studio 2008\Projects\GrabIt\TestResults\rallen_LVDVMRALLEN7 2010-01-14 21_21_31" />
                    <Entry name="$AgentWeighting" value="100" />
                    <Entry name="$WebTestIteration" value="1" />
                    <Entry name="$WebTestUserId" value="1" />
                  </Context>
                  <DependantResults>
                    <WebRequestResult exceptionMessage="" run="0" submitted="true" cached="false" isRedirectFollow="false" requestBodyBytesHandle="-2" responseBytesHandle="20">
                      <Request url="http://analytics.live.com/Scripts/wlHelper.js?i=ANID" command="GET /Scripts/wlHelper.js?i=ANID HTTP/1.1" encoding="utf-8">
                        <Headers>Referer : http://analytics.live.com/Sync.html?V=3525&amp;AQNT=1
User-Agent : Mozilla/4.0 (compatible; MSIE 7.0; Windows NT 5.1)
Accept : */*
Accept-Language : en-US
Accept-Encoding : GZIP
Host : analytics.live.com
</Headers>
                      </Request>
                      <Response url="http://analytics.live.com/Scripts/wlHelper.js?i=ANID" contentType="application/x-javascript; charset=utf-8" statusLine="HTTP/1.1 200 OK" pageTime="NaN" time="0.077" statusCodeString="200 OK" contentLength="1893">
                        <Headers>Content-Encoding : gzip
Vary : Accept-Encoding
Content-Length : 975
Cache-Control : private
Content-Type : application/x-javascript; charset=utf-8
Date : Fri, 15 Jan 2010 04:21:36 GMT
Expires : Sun, 17 Jan 2010 04:21:37 GMT
P3P : CP="BUS CUR CONo FIN IVDo ONL OUR PHY SAMo TELo", policyref="http://privacy.msn.com/w3c/p3p.xml"
Server : Microsoft-IIS/7.0
X-AspNet-Version : 2.0.50727
</Headers>
                      </Response>
                      <Context>
                        <Entry name="$TotalAgents" value="1" />
                        <Entry name="$ControllerName" value="LVDVMRALLEN7" />
                        <Entry name="$AgentName" value="LVDVMRALLEN7" />
                        <Entry name="$TestLogsDir" value="C:\Users\rallen\Documents\Visual Studio 2008\Projects\GrabIt\TestResults\rallen_LVDVMRALLEN7 2010-01-14 21_21_31\In\LVDVMRALLEN7" />
                        <Entry name="$TestDeploymentDir" value="C:\Users\rallen\Documents\Visual Studio 2008\Projects\GrabIt\TestResults\rallen_LVDVMRALLEN7 2010-01-14 21_21_31\Out" />
                        <Entry name="$AgentId" value="1" />
                        <Entry name="$AgentLoadDistributor" value="Microsoft.VisualStudio.TestTools.Execution.AgentLoadDistributor" />
                        <Entry name="$TestDir" value="C:\Users\rallen\Documents\Visual Studio 2008\Projects\GrabIt\TestResults\rallen_LVDVMRALLEN7 2010-01-14 21_21_31" />
                        <Entry name="$AgentWeighting" value="100" />
                        <Entry name="$WebTestIteration" value="1" />
                        <Entry name="$WebTestUserId" value="1" />
                      </Context>
                    </WebRequestResult>
                    <WebRequestResult exceptionMessage="" run="0" submitted="true" cached="false" isRedirectFollow="false" requestBodyBytesHandle="-2" responseBytesHandle="21">
                      <Request url="http://analytics.atdmt.com/Scripts/wlHelper.js?i=MUID" command="GET /Scripts/wlHelper.js?i=MUID HTTP/1.1" encoding="utf-8">
                        <Headers>Referer : http://analytics.live.com/Sync.html?V=3525&amp;AQNT=1
User-Agent : Mozilla/4.0 (compatible; MSIE 7.0; Windows NT 5.1)
Accept : */*
Accept-Language : en-US
Accept-Encoding : GZIP
Host : analytics.atdmt.com
Connection : Keep-Alive
</Headers>
                      </Request>
                      <Response url="http://analytics.atdmt.com/Scripts/wlHelper.js?i=MUID" contentType="application/x-javascript; charset=utf-8" statusLine="HTTP/1.1 200 OK" pageTime="NaN" time="0.096" statusCodeString="200 OK" contentLength="1340">
                        <Headers>Cteonnt-Length : 1340
Content-Encoding : gzip
Content-Length : 647
Cache-Control : private
Content-Type : application/x-javascript; charset=utf-8
Date : Fri, 15 Jan 2010 04:21:37 GMT
Expires : Sun, 17 Jan 2010 04:21:37 GMT
ETag : "734FA8E0414D45CE84C7082A5A6B813B3698"
P3P : CP="BUS CUR CONo FIN IVDo ONL OUR PHY SAMo TELo", policyref="http://privacy.msn.com/w3c/p3p.xml"
Server : Microsoft-IIS/6.0
X-AspNet-Version : 2.0.50727
X-Powered-By : ASP.NET
</Headers>
                      </Response>
                      <Context>
                        <Entry name="$TotalAgents" value="1" />
                        <Entry name="$ControllerName" value="LVDVMRALLEN7" />
                        <Entry name="$AgentName" value="LVDVMRALLEN7" />
                        <Entry name="$TestLogsDir" value="C:\Users\rallen\Documents\Visual Studio 2008\Projects\GrabIt\TestResults\rallen_LVDVMRALLEN7 2010-01-14 21_21_31\In\LVDVMRALLEN7" />
                        <Entry name="$TestDeploymentDir" value="C:\Users\rallen\Documents\Visual Studio 2008\Projects\GrabIt\TestResults\rallen_LVDVMRALLEN7 2010-01-14 21_21_31\Out" />
                        <Entry name="$AgentId" value="1" />
                        <Entry name="$AgentLoadDistributor" value="Microsoft.VisualStudio.TestTools.Execution.AgentLoadDistributor" />
                        <Entry name="$TestDir" value="C:\Users\rallen\Documents\Visual Studio 2008\Projects\GrabIt\TestResults\rallen_LVDVMRALLEN7 2010-01-14 21_21_31" />
                        <Entry name="$AgentWeighting" value="100" />
                        <Entry name="$WebTestIteration" value="1" />
                        <Entry name="$WebTestUserId" value="1" />
                      </Context>
                    </WebRequestResult>
                  </DependantResults>
                  <ValidationRuleResults>
                    <ValidationRuleResult message="Passed" ruleType="Validation" name="Response URL" />
                  </ValidationRuleResults>
                </WebRequestResult>
              </WebTestResultPage>
              <WebTestResultPage>
                <WebRequestResult exceptionMessage="" run="0" submitted="true" cached="false" isRedirectFollow="false" requestBodyBytesHandle="-2" responseBytesHandle="22">
                  <Request url="http://analytics.msn.com/Include.html" command="GET /Include.html HTTP/1.1" encoding="utf-8">
                    <Headers>User-Agent : Mozilla/4.0 (compatible; MSIE 7.0; Windows NT 5.1)
Accept : */*
Accept-Language : en-US
Accept-Encoding : GZIP
Host : analytics.msn.com
Connection : Keep-Alive
</Headers>
                  </Request>
                  <Response url="http://analytics.msn.com/Include.html" contentType="text/html" statusLine="HTTP/1.1 200 OK" pageTime="0.23199999999999998" time="0.154" statusCodeString="200 OK" contentLength="464">
                    <Headers>Content-Encoding : gzip
Vary : Accept-Encoding
Accept-Ranges : bytes
Content-Length : 283
Cache-Control : max-age=604800
Content-Type : text/html
Date : Fri, 15 Jan 2010 04:21:37 GMT
ETag : "80f5ad6e28e8c91:0"
Last-Modified : Mon, 08 Jun 2009 11:01:11 GMT
P3P : CP="BUS CUR CONo FIN IVDo ONL OUR PHY SAMo TELo", policyref="http://privacy.msn.com/w3c/p3p.xml"
Server : Microsoft-IIS/7.0
</Headers>
                  </Response>
                  <Context>
                    <Entry name="$TotalAgents" value="1" />
                    <Entry name="$ControllerName" value="LVDVMRALLEN7" />
                    <Entry name="$AgentName" value="LVDVMRALLEN7" />
                    <Entry name="$TestLogsDir" value="C:\Users\rallen\Documents\Visual Studio 2008\Projects\GrabIt\TestResults\rallen_LVDVMRALLEN7 2010-01-14 21_21_31\In\LVDVMRALLEN7" />
                    <Entry name="$TestDeploymentDir" value="C:\Users\rallen\Documents\Visual Studio 2008\Projects\GrabIt\TestResults\rallen_LVDVMRALLEN7 2010-01-14 21_21_31\Out" />
                    <Entry name="$AgentId" value="1" />
                    <Entry name="$AgentLoadDistributor" value="Microsoft.VisualStudio.TestTools.Execution.AgentLoadDistributor" />
                    <Entry name="$TestDir" value="C:\Users\rallen\Documents\Visual Studio 2008\Projects\GrabIt\TestResults\rallen_LVDVMRALLEN7 2010-01-14 21_21_31" />
                    <Entry name="$AgentWeighting" value="100" />
                    <Entry name="$WebTestIteration" value="1" />
                    <Entry name="$WebTestUserId" value="1" />
                  </Context>
                  <DependantResults>
                    <WebRequestResult exceptionMessage="" run="0" submitted="true" cached="false" isRedirectFollow="false" requestBodyBytesHandle="-2" responseBytesHandle="23">
                      <Request url="http://analytics.atdmt.com/Scripts/wlHelper.js?i=MUID" command="GET /Scripts/wlHelper.js?i=MUID HTTP/1.1" encoding="utf-8">
                        <Headers>Referer : http://analytics.msn.com/Include.html
User-Agent : Mozilla/4.0 (compatible; MSIE 7.0; Windows NT 5.1)
Accept : */*
Accept-Language : en-US
Accept-Encoding : GZIP
Host : analytics.atdmt.com
</Headers>
                      </Request>
                      <Response url="http://analytics.atdmt.com/Scripts/wlHelper.js?i=MUID" contentType="application/x-javascript; charset=utf-8" statusLine="HTTP/1.1 200 OK" pageTime="NaN" time="0.049" statusCodeString="200 OK" contentLength="1340">
                        <Headers>Cteonnt-Length : 1340
Content-Encoding : gzip
Content-Length : 647
Cache-Control : private
Content-Type : application/x-javascript; charset=utf-8
Date : Fri, 15 Jan 2010 04:21:37 GMT
Expires : Sun, 17 Jan 2010 04:21:37 GMT
ETag : "575F3A51F6A44523AFFEE9B4EF5D0C1B3698"
P3P : CP="BUS CUR CONo FIN IVDo ONL OUR PHY SAMo TELo", policyref="http://privacy.msn.com/w3c/p3p.xml"
Server : Microsoft-IIS/6.0
X-AspNet-Version : 2.0.50727
X-Powered-By : ASP.NET
</Headers>
                      </Response>
                      <Context>
                        <Entry name="$TotalAgents" value="1" />
                        <Entry name="$ControllerName" value="LVDVMRALLEN7" />
                        <Entry name="$AgentName" value="LVDVMRALLEN7" />
                        <Entry name="$TestLogsDir" value="C:\Users\rallen\Documents\Visual Studio 2008\Projects\GrabIt\TestResults\rallen_LVDVMRALLEN7 2010-01-14 21_21_31\In\LVDVMRALLEN7" />
                        <Entry name="$TestDeploymentDir" value="C:\Users\rallen\Documents\Visual Studio 2008\Projects\GrabIt\TestResults\rallen_LVDVMRALLEN7 2010-01-14 21_21_31\Out" />
                        <Entry name="$AgentId" value="1" />
                        <Entry name="$AgentLoadDistributor" value="Microsoft.VisualStudio.TestTools.Execution.AgentLoadDistributor" />
                        <Entry name="$TestDir" value="C:\Users\rallen\Documents\Visual Studio 2008\Projects\GrabIt\TestResults\rallen_LVDVMRALLEN7 2010-01-14 21_21_31" />
                        <Entry name="$AgentWeighting" value="100" />
                        <Entry name="$WebTestIteration" value="1" />
                        <Entry name="$WebTestUserId" value="1" />
                      </Context>
                    </WebRequestResult>
                    <WebRequestResult exceptionMessage="" run="0" submitted="true" cached="false" isRedirectFollow="false" requestBodyBytesHandle="-2" responseBytesHandle="20">
                      <Request url="http://analytics.live.com/Scripts/wlHelper.js?i=ANID" command="GET /Scripts/wlHelper.js?i=ANID HTTP/1.1" encoding="utf-8">
                        <Headers>Referer : http://analytics.msn.com/Include.html
User-Agent : Mozilla/4.0 (compatible; MSIE 7.0; Windows NT 5.1)
Accept : */*
Accept-Language : en-US
Accept-Encoding : GZIP
Host : analytics.live.com
</Headers>
                      </Request>
                      <Response url="http://analytics.live.com/Scripts/wlHelper.js?i=ANID" contentType="application/x-javascript; charset=utf-8" statusLine="HTTP/1.1 200 OK" pageTime="NaN" time="0.077" statusCodeString="200 OK" contentLength="1893">
                        <Headers>Content-Encoding : gzip
Vary : Accept-Encoding
Content-Length : 975
Cache-Control : private
Content-Type : application/x-javascript; charset=utf-8
Date : Fri, 15 Jan 2010 04:21:37 GMT
Expires : Sun, 17 Jan 2010 04:21:37 GMT
P3P : CP="BUS CUR CONo FIN IVDo ONL OUR PHY SAMo TELo", policyref="http://privacy.msn.com/w3c/p3p.xml"
Server : Microsoft-IIS/7.0
X-AspNet-Version : 2.0.50727
</Headers>
                      </Response>
                      <Context>
                        <Entry name="$TotalAgents" value="1" />
                        <Entry name="$ControllerName" value="LVDVMRALLEN7" />
                        <Entry name="$AgentName" value="LVDVMRALLEN7" />
                        <Entry name="$TestLogsDir" value="C:\Users\rallen\Documents\Visual Studio 2008\Projects\GrabIt\TestResults\rallen_LVDVMRALLEN7 2010-01-14 21_21_31\In\LVDVMRALLEN7" />
                        <Entry name="$TestDeploymentDir" value="C:\Users\rallen\Documents\Visual Studio 2008\Projects\GrabIt\TestResults\rallen_LVDVMRALLEN7 2010-01-14 21_21_31\Out" />
                        <Entry name="$AgentId" value="1" />
                        <Entry name="$AgentLoadDistributor" value="Microsoft.VisualStudio.TestTools.Execution.AgentLoadDistributor" />
                        <Entry name="$TestDir" value="C:\Users\rallen\Documents\Visual Studio 2008\Projects\GrabIt\TestResults\rallen_LVDVMRALLEN7 2010-01-14 21_21_31" />
                        <Entry name="$AgentWeighting" value="100" />
                        <Entry name="$WebTestIteration" value="1" />
                        <Entry name="$WebTestUserId" value="1" />
                      </Context>
                    </WebRequestResult>
                  </DependantResults>
                  <ValidationRuleResults>
                    <ValidationRuleResult message="Passed" ruleType="Validation" name="Response URL" />
                  </ValidationRuleResults>
                </WebRequestResult>
              </WebTestResultPage>
              <WebTestResultPage>
                <WebRequestResult exceptionMessage="" run="0" submitted="true" cached="false" isRedirectFollow="false" requestBodyBytesHandle="-2" responseBytesHandle="24">
                  <Request url="http://74.8.243.133/" command="GET / HTTP/1.1" encoding="utf-8">
                    <Headers>User-Agent : Mozilla/4.0 (compatible; MSIE 7.0; Windows NT 5.1)
Accept : */*
Accept-Language : en-US
Accept-Encoding : GZIP
Host : 74.8.243.133
Connection : Keep-Alive
</Headers>
                  </Request>
                  <Response url="http://74.8.243.133/" contentType="text/html; charset=ISO-8859-1" statusLine="HTTP/1.1 403 Forbidden" pageTime="0.184" time="0.184" statusCodeString="403 Forbidden" contentLength="224">
                    <Headers>Keep-Alive : timeout=4, max=10
Connection : Keep-Alive
Content-Length : 224
Content-Type : text/html; charset=ISO-8859-1
Date : Fri, 15 Jan 2010 04:21:53 GMT
Server : Apache
</Headers>
                  </Response>
                  <Context>
                    <Entry name="$TotalAgents" value="1" />
                    <Entry name="$ControllerName" value="LVDVMRALLEN7" />
                    <Entry name="$AgentName" value="LVDVMRALLEN7" />
                    <Entry name="$TestLogsDir" value="C:\Users\rallen\Documents\Visual Studio 2008\Projects\GrabIt\TestResults\rallen_LVDVMRALLEN7 2010-01-14 21_21_31\In\LVDVMRALLEN7" />
                    <Entry name="$TestDeploymentDir" value="C:\Users\rallen\Documents\Visual Studio 2008\Projects\GrabIt\TestResults\rallen_LVDVMRALLEN7 2010-01-14 21_21_31\Out" />
                    <Entry name="$AgentId" value="1" />
                    <Entry name="$AgentLoadDistributor" value="Microsoft.VisualStudio.TestTools.Execution.AgentLoadDistributor" />
                    <Entry name="$TestDir" value="C:\Users\rallen\Documents\Visual Studio 2008\Projects\GrabIt\TestResults\rallen_LVDVMRALLEN7 2010-01-14 21_21_31" />
                    <Entry name="$AgentWeighting" value="100" />
                    <Entry name="$WebTestIteration" value="1" />
                    <Entry name="$WebTestUserId" value="1" />
                  </Context>
                  <Errors>
                    <Error type="HttpError" subType="403 - Forbidden" text="403 - Forbidden" time="2010-01-14T21:21:37.0005913-07:00" />
                  </Errors>
                  <ValidationRuleResults>
                    <ValidationRuleResult message="Passed" ruleType="Validation" name="Response URL" />
                  </ValidationRuleResults>
                </WebRequestResult>
              </WebTestResultPage>
              <WebTestResultPage>
                <WebRequestResult exceptionMessage="" run="0" submitted="true" cached="false" isRedirectFollow="false" requestBodyBytesHandle="-2" responseBytesHandle="25">
                  <Request url="http://74.8.243.133/ALIS/WW400R.HTM?WSIQTP=SY40F" command="GET /ALIS/WW400R.HTM?WSIQTP=SY40F HTTP/1.1" encoding="utf-8">
                    <Headers>User-Agent : Mozilla/4.0 (compatible; MSIE 7.0; Windows NT 5.1)
Accept : */*
Accept-Language : en-US
Accept-Encoding : GZIP
Host : 74.8.243.133
</Headers>
                  </Request>
                  <Response url="http://74.8.243.133/ALIS/WW400R.HTM?WSIQTP=SY40F" contentType="text/html; charset=windows-1252" statusLine="HTTP/1.1 200 OK" pageTime="0.063" time="0.063" statusCodeString="200 OK" contentLength="213">
                    <Headers>Accept-Ranges : bytes
Content-Length : 213
Content-Type : text/html; charset=windows-1252
Date : Fri, 15 Jan 2010 04:21:53 GMT
ETag : "1e6241-d5-e2bc6140"
Last-Modified : Sun, 02 Feb 2003 14:30:53 GMT
Server : Apache
</Headers>
                  </Response>
                  <Context>
                    <Entry name="$TotalAgents" value="1" />
                    <Entry name="$ControllerName" value="LVDVMRALLEN7" />
                    <Entry name="$AgentName" value="LVDVMRALLEN7" />
                    <Entry name="$TestLogsDir" value="C:\Users\rallen\Documents\Visual Studio 2008\Projects\GrabIt\TestResults\rallen_LVDVMRALLEN7 2010-01-14 21_21_31\In\LVDVMRALLEN7" />
                    <Entry name="$TestDeploymentDir" value="C:\Users\rallen\Documents\Visual Studio 2008\Projects\GrabIt\TestResults\rallen_LVDVMRALLEN7 2010-01-14 21_21_31\Out" />
                    <Entry name="$AgentId" value="1" />
                    <Entry name="$AgentLoadDistributor" value="Microsoft.VisualStudio.TestTools.Execution.AgentLoadDistributor" />
                    <Entry name="$TestDir" value="C:\Users\rallen\Documents\Visual Studio 2008\Projects\GrabIt\TestResults\rallen_LVDVMRALLEN7 2010-01-14 21_21_31" />
                    <Entry name="$AgentWeighting" value="100" />
                    <Entry name="$WebTestIteration" value="1" />
                    <Entry name="$WebTestUserId" value="1" />
                  </Context>
                  <ValidationRuleResults>
                    <ValidationRuleResult message="Passed" ruleType="Validation" name="Response URL" />
                  </ValidationRuleResults>
                </WebRequestResult>
              </WebTestResultPage>
              <WebTestResultPage>
                <WebRequestResult exceptionMessage="" run="0" submitted="true" cached="false" isRedirectFollow="false" requestBodyBytesHandle="-2" responseBytesHandle="25">
                  <Request url="http://74.8.243.133/ALIS/WW400R.HTM?WSIQTP=SY40R" command="GET /ALIS/WW400R.HTM?WSIQTP=SY40R HTTP/1.1" encoding="utf-8">
                    <Headers>User-Agent : Mozilla/4.0 (compatible; MSIE 7.0; Windows NT 5.1)
Accept : */*
Accept-Language : en-US
Accept-Encoding : GZIP
Host : 74.8.243.133
</Headers>
                  </Request>
                  <Response url="http://74.8.243.133/ALIS/WW400R.HTM?WSIQTP=SY40R" contentType="text/html; charset=windows-1252" statusLine="HTTP/1.1 200 OK" pageTime="0.063" time="0.063" statusCodeString="200 OK" contentLength="213">
                    <Headers>Accept-Ranges : bytes
Content-Length : 213
Content-Type : text/html; charset=windows-1252
Date : Fri, 15 Jan 2010 04:21:53 GMT
ETag : "1e6241-d5-e2bc6140"
Last-Modified : Sun, 02 Feb 2003 14:30:53 GMT
Server : Apache
</Headers>
                  </Response>
                  <Context>
                    <Entry name="$TotalAgents" value="1" />
                    <Entry name="$ControllerName" value="LVDVMRALLEN7" />
                    <Entry name="$AgentName" value="LVDVMRALLEN7" />
                    <Entry name="$TestLogsDir" value="C:\Users\rallen\Documents\Visual Studio 2008\Projects\GrabIt\TestResults\rallen_LVDVMRALLEN7 2010-01-14 21_21_31\In\LVDVMRALLEN7" />
                    <Entry name="$TestDeploymentDir" value="C:\Users\rallen\Documents\Visual Studio 2008\Projects\GrabIt\TestResults\rallen_LVDVMRALLEN7 2010-01-14 21_21_31\Out" />
                    <Entry name="$AgentId" value="1" />
                    <Entry name="$AgentLoadDistributor" value="Microsoft.VisualStudio.TestTools.Execution.AgentLoadDistributor" />
                    <Entry name="$TestDir" value="C:\Users\rallen\Documents\Visual Studio 2008\Projects\GrabIt\TestResults\rallen_LVDVMRALLEN7 2010-01-14 21_21_31" />
                    <Entry name="$AgentWeighting" value="100" />
                    <Entry name="$WebTestIteration" value="1" />
                    <Entry name="$WebTestUserId" value="1" />
                  </Context>
                  <ValidationRuleResults>
                    <ValidationRuleResult message="Passed" ruleType="Validation" name="Response URL" />
                  </ValidationRuleResults>
                </WebRequestResult>
              </WebTestResultPage>
              <WebTestResultPage>
                <WebRequestResult exceptionMessage="" run="0" submitted="true" cached="false" isRedirectFollow="false" requestBodyBytesHandle="-2" responseBytesHandle="26">
                  <Request url="http://74.8.243.133/html/FITCHBRG/NoticeA.htm" command="GET /html/FITCHBRG/NoticeA.htm HTTP/1.1" encoding="utf-8">
                    <Headers>User-Agent : Mozilla/4.0 (compatible; MSIE 7.0; Windows NT 5.1)
Accept : */*
Accept-Language : en-US
Accept-Encoding : GZIP
Host : 74.8.243.133
</Headers>
                  </Request>
                  <Response url="http://74.8.243.133/html/FITCHBRG/NoticeA.htm" contentType="text/html; charset=us-ascii" statusLine="HTTP/1.1 200 OK" pageTime="0.13899999999999999" time="0.139" statusCodeString="200 OK" contentLength="4495">
                    <Headers>Accept-Ranges : bytes
Content-Length : 4495
Content-Type : text/html; charset=windows-1252
Date : Fri, 15 Jan 2010 04:21:53 GMT
ETag : "5eabd-118f-adf31d00"
Last-Modified : Tue, 12 Jan 2010 13:32:04 GMT
Server : Apache
</Headers>
                  </Response>
                  <Context>
                    <Entry name="$TotalAgents" value="1" />
                    <Entry name="$ControllerName" value="LVDVMRALLEN7" />
                    <Entry name="$AgentName" value="LVDVMRALLEN7" />
                    <Entry name="$TestLogsDir" value="C:\Users\rallen\Documents\Visual Studio 2008\Projects\GrabIt\TestResults\rallen_LVDVMRALLEN7 2010-01-14 21_21_31\In\LVDVMRALLEN7" />
                    <Entry name="$TestDeploymentDir" value="C:\Users\rallen\Documents\Visual Studio 2008\Projects\GrabIt\TestResults\rallen_LVDVMRALLEN7 2010-01-14 21_21_31\Out" />
                    <Entry name="$AgentId" value="1" />
                    <Entry name="$AgentLoadDistributor" value="Microsoft.VisualStudio.TestTools.Execution.AgentLoadDistributor" />
                    <Entry name="$TestDir" value="C:\Users\rallen\Documents\Visual Studio 2008\Projects\GrabIt\TestResults\rallen_LVDVMRALLEN7 2010-01-14 21_21_31" />
                    <Entry name="$AgentWeighting" value="100" />
                    <Entry name="$WebTestIteration" value="1" />
                    <Entry name="$WebTestUserId" value="1" />
                  </Context>
                  <ValidationRuleResults>
                    <ValidationRuleResult message="Passed" ruleType="Validation" name="Response URL" />
                  </ValidationRuleResults>
                </WebRequestResult>
              </WebTestResultPage>
              <WebTestResultPage>
                <WebRequestResult exceptionMessage="" run="0" submitted="true" cached="false" isRedirectFollow="false" requestBodyBytesHandle="-2" responseBytesHandle="27">
                  <Request url="http://74.8.243.133/favicon.ico" command="GET /favicon.ico HTTP/1.1" encoding="iso-8859-1">
                    <Headers>User-Agent : Mozilla/4.0 (compatible; MSIE 7.0; Windows NT 5.1)
Accept : */*
Accept-Language : en-US
Accept-Encoding : GZIP
Host : 74.8.243.133
</Headers>
                  </Request>
                  <Response url="http://74.8.243.133/favicon.ico" contentType="text/html; charset=ISO-8859-1" statusLine="HTTP/1.1 404 Not Found" pageTime="0.068999999999999992" time="0.069" statusCodeString="404 Not Found" contentLength="209">
                    <Headers>Content-Length : 209
Content-Type : text/html; charset=ISO-8859-1
Date : Fri, 15 Jan 2010 04:21:54 GMT
Server : Apache
</Headers>
                  </Response>
                  <Context>
                    <Entry name="$TotalAgents" value="1" />
                    <Entry name="$ControllerName" value="LVDVMRALLEN7" />
                    <Entry name="$AgentName" value="LVDVMRALLEN7" />
                    <Entry name="$TestLogsDir" value="C:\Users\rallen\Documents\Visual Studio 2008\Projects\GrabIt\TestResults\rallen_LVDVMRALLEN7 2010-01-14 21_21_31\In\LVDVMRALLEN7" />
                    <Entry name="$TestDeploymentDir" value="C:\Users\rallen\Documents\Visual Studio 2008\Projects\GrabIt\TestResults\rallen_LVDVMRALLEN7 2010-01-14 21_21_31\Out" />
                    <Entry name="$AgentId" value="1" />
                    <Entry name="$AgentLoadDistributor" value="Microsoft.VisualStudio.TestTools.Execution.AgentLoadDistributor" />
                    <Entry name="$TestDir" value="C:\Users\rallen\Documents\Visual Studio 2008\Projects\GrabIt\TestResults\rallen_LVDVMRALLEN7 2010-01-14 21_21_31" />
                    <Entry name="$AgentWeighting" value="100" />
                    <Entry name="$WebTestIteration" value="1" />
                    <Entry name="$WebTestUserId" value="1" />
                  </Context>
                  <Errors>
                    <Error type="HttpError" subType="404 - NotFound" text="404 - NotFound" time="2010-01-14T21:21:37.3416313-07:00" />
                  </Errors>
                  <ValidationRuleResults>
                    <ValidationRuleResult message="Passed" ruleType="Validation" name="Response URL" />
                  </ValidationRuleResults>
                </WebRequestResult>
              </WebTestResultPage>
              <WebTestResultPage>
                <WebRequestResult exceptionMessage="" run="0" submitted="true" cached="false" isRedirectFollow="false" requestBodyBytesHandle="-2" responseBytesHandle="25">
                  <Request url="http://74.8.243.133/ALIS/WW400R.HTM?WSIQTP=SY40L" command="GET /ALIS/WW400R.HTM?WSIQTP=SY40L HTTP/1.1" encoding="iso-8859-1">
                    <Headers>User-Agent : Mozilla/4.0 (compatible; MSIE 7.0; Windows NT 5.1)
Accept : */*
Accept-Language : en-US
Accept-Encoding : GZIP
Host : 74.8.243.133
</Headers>
                  </Request>
                  <Response url="http://74.8.243.133/ALIS/WW400R.HTM?WSIQTP=SY40L" contentType="text/html; charset=windows-1252" statusLine="HTTP/1.1 200 OK" pageTime="0.063" time="0.063" statusCodeString="200 OK" contentLength="213">
                    <Headers>Accept-Ranges : bytes
Content-Length : 213
Content-Type : text/html; charset=windows-1252
Date : Fri, 15 Jan 2010 04:21:54 GMT
ETag : "1e6241-d5-e2bc6140"
Last-Modified : Sun, 02 Feb 2003 14:30:53 GMT
Server : Apache
</Headers>
                  </Response>
                  <Context>
                    <Entry name="$TotalAgents" value="1" />
                    <Entry name="$ControllerName" value="LVDVMRALLEN7" />
                    <Entry name="$AgentName" value="LVDVMRALLEN7" />
                    <Entry name="$TestLogsDir" value="C:\Users\rallen\Documents\Visual Studio 2008\Projects\GrabIt\TestResults\rallen_LVDVMRALLEN7 2010-01-14 21_21_31\In\LVDVMRALLEN7" />
                    <Entry name="$TestDeploymentDir" value="C:\Users\rallen\Documents\Visual Studio 2008\Projects\GrabIt\TestResults\rallen_LVDVMRALLEN7 2010-01-14 21_21_31\Out" />
                    <Entry name="$AgentId" value="1" />
                    <Entry name="$AgentLoadDistributor" value="Microsoft.VisualStudio.TestTools.Execution.AgentLoadDistributor" />
                    <Entry name="$TestDir" value="C:\Users\rallen\Documents\Visual Studio 2008\Projects\GrabIt\TestResults\rallen_LVDVMRALLEN7 2010-01-14 21_21_31" />
                    <Entry name="$AgentWeighting" value="100" />
                    <Entry name="$WebTestIteration" value="1" />
                    <Entry name="$WebTestUserId" value="1" />
                  </Context>
                  <ValidationRuleResults>
                    <ValidationRuleResult message="Passed" ruleType="Validation" name="Response URL" />
                  </ValidationRuleResults>
                </WebRequestResult>
              </WebTestResultPage>
              <WebTestResultPage>
                <WebRequestResult exceptionMessage="" run="0" submitted="true" cached="false" isRedirectFollow="false" requestBodyBytesHandle="-2" responseBytesHandle="25">
                  <Request url="http://74.8.243.133/ALIS/WW400R.HTM?WSIQTP=LR09D&amp;WSKYCD=E" command="GET /ALIS/WW400R.HTM?WSIQTP=LR09D&amp;WSKYCD=E HTTP/1.1" encoding="iso-8859-1">
                    <Headers>User-Agent : Mozilla/4.0 (compatible; MSIE 7.0; Windows NT 5.1)
Accept : */*
Accept-Language : en-US
Accept-Encoding : GZIP
Host : 74.8.243.133
</Headers>
                  </Request>
                  <Response url="http://74.8.243.133/ALIS/WW400R.HTM?WSIQTP=LR09D&amp;WSKYCD=E" contentType="text/html; charset=windows-1252" statusLine="HTTP/1.1 200 OK" pageTime="0.064" time="0.064" statusCodeString="200 OK" contentLength="213">
                    <Headers>Accept-Ranges : bytes
Content-Length : 213
Content-Type : text/html; charset=windows-1252
Date : Fri, 15 Jan 2010 04:21:54 GMT
ETag : "1e6241-d5-e2bc6140"
Last-Modified : Sun, 02 Feb 2003 14:30:53 GMT
Server : Apache
</Headers>
                  </Response>
                  <Context>
                    <Entry name="$TotalAgents" value="1" />
                    <Entry name="$ControllerName" value="LVDVMRALLEN7" />
                    <Entry name="$AgentName" value="LVDVMRALLEN7" />
                    <Entry name="$TestLogsDir" value="C:\Users\rallen\Documents\Visual Studio 2008\Projects\GrabIt\TestResults\rallen_LVDVMRALLEN7 2010-01-14 21_21_31\In\LVDVMRALLEN7" />
                    <Entry name="$TestDeploymentDir" value="C:\Users\rallen\Documents\Visual Studio 2008\Projects\GrabIt\TestResults\rallen_LVDVMRALLEN7 2010-01-14 21_21_31\Out" />
                    <Entry name="$AgentId" value="1" />
                    <Entry name="$AgentLoadDistributor" value="Microsoft.VisualStudio.TestTools.Execution.AgentLoadDistributor" />
                    <Entry name="$TestDir" value="C:\Users\rallen\Documents\Visual Studio 2008\Projects\GrabIt\TestResults\rallen_LVDVMRALLEN7 2010-01-14 21_21_31" />
                    <Entry name="$AgentWeighting" value="100" />
                    <Entry name="$WebTestIteration" value="1" />
                    <Entry name="$WebTestUserId" value="1" />
                  </Context>
                  <Errors>
                    <Error type="ExtractionRuleError" subType="ExtractHiddenFields" text="No hidden fields were found in the response." time="2010-01-14T21:21:37.4856913-07:00" />
                  </Errors>
                  <ValidationRuleResults>
                    <ValidationRuleResult message="Passed" ruleType="Validation" name="Response URL" />
                  </ValidationRuleResults>
                  <ExtractionRuleResults>
                    <ExtractionRuleResult success="false" message="No hidden fields were found in the response." ruleType="Extraction" name="Extract Hidden Fields">
                      <RuleProperties>
                        <RuleProperty name="Required" value="True" />
                        <RuleProperty name="HtmlDecode" value="True" />
                      </RuleProperties>
                    </ExtractionRuleResult>
                  </ExtractionRuleResults>
                </WebRequestResult>
              </WebTestResultPage>
              <WebTestResultPage>
                <WebRequestResult exceptionMessage="Context parameter '$HIDDEN1.WSHTNM' not found in test context" run="0" submitted="true" cached="false" isRedirectFollow="false" requestBodyBytesHandle="-2" responseBytesHandle="-2">
                  <Request url="http://74.8.243.133/ALIS/WW400R.HTM" command="POST  HTTP/1.1" encoding="iso-8859-1">
                    <Headers>
                    </Headers>
                  </Request>
                  <Response url="" contentType="" statusLine="" pageTime="0" time="0" statusCodeString="" contentLength="0">
                    <Headers>
                    </Headers>
                  </Response>
                  <Context>
                    <Entry name="$TotalAgents" value="1" />
                    <Entry name="$ControllerName" value="LVDVMRALLEN7" />
                    <Entry name="$AgentName" value="LVDVMRALLEN7" />
                    <Entry name="$TestLogsDir" value="C:\Users\rallen\Documents\Visual Studio 2008\Projects\GrabIt\TestResults\rallen_LVDVMRALLEN7 2010-01-14 21_21_31\In\LVDVMRALLEN7" />
                    <Entry name="$TestDeploymentDir" value="C:\Users\rallen\Documents\Visual Studio 2008\Projects\GrabIt\TestResults\rallen_LVDVMRALLEN7 2010-01-14 21_21_31\Out" />
                    <Entry name="$AgentId" value="1" />
                    <Entry name="$AgentLoadDistributor" value="Microsoft.VisualStudio.TestTools.Execution.AgentLoadDistributor" />
                    <Entry name="$TestDir" value="C:\Users\rallen\Documents\Visual Studio 2008\Projects\GrabIt\TestResults\rallen_LVDVMRALLEN7 2010-01-14 21_21_31" />
                    <Entry name="$AgentWeighting" value="100" />
                    <Entry name="$WebTestIteration" value="1" />
                    <Entry name="$WebTestUserId" value="1" />
                  </Context>
                  <Errors>
                    <Error type="Exception" subType="WebTestException" text="Context parameter '$HIDDEN1.WSHTNM' not found in test context" time="2010-01-14T21:21:37.5190113-07:00">
                      <StackTrace>   at Microsoft.VisualStudio.TestTools.WebStress.WebTestInstrumentedTransaction.UpdateBindingSites(String preBoundString)
   at Microsoft.VisualStudio.TestTools.WebStress.WebTestInstrumentedTransaction.PerformRequestDataBinding()
   at Microsoft.VisualStudio.TestTools.WebStress.WebTestInstrumentedTransaction.Execute(WebTestCaseContext testCaseContext, AsyncCallback completionCallback, Object callerState)</StackTrace>
                      <ExceptionText>Microsoft.VisualStudio.TestTools.WebTesting.WebTestException: Context parameter '$HIDDEN1.WSHTNM' not found in test context
   at Microsoft.VisualStudio.TestTools.WebStress.WebTestInstrumentedTransaction.UpdateBindingSites(String preBoundString)
   at Microsoft.VisualStudio.TestTools.WebStress.WebTestInstrumentedTransaction.PerformRequestDataBinding()
   at Microsoft.VisualStudio.TestTools.WebStress.WebTestInstrumentedTransaction.Execute(WebTestCaseContext testCaseContext, AsyncCallback completionCallback, Object callerState)</ExceptionText>
                    </Error>
                  </Errors>
                </WebRequestResult>
              </WebTestResultPage>
            </WebTestResultGroup>
          </WebTestResultIteration>
        </WebTestResultIterations>
      </WebTestResultDetails>
    </WebTestResult>
  </Results>
</TestRun>